<?xml version="1.0" encoding="UTF-8"?>
<coverage generated="1782722019001" clover="3.2.0">
  <project timestamp="1782722019001" name="All files">
    <metrics statements="90" coveredstatements="90" conditionals="34" coveredconditionals="28" methods="22" coveredmethods="21" elements="146" coveredelements="139" complexity="0" loc="90" ncloc="90" packages="2" files="3" classes="3"/>
    <package name="components.CaptionsPanel">
      <metrics statements="78" coveredstatements="78" conditionals="32" coveredconditionals="27" methods="18" coveredmethods="17"/>
      <file name="CaptionsPanel.css" path="/app/packages/studio/src/components/CaptionsPanel/CaptionsPanel.css">
        <metrics statements="0" coveredstatements="0" conditionals="0" coveredconditionals="0" methods="0" coveredmethods="0"/>
      </file>
      <file name="CaptionsPanel.tsx" path="/app/packages/studio/src/components/CaptionsPanel/CaptionsPanel.tsx">
        <metrics statements="78" coveredstatements="78" conditionals="32" coveredconditionals="27" methods="18" coveredmethods="17"/>
        <line num="7" count="1" type="stmt"/>
        <line num="9" count="26" type="stmt"/>
        <line num="11" count="26" type="stmt"/>
        <line num="12" count="26" type="stmt"/>
        <line num="13" count="26" type="stmt"/>
        <line num="14" count="26" type="stmt"/>
        <line num="16" count="26" type="cond" truecount="2" falsecount="0"/>
        <line num="17" count="24" type="stmt"/>
        <line num="19" count="2" type="stmt"/>
        <line num="22" count="1" type="stmt"/>
        <line num="23" count="5" type="stmt"/>
        <line num="24" count="5" type="stmt"/>
        <line num="25" count="5" type="cond" truecount="2" falsecount="0"/>
        <line num="26" count="2" type="stmt"/>
        <line num="27" count="2" type="stmt"/>
        <line num="28" count="2" type="stmt"/>
        <line num="29" count="3" type="cond" truecount="2" falsecount="0"/>
        <line num="30" count="1" type="stmt"/>
        <line num="31" count="1" type="stmt"/>
        <line num="35" count="2" type="stmt"/>
        <line num="36" count="2" type="cond" truecount="2" falsecount="0"/>
        <line num="37" count="1" type="stmt"/>
        <line num="39" count="3" type="stmt"/>
        <line num="42" count="1" type="stmt"/>
        <line num="43" count="17" type="stmt"/>
        <line num="44" count="17" type="cond" truecount="1" falsecount="1"/>
        <line num="46" count="17" type="stmt"/>
        <line num="48" count="11" type="stmt"/>
        <line num="50" count="11" type="cond" truecount="1" falsecount="1"/>
        <line num="51" count="11" type="cond" truecount="4" falsecount="0"/>
        <line num="52" count="10" type="stmt"/>
        <line num="54" count="1" type="stmt"/>
        <line num="62" count="17" type="stmt"/>
        <line num="63" count="3" type="stmt"/>
        <line num="64" count="3" type="cond" truecount="2" falsecount="0"/>
        <line num="66" count="2" type="stmt"/>
        <line num="67" count="2" type="stmt"/>
        <line num="68" count="2" type="stmt"/>
        <line num="69" count="2" type="cond" truecount="1" falsecount="1"/>
        <line num="70" count="2" type="stmt"/>
        <line num="71" count="2" type="stmt"/>
        <line num="72" count="2" type="stmt"/>
        <line num="74" count="1" type="stmt"/>
        <line num="75" count="1" type="stmt"/>
        <line num="79" count="2" type="stmt"/>
        <line num="81" count="2" type="stmt"/>
        <line num="84" count="17" type="stmt"/>
        <line num="85" count="1" type="stmt"/>
        <line num="88" count="17" type="stmt"/>
        <line num="89" count="1" type="cond" truecount="1" falsecount="1"/>
        <line num="90" count="1" type="stmt"/>
        <line num="91" count="1" type="stmt"/>
        <line num="92" count="1" type="stmt"/>
        <line num="93" count="1" type="stmt"/>
        <line num="94" count="1" type="stmt"/>
        <line num="95" count="1" type="stmt"/>
        <line num="96" count="1" type="stmt"/>
        <line num="97" count="1" type="stmt"/>
        <line num="100" count="17" type="stmt"/>
        <line num="101" count="2" type="cond" truecount="1" falsecount="1"/>
        <line num="102" count="2" type="stmt"/>
        <line num="108" count="2" type="stmt"/>
        <line num="111" count="17" type="stmt"/>
        <line num="112" count="6" type="stmt"/>
        <line num="113" count="6" type="stmt"/>
        <line num="115" count="6" type="cond" truecount="4" falsecount="0"/>
        <line num="116" count="5" type="stmt"/>
        <line num="119" count="6" type="stmt"/>
        <line num="120" count="6" type="stmt"/>
        <line num="123" count="17" type="stmt"/>
        <line num="124" count="1" type="stmt"/>
        <line num="125" count="1" type="stmt"/>
        <line num="128" count="17" type="stmt"/>
        <line num="164" count="13" type="stmt"/>
        <line num="169" count="4" type="stmt"/>
        <line num="176" count="1" type="stmt"/>
        <line num="184" count="1" type="stmt"/>
        <line num="190" count="1" type="stmt"/>
      </file>
    </package>
    <package name="utils">
      <metrics statements="12" coveredstatements="12" conditionals="2" coveredconditionals="1" methods="4" coveredmethods="4"/>
      <file name="srt.ts" path="/app/packages/studio/src/utils/srt.ts">
        <metrics statements="12" coveredstatements="12" conditionals="2" coveredconditionals="1" methods="4" coveredmethods="4"/>
        <line num="4" count="4" type="stmt"/>
        <line num="5" count="4" type="stmt"/>
        <line num="6" count="4" type="stmt"/>
        <line num="7" count="4" type="stmt"/>
        <line num="8" count="4" type="stmt"/>
        <line num="10" count="16" type="stmt"/>
        <line num="12" count="4" type="stmt"/>
        <line num="16" count="1" type="stmt"/>
        <line num="18" count="2" type="cond" truecount="1" falsecount="1"/>
        <line num="19" count="2" type="stmt"/>
        <line num="20" count="2" type="stmt"/>
        <line num="21" count="2" type="stmt"/>
      </file>
    </package>
  </project>
</coverage>
