{"/app/packages/infrastructure/src/index.ts": {"path":"/app/packages/infrastructure/src/index.ts","statementMap":{"0":{"start":{"line":1,"column":38},"end":{"line":1,"column":null}},"1":{"start":{"line":4,"column":2},"end":{"line":4,"column":null}}},"fnMap":{"0":{"name":"initInfrastructure","decl":{"start":{"line":3,"column":16},"end":{"line":3,"column":37}},"loc":{"start":{"line":3,"column":37},"end":{"line":5,"column":null}},"line":3}},"branchMap":{},"s":{"0":1,"1":1},"f":{"0":1},"b":{},"meta":{"lastBranch":0,"lastFunction":1,"lastStatement":2,"seen":{"s:1:38:1:Infinity":0,"f:3:16:3:37":0,"s:4:2:4:Infinity":1}}}
,"/app/packages/infrastructure/src/adapters/aws-adapter.ts": {"path":"/app/packages/infrastructure/src/adapters/aws-adapter.ts","statementMap":{"0":{"start":{"line":22,"column":4},"end":{"line":22,"column":null}},"1":{"start":{"line":23,"column":4},"end":{"line":23,"column":null}},"2":{"start":{"line":27,"column":22},"end":{"line":27,"column":null}},"3":{"start":{"line":28,"column":20},"end":{"line":28,"column":null}},"4":{"start":{"line":30,"column":4},"end":{"line":32,"column":null}},"5":{"start":{"line":31,"column":6},"end":{"line":31,"column":null}},"6":{"start":{"line":34,"column":4},"end":{"line":124,"column":null}},"7":{"start":{"line":35,"column":24},"end":{"line":35,"column":null}},"8":{"start":{"line":36,"column":6},"end":{"line":38,"column":null}},"9":{"start":{"line":37,"column":8},"end":{"line":37,"column":null}},"10":{"start":{"line":40,"column":22},"end":{"line":43,"column":null}},"11":{"start":{"line":45,"column":22},"end":{"line":49,"column":null}},"12":{"start":{"line":51,"column":44},"end":{"line":51,"column":null}},"13":{"start":{"line":54,"column":6},"end":{"line":66,"column":null}},"14":{"start":{"line":55,"column":27},"end":{"line":55,"column":null}},"15":{"start":{"line":56,"column":8},"end":{"line":64,"column":null}},"16":{"start":{"line":57,"column":30},"end":{"line":57,"column":null}},"17":{"start":{"line":58,"column":11},"end":{"line":63,"column":null}},"18":{"start":{"line":59,"column":30},"end":{"line":59,"column":null}},"19":{"start":{"line":60,"column":13},"end":{"line":60,"column":null}},"20":{"start":{"line":62,"column":13},"end":{"line":62,"column":null}},"21":{"start":{"line":65,"column":8},"end":{"line":65,"column":null}},"22":{"start":{"line":68,"column":19},"end":{"line":68,"column":null}},"23":{"start":{"line":69,"column":19},"end":{"line":69,"column":null}},"24":{"start":{"line":70,"column":21},"end":{"line":70,"column":null}},"25":{"start":{"line":73,"column":6},"end":{"line":108,"column":null}},"26":{"start":{"line":74,"column":27},"end":{"line":74,"column":null}},"27":{"start":{"line":75,"column":8},"end":{"line":107,"column":null}},"28":{"start":{"line":76,"column":25},"end":{"line":76,"column":null}},"29":{"start":{"line":80,"column":10},"end":{"line":100,"column":null}},"30":{"start":{"line":81,"column":26},"end":{"line":81,"column":null}},"31":{"start":{"line":84,"column":13},"end":{"line":86,"column":null}},"32":{"start":{"line":85,"column":16},"end":{"line":85,"column":null}},"33":{"start":{"line":89,"column":13},"end":{"line":94,"column":null}},"34":{"start":{"line":90,"column":16},"end":{"line":90,"column":null}},"35":{"start":{"line":92,"column":16},"end":{"line":92,"column":null}},"36":{"start":{"line":93,"column":16},"end":{"line":93,"column":null}},"37":{"start":{"line":97,"column":13},"end":{"line":97,"column":null}},"38":{"start":{"line":99,"column":13},"end":{"line":99,"column":null}},"39":{"start":{"line":103,"column":10},"end":{"line":103,"column":null}},"40":{"start":{"line":105,"column":10},"end":{"line":105,"column":null}},"41":{"start":{"line":105,"column":23},"end":{"line":105,"column":null}},"42":{"start":{"line":106,"column":10},"end":{"line":106,"column":null}},"43":{"start":{"line":110,"column":6},"end":{"line":115,"column":null}},"44":{"start":{"line":118,"column":6},"end":{"line":123,"column":null}}},"fnMap":{"0":{"name":"(anonymous_0)","decl":{"start":{"line":21,"column":2},"end":{"line":21,"column":14}},"loc":{"start":{"line":21,"column":46},"end":{"line":24,"column":null}},"line":21},"1":{"name":"(anonymous_1)","decl":{"start":{"line":26,"column":8},"end":{"line":26,"column":16}},"loc":{"start":{"line":26,"column":55},"end":{"line":125,"column":null}},"line":26}},"branchMap":{"0":{"loc":{"start":{"line":30,"column":4},"end":{"line":32,"column":null}},"type":"if","locations":[{"start":{"line":30,"column":4},"end":{"line":32,"column":null}},{"start":{},"end":{}}],"line":30},"1":{"loc":{"start":{"line":35,"column":24},"end":{"line":35,"column":null}},"type":"binary-expr","locations":[{"start":{"line":35,"column":24},"end":{"line":35,"column":47}},{"start":{"line":35,"column":47},"end":{"line":35,"column":null}}],"line":35},"2":{"loc":{"start":{"line":36,"column":6},"end":{"line":38,"column":null}},"type":"if","locations":[{"start":{"line":36,"column":6},"end":{"line":38,"column":null}},{"start":{},"end":{}}],"line":36},"3":{"loc":{"start":{"line":54,"column":6},"end":{"line":66,"column":null}},"type":"if","locations":[{"start":{"line":54,"column":6},"end":{"line":66,"column":null}},{"start":{},"end":{}}],"line":54},"4":{"loc":{"start":{"line":56,"column":8},"end":{"line":64,"column":null}},"type":"if","locations":[{"start":{"line":56,"column":8},"end":{"line":64,"column":null}},{"start":{},"end":{}}],"line":56},"5":{"loc":{"start":{"line":60,"column":28},"end":{"line":60,"column":null}},"type":"binary-expr","locations":[{"start":{"line":60,"column":28},"end":{"line":60,"column":53}},{"start":{"line":60,"column":53},"end":{"line":60,"column":null}}],"line":60},"6":{"loc":{"start":{"line":73,"column":6},"end":{"line":108,"column":null}},"type":"if","locations":[{"start":{"line":73,"column":6},"end":{"line":108,"column":null}},{"start":{},"end":{}}],"line":73},"7":{"loc":{"start":{"line":80,"column":10},"end":{"line":100,"column":null}},"type":"if","locations":[{"start":{"line":80,"column":10},"end":{"line":100,"column":null}},{"start":{"line":95,"column":17},"end":{"line":100,"column":null}}],"line":80},"8":{"loc":{"start":{"line":81,"column":26},"end":{"line":81,"column":null}},"type":"cond-expr","locations":[{"start":{"line":81,"column":60},"end":{"line":81,"column":86}},{"start":{"line":81,"column":86},"end":{"line":81,"column":null}}],"line":81},"9":{"loc":{"start":{"line":84,"column":13},"end":{"line":86,"column":null}},"type":"if","locations":[{"start":{"line":84,"column":13},"end":{"line":86,"column":null}},{"start":{},"end":{}}],"line":84},"10":{"loc":{"start":{"line":89,"column":13},"end":{"line":94,"column":null}},"type":"if","locations":[{"start":{"line":89,"column":13},"end":{"line":94,"column":null}},{"start":{"line":91,"column":20},"end":{"line":94,"column":null}}],"line":89},"11":{"loc":{"start":{"line":93,"column":25},"end":{"line":93,"column":null}},"type":"binary-expr","locations":[{"start":{"line":93,"column":25},"end":{"line":93,"column":41}},{"start":{"line":93,"column":41},"end":{"line":93,"column":null}}],"line":93},"12":{"loc":{"start":{"line":105,"column":10},"end":{"line":105,"column":null}},"type":"if","locations":[{"start":{"line":105,"column":10},"end":{"line":105,"column":null}},{"start":{},"end":{}}],"line":105},"13":{"loc":{"start":{"line":121,"column":16},"end":{"line":121,"column":null}},"type":"binary-expr","locations":[{"start":{"line":121,"column":16},"end":{"line":121,"column":33}},{"start":{"line":121,"column":33},"end":{"line":121,"column":null}}],"line":121}},"s":{"0":22,"1":22,"2":22,"3":22,"4":22,"5":1,"6":21,"7":21,"8":22,"9":2,"10":19,"11":19,"12":19,"13":17,"14":6,"15":6,"16":5,"17":5,"18":5,"19":5,"20":2,"21":6,"22":11,"23":11,"24":11,"25":11,"26":10,"27":10,"28":10,"29":10,"30":7,"31":7,"32":4,"33":7,"34":4,"35":3,"36":3,"37":1,"38":1,"39":3,"40":3,"41":2,"42":3,"43":11,"44":10},"f":{"0":22,"1":22},"b":{"0":[1,21],"1":[21,20],"2":[2,20],"3":[6,11],"4":[5,1],"5":[5,1],"6":[10,1],"7":[7,1],"8":[5,2],"9":[4,3],"10":[4,3],"11":[3,1],"12":[2,1],"13":[10,1]},"meta":{"lastBranch":14,"lastFunction":2,"lastStatement":45,"seen":{"f:21:2:21:14":0,"s:22:4:22:Infinity":0,"s:23:4:23:Infinity":1,"f:26:8:26:16":1,"s:27:22:27:Infinity":2,"s:28:20:28:Infinity":3,"b:30:4:32:Infinity:undefined:undefined:undefined:undefined":0,"s:30:4:32:Infinity":4,"s:31:6:31:Infinity":5,"s:34:4:124:Infinity":6,"s:35:24:35:Infinity":7,"b:35:24:35:47:35:47:35:Infinity":1,"b:36:6:38:Infinity:undefined:undefined:undefined:undefined":2,"s:36:6:38:Infinity":8,"s:37:8:37:Infinity":9,"s:40:22:43:Infinity":10,"s:45:22:49:Infinity":11,"s:51:44:51:Infinity":12,"b:54:6:66:Infinity:undefined:undefined:undefined:undefined":3,"s:54:6:66:Infinity":13,"s:55:27:55:Infinity":14,"b:56:8:64:Infinity:undefined:undefined:undefined:undefined":4,"s:56:8:64:Infinity":15,"s:57:30:57:Infinity":16,"s:58:11:63:Infinity":17,"s:59:30:59:Infinity":18,"s:60:13:60:Infinity":19,"b:60:28:60:53:60:53:60:Infinity":5,"s:62:13:62:Infinity":20,"s:65:8:65:Infinity":21,"s:68:19:68:Infinity":22,"s:69:19:69:Infinity":23,"s:70:21:70:Infinity":24,"b:73:6:108:Infinity:undefined:undefined:undefined:undefined":6,"s:73:6:108:Infinity":25,"s:74:27:74:Infinity":26,"s:75:8:107:Infinity":27,"s:76:25:76:Infinity":28,"b:80:10:100:Infinity:95:17:100:Infinity":7,"s:80:10:100:Infinity":29,"s:81:26:81:Infinity":30,"b:81:60:81:86:81:86:81:Infinity":8,"b:84:13:86:Infinity:undefined:undefined:undefined:undefined":9,"s:84:13:86:Infinity":31,"s:85:16:85:Infinity":32,"b:89:13:94:Infinity:91:20:94:Infinity":10,"s:89:13:94:Infinity":33,"s:90:16:90:Infinity":34,"s:92:16:92:Infinity":35,"s:93:16:93:Infinity":36,"b:93:25:93:41:93:41:93:Infinity":11,"s:97:13:97:Infinity":37,"s:99:13:99:Infinity":38,"s:103:10:103:Infinity":39,"b:105:10:105:Infinity:undefined:undefined:undefined:undefined":12,"s:105:10:105:Infinity":40,"s:105:23:105:Infinity":41,"s:106:10:106:Infinity":42,"s:110:6:115:Infinity":43,"s:118:6:123:Infinity":44,"b:121:16:121:33:121:33:121:Infinity":13}}}
,"/app/packages/infrastructure/src/adapters/azure-functions-adapter.ts": {"path":"/app/packages/infrastructure/src/adapters/azure-functions-adapter.ts","statementMap":{"0":{"start":{"line":11,"column":22},"end":{"line":11,"column":59}},"1":{"start":{"line":14,"column":22},"end":{"line":14,"column":null}},"2":{"start":{"line":15,"column":23},"end":{"line":15,"column":null}},"3":{"start":{"line":16,"column":22},"end":{"line":16,"column":null}},"4":{"start":{"line":18,"column":4},"end":{"line":20,"column":null}},"5":{"start":{"line":19,"column":6},"end":{"line":19,"column":null}},"6":{"start":{"line":22,"column":4},"end":{"line":24,"column":null}},"7":{"start":{"line":23,"column":6},"end":{"line":23,"column":null}},"8":{"start":{"line":26,"column":44},"end":{"line":28,"column":null}},"9":{"start":{"line":30,"column":4},"end":{"line":32,"column":null}},"10":{"start":{"line":31,"column":6},"end":{"line":31,"column":null}},"11":{"start":{"line":34,"column":20},"end":{"line":37,"column":null}},"12":{"start":{"line":39,"column":4},"end":{"line":98,"column":null}},"13":{"start":{"line":40,"column":23},"end":{"line":45,"column":null}},"14":{"start":{"line":47,"column":26},"end":{"line":47,"column":null}},"15":{"start":{"line":48,"column":19},"end":{"line":48,"column":null}},"16":{"start":{"line":49,"column":19},"end":{"line":49,"column":null}},"17":{"start":{"line":50,"column":21},"end":{"line":50,"column":null}},"18":{"start":{"line":52,"column":6},"end":{"line":75,"column":null}},"19":{"start":{"line":53,"column":8},"end":{"line":53,"column":null}},"20":{"start":{"line":54,"column":8},"end":{"line":54,"column":null}},"21":{"start":{"line":55,"column":8},"end":{"line":60,"column":null}},"22":{"start":{"line":56,"column":23},"end":{"line":56,"column":null}},"23":{"start":{"line":57,"column":10},"end":{"line":57,"column":null}},"24":{"start":{"line":62,"column":8},"end":{"line":74,"column":null}},"25":{"start":{"line":63,"column":10},"end":{"line":71,"column":null}},"26":{"start":{"line":64,"column":25},"end":{"line":64,"column":null}},"27":{"start":{"line":65,"column":12},"end":{"line":65,"column":null}},"28":{"start":{"line":66,"column":12},"end":{"line":66,"column":null}},"29":{"start":{"line":67,"column":12},"end":{"line":67,"column":null}},"30":{"start":{"line":69,"column":12},"end":{"line":69,"column":null}},"31":{"start":{"line":70,"column":12},"end":{"line":70,"column":null}},"32":{"start":{"line":73,"column":10},"end":{"line":73,"column":null}},"33":{"start":{"line":77,"column":6},"end":{"line":82,"column":null}},"34":{"start":{"line":84,"column":21},"end":{"line":84,"column":null}},"35":{"start":{"line":85,"column":19},"end":{"line":85,"column":null}},"36":{"start":{"line":87,"column":6},"end":{"line":90,"column":null}},"37":{"start":{"line":88,"column":8},"end":{"line":88,"column":null}},"38":{"start":{"line":89,"column":8},"end":{"line":89,"column":null}},"39":{"start":{"line":92,"column":6},"end":{"line":97,"column":null}}},"fnMap":{"0":{"name":"(anonymous_0)","decl":{"start":{"line":11,"column":2},"end":{"line":11,"column":22}},"loc":{"start":{"line":11,"column":59},"end":{"line":11,"column":null}},"line":11},"1":{"name":"(anonymous_1)","decl":{"start":{"line":13,"column":8},"end":{"line":13,"column":16}},"loc":{"start":{"line":13,"column":55},"end":{"line":99,"column":null}},"line":13}},"branchMap":{"0":{"loc":{"start":{"line":16,"column":22},"end":{"line":16,"column":null}},"type":"binary-expr","locations":[{"start":{"line":16,"column":22},"end":{"line":16,"column":45}},{"start":{"line":16,"column":45},"end":{"line":16,"column":null}}],"line":16},"1":{"loc":{"start":{"line":18,"column":4},"end":{"line":20,"column":null}},"type":"if","locations":[{"start":{"line":18,"column":4},"end":{"line":20,"column":null}},{"start":{},"end":{}}],"line":18},"2":{"loc":{"start":{"line":22,"column":4},"end":{"line":24,"column":null}},"type":"if","locations":[{"start":{"line":22,"column":4},"end":{"line":24,"column":null}},{"start":{},"end":{}}],"line":22},"3":{"loc":{"start":{"line":30,"column":4},"end":{"line":32,"column":null}},"type":"if","locations":[{"start":{"line":30,"column":4},"end":{"line":32,"column":null}},{"start":{},"end":{}}],"line":30},"4":{"loc":{"start":{"line":47,"column":26},"end":{"line":47,"column":null}},"type":"binary-expr","locations":[{"start":{"line":47,"column":26},"end":{"line":47,"column":66}},{"start":{"line":47,"column":66},"end":{"line":47,"column":null}}],"line":47},"5":{"loc":{"start":{"line":52,"column":6},"end":{"line":75,"column":null}},"type":"if","locations":[{"start":{"line":52,"column":6},"end":{"line":75,"column":null}},{"start":{"line":61,"column":13},"end":{"line":75,"column":null}}],"line":52},"6":{"loc":{"start":{"line":62,"column":8},"end":{"line":74,"column":null}},"type":"if","locations":[{"start":{"line":62,"column":8},"end":{"line":74,"column":null}},{"start":{"line":72,"column":15},"end":{"line":74,"column":null}}],"line":62},"7":{"loc":{"start":{"line":65,"column":21},"end":{"line":65,"column":null}},"type":"binary-expr","locations":[{"start":{"line":65,"column":21},"end":{"line":65,"column":36}},{"start":{"line":65,"column":36},"end":{"line":65,"column":null}}],"line":65},"8":{"loc":{"start":{"line":66,"column":21},"end":{"line":66,"column":null}},"type":"binary-expr","locations":[{"start":{"line":66,"column":21},"end":{"line":66,"column":36}},{"start":{"line":66,"column":36},"end":{"line":66,"column":null}}],"line":66},"9":{"loc":{"start":{"line":67,"column":23},"end":{"line":67,"column":null}},"type":"binary-expr","locations":[{"start":{"line":67,"column":23},"end":{"line":67,"column":40}},{"start":{"line":67,"column":40},"end":{"line":67,"column":null}}],"line":67},"10":{"loc":{"start":{"line":85,"column":19},"end":{"line":85,"column":null}},"type":"cond-expr","locations":[{"start":{"line":85,"column":44},"end":{"line":85,"column":60}},{"start":{"line":85,"column":60},"end":{"line":85,"column":null}}],"line":85},"11":{"loc":{"start":{"line":87,"column":6},"end":{"line":90,"column":null}},"type":"if","locations":[{"start":{"line":87,"column":6},"end":{"line":90,"column":null}},{"start":{},"end":{}}],"line":87},"12":{"loc":{"start":{"line":87,"column":10},"end":{"line":87,"column":65}},"type":"binary-expr","locations":[{"start":{"line":87,"column":10},"end":{"line":87,"column":36}},{"start":{"line":87,"column":36},"end":{"line":87,"column":65}}],"line":87}},"s":{"0":15,"1":14,"2":14,"3":14,"4":14,"5":1,"6":13,"7":1,"8":12,"9":12,"10":11,"11":12,"12":12,"13":12,"14":9,"15":14,"16":14,"17":14,"18":14,"19":3,"20":3,"21":3,"22":3,"23":1,"24":6,"25":5,"26":5,"27":4,"28":5,"29":5,"30":1,"31":1,"32":1,"33":9,"34":3,"35":3,"36":3,"37":1,"38":1,"39":3},"f":{"0":15,"1":14},"b":{"0":[14,1],"1":[1,13],"2":[1,12],"3":[11,1],"4":[9,3],"5":[3,6],"6":[5,1],"7":[4,2],"8":[5,4],"9":[5,2],"10":[2,1],"11":[1,2],"12":[3,2]},"meta":{"lastBranch":13,"lastFunction":2,"lastStatement":40,"seen":{"f:11:2:11:22":0,"s:11:22:11:59":0,"f:13:8:13:16":1,"s:14:22:14:Infinity":1,"s:15:23:15:Infinity":2,"s:16:22:16:Infinity":3,"b:16:22:16:45:16:45:16:Infinity":0,"b:18:4:20:Infinity:undefined:undefined:undefined:undefined":1,"s:18:4:20:Infinity":4,"s:19:6:19:Infinity":5,"b:22:4:24:Infinity:undefined:undefined:undefined:undefined":2,"s:22:4:24:Infinity":6,"s:23:6:23:Infinity":7,"s:26:44:28:Infinity":8,"b:30:4:32:Infinity:undefined:undefined:undefined:undefined":3,"s:30:4:32:Infinity":9,"s:31:6:31:Infinity":10,"s:34:20:37:Infinity":11,"s:39:4:98:Infinity":12,"s:40:23:45:Infinity":13,"s:47:26:47:Infinity":14,"b:47:26:47:66:47:66:47:Infinity":4,"s:48:19:48:Infinity":15,"s:49:19:49:Infinity":16,"s:50:21:50:Infinity":17,"b:52:6:75:Infinity:61:13:75:Infinity":5,"s:52:6:75:Infinity":18,"s:53:8:53:Infinity":19,"s:54:8:54:Infinity":20,"s:55:8:60:Infinity":21,"s:56:23:56:Infinity":22,"s:57:10:57:Infinity":23,"b:62:8:74:Infinity:72:15:74:Infinity":6,"s:62:8:74:Infinity":24,"s:63:10:71:Infinity":25,"s:64:25:64:Infinity":26,"s:65:12:65:Infinity":27,"b:65:21:65:36:65:36:65:Infinity":7,"s:66:12:66:Infinity":28,"b:66:21:66:36:66:36:66:Infinity":8,"s:67:12:67:Infinity":29,"b:67:23:67:40:67:40:67:Infinity":9,"s:69:12:69:Infinity":30,"s:70:12:70:Infinity":31,"s:73:10:73:Infinity":32,"s:77:6:82:Infinity":33,"s:84:21:84:Infinity":34,"s:85:19:85:Infinity":35,"b:85:44:85:60:85:60:85:Infinity":10,"b:87:6:90:Infinity:undefined:undefined:undefined:undefined":11,"s:87:6:90:Infinity":36,"b:87:10:87:36:87:36:87:65":12,"s:88:8:88:Infinity":37,"s:89:8:89:Infinity":38,"s:92:6:97:Infinity":39}}}
,"/app/packages/infrastructure/src/adapters/cloudflare-workers-adapter.ts": {"path":"/app/packages/infrastructure/src/adapters/cloudflare-workers-adapter.ts","statementMap":{"0":{"start":{"line":16,"column":22},"end":{"line":16,"column":62}},"1":{"start":{"line":19,"column":22},"end":{"line":19,"column":null}},"2":{"start":{"line":21,"column":20},"end":{"line":21,"column":null}},"3":{"start":{"line":22,"column":4},"end":{"line":24,"column":null}},"4":{"start":{"line":23,"column":6},"end":{"line":23,"column":null}},"5":{"start":{"line":26,"column":22},"end":{"line":26,"column":null}},"6":{"start":{"line":27,"column":4},"end":{"line":34,"column":null}},"7":{"start":{"line":28,"column":6},"end":{"line":33,"column":null}},"8":{"start":{"line":36,"column":4},"end":{"line":99,"column":null}},"9":{"start":{"line":37,"column":22},"end":{"line":40,"column":null}},"10":{"start":{"line":42,"column":46},"end":{"line":44,"column":null}},"11":{"start":{"line":46,"column":6},"end":{"line":48,"column":null}},"12":{"start":{"line":47,"column":8},"end":{"line":47,"column":null}},"13":{"start":{"line":50,"column":23},"end":{"line":55,"column":null}},"14":{"start":{"line":57,"column":22},"end":{"line":57,"column":null}},"15":{"start":{"line":58,"column":26},"end":{"line":58,"column":null}},"16":{"start":{"line":59,"column":6},"end":{"line":64,"column":null}},"17":{"start":{"line":60,"column":8},"end":{"line":60,"column":null}},"18":{"start":{"line":62,"column":21},"end":{"line":62,"column":null}},"19":{"start":{"line":63,"column":8},"end":{"line":63,"column":null}},"20":{"start":{"line":67,"column":23},"end":{"line":67,"column":null}},"21":{"start":{"line":68,"column":21},"end":{"line":68,"column":null}},"22":{"start":{"line":69,"column":21},"end":{"line":69,"column":null}},"23":{"start":{"line":71,"column":6},"end":{"line":79,"column":null}},"24":{"start":{"line":72,"column":8},"end":{"line":78,"column":null}},"25":{"start":{"line":81,"column":6},"end":{"line":86,"column":null}},"26":{"start":{"line":88,"column":25},"end":{"line":88,"column":null}},"27":{"start":{"line":89,"column":6},"end":{"line":91,"column":null}},"28":{"start":{"line":90,"column":8},"end":{"line":90,"column":null}},"29":{"start":{"line":93,"column":6},"end":{"line":98,"column":null}}},"fnMap":{"0":{"name":"(anonymous_0)","decl":{"start":{"line":16,"column":2},"end":{"line":16,"column":22}},"loc":{"start":{"line":16,"column":62},"end":{"line":16,"column":null}},"line":16},"1":{"name":"(anonymous_1)","decl":{"start":{"line":18,"column":8},"end":{"line":18,"column":16}},"loc":{"start":{"line":18,"column":55},"end":{"line":100,"column":null}},"line":18}},"branchMap":{"0":{"loc":{"start":{"line":22,"column":4},"end":{"line":24,"column":null}},"type":"if","locations":[{"start":{"line":22,"column":4},"end":{"line":24,"column":null}},{"start":{},"end":{}}],"line":22},"1":{"loc":{"start":{"line":26,"column":22},"end":{"line":26,"column":null}},"type":"binary-expr","locations":[{"start":{"line":26,"column":22},"end":{"line":26,"column":47}},{"start":{"line":26,"column":47},"end":{"line":26,"column":null}}],"line":26},"2":{"loc":{"start":{"line":27,"column":4},"end":{"line":34,"column":null}},"type":"if","locations":[{"start":{"line":27,"column":4},"end":{"line":34,"column":null}},{"start":{},"end":{}}],"line":27},"3":{"loc":{"start":{"line":46,"column":6},"end":{"line":48,"column":null}},"type":"if","locations":[{"start":{"line":46,"column":6},"end":{"line":48,"column":null}},{"start":{},"end":{}}],"line":46},"4":{"loc":{"start":{"line":59,"column":6},"end":{"line":64,"column":null}},"type":"if","locations":[{"start":{"line":59,"column":6},"end":{"line":64,"column":null}},{"start":{"line":61,"column":13},"end":{"line":64,"column":null}}],"line":59},"5":{"loc":{"start":{"line":59,"column":10},"end":{"line":59,"column":67}},"type":"binary-expr","locations":[{"start":{"line":59,"column":10},"end":{"line":59,"column":25}},{"start":{"line":59,"column":25},"end":{"line":59,"column":67}}],"line":59},"6":{"loc":{"start":{"line":67,"column":23},"end":{"line":67,"column":null}},"type":"cond-expr","locations":[{"start":{"line":67,"column":59},"end":{"line":67,"column":76}},{"start":{"line":67,"column":76},"end":{"line":67,"column":null}}],"line":67},"7":{"loc":{"start":{"line":67,"column":76},"end":{"line":67,"column":null}},"type":"cond-expr","locations":[{"start":{"line":67,"column":90},"end":{"line":67,"column":94}},{"start":{"line":67,"column":94},"end":{"line":67,"column":null}}],"line":67},"8":{"loc":{"start":{"line":68,"column":21},"end":{"line":68,"column":null}},"type":"binary-expr","locations":[{"start":{"line":68,"column":21},"end":{"line":68,"column":36}},{"start":{"line":68,"column":36},"end":{"line":68,"column":51}},{"start":{"line":68,"column":51},"end":{"line":68,"column":null}}],"line":68},"9":{"loc":{"start":{"line":69,"column":21},"end":{"line":69,"column":null}},"type":"binary-expr","locations":[{"start":{"line":69,"column":21},"end":{"line":69,"column":36}},{"start":{"line":69,"column":36},"end":{"line":69,"column":null}}],"line":69},"10":{"loc":{"start":{"line":71,"column":6},"end":{"line":79,"column":null}},"type":"if","locations":[{"start":{"line":71,"column":6},"end":{"line":79,"column":null}},{"start":{},"end":{}}],"line":71},"11":{"loc":{"start":{"line":74,"column":20},"end":{"line":74,"column":null}},"type":"cond-expr","locations":[{"start":{"line":74,"column":37},"end":{"line":74,"column":48}},{"start":{"line":74,"column":48},"end":{"line":74,"column":null}}],"line":74},"12":{"loc":{"start":{"line":76,"column":18},"end":{"line":76,"column":null}},"type":"binary-expr","locations":[{"start":{"line":76,"column":18},"end":{"line":76,"column":28}},{"start":{"line":76,"column":28},"end":{"line":76,"column":null}}],"line":76},"13":{"loc":{"start":{"line":89,"column":6},"end":{"line":91,"column":null}},"type":"if","locations":[{"start":{"line":89,"column":6},"end":{"line":91,"column":null}},{"start":{},"end":{}}],"line":89}},"s":{"0":14,"1":14,"2":14,"3":14,"4":1,"5":13,"6":14,"7":1,"8":12,"9":12,"10":12,"11":12,"12":1,"13":12,"14":10,"15":10,"16":10,"17":9,"18":1,"19":1,"20":10,"21":14,"22":14,"23":14,"24":5,"25":5,"26":2,"27":2,"28":1,"29":2},"f":{"0":14,"1":14},"b":{"0":[1,13],"1":[13,1],"2":[1,13],"3":[1,11],"4":[9,1],"5":[10,10],"6":[7,3],"7":[1,2],"8":[14,6,4],"9":[14,7],"10":[5,9],"11":[3,2],"12":[5,2],"13":[1,1]},"meta":{"lastBranch":14,"lastFunction":2,"lastStatement":30,"seen":{"f:16:2:16:22":0,"s:16:22:16:62":0,"f:18:8:18:16":1,"s:19:22:19:Infinity":1,"s:21:20:21:Infinity":2,"b:22:4:24:Infinity:undefined:undefined:undefined:undefined":0,"s:22:4:24:Infinity":3,"s:23:6:23:Infinity":4,"s:26:22:26:Infinity":5,"b:26:22:26:47:26:47:26:Infinity":1,"b:27:4:34:Infinity:undefined:undefined:undefined:undefined":2,"s:27:4:34:Infinity":6,"s:28:6:33:Infinity":7,"s:36:4:99:Infinity":8,"s:37:22:40:Infinity":9,"s:42:46:44:Infinity":10,"b:46:6:48:Infinity:undefined:undefined:undefined:undefined":3,"s:46:6:48:Infinity":11,"s:47:8:47:Infinity":12,"s:50:23:55:Infinity":13,"s:57:22:57:Infinity":14,"s:58:26:58:Infinity":15,"b:59:6:64:Infinity:61:13:64:Infinity":4,"s:59:6:64:Infinity":16,"b:59:10:59:25:59:25:59:67":5,"s:60:8:60:Infinity":17,"s:62:21:62:Infinity":18,"s:63:8:63:Infinity":19,"s:67:23:67:Infinity":20,"b:67:59:67:76:67:76:67:Infinity":6,"b:67:90:67:94:67:94:67:Infinity":7,"s:68:21:68:Infinity":21,"b:68:21:68:36:68:36:68:51:68:51:68:Infinity":8,"s:69:21:69:Infinity":22,"b:69:21:69:36:69:36:69:Infinity":9,"b:71:6:79:Infinity:undefined:undefined:undefined:undefined":10,"s:71:6:79:Infinity":23,"s:72:8:78:Infinity":24,"b:74:37:74:48:74:48:74:Infinity":11,"b:76:18:76:28:76:28:76:Infinity":12,"s:81:6:86:Infinity":25,"s:88:25:88:Infinity":26,"b:89:6:91:Infinity:undefined:undefined:undefined:undefined":13,"s:89:6:91:Infinity":27,"s:90:8:90:Infinity":28,"s:93:6:98:Infinity":29}}}
,"/app/packages/infrastructure/src/adapters/cloudrun-adapter.ts": {"path":"/app/packages/infrastructure/src/adapters/cloudrun-adapter.ts","statementMap":{"0":{"start":{"line":24,"column":22},"end":{"line":24,"column":53}},"1":{"start":{"line":25,"column":4},"end":{"line":25,"column":null}},"2":{"start":{"line":29,"column":4},"end":{"line":31,"column":null}},"3":{"start":{"line":30,"column":6},"end":{"line":30,"column":null}},"4":{"start":{"line":32,"column":4},"end":{"line":32,"column":null}},"5":{"start":{"line":36,"column":22},"end":{"line":36,"column":null}},"6":{"start":{"line":39,"column":20},"end":{"line":39,"column":null}},"7":{"start":{"line":40,"column":4},"end":{"line":42,"column":null}},"8":{"start":{"line":41,"column":6},"end":{"line":41,"column":null}},"9":{"start":{"line":44,"column":22},"end":{"line":44,"column":null}},"10":{"start":{"line":45,"column":4},"end":{"line":52,"column":null}},"11":{"start":{"line":46,"column":6},"end":{"line":51,"column":null}},"12":{"start":{"line":54,"column":4},"end":{"line":116,"column":null}},"13":{"start":{"line":55,"column":21},"end":{"line":55,"column":null}},"14":{"start":{"line":59,"column":22},"end":{"line":63,"column":null}},"15":{"start":{"line":65,"column":18},"end":{"line":76,"column":null}},"16":{"start":{"line":80,"column":19},"end":{"line":80,"column":null}},"17":{"start":{"line":83,"column":23},"end":{"line":83,"column":null}},"18":{"start":{"line":84,"column":21},"end":{"line":84,"column":null}},"19":{"start":{"line":85,"column":21},"end":{"line":85,"column":null}},"20":{"start":{"line":87,"column":6},"end":{"line":94,"column":null}},"21":{"start":{"line":88,"column":8},"end":{"line":93,"column":null}},"22":{"start":{"line":96,"column":6},"end":{"line":101,"column":null}},"23":{"start":{"line":105,"column":25},"end":{"line":105,"column":null}},"24":{"start":{"line":106,"column":6},"end":{"line":108,"column":null}},"25":{"start":{"line":107,"column":9},"end":{"line":107,"column":null}},"26":{"start":{"line":110,"column":6},"end":{"line":115,"column":null}}},"fnMap":{"0":{"name":"(anonymous_0)","decl":{"start":{"line":24,"column":2},"end":{"line":24,"column":22}},"loc":{"start":{"line":24,"column":53},"end":{"line":26,"column":null}},"line":24},"1":{"name":"(anonymous_1)","decl":{"start":{"line":28,"column":16},"end":{"line":28,"column":28}},"loc":{"start":{"line":28,"column":28},"end":{"line":33,"column":null}},"line":28},"2":{"name":"(anonymous_2)","decl":{"start":{"line":35,"column":8},"end":{"line":35,"column":16}},"loc":{"start":{"line":35,"column":55},"end":{"line":117,"column":null}},"line":35}},"branchMap":{"0":{"loc":{"start":{"line":29,"column":4},"end":{"line":31,"column":null}},"type":"if","locations":[{"start":{"line":29,"column":4},"end":{"line":31,"column":null}},{"start":{},"end":{}}],"line":29},"1":{"loc":{"start":{"line":40,"column":4},"end":{"line":42,"column":null}},"type":"if","locations":[{"start":{"line":40,"column":4},"end":{"line":42,"column":null}},{"start":{},"end":{}}],"line":40},"2":{"loc":{"start":{"line":44,"column":22},"end":{"line":44,"column":null}},"type":"binary-expr","locations":[{"start":{"line":44,"column":22},"end":{"line":44,"column":47}},{"start":{"line":44,"column":47},"end":{"line":44,"column":null}}],"line":44},"3":{"loc":{"start":{"line":45,"column":4},"end":{"line":52,"column":null}},"type":"if","locations":[{"start":{"line":45,"column":4},"end":{"line":52,"column":null}},{"start":{},"end":{}}],"line":45},"4":{"loc":{"start":{"line":83,"column":23},"end":{"line":83,"column":null}},"type":"cond-expr","locations":[{"start":{"line":83,"column":59},"end":{"line":83,"column":75}},{"start":{"line":83,"column":75},"end":{"line":83,"column":null}}],"line":83},"5":{"loc":{"start":{"line":84,"column":21},"end":{"line":84,"column":null}},"type":"binary-expr","locations":[{"start":{"line":84,"column":21},"end":{"line":84,"column":36}},{"start":{"line":84,"column":36},"end":{"line":84,"column":51}},{"start":{"line":84,"column":51},"end":{"line":84,"column":null}}],"line":84},"6":{"loc":{"start":{"line":85,"column":21},"end":{"line":85,"column":null}},"type":"binary-expr","locations":[{"start":{"line":85,"column":21},"end":{"line":85,"column":36}},{"start":{"line":85,"column":36},"end":{"line":85,"column":null}}],"line":85},"7":{"loc":{"start":{"line":87,"column":6},"end":{"line":94,"column":null}},"type":"if","locations":[{"start":{"line":87,"column":6},"end":{"line":94,"column":null}},{"start":{},"end":{}}],"line":87},"8":{"loc":{"start":{"line":91,"column":18},"end":{"line":91,"column":null}},"type":"binary-expr","locations":[{"start":{"line":91,"column":18},"end":{"line":91,"column":28}},{"start":{"line":91,"column":28},"end":{"line":91,"column":null}}],"line":91},"9":{"loc":{"start":{"line":106,"column":6},"end":{"line":108,"column":null}},"type":"if","locations":[{"start":{"line":106,"column":6},"end":{"line":108,"column":null}},{"start":{},"end":{}}],"line":106},"10":{"loc":{"start":{"line":107,"column":58},"end":{"line":107,"column":122}},"type":"binary-expr","locations":[{"start":{"line":107,"column":58},"end":{"line":107,"column":97}},{"start":{"line":107,"column":97},"end":{"line":107,"column":122}}],"line":107}},"s":{"0":13,"1":13,"2":11,"3":10,"4":10,"5":14,"6":14,"7":14,"8":2,"9":12,"10":14,"11":1,"12":11,"13":11,"14":10,"15":10,"16":7,"17":7,"18":14,"19":14,"20":14,"21":2,"22":5,"23":4,"24":4,"25":2,"26":4},"f":{"0":13,"1":11,"2":14},"b":{"0":[10,1],"1":[2,12],"2":[12,2],"3":[1,13],"4":[5,2],"5":[14,3,3],"6":[14,6],"7":[2,12],"8":[2,1],"9":[2,2],"10":[2,1]},"meta":{"lastBranch":11,"lastFunction":3,"lastStatement":27,"seen":{"f:24:2:24:22":0,"s:24:22:24:53":0,"s:25:4:25:Infinity":1,"f:28:16:28:28":1,"b:29:4:31:Infinity:undefined:undefined:undefined:undefined":0,"s:29:4:31:Infinity":2,"s:30:6:30:Infinity":3,"s:32:4:32:Infinity":4,"f:35:8:35:16":2,"s:36:22:36:Infinity":5,"s:39:20:39:Infinity":6,"b:40:4:42:Infinity:undefined:undefined:undefined:undefined":1,"s:40:4:42:Infinity":7,"s:41:6:41:Infinity":8,"s:44:22:44:Infinity":9,"b:44:22:44:47:44:47:44:Infinity":2,"b:45:4:52:Infinity:undefined:undefined:undefined:undefined":3,"s:45:4:52:Infinity":10,"s:46:6:51:Infinity":11,"s:54:4:116:Infinity":12,"s:55:21:55:Infinity":13,"s:59:22:63:Infinity":14,"s:65:18:76:Infinity":15,"s:80:19:80:Infinity":16,"s:83:23:83:Infinity":17,"b:83:59:83:75:83:75:83:Infinity":4,"s:84:21:84:Infinity":18,"b:84:21:84:36:84:36:84:51:84:51:84:Infinity":5,"s:85:21:85:Infinity":19,"b:85:21:85:36:85:36:85:Infinity":6,"b:87:6:94:Infinity:undefined:undefined:undefined:undefined":7,"s:87:6:94:Infinity":20,"s:88:8:93:Infinity":21,"b:91:18:91:28:91:28:91:Infinity":8,"s:96:6:101:Infinity":22,"s:105:25:105:Infinity":23,"b:106:6:108:Infinity:undefined:undefined:undefined:undefined":9,"s:106:6:108:Infinity":24,"s:107:9:107:Infinity":25,"b:107:58:107:97:107:97:107:122":10,"s:110:6:115:Infinity":26}}}
,"/app/packages/infrastructure/src/adapters/deno-deploy-adapter.ts": {"path":"/app/packages/infrastructure/src/adapters/deno-deploy-adapter.ts","statementMap":{"0":{"start":{"line":15,"column":22},"end":{"line":15,"column":55}},"1":{"start":{"line":18,"column":20},"end":{"line":18,"column":null}},"2":{"start":{"line":19,"column":23},"end":{"line":19,"column":null}},"3":{"start":{"line":21,"column":4},"end":{"line":23,"column":null}},"4":{"start":{"line":22,"column":6},"end":{"line":22,"column":null}},"5":{"start":{"line":25,"column":4},"end":{"line":27,"column":null}},"6":{"start":{"line":26,"column":6},"end":{"line":26,"column":null}},"7":{"start":{"line":29,"column":20},"end":{"line":32,"column":null}},"8":{"start":{"line":34,"column":44},"end":{"line":36,"column":null}},"9":{"start":{"line":38,"column":4},"end":{"line":40,"column":null}},"10":{"start":{"line":39,"column":6},"end":{"line":39,"column":null}},"11":{"start":{"line":43,"column":4},"end":{"line":55,"column":null}},"12":{"start":{"line":44,"column":6},"end":{"line":49,"column":null}},"13":{"start":{"line":51,"column":6},"end":{"line":53,"column":null}},"14":{"start":{"line":52,"column":8},"end":{"line":52,"column":null}},"15":{"start":{"line":54,"column":6},"end":{"line":54,"column":null}},"16":{"start":{"line":57,"column":4},"end":{"line":59,"column":null}},"17":{"start":{"line":58,"column":6},"end":{"line":58,"column":null}},"18":{"start":{"line":62,"column":4},"end":{"line":66,"column":null}},"19":{"start":{"line":63,"column":6},"end":{"line":63,"column":null}},"20":{"start":{"line":65,"column":6},"end":{"line":65,"column":null}},"21":{"start":{"line":68,"column":4},"end":{"line":73,"column":null}}},"fnMap":{"0":{"name":"(anonymous_0)","decl":{"start":{"line":15,"column":2},"end":{"line":15,"column":22}},"loc":{"start":{"line":15,"column":55},"end":{"line":15,"column":null}},"line":15},"1":{"name":"(anonymous_1)","decl":{"start":{"line":17,"column":8},"end":{"line":17,"column":16}},"loc":{"start":{"line":17,"column":55},"end":{"line":74,"column":null}},"line":17}},"branchMap":{"0":{"loc":{"start":{"line":21,"column":4},"end":{"line":23,"column":null}},"type":"if","locations":[{"start":{"line":21,"column":4},"end":{"line":23,"column":null}},{"start":{},"end":{}}],"line":21},"1":{"loc":{"start":{"line":25,"column":4},"end":{"line":27,"column":null}},"type":"if","locations":[{"start":{"line":25,"column":4},"end":{"line":27,"column":null}},{"start":{},"end":{}}],"line":25},"2":{"loc":{"start":{"line":38,"column":4},"end":{"line":40,"column":null}},"type":"if","locations":[{"start":{"line":38,"column":4},"end":{"line":40,"column":null}},{"start":{},"end":{}}],"line":38},"3":{"loc":{"start":{"line":51,"column":6},"end":{"line":53,"column":null}},"type":"if","locations":[{"start":{"line":51,"column":6},"end":{"line":53,"column":null}},{"start":{},"end":{}}],"line":51},"4":{"loc":{"start":{"line":57,"column":4},"end":{"line":59,"column":null}},"type":"if","locations":[{"start":{"line":57,"column":4},"end":{"line":59,"column":null}},{"start":{},"end":{}}],"line":57},"5":{"loc":{"start":{"line":69,"column":16},"end":{"line":69,"column":null}},"type":"binary-expr","locations":[{"start":{"line":69,"column":16},"end":{"line":69,"column":35}},{"start":{"line":69,"column":35},"end":{"line":69,"column":null}}],"line":69},"6":{"loc":{"start":{"line":70,"column":14},"end":{"line":70,"column":null}},"type":"binary-expr","locations":[{"start":{"line":70,"column":14},"end":{"line":70,"column":31}},{"start":{"line":70,"column":31},"end":{"line":70,"column":null}}],"line":70},"7":{"loc":{"start":{"line":71,"column":14},"end":{"line":71,"column":null}},"type":"binary-expr","locations":[{"start":{"line":71,"column":14},"end":{"line":71,"column":31}},{"start":{"line":71,"column":31},"end":{"line":71,"column":null}}],"line":71},"8":{"loc":{"start":{"line":72,"column":18},"end":{"line":72,"column":null}},"type":"binary-expr","locations":[{"start":{"line":72,"column":18},"end":{"line":72,"column":39}},{"start":{"line":72,"column":39},"end":{"line":72,"column":null}}],"line":72}},"s":{"0":9,"1":9,"2":9,"3":9,"4":1,"5":8,"6":1,"7":7,"8":7,"9":7,"10":1,"11":7,"12":7,"13":2,"14":1,"15":1,"16":5,"17":1,"18":4,"19":4,"20":1,"21":3},"f":{"0":9,"1":9},"b":{"0":[1,8],"1":[1,7],"2":[1,6],"3":[1,1],"4":[1,4],"5":[3,1],"6":[9,1],"7":[9,1],"8":[9,1]},"meta":{"lastBranch":9,"lastFunction":2,"lastStatement":22,"seen":{"f:15:2:15:22":0,"s:15:22:15:55":0,"f:17:8:17:16":1,"s:18:20:18:Infinity":1,"s:19:23:19:Infinity":2,"b:21:4:23:Infinity:undefined:undefined:undefined:undefined":0,"s:21:4:23:Infinity":3,"s:22:6:22:Infinity":4,"b:25:4:27:Infinity:undefined:undefined:undefined:undefined":1,"s:25:4:27:Infinity":5,"s:26:6:26:Infinity":6,"s:29:20:32:Infinity":7,"s:34:44:36:Infinity":8,"b:38:4:40:Infinity:undefined:undefined:undefined:undefined":2,"s:38:4:40:Infinity":9,"s:39:6:39:Infinity":10,"s:43:4:55:Infinity":11,"s:44:6:49:Infinity":12,"b:51:6:53:Infinity:undefined:undefined:undefined:undefined":3,"s:51:6:53:Infinity":13,"s:52:8:52:Infinity":14,"s:54:6:54:Infinity":15,"b:57:4:59:Infinity:undefined:undefined:undefined:undefined":4,"s:57:4:59:Infinity":16,"s:58:6:58:Infinity":17,"s:62:4:66:Infinity":18,"s:63:6:63:Infinity":19,"s:65:6:65:Infinity":20,"s:68:4:73:Infinity":21,"b:69:16:69:35:69:35:69:Infinity":5,"b:70:14:70:31:70:31:70:Infinity":6,"b:71:14:71:31:71:31:71:Infinity":7,"b:72:18:72:39:72:39:72:Infinity":8}}}
,"/app/packages/infrastructure/src/adapters/docker-adapter.ts": {"path":"/app/packages/infrastructure/src/adapters/docker-adapter.ts","statementMap":{"0":{"start":{"line":11,"column":22},"end":{"line":11,"column":53}},"1":{"start":{"line":14,"column":22},"end":{"line":14,"column":null}},"2":{"start":{"line":15,"column":26},"end":{"line":15,"column":null}},"3":{"start":{"line":17,"column":27},"end":{"line":17,"column":null}},"4":{"start":{"line":19,"column":4},"end":{"line":23,"column":null}},"5":{"start":{"line":20,"column":6},"end":{"line":22,"column":null}},"6":{"start":{"line":21,"column":8},"end":{"line":21,"column":null}},"7":{"start":{"line":25,"column":4},"end":{"line":27,"column":null}},"8":{"start":{"line":26,"column":6},"end":{"line":26,"column":null}},"9":{"start":{"line":29,"column":4},"end":{"line":29,"column":null}},"10":{"start":{"line":31,"column":4},"end":{"line":31,"column":null}},"11":{"start":{"line":32,"column":4},"end":{"line":34,"column":null}},"12":{"start":{"line":33,"column":6},"end":{"line":33,"column":null}},"13":{"start":{"line":36,"column":4},"end":{"line":99,"column":null}},"14":{"start":{"line":37,"column":23},"end":{"line":37,"column":null}},"15":{"start":{"line":38,"column":23},"end":{"line":38,"column":null}},"16":{"start":{"line":39,"column":24},"end":{"line":39,"column":null}},"17":{"start":{"line":41,"column":12},"end":{"line":41,"column":null}},"18":{"start":{"line":43,"column":6},"end":{"line":49,"column":null}},"19":{"start":{"line":44,"column":20},"end":{"line":44,"column":null}},"20":{"start":{"line":45,"column":8},"end":{"line":45,"column":null}},"21":{"start":{"line":46,"column":8},"end":{"line":48,"column":null}},"22":{"start":{"line":47,"column":10},"end":{"line":47,"column":null}},"23":{"start":{"line":51,"column":6},"end":{"line":57,"column":null}},"24":{"start":{"line":52,"column":20},"end":{"line":52,"column":null}},"25":{"start":{"line":53,"column":8},"end":{"line":53,"column":null}},"26":{"start":{"line":54,"column":8},"end":{"line":56,"column":null}},"27":{"start":{"line":55,"column":10},"end":{"line":55,"column":null}},"28":{"start":{"line":59,"column":22},"end":{"line":65,"column":null}},"29":{"start":{"line":60,"column":8},"end":{"line":60,"column":null}},"30":{"start":{"line":60,"column":25},"end":{"line":60,"column":null}},"31":{"start":{"line":61,"column":8},"end":{"line":61,"column":null}},"32":{"start":{"line":62,"column":8},"end":{"line":64,"column":null}},"33":{"start":{"line":63,"column":10},"end":{"line":63,"column":null}},"34":{"start":{"line":67,"column":22},"end":{"line":69,"column":null}},"35":{"start":{"line":68,"column":8},"end":{"line":68,"column":null}},"36":{"start":{"line":71,"column":6},"end":{"line":83,"column":null}},"37":{"start":{"line":72,"column":8},"end":{"line":81,"column":null}},"38":{"start":{"line":73,"column":10},"end":{"line":73,"column":null}},"39":{"start":{"line":74,"column":10},"end":{"line":74,"column":null}},"40":{"start":{"line":75,"column":10},"end":{"line":80,"column":null}},"41":{"start":{"line":82,"column":8},"end":{"line":82,"column":null}},"42":{"start":{"line":85,"column":6},"end":{"line":93,"column":null}},"43":{"start":{"line":86,"column":8},"end":{"line":86,"column":null}},"44":{"start":{"line":87,"column":8},"end":{"line":92,"column":null}},"45":{"start":{"line":95,"column":6},"end":{"line":98,"column":null}},"46":{"start":{"line":96,"column":8},"end":{"line":96,"column":null}},"47":{"start":{"line":97,"column":8},"end":{"line":97,"column":null}}},"fnMap":{"0":{"name":"(anonymous_0)","decl":{"start":{"line":11,"column":2},"end":{"line":11,"column":22}},"loc":{"start":{"line":11,"column":53},"end":{"line":11,"column":null}},"line":11},"1":{"name":"(anonymous_1)","decl":{"start":{"line":13,"column":15},"end":{"line":13,"column":23}},"loc":{"start":{"line":13,"column":62},"end":{"line":100,"column":null}},"line":13},"2":{"name":"(anonymous_2)","decl":{"start":{"line":36,"column":23},"end":{"line":36,"column":24}},"loc":{"start":{"line":36,"column":44},"end":{"line":99,"column":5}},"line":36},"3":{"name":"(anonymous_3)","decl":{"start":{"line":43,"column":30},"end":{"line":43,"column":31}},"loc":{"start":{"line":43,"column":48},"end":{"line":49,"column":7}},"line":43},"4":{"name":"(anonymous_4)","decl":{"start":{"line":51,"column":30},"end":{"line":51,"column":31}},"loc":{"start":{"line":51,"column":48},"end":{"line":57,"column":7}},"line":51},"5":{"name":"(anonymous_5)","decl":{"start":{"line":59,"column":22},"end":{"line":59,"column":28}},"loc":{"start":{"line":59,"column":28},"end":{"line":65,"column":null}},"line":59},"6":{"name":"(anonymous_6)","decl":{"start":{"line":67,"column":22},"end":{"line":67,"column":28}},"loc":{"start":{"line":67,"column":28},"end":{"line":69,"column":null}},"line":67},"7":{"name":"(anonymous_7)","decl":{"start":{"line":85,"column":24},"end":{"line":85,"column":25}},"loc":{"start":{"line":85,"column":34},"end":{"line":93,"column":7}},"line":85},"8":{"name":"(anonymous_8)","decl":{"start":{"line":95,"column":24},"end":{"line":95,"column":25}},"loc":{"start":{"line":95,"column":33},"end":{"line":98,"column":7}},"line":95}},"branchMap":{"0":{"loc":{"start":{"line":19,"column":4},"end":{"line":23,"column":null}},"type":"if","locations":[{"start":{"line":19,"column":4},"end":{"line":23,"column":null}},{"start":{},"end":{}}],"line":19},"1":{"loc":{"start":{"line":25,"column":4},"end":{"line":27,"column":null}},"type":"if","locations":[{"start":{"line":25,"column":4},"end":{"line":27,"column":null}},{"start":{},"end":{}}],"line":25},"2":{"loc":{"start":{"line":32,"column":4},"end":{"line":34,"column":null}},"type":"if","locations":[{"start":{"line":32,"column":4},"end":{"line":34,"column":null}},{"start":{},"end":{}}],"line":32},"3":{"loc":{"start":{"line":46,"column":8},"end":{"line":48,"column":null}},"type":"if","locations":[{"start":{"line":46,"column":8},"end":{"line":48,"column":null}},{"start":{},"end":{}}],"line":46},"4":{"loc":{"start":{"line":54,"column":8},"end":{"line":56,"column":null}},"type":"if","locations":[{"start":{"line":54,"column":8},"end":{"line":56,"column":null}},{"start":{},"end":{}}],"line":54},"5":{"loc":{"start":{"line":60,"column":8},"end":{"line":60,"column":null}},"type":"if","locations":[{"start":{"line":60,"column":8},"end":{"line":60,"column":null}},{"start":{},"end":{}}],"line":60},"6":{"loc":{"start":{"line":62,"column":8},"end":{"line":64,"column":null}},"type":"if","locations":[{"start":{"line":62,"column":8},"end":{"line":64,"column":null}},{"start":{},"end":{}}],"line":62},"7":{"loc":{"start":{"line":71,"column":6},"end":{"line":83,"column":null}},"type":"if","locations":[{"start":{"line":71,"column":6},"end":{"line":83,"column":null}},{"start":{},"end":{}}],"line":71},"8":{"loc":{"start":{"line":72,"column":8},"end":{"line":81,"column":null}},"type":"if","locations":[{"start":{"line":72,"column":8},"end":{"line":81,"column":null}},{"start":{},"end":{}}],"line":72},"9":{"loc":{"start":{"line":88,"column":20},"end":{"line":88,"column":null}},"type":"binary-expr","locations":[{"start":{"line":88,"column":20},"end":{"line":88,"column":28}},{"start":{"line":88,"column":28},"end":{"line":88,"column":null}}],"line":88}},"s":{"0":8,"1":8,"2":8,"3":8,"4":8,"5":1,"6":1,"7":8,"8":1,"9":8,"10":8,"11":8,"12":1,"13":8,"14":8,"15":8,"16":8,"17":8,"18":8,"19":2,"20":2,"21":2,"22":1,"23":8,"24":2,"25":2,"26":2,"27":1,"28":8,"29":9,"30":1,"31":8,"32":8,"33":3,"34":8,"35":2,"36":8,"37":3,"38":1,"39":1,"40":1,"41":2,"42":7,"43":6,"44":6,"45":7,"46":2,"47":2},"f":{"0":8,"1":8,"2":8,"3":2,"4":2,"5":9,"6":2,"7":6,"8":2},"b":{"0":[1,7],"1":[1,7],"2":[1,7],"3":[1,1],"4":[1,1],"5":[1,8],"6":[3,5],"7":[3,5],"8":[1,2],"9":[6,1]},"meta":{"lastBranch":10,"lastFunction":9,"lastStatement":48,"seen":{"f:11:2:11:22":0,"s:11:22:11:53":0,"f:13:15:13:23":1,"s:14:22:14:Infinity":1,"s:15:26:15:Infinity":2,"s:17:27:17:Infinity":3,"b:19:4:23:Infinity:undefined:undefined:undefined:undefined":0,"s:19:4:23:Infinity":4,"s:20:6:22:Infinity":5,"s:21:8:21:Infinity":6,"b:25:4:27:Infinity:undefined:undefined:undefined:undefined":1,"s:25:4:27:Infinity":7,"s:26:6:26:Infinity":8,"s:29:4:29:Infinity":9,"s:31:4:31:Infinity":10,"b:32:4:34:Infinity:undefined:undefined:undefined:undefined":2,"s:32:4:34:Infinity":11,"s:33:6:33:Infinity":12,"s:36:4:99:Infinity":13,"f:36:23:36:24":2,"s:37:23:37:Infinity":14,"s:38:23:38:Infinity":15,"s:39:24:39:Infinity":16,"s:41:12:41:Infinity":17,"s:43:6:49:Infinity":18,"f:43:30:43:31":3,"s:44:20:44:Infinity":19,"s:45:8:45:Infinity":20,"b:46:8:48:Infinity:undefined:undefined:undefined:undefined":3,"s:46:8:48:Infinity":21,"s:47:10:47:Infinity":22,"s:51:6:57:Infinity":23,"f:51:30:51:31":4,"s:52:20:52:Infinity":24,"s:53:8:53:Infinity":25,"b:54:8:56:Infinity:undefined:undefined:undefined:undefined":4,"s:54:8:56:Infinity":26,"s:55:10:55:Infinity":27,"s:59:22:65:Infinity":28,"f:59:22:59:28":5,"b:60:8:60:Infinity:undefined:undefined:undefined:undefined":5,"s:60:8:60:Infinity":29,"s:60:25:60:Infinity":30,"s:61:8:61:Infinity":31,"b:62:8:64:Infinity:undefined:undefined:undefined:undefined":6,"s:62:8:64:Infinity":32,"s:63:10:63:Infinity":33,"s:67:22:69:Infinity":34,"f:67:22:67:28":6,"s:68:8:68:Infinity":35,"b:71:6:83:Infinity:undefined:undefined:undefined:undefined":7,"s:71:6:83:Infinity":36,"b:72:8:81:Infinity:undefined:undefined:undefined:undefined":8,"s:72:8:81:Infinity":37,"s:73:10:73:Infinity":38,"s:74:10:74:Infinity":39,"s:75:10:80:Infinity":40,"s:82:8:82:Infinity":41,"s:85:6:93:Infinity":42,"f:85:24:85:25":7,"s:86:8:86:Infinity":43,"s:87:8:92:Infinity":44,"b:88:20:88:28:88:28:88:Infinity":9,"s:95:6:98:Infinity":45,"f:95:24:95:25":8,"s:96:8:96:Infinity":46,"s:97:8:97:Infinity":47}}}
,"/app/packages/infrastructure/src/adapters/fly-machines-adapter.ts": {"path":"/app/packages/infrastructure/src/adapters/fly-machines-adapter.ts","statementMap":{"0":{"start":{"line":11,"column":31},"end":{"line":11,"column":65}},"1":{"start":{"line":14,"column":22},"end":{"line":14,"column":null}},"2":{"start":{"line":16,"column":4},"end":{"line":18,"column":null}},"3":{"start":{"line":17,"column":6},"end":{"line":17,"column":null}},"4":{"start":{"line":20,"column":22},"end":{"line":20,"column":null}},"5":{"start":{"line":21,"column":23},"end":{"line":21,"column":null}},"6":{"start":{"line":23,"column":4},"end":{"line":25,"column":null}},"7":{"start":{"line":24,"column":6},"end":{"line":24,"column":null}},"8":{"start":{"line":27,"column":20},"end":{"line":30,"column":null}},"9":{"start":{"line":32,"column":22},"end":{"line":48,"column":null}},"10":{"start":{"line":50,"column":4},"end":{"line":53,"column":null}},"11":{"start":{"line":51,"column":19},"end":{"line":51,"column":null}},"12":{"start":{"line":51,"column":54},"end":{"line":51,"column":56}},"13":{"start":{"line":52,"column":6},"end":{"line":52,"column":null}},"14":{"start":{"line":55,"column":24},"end":{"line":55,"column":null}},"15":{"start":{"line":56,"column":22},"end":{"line":56,"column":null}},"16":{"start":{"line":58,"column":20},"end":{"line":69,"column":null}},"17":{"start":{"line":59,"column":6},"end":{"line":68,"column":null}},"18":{"start":{"line":60,"column":8},"end":{"line":65,"column":null}},"19":{"start":{"line":71,"column":4},"end":{"line":75,"column":null}},"20":{"start":{"line":72,"column":6},"end":{"line":74,"column":null}},"21":{"start":{"line":73,"column":8},"end":{"line":73,"column":null}},"22":{"start":{"line":77,"column":4},"end":{"line":107,"column":null}},"23":{"start":{"line":79,"column":6},"end":{"line":104,"column":null}},"24":{"start":{"line":80,"column":8},"end":{"line":82,"column":null}},"25":{"start":{"line":81,"column":10},"end":{"line":81,"column":null}},"26":{"start":{"line":84,"column":24},"end":{"line":88,"column":null}},"27":{"start":{"line":90,"column":8},"end":{"line":101,"column":null}},"28":{"start":{"line":91,"column":28},"end":{"line":91,"column":null}},"29":{"start":{"line":92,"column":10},"end":{"line":100,"column":null}},"30":{"start":{"line":93,"column":31},"end":{"line":93,"column":null}},"31":{"start":{"line":94,"column":12},"end":{"line":99,"column":null}},"32":{"start":{"line":103,"column":8},"end":{"line":103,"column":null}},"33":{"start":{"line":103,"column":37},"end":{"line":103,"column":62}},"34":{"start":{"line":106,"column":6},"end":{"line":106,"column":null}}},"fnMap":{"0":{"name":"(anonymous_0)","decl":{"start":{"line":11,"column":2},"end":{"line":11,"column":31}},"loc":{"start":{"line":11,"column":65},"end":{"line":11,"column":null}},"line":11},"1":{"name":"(anonymous_1)","decl":{"start":{"line":13,"column":8},"end":{"line":13,"column":16}},"loc":{"start":{"line":13,"column":55},"end":{"line":108,"column":null}},"line":13},"2":{"name":"(anonymous_2)","decl":{"start":{"line":51,"column":48},"end":{"line":51,"column":54}},"loc":{"start":{"line":51,"column":54},"end":{"line":51,"column":56}},"line":51},"3":{"name":"(anonymous_3)","decl":{"start":{"line":58,"column":20},"end":{"line":58,"column":32}},"loc":{"start":{"line":58,"column":32},"end":{"line":69,"column":null}},"line":58},"4":{"name":"(anonymous_4)","decl":{"start":{"line":72,"column":43},"end":{"line":72,"column":49}},"loc":{"start":{"line":72,"column":49},"end":{"line":74,"column":9}},"line":72},"5":{"name":"(anonymous_5)","decl":{"start":{"line":103,"column":26},"end":{"line":103,"column":37}},"loc":{"start":{"line":103,"column":37},"end":{"line":103,"column":62}},"line":103}},"branchMap":{"0":{"loc":{"start":{"line":16,"column":4},"end":{"line":18,"column":null}},"type":"if","locations":[{"start":{"line":16,"column":4},"end":{"line":18,"column":null}},{"start":{},"end":{}}],"line":16},"1":{"loc":{"start":{"line":23,"column":4},"end":{"line":25,"column":null}},"type":"if","locations":[{"start":{"line":23,"column":4},"end":{"line":25,"column":null}},{"start":{},"end":{}}],"line":23},"2":{"loc":{"start":{"line":23,"column":8},"end":{"line":23,"column":48}},"type":"binary-expr","locations":[{"start":{"line":23,"column":8},"end":{"line":23,"column":22}},{"start":{"line":23,"column":22},"end":{"line":23,"column":48}}],"line":23},"3":{"loc":{"start":{"line":50,"column":4},"end":{"line":53,"column":null}},"type":"if","locations":[{"start":{"line":50,"column":4},"end":{"line":53,"column":null}},{"start":{},"end":{}}],"line":50},"4":{"loc":{"start":{"line":71,"column":4},"end":{"line":75,"column":null}},"type":"if","locations":[{"start":{"line":71,"column":4},"end":{"line":75,"column":null}},{"start":{},"end":{}}],"line":71},"5":{"loc":{"start":{"line":80,"column":8},"end":{"line":82,"column":null}},"type":"if","locations":[{"start":{"line":80,"column":8},"end":{"line":82,"column":null}},{"start":{},"end":{}}],"line":80},"6":{"loc":{"start":{"line":90,"column":8},"end":{"line":101,"column":null}},"type":"if","locations":[{"start":{"line":90,"column":8},"end":{"line":101,"column":null}},{"start":{},"end":{}}],"line":90},"7":{"loc":{"start":{"line":92,"column":10},"end":{"line":100,"column":null}},"type":"if","locations":[{"start":{"line":92,"column":10},"end":{"line":100,"column":null}},{"start":{},"end":{}}],"line":92},"8":{"loc":{"start":{"line":92,"column":14},"end":{"line":92,"column":80}},"type":"binary-expr","locations":[{"start":{"line":92,"column":14},"end":{"line":92,"column":47}},{"start":{"line":92,"column":47},"end":{"line":92,"column":80}}],"line":92},"9":{"loc":{"start":{"line":95,"column":24},"end":{"line":95,"column":null}},"type":"binary-expr","locations":[{"start":{"line":95,"column":24},"end":{"line":95,"column":81}},{"start":{"line":95,"column":81},"end":{"line":95,"column":null}}],"line":95}},"s":{"0":7,"1":7,"2":7,"3":1,"4":6,"5":7,"6":7,"7":1,"8":5,"9":5,"10":5,"11":1,"12":0,"13":1,"14":4,"15":4,"16":4,"17":5,"18":5,"19":4,"20":1,"21":1,"22":4,"23":4,"24":7,"25":1,"26":6,"27":6,"28":5,"29":5,"30":3,"31":3,"32":3,"33":3,"34":4},"f":{"0":7,"1":7,"2":0,"3":5,"4":1,"5":3},"b":{"0":[1,6],"1":[1,6],"2":[7,5],"3":[1,4],"4":[1,3],"5":[1,6],"6":[5,1],"7":[3,2],"8":[5,2],"9":[3,1]},"meta":{"lastBranch":10,"lastFunction":6,"lastStatement":35,"seen":{"f:11:2:11:31":0,"s:11:31:11:65":0,"f:13:8:13:16":1,"s:14:22:14:Infinity":1,"b:16:4:18:Infinity:undefined:undefined:undefined:undefined":0,"s:16:4:18:Infinity":2,"s:17:6:17:Infinity":3,"s:20:22:20:Infinity":4,"s:21:23:21:Infinity":5,"b:23:4:25:Infinity:undefined:undefined:undefined:undefined":1,"s:23:4:25:Infinity":6,"b:23:8:23:22:23:22:23:48":2,"s:24:6:24:Infinity":7,"s:27:20:30:Infinity":8,"s:32:22:48:Infinity":9,"b:50:4:53:Infinity:undefined:undefined:undefined:undefined":3,"s:50:4:53:Infinity":10,"s:51:19:51:Infinity":11,"f:51:48:51:54":2,"s:51:54:51:56":12,"s:52:6:52:Infinity":13,"s:55:24:55:Infinity":14,"s:56:22:56:Infinity":15,"s:58:20:69:Infinity":16,"f:58:20:58:32":3,"s:59:6:68:Infinity":17,"s:60:8:65:Infinity":18,"b:71:4:75:Infinity:undefined:undefined:undefined:undefined":4,"s:71:4:75:Infinity":19,"s:72:6:74:Infinity":20,"f:72:43:72:49":4,"s:73:8:73:Infinity":21,"s:77:4:107:Infinity":22,"s:79:6:104:Infinity":23,"b:80:8:82:Infinity:undefined:undefined:undefined:undefined":5,"s:80:8:82:Infinity":24,"s:81:10:81:Infinity":25,"s:84:24:88:Infinity":26,"b:90:8:101:Infinity:undefined:undefined:undefined:undefined":6,"s:90:8:101:Infinity":27,"s:91:28:91:Infinity":28,"b:92:10:100:Infinity:undefined:undefined:undefined:undefined":7,"s:92:10:100:Infinity":29,"b:92:14:92:47:92:47:92:80":8,"s:93:31:93:Infinity":30,"s:94:12:99:Infinity":31,"b:95:24:95:81:95:81:95:Infinity":9,"s:103:8:103:Infinity":32,"f:103:26:103:37":5,"s:103:37:103:62":33,"s:106:6:106:Infinity":34}}}
,"/app/packages/infrastructure/src/adapters/hetzner-cloud-adapter.ts": {"path":"/app/packages/infrastructure/src/adapters/hetzner-cloud-adapter.ts","statementMap":{"0":{"start":{"line":17,"column":4},"end":{"line":17,"column":null}},"1":{"start":{"line":21,"column":22},"end":{"line":21,"column":null}},"2":{"start":{"line":22,"column":34},"end":{"line":22,"column":null}},"3":{"start":{"line":23,"column":17},"end":{"line":23,"column":null}},"4":{"start":{"line":24,"column":17},"end":{"line":24,"column":null}},"5":{"start":{"line":25,"column":19},"end":{"line":25,"column":null}},"6":{"start":{"line":27,"column":107},"end":{"line":27,"column":null}},"7":{"start":{"line":28,"column":20},"end":{"line":31,"column":null}},"8":{"start":{"line":33,"column":4},"end":{"line":129,"column":null}},"9":{"start":{"line":34,"column":6},"end":{"line":36,"column":null}},"10":{"start":{"line":35,"column":8},"end":{"line":35,"column":null}},"11":{"start":{"line":39,"column":25},"end":{"line":39,"column":null}},"12":{"start":{"line":40,"column":25},"end":{"line":40,"column":null}},"13":{"start":{"line":42,"column":23},"end":{"line":44,"column":null}},"14":{"start":{"line":50,"column":30},"end":{"line":56,"column":null}},"15":{"start":{"line":58,"column":6},"end":{"line":58,"column":null}},"16":{"start":{"line":58,"column":20},"end":{"line":58,"column":null}},"17":{"start":{"line":59,"column":6},"end":{"line":59,"column":null}},"18":{"start":{"line":59,"column":20},"end":{"line":59,"column":null}},"19":{"start":{"line":61,"column":6},"end":{"line":61,"column":null}},"20":{"start":{"line":63,"column":29},"end":{"line":67,"column":null}},"21":{"start":{"line":69,"column":6},"end":{"line":72,"column":null}},"22":{"start":{"line":70,"column":26},"end":{"line":70,"column":null}},"23":{"start":{"line":71,"column":8},"end":{"line":71,"column":null}},"24":{"start":{"line":74,"column":30},"end":{"line":74,"column":null}},"25":{"start":{"line":75,"column":6},"end":{"line":75,"column":null}},"26":{"start":{"line":77,"column":6},"end":{"line":77,"column":null}},"27":{"start":{"line":80,"column":25},"end":{"line":80,"column":null}},"28":{"start":{"line":81,"column":24},"end":{"line":81,"column":null}},"29":{"start":{"line":83,"column":6},"end":{"line":102,"column":null}},"30":{"start":{"line":84,"column":8},"end":{"line":86,"column":null}},"31":{"start":{"line":85,"column":10},"end":{"line":85,"column":null}},"32":{"start":{"line":88,"column":8},"end":{"line":88,"column":null}},"33":{"start":{"line":88,"column":39},"end":{"line":88,"column":74}},"34":{"start":{"line":89,"column":8},"end":{"line":89,"column":null}},"35":{"start":{"line":91,"column":28},"end":{"line":94,"column":null}},"36":{"start":{"line":96,"column":8},"end":{"line":98,"column":null}},"37":{"start":{"line":97,"column":11},"end":{"line":97,"column":null}},"38":{"start":{"line":100,"column":29},"end":{"line":100,"column":null}},"39":{"start":{"line":101,"column":8},"end":{"line":101,"column":null}},"40":{"start":{"line":104,"column":6},"end":{"line":106,"column":null}},"41":{"start":{"line":105,"column":9},"end":{"line":105,"column":null}},"42":{"start":{"line":109,"column":6},"end":{"line":109,"column":null}},"43":{"start":{"line":110,"column":6},"end":{"line":110,"column":null}},"44":{"start":{"line":113,"column":6},"end":{"line":113,"column":null}},"45":{"start":{"line":114,"column":6},"end":{"line":114,"column":null}},"46":{"start":{"line":117,"column":6},"end":{"line":128,"column":null}},"47":{"start":{"line":118,"column":8},"end":{"line":127,"column":null}},"48":{"start":{"line":119,"column":10},"end":{"line":119,"column":null}},"49":{"start":{"line":120,"column":10},"end":{"line":123,"column":null}},"50":{"start":{"line":124,"column":10},"end":{"line":124,"column":null}},"51":{"start":{"line":126,"column":10},"end":{"line":126,"column":null}},"52":{"start":{"line":131,"column":4},"end":{"line":136,"column":null}}},"fnMap":{"0":{"name":"(anonymous_0)","decl":{"start":{"line":16,"column":2},"end":{"line":16,"column":14}},"loc":{"start":{"line":16,"column":49},"end":{"line":18,"column":null}},"line":16},"1":{"name":"(anonymous_1)","decl":{"start":{"line":20,"column":8},"end":{"line":20,"column":16}},"loc":{"start":{"line":20,"column":55},"end":{"line":137,"column":null}},"line":20},"2":{"name":"(anonymous_2)","decl":{"start":{"line":88,"column":26},"end":{"line":88,"column":27}},"loc":{"start":{"line":88,"column":39},"end":{"line":88,"column":74}},"line":88}},"branchMap":{"0":{"loc":{"start":{"line":27,"column":61},"end":{"line":27,"column":84}},"type":"default-arg","locations":[{"start":{"line":27,"column":78},"end":{"line":27,"column":84}}],"line":27},"1":{"loc":{"start":{"line":27,"column":84},"end":{"line":27,"column":103}},"type":"default-arg","locations":[{"start":{"line":27,"column":96},"end":{"line":27,"column":103}}],"line":27},"2":{"loc":{"start":{"line":34,"column":6},"end":{"line":36,"column":null}},"type":"if","locations":[{"start":{"line":34,"column":6},"end":{"line":36,"column":null}},{"start":{},"end":{}}],"line":34},"3":{"loc":{"start":{"line":40,"column":43},"end":{"line":40,"column":77}},"type":"cond-expr","locations":[{"start":{"line":40,"column":54},"end":{"line":40,"column":75}},{"start":{"line":40,"column":75},"end":{"line":40,"column":77}}],"line":40},"4":{"loc":{"start":{"line":58,"column":6},"end":{"line":58,"column":null}},"type":"if","locations":[{"start":{"line":58,"column":6},"end":{"line":58,"column":null}},{"start":{},"end":{}}],"line":58},"5":{"loc":{"start":{"line":59,"column":6},"end":{"line":59,"column":null}},"type":"if","locations":[{"start":{"line":59,"column":6},"end":{"line":59,"column":null}},{"start":{},"end":{}}],"line":59},"6":{"loc":{"start":{"line":69,"column":6},"end":{"line":72,"column":null}},"type":"if","locations":[{"start":{"line":69,"column":6},"end":{"line":72,"column":null}},{"start":{},"end":{}}],"line":69},"7":{"loc":{"start":{"line":83,"column":13},"end":{"line":83,"column":61}},"type":"binary-expr","locations":[{"start":{"line":83,"column":13},"end":{"line":83,"column":39}},{"start":{"line":83,"column":39},"end":{"line":83,"column":61}}],"line":83},"8":{"loc":{"start":{"line":84,"column":8},"end":{"line":86,"column":null}},"type":"if","locations":[{"start":{"line":84,"column":8},"end":{"line":86,"column":null}},{"start":{},"end":{}}],"line":84},"9":{"loc":{"start":{"line":96,"column":8},"end":{"line":98,"column":null}},"type":"if","locations":[{"start":{"line":96,"column":8},"end":{"line":98,"column":null}},{"start":{},"end":{}}],"line":96},"10":{"loc":{"start":{"line":104,"column":6},"end":{"line":106,"column":null}},"type":"if","locations":[{"start":{"line":104,"column":6},"end":{"line":106,"column":null}},{"start":{},"end":{}}],"line":104},"11":{"loc":{"start":{"line":117,"column":6},"end":{"line":128,"column":null}},"type":"if","locations":[{"start":{"line":117,"column":6},"end":{"line":128,"column":null}},{"start":{},"end":{}}],"line":117}},"s":{"0":9,"1":9,"2":9,"3":9,"4":9,"5":9,"6":9,"7":9,"8":9,"9":9,"10":1,"11":8,"12":8,"13":9,"14":9,"15":9,"16":1,"17":8,"18":8,"19":8,"20":9,"21":8,"22":1,"23":1,"24":7,"25":7,"26":7,"27":9,"28":9,"29":9,"30":9,"31":1,"32":8,"33":8,"34":8,"35":8,"36":8,"37":1,"38":7,"39":7,"40":5,"41":1,"42":4,"43":4,"44":5,"45":5,"46":9,"47":7,"48":7,"49":7,"50":6,"51":1,"52":9},"f":{"0":9,"1":9,"2":8},"b":{"0":[9],"1":[9],"2":[1,8],"3":[7,1],"4":[1,8],"5":[1,7],"6":[1,7],"7":[9,10],"8":[1,8],"9":[1,7],"10":[1,4],"11":[7,2]},"meta":{"lastBranch":12,"lastFunction":3,"lastStatement":53,"seen":{"f:16:2:16:14":0,"s:17:4:17:Infinity":0,"f:20:8:20:16":1,"s:21:22:21:Infinity":1,"s:22:34:22:Infinity":2,"s:23:17:23:Infinity":3,"s:24:17:24:Infinity":4,"s:25:19:25:Infinity":5,"s:27:107:27:Infinity":6,"b:27:78:27:84":0,"b:27:96:27:103":1,"s:28:20:31:Infinity":7,"s:33:4:129:Infinity":8,"b:34:6:36:Infinity:undefined:undefined:undefined:undefined":2,"s:34:6:36:Infinity":9,"s:35:8:35:Infinity":10,"s:39:25:39:Infinity":11,"s:40:25:40:Infinity":12,"b:40:54:40:75:40:75:40:77":3,"s:42:23:44:Infinity":13,"s:50:30:56:Infinity":14,"b:58:6:58:Infinity:undefined:undefined:undefined:undefined":4,"s:58:6:58:Infinity":15,"s:58:20:58:Infinity":16,"b:59:6:59:Infinity:undefined:undefined:undefined:undefined":5,"s:59:6:59:Infinity":17,"s:59:20:59:Infinity":18,"s:61:6:61:Infinity":19,"s:63:29:67:Infinity":20,"b:69:6:72:Infinity:undefined:undefined:undefined:undefined":6,"s:69:6:72:Infinity":21,"s:70:26:70:Infinity":22,"s:71:8:71:Infinity":23,"s:74:30:74:Infinity":24,"s:75:6:75:Infinity":25,"s:77:6:77:Infinity":26,"s:80:25:80:Infinity":27,"s:81:24:81:Infinity":28,"s:83:6:102:Infinity":29,"b:83:13:83:39:83:39:83:61":7,"b:84:8:86:Infinity:undefined:undefined:undefined:undefined":8,"s:84:8:86:Infinity":30,"s:85:10:85:Infinity":31,"s:88:8:88:Infinity":32,"f:88:26:88:27":2,"s:88:39:88:74":33,"s:89:8:89:Infinity":34,"s:91:28:94:Infinity":35,"b:96:8:98:Infinity:undefined:undefined:undefined:undefined":9,"s:96:8:98:Infinity":36,"s:97:11:97:Infinity":37,"s:100:29:100:Infinity":38,"s:101:8:101:Infinity":39,"b:104:6:106:Infinity:undefined:undefined:undefined:undefined":10,"s:104:6:106:Infinity":40,"s:105:9:105:Infinity":41,"s:109:6:109:Infinity":42,"s:110:6:110:Infinity":43,"s:113:6:113:Infinity":44,"s:114:6:114:Infinity":45,"b:117:6:128:Infinity:undefined:undefined:undefined:undefined":11,"s:117:6:128:Infinity":46,"s:118:8:127:Infinity":47,"s:119:10:119:Infinity":48,"s:120:10:123:Infinity":49,"s:124:10:124:Infinity":50,"s:126:10:126:Infinity":51,"s:131:4:136:Infinity":52}}}
,"/app/packages/infrastructure/src/adapters/index.ts": {"path":"/app/packages/infrastructure/src/adapters/index.ts","statementMap":{},"fnMap":{},"branchMap":{},"s":{},"f":{},"b":{},"meta":{"lastBranch":0,"lastFunction":0,"lastStatement":0,"seen":{}}}
,"/app/packages/infrastructure/src/adapters/kubernetes-adapter.ts": {"path":"/app/packages/infrastructure/src/adapters/kubernetes-adapter.ts","statementMap":{"0":{"start":{"line":23,"column":22},"end":{"line":23,"column":57}},"1":{"start":{"line":24,"column":4},"end":{"line":26,"column":null}},"2":{"start":{"line":25,"column":6},"end":{"line":25,"column":null}},"3":{"start":{"line":27,"column":4},"end":{"line":27,"column":null}},"4":{"start":{"line":28,"column":4},"end":{"line":32,"column":null}},"5":{"start":{"line":29,"column":6},"end":{"line":29,"column":null}},"6":{"start":{"line":31,"column":6},"end":{"line":31,"column":null}},"7":{"start":{"line":33,"column":4},"end":{"line":33,"column":null}},"8":{"start":{"line":34,"column":4},"end":{"line":34,"column":null}},"9":{"start":{"line":38,"column":22},"end":{"line":38,"column":null}},"10":{"start":{"line":39,"column":22},"end":{"line":39,"column":null}},"11":{"start":{"line":40,"column":19},"end":{"line":40,"column":null}},"12":{"start":{"line":41,"column":20},"end":{"line":41,"column":null}},"13":{"start":{"line":42,"column":25},"end":{"line":42,"column":null}},"14":{"start":{"line":43,"column":20},"end":{"line":43,"column":null}},"15":{"start":{"line":45,"column":32},"end":{"line":45,"column":null}},"16":{"start":{"line":46,"column":4},"end":{"line":50,"column":null}},"17":{"start":{"line":47,"column":6},"end":{"line":49,"column":null}},"18":{"start":{"line":48,"column":8},"end":{"line":48,"column":null}},"19":{"start":{"line":52,"column":30},"end":{"line":74,"column":null}},"20":{"start":{"line":76,"column":19},"end":{"line":76,"column":null}},"21":{"start":{"line":77,"column":17},"end":{"line":77,"column":null}},"22":{"start":{"line":78,"column":17},"end":{"line":78,"column":null}},"23":{"start":{"line":80,"column":4},"end":{"line":158,"column":null}},"24":{"start":{"line":81,"column":6},"end":{"line":81,"column":null}},"25":{"start":{"line":83,"column":20},"end":{"line":83,"column":null}},"26":{"start":{"line":85,"column":22},"end":{"line":87,"column":null}},"27":{"start":{"line":86,"column":8},"end":{"line":86,"column":null}},"28":{"start":{"line":88,"column":6},"end":{"line":88,"column":null}},"29":{"start":{"line":90,"column":6},"end":{"line":147,"column":null}},"30":{"start":{"line":91,"column":8},"end":{"line":104,"column":null}},"31":{"start":{"line":92,"column":27},"end":{"line":92,"column":null}},"32":{"start":{"line":93,"column":28},"end":{"line":93,"column":null}},"33":{"start":{"line":95,"column":10},"end":{"line":98,"column":null}},"34":{"start":{"line":96,"column":12},"end":{"line":96,"column":null}},"35":{"start":{"line":97,"column":12},"end":{"line":97,"column":null}},"36":{"start":{"line":99,"column":10},"end":{"line":102,"column":null}},"37":{"start":{"line":100,"column":12},"end":{"line":100,"column":null}},"38":{"start":{"line":101,"column":12},"end":{"line":101,"column":null}},"39":{"start":{"line":103,"column":10},"end":{"line":103,"column":null}},"40":{"start":{"line":103,"column":41},"end":{"line":103,"column":97}},"41":{"start":{"line":106,"column":8},"end":{"line":109,"column":null}},"42":{"start":{"line":107,"column":10},"end":{"line":107,"column":null}},"43":{"start":{"line":108,"column":10},"end":{"line":108,"column":null}},"44":{"start":{"line":111,"column":21},"end":{"line":118,"column":null}},"45":{"start":{"line":120,"column":25},"end":{"line":120,"column":null}},"46":{"start":{"line":121,"column":8},"end":{"line":134,"column":null}},"47":{"start":{"line":122,"column":26},"end":{"line":122,"column":null}},"48":{"start":{"line":123,"column":10},"end":{"line":133,"column":null}},"49":{"start":{"line":124,"column":32},"end":{"line":127,"column":null}},"50":{"start":{"line":128,"column":25},"end":{"line":128,"column":null}},"51":{"start":{"line":129,"column":12},"end":{"line":129,"column":null}},"52":{"start":{"line":130,"column":12},"end":{"line":132,"column":null}},"53":{"start":{"line":131,"column":14},"end":{"line":131,"column":null}},"54":{"start":{"line":137,"column":8},"end":{"line":144,"column":null}},"55":{"start":{"line":138,"column":10},"end":{"line":138,"column":null}},"56":{"start":{"line":140,"column":10},"end":{"line":140,"column":null}},"57":{"start":{"line":141,"column":10},"end":{"line":143,"column":null}},"58":{"start":{"line":142,"column":12},"end":{"line":142,"column":null}},"59":{"start":{"line":146,"column":8},"end":{"line":146,"column":null}},"60":{"start":{"line":150,"column":6},"end":{"line":150,"column":null}},"61":{"start":{"line":151,"column":6},"end":{"line":151,"column":null}},"62":{"start":{"line":153,"column":6},"end":{"line":157,"column":null}},"63":{"start":{"line":154,"column":8},"end":{"line":154,"column":null}},"64":{"start":{"line":160,"column":4},"end":{"line":165,"column":null}}},"fnMap":{"0":{"name":"(anonymous_0)","decl":{"start":{"line":23,"column":2},"end":{"line":23,"column":22}},"loc":{"start":{"line":23,"column":57},"end":{"line":35,"column":null}},"line":23},"1":{"name":"(anonymous_1)","decl":{"start":{"line":37,"column":8},"end":{"line":37,"column":16}},"loc":{"start":{"line":37,"column":55},"end":{"line":166,"column":null}},"line":37},"2":{"name":"(anonymous_2)","decl":{"start":{"line":85,"column":22},"end":{"line":85,"column":28}},"loc":{"start":{"line":85,"column":28},"end":{"line":87,"column":null}},"line":85},"3":{"name":"(anonymous_3)","decl":{"start":{"line":103,"column":28},"end":{"line":103,"column":29}},"loc":{"start":{"line":103,"column":41},"end":{"line":103,"column":97}},"line":103}},"branchMap":{"0":{"loc":{"start":{"line":24,"column":4},"end":{"line":26,"column":null}},"type":"if","locations":[{"start":{"line":24,"column":4},"end":{"line":26,"column":null}},{"start":{},"end":{}}],"line":24},"1":{"loc":{"start":{"line":28,"column":4},"end":{"line":32,"column":null}},"type":"if","locations":[{"start":{"line":28,"column":4},"end":{"line":32,"column":null}},{"start":{"line":30,"column":11},"end":{"line":32,"column":null}}],"line":28},"2":{"loc":{"start":{"line":39,"column":22},"end":{"line":39,"column":null}},"type":"binary-expr","locations":[{"start":{"line":39,"column":22},"end":{"line":39,"column":48}},{"start":{"line":39,"column":48},"end":{"line":39,"column":null}}],"line":39},"3":{"loc":{"start":{"line":40,"column":19},"end":{"line":40,"column":null}},"type":"binary-expr","locations":[{"start":{"line":40,"column":19},"end":{"line":40,"column":49}},{"start":{"line":40,"column":49},"end":{"line":40,"column":null}}],"line":40},"4":{"loc":{"start":{"line":41,"column":20},"end":{"line":41,"column":null}},"type":"binary-expr","locations":[{"start":{"line":41,"column":20},"end":{"line":41,"column":41}},{"start":{"line":41,"column":41},"end":{"line":41,"column":null}}],"line":41},"5":{"loc":{"start":{"line":46,"column":4},"end":{"line":50,"column":null}},"type":"if","locations":[{"start":{"line":46,"column":4},"end":{"line":50,"column":null}},{"start":{},"end":{}}],"line":46},"6":{"loc":{"start":{"line":64,"column":22},"end":{"line":64,"column":null}},"type":"binary-expr","locations":[{"start":{"line":64,"column":22},"end":{"line":64,"column":34}},{"start":{"line":64,"column":34},"end":{"line":64,"column":null}}],"line":64},"7":{"loc":{"start":{"line":65,"column":21},"end":{"line":65,"column":null}},"type":"cond-expr","locations":[{"start":{"line":65,"column":38},"end":{"line":65,"column":44}},{"start":{"line":65,"column":44},"end":{"line":65,"column":null}}],"line":65},"8":{"loc":{"start":{"line":93,"column":28},"end":{"line":93,"column":null}},"type":"binary-expr","locations":[{"start":{"line":93,"column":28},"end":{"line":93,"column":45}},{"start":{"line":93,"column":45},"end":{"line":93,"column":null}}],"line":93},"9":{"loc":{"start":{"line":95,"column":10},"end":{"line":98,"column":null}},"type":"if","locations":[{"start":{"line":95,"column":10},"end":{"line":98,"column":null}},{"start":{},"end":{}}],"line":95},"10":{"loc":{"start":{"line":95,"column":14},"end":{"line":95,"column":77}},"type":"binary-expr","locations":[{"start":{"line":95,"column":14},"end":{"line":95,"column":45}},{"start":{"line":95,"column":45},"end":{"line":95,"column":77}}],"line":95},"11":{"loc":{"start":{"line":99,"column":10},"end":{"line":102,"column":null}},"type":"if","locations":[{"start":{"line":99,"column":10},"end":{"line":102,"column":null}},{"start":{},"end":{}}],"line":99},"12":{"loc":{"start":{"line":99,"column":14},"end":{"line":99,"column":71}},"type":"binary-expr","locations":[{"start":{"line":99,"column":14},"end":{"line":99,"column":42}},{"start":{"line":99,"column":42},"end":{"line":99,"column":71}}],"line":99},"13":{"loc":{"start":{"line":103,"column":61},"end":{"line":103,"column":96}},"type":"binary-expr","locations":[{"start":{"line":103,"column":61},"end":{"line":103,"column":92}},{"start":{"line":103,"column":92},"end":{"line":103,"column":96}}],"line":103},"14":{"loc":{"start":{"line":106,"column":8},"end":{"line":109,"column":null}},"type":"if","locations":[{"start":{"line":106,"column":8},"end":{"line":109,"column":null}},{"start":{},"end":{}}],"line":106},"15":{"loc":{"start":{"line":120,"column":25},"end":{"line":120,"column":null}},"type":"binary-expr","locations":[{"start":{"line":120,"column":25},"end":{"line":120,"column":38}},{"start":{"line":120,"column":38},"end":{"line":120,"column":null}}],"line":120},"16":{"loc":{"start":{"line":121,"column":8},"end":{"line":134,"column":null}},"type":"if","locations":[{"start":{"line":121,"column":8},"end":{"line":134,"column":null}},{"start":{},"end":{}}],"line":121},"17":{"loc":{"start":{"line":121,"column":12},"end":{"line":121,"column":57}},"type":"binary-expr","locations":[{"start":{"line":121,"column":12},"end":{"line":121,"column":30}},{"start":{"line":121,"column":30},"end":{"line":121,"column":57}}],"line":121},"18":{"loc":{"start":{"line":123,"column":10},"end":{"line":133,"column":null}},"type":"if","locations":[{"start":{"line":123,"column":10},"end":{"line":133,"column":null}},{"start":{},"end":{}}],"line":123},"19":{"loc":{"start":{"line":128,"column":25},"end":{"line":128,"column":null}},"type":"binary-expr","locations":[{"start":{"line":128,"column":25},"end":{"line":128,"column":45}},{"start":{"line":128,"column":45},"end":{"line":128,"column":null}}],"line":128},"20":{"loc":{"start":{"line":129,"column":22},"end":{"line":129,"column":null}},"type":"binary-expr","locations":[{"start":{"line":129,"column":22},"end":{"line":129,"column":52}},{"start":{"line":129,"column":52},"end":{"line":129,"column":null}}],"line":129},"21":{"loc":{"start":{"line":130,"column":12},"end":{"line":132,"column":null}},"type":"if","locations":[{"start":{"line":130,"column":12},"end":{"line":132,"column":null}},{"start":{},"end":{}}],"line":130},"22":{"loc":{"start":{"line":130,"column":16},"end":{"line":130,"column":40}},"type":"binary-expr","locations":[{"start":{"line":130,"column":16},"end":{"line":130,"column":32}},{"start":{"line":130,"column":32},"end":{"line":130,"column":40}}],"line":130},"23":{"loc":{"start":{"line":137,"column":8},"end":{"line":144,"column":null}},"type":"if","locations":[{"start":{"line":137,"column":8},"end":{"line":144,"column":null}},{"start":{"line":139,"column":15},"end":{"line":144,"column":null}}],"line":137},"24":{"loc":{"start":{"line":140,"column":45},"end":{"line":140,"column":75}},"type":"binary-expr","locations":[{"start":{"line":140,"column":45},"end":{"line":140,"column":62}},{"start":{"line":140,"column":62},"end":{"line":140,"column":75}}],"line":140},"25":{"loc":{"start":{"line":141,"column":10},"end":{"line":143,"column":null}},"type":"if","locations":[{"start":{"line":141,"column":10},"end":{"line":143,"column":null}},{"start":{},"end":{}}],"line":141},"26":{"loc":{"start":{"line":141,"column":14},"end":{"line":141,"column":38}},"type":"binary-expr","locations":[{"start":{"line":141,"column":14},"end":{"line":141,"column":30}},{"start":{"line":141,"column":30},"end":{"line":141,"column":38}}],"line":141},"27":{"loc":{"start":{"line":151,"column":40},"end":{"line":151,"column":70}},"type":"binary-expr","locations":[{"start":{"line":151,"column":40},"end":{"line":151,"column":57}},{"start":{"line":151,"column":57},"end":{"line":151,"column":70}}],"line":151}},"s":{"0":26,"1":26,"2":1,"3":25,"4":25,"5":1,"6":24,"7":25,"8":25,"9":21,"10":21,"11":21,"12":21,"13":21,"14":21,"15":21,"16":21,"17":1,"18":1,"19":21,"20":21,"21":21,"22":21,"23":21,"24":21,"25":19,"26":19,"27":1,"28":19,"29":21,"30":21,"31":20,"32":18,"33":20,"34":15,"35":15,"36":3,"37":1,"38":1,"39":2,"40":2,"41":17,"42":1,"43":1,"44":16,"45":16,"46":21,"47":15,"48":15,"49":14,"50":13,"51":14,"52":14,"53":2,"54":6,"55":1,"56":5,"57":5,"58":2,"59":19,"60":2,"61":2,"62":21,"63":21,"64":21},"f":{"0":26,"1":21,"2":1,"3":2},"b":{"0":[1,25],"1":[1,24],"2":[21,20],"3":[21,20],"4":[21,18],"5":[1,20],"6":[21,19],"7":[1,20],"8":[18,1],"9":[15,5],"10":[20,15],"11":[1,2],"12":[3,1],"13":[2,1],"14":[1,16],"15":[16,1],"16":[15,6],"17":[21,16],"18":[14,1],"19":[13,1],"20":[14,1],"21":[2,12],"22":[14,2],"23":[1,5],"24":[5,1],"25":[2,3],"26":[5,2],"27":[2,1]},"meta":{"lastBranch":28,"lastFunction":4,"lastStatement":65,"seen":{"f:23:2:23:22":0,"s:23:22:23:57":0,"b:24:4:26:Infinity:undefined:undefined:undefined:undefined":0,"s:24:4:26:Infinity":1,"s:25:6:25:Infinity":2,"s:27:4:27:Infinity":3,"b:28:4:32:Infinity:30:11:32:Infinity":1,"s:28:4:32:Infinity":4,"s:29:6:29:Infinity":5,"s:31:6:31:Infinity":6,"s:33:4:33:Infinity":7,"s:34:4:34:Infinity":8,"f:37:8:37:16":1,"s:38:22:38:Infinity":9,"s:39:22:39:Infinity":10,"b:39:22:39:48:39:48:39:Infinity":2,"s:40:19:40:Infinity":11,"b:40:19:40:49:40:49:40:Infinity":3,"s:41:20:41:Infinity":12,"b:41:20:41:41:41:41:41:Infinity":4,"s:42:25:42:Infinity":13,"s:43:20:43:Infinity":14,"s:45:32:45:Infinity":15,"b:46:4:50:Infinity:undefined:undefined:undefined:undefined":5,"s:46:4:50:Infinity":16,"s:47:6:49:Infinity":17,"s:48:8:48:Infinity":18,"s:52:30:74:Infinity":19,"b:64:22:64:34:64:34:64:Infinit
[...]
:15,"column":20}},{"start":{"line":15,"column":20},"end":{"line":15,"column":47}}],"line":15},"4":{"loc":{"start":{"line":24,"column":6},"end":{"line":29,"column":null}},"type":"if","locations":[{"start":{"line":24,"column":6},"end":{"line":29,"column":null}},{"start":{},"end":{}}],"line":24},"5":{"loc":{"start":{"line":24,"column":10},"end":{"line":24,"column":73}},"type":"binary-expr","locations":[{"start":{"line":24,"column":10},"end":{"line":24,"column":41}},{"start":{"line":24,"column":41},"end":{"line":24,"column":73}}],"line":24},"6":{"loc":{"start":{"line":35,"column":20},"end":{"line":35,"column":null}},"type":"cond-expr","locations":[{"start":{"line":35,"column":44},"end":{"line":35,"column":50}},{"start":{"line":35,"column":50},"end":{"line":35,"column":null}}],"line":35},"7":{"loc":{"start":{"line":44,"column":6},"end":{"line":48,"column":null}},"type":"if","locations":[{"start":{"line":44,"column":6},"end":{"line":48,"column":null}},{"start":{"line":46,"column":6},"end":{"line":48,"column":null}}],"line":44},"8":{"loc":{"start":{"line":44,"column":10},"end":{"line":44,"column":63}},"type":"binary-expr","locations":[{"start":{"line":44,"column":10},"end":{"line":44,"column":19}},{"start":{"line":44,"column":19},"end":{"line":44,"column":48}},{"start":{"line":44,"column":48},"end":{"line":44,"column":63}}],"line":44},"9":{"loc":{"start":{"line":46,"column":6},"end":{"line":48,"column":null}},"type":"if","locations":[{"start":{"line":46,"column":6},"end":{"line":48,"column":null}},{"start":{},"end":{}}],"line":46},"10":{"loc":{"start":{"line":46,"column":17},"end":{"line":46,"column":53}},"type":"binary-expr","locations":[{"start":{"line":46,"column":17},"end":{"line":46,"column":26}},{"start":{"line":46,"column":26},"end":{"line":46,"column":53}}],"line":46}},"s":{"0":13,"1":13,"2":13,"3":17,"4":17,"5":4,"6":13,"7":13,"8":5,"9":8,"10":8,"11":4,"12":4,"13":4,"14":2,"15":2,"16":1,"17":4},"f":{"0":13,"1":17},"b":{"0":[13],"1":[13,11],"2":[4,13],"3":[17,14],"4":[5,8],"5":[13,10],"6":[2,2],"7":[2,2],"8":[4,3,2],"9":[1,1],"10":[2,1]},"meta":{"lastBranch":11,"lastFunction":2,"lastStatement":18,"seen":{"f:9:16:9:33":0,"b:9:60:9:64":0,"s:10:23:10:Infinity":0,"b:10:23:10:46:10:46:10:Infinity":1,"s:11:18:11:Infinity":1,"s:13:2:54:Infinity":2,"f:13:9:13:16":1,"s:14:4:53:Infinity":3,"b:15:6:20:Infinity:undefined:undefined:undefined:undefined":2,"s:15:6:20:Infinity":4,"b:15:10:15:20:15:20:15:47":3,"s:16:8:19:Infinity":5,"s:22:38:22:Infinity":6,"b:24:6:29:Infinity:undefined:undefined:undefined:undefined":4,"s:24:6:29:Infinity":7,"b:24:10:24:41:24:41:24:73":5,"s:25:8:28:Infinity":8,"s:31:22:31:Infinity":9,"s:32:21:32:Infinity":10,"s:34:6:41:Infinity":11,"b:35:44:35:50:35:50:35:Infinity":6,"s:43:20:43:Infinity":12,"b:44:6:48:Infinity:46:6:48:Infinity":7,"s:44:6:48:Infinity":13,"b:44:10:44:19:44:19:44:48:44:48:44:63":8,"s:45:8:45:Infinity":14,"b:46:6:48:Infinity:undefined:undefined:undefined:undefined":9,"s:46:6:48:Infinity":15,"b:46:17:46:26:46:26:46:53":10,"s:47:8:47:Infinity":16,"s:49:6:52:Infinity":17}}}
,"/app/packages/infrastructure/src/worker/cloudrun-server.ts": {"path":"/app/packages/infrastructure/src/worker/cloudrun-server.ts","statementMap":{"0":{"start":{"line":12,"column":2},"end":{"line":12,"column":null}},"1":{"start":{"line":13,"column":2},"end":{"line":13,"column":null}},"2":{"start":{"line":17,"column":23},"end":{"line":17,"column":null}},"3":{"start":{"line":18,"column":15},"end":{"line":18,"column":null}},"4":{"start":{"line":19,"column":18},"end":{"line":19,"column":null}},"5":{"start":{"line":21,"column":8},"end":{"line":59,"column":null}},"6":{"start":{"line":22,"column":4},"end":{"line":25,"column":null}},"7":{"start":{"line":23,"column":6},"end":{"line":23,"column":null}},"8":{"start":{"line":24,"column":6},"end":{"line":24,"column":null}},"9":{"start":{"line":27,"column":30},"end":{"line":27,"column":null}},"10":{"start":{"line":28,"column":4},"end":{"line":30,"column":null}},"11":{"start":{"line":29,"column":6},"end":{"line":29,"column":null}},"12":{"start":{"line":31,"column":20},"end":{"line":31,"column":null}},"13":{"start":{"line":34,"column":4},"end":{"line":39,"column":null}},"14":{"start":{"line":35,"column":6},"end":{"line":35,"column":null}},"15":{"start":{"line":37,"column":6},"end":{"line":37,"column":null}},"16":{"start":{"line":38,"column":6},"end":{"line":38,"column":null}},"17":{"start":{"line":41,"column":36},"end":{"line":41,"column":null}},"18":{"start":{"line":42,"column":4},"end":{"line":45,"column":null}},"19":{"start":{"line":43,"column":6},"end":{"line":43,"column":null}},"20":{"start":{"line":44,"column":6},"end":{"line":44,"column":null}},"21":{"start":{"line":47,"column":4},"end":{"line":58,"column":null}},"22":{"start":{"line":48,"column":22},"end":{"line":48,"column":null}},"23":{"start":{"line":49,"column":21},"end":{"line":49,"column":null}},"24":{"start":{"line":51,"column":6},"end":{"line":55,"column":null}},"25":{"start":{"line":57,"column":6},"end":{"line":57,"column":null}},"26":{"start":{"line":61,"column":2},"end":{"line":67,"column":null}},"27":{"start":{"line":64,"column":6},"end":{"line":64,"column":null}},"28":{"start":{"line":65,"column":6},"end":{"line":65,"column":null}}},"fnMap":{"0":{"name":"sendJson","decl":{"start":{"line":11,"column":9},"end":{"line":11,"column":18}},"loc":{"start":{"line":11,"column":70},"end":{"line":14,"column":null}},"line":11},"1":{"name":"createCloudRunServer","decl":{"start":{"line":16,"column":16},"end":{"line":16,"column":37}},"loc":{"start":{"line":16,"column":72},"end":{"line":68,"column":null}},"line":16},"2":{"name":"(anonymous_2)","decl":{"start":{"line":21,"column":30},"end":{"line":21,"column":37}},"loc":{"start":{"line":21,"column":83},"end":{"line":59,"column":3}},"line":21},"3":{"name":"(anonymous_3)","decl":{"start":{"line":63,"column":12},"end":{"line":63,"column":13}},"loc":{"start":{"line":63,"column":39},"end":{"line":66,"column":null}},"line":63}},"branchMap":{"0":{"loc":{"start":{"line":16,"column":37},"end":{"line":16,"column":72}},"type":"default-arg","locations":[{"start":{"line":16,"column":68},"end":{"line":16,"column":72}}],"line":16},"1":{"loc":{"start":{"line":17,"column":23},"end":{"line":17,"column":null}},"type":"binary-expr","locations":[{"start":{"line":17,"column":23},"end":{"line":17,"column":46}},{"start":{"line":17,"column":46},"end":{"line":17,"column":null}}],"line":17},"2":{"loc":{"start":{"line":18,"column":15},"end":{"line":18,"column":null}},"type":"cond-expr","locations":[{"start":{"line":18,"column":43},"end":{"line":18,"column":57}},{"start":{"line":18,"column":57},"end":{"line":18,"column":null}}],"line":18},"3":{"loc":{"start":{"line":18,"column":66},"end":{"line":18,"column":94}},"type":"binary-expr","locations":[{"start":{"line":18,"column":66},"end":{"line":18,"column":86}},{"start":{"line":18,"column":86},"end":{"line":18,"column":94}}],"line":18},"4":{"loc":{"start":{"line":22,"column":4},"end":{"line":25,"column":null}},"type":"if","locations":[{"start":{"line":22,"column":4},"end":{"line":25,"column":null}},{"start":{},"end":{}}],"line":22},"5":{"loc":{"start":{"line":42,"column":4},"end":{"line":45,"column":null}},"type":"if","locations":[{"start":{"line":42,"column":4},"end":{"line":45,"column":null}},{"start":{},"end":{}}],"line":42},"6":{"loc":{"start":{"line":42,"column":8},"end":{"line":42,"column":71}},"type":"binary-expr","locations":[{"start":{"line":42,"column":8},"end":{"line":42,"column":39}},{"start":{"line":42,"column":39},"end":{"line":42,"column":71}}],"line":42},"7":{"loc":{"start":{"line":51,"column":20},"end":{"line":51,"column":55}},"type":"cond-expr","locations":[{"start":{"line":51,"column":44},"end":{"line":51,"column":50}},{"start":{"line":51,"column":50},"end":{"line":51,"column":55}}],"line":51},"8":{"loc":{"start":{"line":57,"column":36},"end":{"line":57,"column":67}},"type":"binary-expr","locations":[{"start":{"line":57,"column":36},"end":{"line":57,"column":53}},{"start":{"line":57,"column":53},"end":{"line":57,"column":67}}],"line":57}},"s":{"0":9,"1":9,"2":4,"3":4,"4":4,"5":4,"6":9,"7":1,"8":1,"9":8,"10":8,"11":8,"12":8,"13":8,"14":8,"15":1,"16":1,"17":7,"18":7,"19":1,"20":1,"21":6,"22":6,"23":6,"24":3,"25":3,"26":4,"27":4,"28":4},"f":{"0":9,"1":4,"2":9,"3":4},"b":{"0":[4],"1":[4,1],"2":[2,2],"3":[2,2],"4":[1,8],"5":[1,6],"6":[7,7],"7":[2,1],"8":[3,2]},"meta":{"lastBranch":9,"lastFunction":4,"lastStatement":29,"seen":{"f:11:9:11:18":0,"s:12:2:12:Infinity":0,"s:13:2:13:Infinity":1,"f:16:16:16:37":1,"b:16:68:16:72":0,"s:17:23:17:Infinity":2,"b:17:23:17:46:17:46:17:Infinity":1,"s:18:15:18:Infinity":3,"b:18:43:18:57:18:57:18:Infinity":2,"b:18:66:18:86:18:86:18:94":3,"s:19:18:19:Infinity":4,"s:21:8:59:Infinity":5,"f:21:30:21:37":2,"b:22:4:25:Infinity:undefined:undefined:undefined:undefined":4,"s:22:4:25:Infinity":6,"s:23:6:23:Infinity":7,"s:24:6:24:Infinity":8,"s:27:30:27:Infinity":9,"s:28:4:30:Infinity":10,"s:29:6:29:Infinity":11,"s:31:20:31:Infinity":12,"s:34:4:39:Infinity":13,"s:35:6:35:Infinity":14,"s:37:6:37:Infinity":15,"s:38:6:38:Infinity":16,"s:41:36:41:Infinity":17,"b:42:4:45:Infinity:undefined:undefined:undefined:undefined":5,"s:42:4:45:Infinity":18,"b:42:8:42:39:42:39:42:71":6,"s:43:6:43:Infinity":19,"s:44:6:44:Infinity":20,"s:47:4:58:Infinity":21,"s:48:22:48:Infinity":22,"s:49:21:49:Infinity":23,"s:51:6:55:Infinity":24,"b:51:44:51:50:51:50:51:55":7,"s:57:6:57:Infinity":25,"b:57:36:57:53:57:53:57:67":8,"s:61:2:67:Infinity":26,"f:63:12:63:13":3,"s:64:6:64:Infinity":27,"s:65:6:65:Infinity":28}}}
,"/app/packages/infrastructure/src/worker/index.ts": {"path":"/app/packages/infrastructure/src/worker/index.ts","statementMap":{},"fnMap":{},"branchMap":{},"s":{},"f":{},"b":{},"meta":{"lastBranch":0,"lastFunction":0,"lastStatement":0,"seen":{}}}
,"/app/packages/infrastructure/src/worker/render-executor.ts": {"path":"/app/packages/infrastructure/src/worker/render-executor.ts","statementMap":{"0":{"start":{"line":9,"column":4},"end":{"line":9,"column":null}},"1":{"start":{"line":13,"column":18},"end":{"line":13,"column":null}},"2":{"start":{"line":13,"column":45},"end":{"line":13,"column":61}},"3":{"start":{"line":14,"column":4},"end":{"line":16,"column":null}},"4":{"start":{"line":15,"column":6},"end":{"line":15,"column":null}},"5":{"start":{"line":18,"column":22},"end":{"line":18,"column":null}},"6":{"start":{"line":19,"column":26},"end":{"line":19,"column":null}},"7":{"start":{"line":21,"column":4},"end":{"line":57,"column":null}},"8":{"start":{"line":23,"column":12},"end":{"line":27,"column":null}},"9":{"start":{"line":29,"column":19},"end":{"line":29,"column":null}},"10":{"start":{"line":30,"column":19},"end":{"line":30,"column":null}},"11":{"start":{"line":32,"column":6},"end":{"line":36,"column":null}},"12":{"start":{"line":33,"column":8},"end":{"line":35,"column":null}},"13":{"start":{"line":34,"column":10},"end":{"line":34,"column":null}},"14":{"start":{"line":38,"column":6},"end":{"line":42,"column":null}},"15":{"start":{"line":39,"column":8},"end":{"line":41,"column":null}},"16":{"start":{"line":40,"column":10},"end":{"line":40,"column":null}},"17":{"start":{"line":44,"column":6},"end":{"line":46,"column":null}},"18":{"start":{"line":45,"column":8},"end":{"line":45,"column":null}},"19":{"start":{"line":48,"column":6},"end":{"line":56,"column":null}},"20":{"start":{"line":49,"column":27},"end":{"line":49,"column":null}},"21":{"start":{"line":50,"column":8},"end":{"line":55,"column":null}}},"fnMap":{"0":{"name":"(anonymous_0)","decl":{"start":{"line":8,"column":2},"end":{"line":8,"column":14}},"loc":{"start":{"line":8,"column":36},"end":{"line":10,"column":null}},"line":8},"1":{"name":"(anonymous_1)","decl":{"start":{"line":12,"column":8},"end":{"line":12,"column":21}},"loc":{"start":{"line":12,"column":79},"end":{"line":58,"column":null}},"line":12},"2":{"name":"(anonymous_2)","decl":{"start":{"line":13,"column":38},"end":{"line":13,"column":39}},"loc":{"start":{"line":13,"column":45},"end":{"line":13,"column":61}},"line":13},"3":{"name":"(anonymous_3)","decl":{"start":{"line":21,"column":23},"end":{"line":21,"column":24}},"loc":{"start":{"line":21,"column":44},"end":{"line":57,"column":5}},"line":21},"4":{"name":"(anonymous_4)","decl":{"start":{"line":33,"column":32},"end":{"line":33,"column":33}},"loc":{"start":{"line":33,"column":42},"end":{"line":35,"column":9}},"line":33},"5":{"name":"(anonymous_5)","decl":{"start":{"line":39,"column":32},"end":{"line":39,"column":33}},"loc":{"start":{"line":39,"column":42},"end":{"line":41,"column":9}},"line":39},"6":{"name":"(anonymous_6)","decl":{"start":{"line":44,"column":24},"end":{"line":44,"column":25}},"loc":{"start":{"line":44,"column":33},"end":{"line":46,"column":7}},"line":44},"7":{"name":"(anonymous_7)","decl":{"start":{"line":48,"column":24},"end":{"line":48,"column":25}},"loc":{"start":{"line":48,"column":34},"end":{"line":56,"column":7}},"line":48}},"branchMap":{"0":{"loc":{"start":{"line":14,"column":4},"end":{"line":16,"column":null}},"type":"if","locations":[{"start":{"line":14,"column":4},"end":{"line":16,"column":null}},{"start":{},"end":{}}],"line":14},"1":{"loc":{"start":{"line":32,"column":6},"end":{"line":36,"column":null}},"type":"if","locations":[{"start":{"line":32,"column":6},"end":{"line":36,"column":null}},{"start":{},"end":{}}],"line":32},"2":{"loc":{"start":{"line":38,"column":6},"end":{"line":42,"column":null}},"type":"if","locations":[{"start":{"line":38,"column":6},"end":{"line":42,"column":null}},{"start":{},"end":{}}],"line":38},"3":{"loc":{"start":{"line":51,"column":20},"end":{"line":51,"column":null}},"type":"binary-expr","locations":[{"start":{"line":51,"column":20},"end":{"line":51,"column":28}},{"start":{"line":51,"column":28},"end":{"line":51,"column":null}}],"line":51}},"s":{"0":2,"1":7,"2":9,"3":7,"4":1,"5":6,"6":6,"7":6,"8":6,"9":6,"10":6,"11":6,"12":3,"13":2,"14":6,"15":3,"16":1,"17":6,"18":1,"19":6,"20":5,"21":5},"f":{"0":2,"1":7,"2":9,"3":6,"4":2,"5":1,"6":1,"7":5},"b":{"0":[1,6],"1":[3,3],"2":[3,3],"3":[5,0]},"meta":{"lastBranch":4,"lastFunction":8,"lastStatement":22,"seen":{"f:8:2:8:14":0,"s:9:4:9:Infinity":0,"f:12:8:12:21":1,"s:13:18:13:Infinity":1,"f:13:38:13:39":2,"s:13:45:13:61":2,"b:14:4:16:Infinity:undefined:undefined:undefined:undefined":0,"s:14:4:16:Infinity":3,"s:15:6:15:Infinity":4,"s:18:22:18:Infinity":5,"s:19:26:19:Infinity":6,"s:21:4:57:Infinity":7,"f:21:23:21:24":3,"s:23:12:27:Infinity":8,"s:29:19:29:Infinity":9,"s:30:19:30:Infinity":10,"b:32:6:36:Infinity:undefined:undefined:undefined:undefined":1,"s:32:6:36:Infinity":11,"s:33:8:35:Infinity":12,"f:33:32:33:33":4,"s:34:10:34:Infinity":13,"b:38:6:42:Infinity:undefined:undefined:undefined:undefined":2,"s:38:6:42:Infinity":14,"s:39:8:41:Infinity":15,"f:39:32:39:33":5,"s:40:10:40:Infinity":16,"s:44:6:46:Infinity":17,"f:44:24:44:25":6,"s:45:8:45:Infinity":18,"s:48:6:56:Infinity":19,"f:48:24:48:25":7,"s:49:27:49:Infinity":20,"s:50:8:55:Infinity":21,"b:51:20:51:28:51:28:51:Infinity":3}}}
,"/app/packages/infrastructure/src/worker/runtime.ts": {"path":"/app/packages/infrastructure/src/worker/runtime.ts","statementMap":{"0":{"start":{"line":10,"column":4},"end":{"line":10,"column":null}},"1":{"start":{"line":11,"column":4},"end":{"line":11,"column":null}},"2":{"start":{"line":17,"column":4},"end":{"line":47,"column":null}},"3":{"start":{"line":18,"column":6},"end":{"line":27,"column":null}},"4":{"start":{"line":19,"column":25},"end":{"line":19,"column":null}},"5":{"start":{"line":20,"column":8},"end":{"line":22,"column":null}},"6":{"start":{"line":21,"column":10},"end":{"line":21,"column":null}},"7":{"start":{"line":23,"column":8},"end":{"line":23,"column":null}},"8":{"start":{"line":25,"column":28},"end":{"line":25,"column":null}},"9":{"start":{"line":26,"column":8},"end":{"line":26,"column":null}},"10":{"start":{"line":29,"column":6},"end":{"line":31,"column":null}},"11":{"start":{"line":30,"column":8},"end":{"line":30,"column":null}},"12":{"start":{"line":33,"column":6},"end":{"line":38,"column":null}},"13":{"start":{"line":34,"column":8},"end":{"line":36,"column":null}},"14":{"start":{"line":35,"column":10},"end":{"line":35,"column":null}},"15":{"start":{"line":37,"column":8},"end":{"line":37,"column":null}},"16":{"start":{"line":40,"column":23},"end":{"line":40,"column":null}},"17":{"start":{"line":41,"column":6},"end":{"line":41,"column":null}},"18":{"start":{"line":43,"column":6},"end":{"line":45,"column":null}},"19":{"start":{"line":44,"column":8},"end":{"line":44,"column":null}},"20":{"start":{"line":46,"column":6},"end":{"line":46,"column":null}}},"fnMap":{"0":{"name":"(anonymous_0)","decl":{"start":{"line":9,"column":2},"end":{"line":9,"column":14}},"loc":{"start":{"line":9,"column":75},"end":{"line":12,"column":null}},"line":9},"1":{"name":"(anonymous_1)","decl":{"start":{"line":14,"column":8},"end":{"line":14,"column":12}},"loc":{"start":{"line":14,"column":69},"end":{"line":48,"column":null}},"line":14}},"branchMap":{"0":{"loc":{"start":{"line":18,"column":6},"end":{"line":27,"column":null}},"type":"if","locations":[{"start":{"line":18,"column":6},"end":{"line":27,"column":null}},{"start":{"line":24,"column":13},"end":{"line":27,"column":null}}],"line":18},"1":{"loc":{"start":{"line":18,"column":10},"end":{"line":18,"column":75}},"type":"binary-expr","locations":[{"start":{"line":18,"column":10},"end":{"line":18,"column":43}},{"start":{"line":18,"column":43},"end":{"line":18,"column":75}}],"line":18},"2":{"loc":{"start":{"line":20,"column":8},"end":{"line":22,"column":null}},"type":"if","locations":[{"start":{"line":20,"column":8},"end":{"line":22,"column":null}},{"start":{},"end":{}}],"line":20},"3":{"loc":{"start":{"line":29,"column":6},"end":{"line":31,"column":null}},"type":"if","locations":[{"start":{"line":29,"column":6},"end":{"line":31,"column":null}},{"start":{},"end":{}}],"line":29},"4":{"loc":{"start":{"line":29,"column":10},"end":{"line":29,"column":54}},"type":"binary-expr","locations":[{"start":{"line":29,"column":10},"end":{"line":29,"column":22}},{"start":{"line":29,"column":22},"end":{"line":29,"column":54}}],"line":29},"5":{"loc":{"start":{"line":33,"column":6},"end":{"line":38,"column":null}},"type":"if","locations":[{"start":{"line":33,"column":6},"end":{"line":38,"column":null}},{"start":{},"end":{}}],"line":33},"6":{"loc":{"start":{"line":34,"column":8},"end":{"line":36,"column":null}},"type":"if","locations":[{"start":{"line":34,"column":8},"end":{"line":36,"column":null}},{"start":{},"end":{}}],"line":34},"7":{"loc":{"start":{"line":43,"column":6},"end":{"line":45,"column":null}},"type":"if","locations":[{"start":{"line":43,"column":6},"end":{"line":45,"column":null}},{"start":{},"end":{}}],"line":43}},"s":{"0":12,"1":12,"2":11,"3":11,"4":6,"5":6,"6":2,"7":4,"8":5,"9":3,"10":7,"11":1,"12":6,"13":3,"14":1,"15":2,"16":4,"17":4,"18":8,"19":7,"20":1},"f":{"0":12,"1":11},"b":{"0":[6,5],"1":[11,5],"2":[2,4],"3":[1,6],"4":[7,7],"5":[3,3],"6":[1,2],"7":[7,1]},"meta":{"lastBranch":8,"lastFunction":2,"lastStatement":21,"seen":{"f:9:2:9:14":0,"s:10:4:10:Infinity":0,"s:11:4:11:Infinity":1,"f:14:8:14:12":1,"s:17:4:47:Infinity":2,"b:18:6:27:Infinity:24:13:27:Infinity":0,"s:18:6:27:Infinity":3,"b:18:10:18:43:18:43:18:75":1,"s:19:25:19:Infinity":4,"b:20:8:22:Infinity:undefined:undefined:undefined:undefined":2,"s:20:8:22:Infinity":5,"s:21:10:21:Infinity":6,"s:23:8:23:Infinity":7,"s:25:28:25:Infinity":8,"s:26:8:26:Infinity":9,"b:29:6:31:Infinity:undefined:undefined:undefined:undefined":3,"s:29:6:31:Infinity":10,"b:29:10:29:22:29:22:29:54":4,"s:30:8:30:Infinity":11,"b:33:6:38:Infinity:undefined:undefined:undefined:undefined":5,"s:33:6:38:Infinity":12,"b:34:8:36:Infinity:undefined:undefined:undefined:undefined":6,"s:34:8:36:Infinity":13,"s:35:10:35:Infinity":14,"s:37:8:37:Infinity":15,"s:40:23:40:Infinity":16,"s:41:6:41:Infinity":17,"b:43:6:45:Infinity:undefined:undefined:undefined:undefined":7,"s:43:6:45:Infinity":18,"s:44:8:44:Infinity":19,"s:46:6:46:Infinity":20}}}
}
