{"/app/packages/infrastructure/src/orchestrator/file-job-repository.ts": {"path":"/app/packages/infrastructure/src/orchestrator/file-job-repository.ts","statementMap":{"0":{"start":{"line":9,"column":4},"end":{"line":9,"column":null}},"1":{"start":{"line":18,"column":4},"end":{"line":18,"column":null}},"2":{"start":{"line":19,"column":21},"end":{"line":19,"column":null}},"3":{"start":{"line":20,"column":4},"end":{"line":20,"column":null}},"4":{"start":{"line":29,"column":21},"end":{"line":29,"column":null}},"5":{"start":{"line":30,"column":4},"end":{"line":38,"column":null}},"6":{"start":{"line":31,"column":19},"end":{"line":31,"column":null}},"7":{"start":{"line":32,"column":6},"end":{"line":32,"column":null}},"8":{"start":{"line":34,"column":6},"end":{"line":36,"column":null}},"9":{"start":{"line":35,"column":8},"end":{"line":35,"column":null}},"10":{"start":{"line":37,"column":6},"end":{"line":37,"column":null}},"11":{"start":{"line":46,"column":4},"end":{"line":71,"column":null}},"12":{"start":{"line":47,"column":20},"end":{"line":47,"column":null}},"13":{"start":{"line":48,"column":32},"end":{"line":48,"column":null}},"14":{"start":{"line":50,"column":6},"end":{"line":63,"column":null}},"15":{"start":{"line":51,"column":8},"end":{"line":62,"column":null}},"16":{"start":{"line":52,"column":27},"end":{"line":52,"column":null}},"17":{"start":{"line":53,"column":10},"end":{"line":61,"column":null}},"18":{"start":{"line":54,"column":25},"end":{"line":54,"column":null}},"19":{"start":{"line":55,"column":12},"end":{"line":55,"column":null}},"20":{"start":{"line":58,"column":13},"end":{"line":60,"column":null}},"21":{"start":{"line":59,"column":16},"end":{"line":59,"column":null}},"22":{"start":{"line":65,"column":6},"end":{"line":65,"column":null}},"23":{"start":{"line":67,"column":6},"end":{"line":69,"column":null}},"24":{"start":{"line":68,"column":8},"end":{"line":68,"column":null}},"25":{"start":{"line":70,"column":6},"end":{"line":70,"column":null}},"26":{"start":{"line":79,"column":21},"end":{"line":79,"column":null}},"27":{"start":{"line":80,"column":4},"end":{"line":86,"column":null}},"28":{"start":{"line":81,"column":6},"end":{"line":81,"column":null}},"29":{"start":{"line":83,"column":6},"end":{"line":85,"column":null}},"30":{"start":{"line":84,"column":8},"end":{"line":84,"column":null}}},"fnMap":{"0":{"name":"(anonymous_0)","decl":{"start":{"line":8,"column":2},"end":{"line":8,"column":14}},"loc":{"start":{"line":8,"column":34},"end":{"line":10,"column":null}},"line":8},"1":{"name":"(anonymous_1)","decl":{"start":{"line":17,"column":8},"end":{"line":17,"column":13}},"loc":{"start":{"line":17,"column":44},"end":{"line":21,"column":null}},"line":17},"2":{"name":"(anonymous_2)","decl":{"start":{"line":28,"column":8},"end":{"line":28,"column":12}},"loc":{"start":{"line":28,"column":56},"end":{"line":39,"column":null}},"line":28},"3":{"name":"(anonymous_3)","decl":{"start":{"line":45,"column":8},"end":{"line":45,"column":37}},"loc":{"start":{"line":45,"column":37},"end":{"line":72,"column":null}},"line":45},"4":{"name":"(anonymous_4)","decl":{"start":{"line":78,"column":8},"end":{"line":78,"column":15}},"loc":{"start":{"line":78,"column":42},"end":{"line":87,"column":null}},"line":78}},"branchMap":{"0":{"loc":{"start":{"line":34,"column":6},"end":{"line":36,"column":null}},"type":"if","locations":[{"start":{"line":34,"column":6},"end":{"line":36,"column":null}},{"start":{},"end":{}}],"line":34},"1":{"loc":{"start":{"line":51,"column":8},"end":{"line":62,"column":null}},"type":"if","locations":[{"start":{"line":51,"column":8},"end":{"line":62,"column":null}},{"start":{},"end":{}}],"line":51},"2":{"loc":{"start":{"line":58,"column":13},"end":{"line":60,"column":null}},"type":"if","locations":[{"start":{"line":58,"column":13},"end":{"line":60,"column":null}},{"start":{},"end":{}}],"line":58},"3":{"loc":{"start":{"line":67,"column":6},"end":{"line":69,"column":null}},"type":"if","locations":[{"start":{"line":67,"column":6},"end":{"line":69,"column":null}},{"start":{},"end":{}}],"line":67},"4":{"loc":{"start":{"line":83,"column":6},"end":{"line":85,"column":null}},"type":"if","locations":[{"start":{"line":83,"column":6},"end":{"line":85,"column":null}},{"start":{},"end":{}}],"line":83}},"s":{"0":16,"1":9,"2":8,"3":8,"4":7,"5":7,"6":7,"7":4,"8":4,"9":2,"10":2,"11":4,"12":4,"13":3,"14":3,"15":6,"16":6,"17":6,"18":6,"19":5,"20":2,"21":2,"22":3,"23":1,"24":1,"25":0,"26":3,"27":3,"28":3,"29":2,"30":1},"f":{"0":16,"1":9,"2":7,"3":4,"4":3},"b":{"0":[2,2],"1":[6,0],"2":[2,0],"3":[1,0],"4":[1,1]},"meta":{"lastBranch":5,"lastFunction":5,"lastStatement":31,"seen":{"f:8:2:8:14":0,"s:9:4:9:Infinity":0,"f:17:8:17:13":1,"s:18:4:18:Infinity":1,"s:19:21:19:Infinity":2,"s:20:4:20:Infinity":3,"f:28:8:28:12":2,"s:29:21:29:Infinity":4,"s:30:4:38:Infinity":5,"s:31:19:31:Infinity":6,"s:32:6:32:Infinity":7,"b:34:6:36:Infinity:undefined:undefined:undefined:undefined":0,"s:34:6:36:Infinity":8,"s:35:8:35:Infinity":9,"s:37:6:37:Infinity":10,"f:45:8:45:37":3,"s:46:4:71:Infinity":11,"s:47:20:47:Infinity":12,"s:48:32:48:Infinity":13,"s:50:6:63:Infinity":14,"b:51:8:62:Infinity:undefined:undefined:undefined:undefined":1,"s:51:8:62:Infinity":15,"s:52:27:52:Infinity":16,"s:53:10:61:Infinity":17,"s:54:25:54:Infinity":18,"s:55:12:55:Infinity":19,"b:58:13:60:Infinity:undefined:undefined:undefined:undefined":2,"s:58:13:60:Infinity":20,"s:59:16:59:Infinity":21,"s:65:6:65:Infinity":22,"b:67:6:69:Infinity:undefined:undefined:undefined:undefined":3,"s:67:6:69:Infinity":23,"s:68:8:68:Infinity":24,"s:70:6:70:Infinity":25,"f:78:8:78:15":4,"s:79:21:79:Infinity":26,"s:80:4:86:Infinity":27,"s:81:6:81:Infinity":28,"b:83:6:85:Infinity:undefined:undefined:undefined:undefined":4,"s:83:6:85:Infinity":29,"s:84:8:84:Infinity":30}}}
,"/app/packages/infrastructure/src/orchestrator/job-executor.ts": {"path":"/app/packages/infrastructure/src/orchestrator/job-executor.ts","statementMap":{"0":{"start":{"line":100,"column":4},"end":{"line":100,"column":null}},"1":{"start":{"line":107,"column":24},"end":{"line":107,"column":null}},"2":{"start":{"line":108,"column":19},"end":{"line":108,"column":null}},"3":{"start":{"line":109,"column":24},"end":{"line":109,"column":null}},"4":{"start":{"line":110,"column":23},"end":{"line":110,"column":null}},"5":{"start":{"line":111,"column":23},"end":{"line":111,"column":null}},"6":{"start":{"line":113,"column":4},"end":{"line":113,"column":null}},"7":{"start":{"line":114,"column":4},"end":{"line":114,"column":null}},"8":{"start":{"line":115,"column":4},"end":{"line":115,"column":null}},"9":{"start":{"line":119,"column":18},"end":{"line":121,"column":null}},"10":{"start":{"line":120,"column":40},"end":{"line":120,"column":86}},"11":{"start":{"line":122,"column":24},"end":{"line":122,"column":null}},"12":{"start":{"line":123,"column":26},"end":{"line":123,"column":null}},"13":{"start":{"line":126,"column":56},"end":{"line":126,"column":null}},"14":{"start":{"line":127,"column":20},"end":{"line":127,"column":null}},"15":{"start":{"line":130,"column":19},"end":{"line":220,"column":null}},"16":{"start":{"line":131,"column":6},"end":{"line":219,"column":null}},"17":{"start":{"line":132,"column":8},"end":{"line":138,"column":null}},"18":{"start":{"line":133,"column":29},"end":{"line":133,"column":null}},"19":{"start":{"line":134,"column":10},"end":{"line":134,"column":null}},"20":{"start":{"line":135,"column":10},"end":{"line":135,"column":null}},"21":{"start":{"line":136,"column":10},"end":{"line":136,"column":null}},"22":{"start":{"line":137,"column":10},"end":{"line":137,"column":null}},"23":{"start":{"line":141,"column":8},"end":{"line":141,"column":null}},"24":{"start":{"line":141,"column":45},"end":{"line":141,"column":null}},"25":{"start":{"line":143,"column":22},"end":{"line":143,"column":null}},"26":{"start":{"line":144,"column":8},"end":{"line":144,"column":null}},"27":{"start":{"line":144,"column":20},"end":{"line":144,"column":null}},"28":{"start":{"line":146,"column":22},"end":{"line":146,"column":null}},"29":{"start":{"line":147,"column":8},"end":{"line":218,"column":null}},"30":{"start":{"line":148,"column":10},"end":{"line":154,"column":null}},"31":{"start":{"line":149,"column":31},"end":{"line":149,"column":null}},"32":{"start":{"line":150,"column":12},"end":{"line":150,"column":null}},"33":{"start":{"line":151,"column":12},"end":{"line":151,"column":null}},"34":{"start":{"line":152,"column":12},"end":{"line":152,"column":null}},"35":{"start":{"line":153,"column":12},"end":{"line":153,"column":null}},"36":{"start":{"line":156,"column":10},"end":{"line":217,"column":null}},"37":{"start":{"line":157,"column":12},"end":{"line":157,"column":null}},"38":{"start":{"line":159,"column":34},"end":{"line":159,"column":null}},"39":{"start":{"line":161,"column":27},"end":{"line":173,"column":null}},"40":{"start":{"line":171,"column":58},"end":{"line":171,"column":99}},"41":{"start":{"line":172,"column":58},"end":{"line":172,"column":99}},"42":{"start":{"line":175,"column":12},"end":{"line":177,"column":null}},"43":{"start":{"line":176,"column":14},"end":{"line":176,"column":null}},"44":{"start":{"line":179,"column":12},"end":{"line":179,"column":null}},"45":{"start":{"line":180,"column":12},"end":{"line":182,"column":null}},"46":{"start":{"line":181,"column":14},"end":{"line":181,"column":null}},"47":{"start":{"line":183,"column":12},"end":{"line":185,"column":null}},"48":{"start":{"line":184,"column":14},"end":{"line":184,"column":null}},"49":{"start":{"line":186,"column":12},"end":{"line":186,"column":null}},"50":{"start":{"line":187,"column":12},"end":{"line":187,"column":null}},"51":{"start":{"line":189,"column":12},"end":{"line":209,"column":null}},"52":{"start":{"line":190,"column":14},"end":{"line":190,"column":null}},"53":{"start":{"line":191,"column":14},"end":{"line":191,"column":null}},"54":{"start":{"line":192,"column":14},"end":{"line":200,"column":null}},"55":{"start":{"line":193,"column":32},"end":{"line":193,"column":null}},"56":{"start":{"line":194,"column":16},"end":{"line":199,"column":null}},"57":{"start":{"line":195,"column":18},"end":{"line":198,"column":null}},"58":{"start":{"line":196,"column":20},"end":{"line":196,"column":null}},"59":{"start":{"line":197,"column":20},"end":{"line":197,"column":null}},"60":{"start":{"line":201,"column":14},"end":{"line":207,"column":null}},"61":{"start":{"line":202,"column":35},"end":{"line":202,"column":null}},"62":{"start":{"line":203,"column":16},"end":{"line":203,"column":null}},"63":{"start":{"line":204,"column":16},"end":{"line":204,"column":null}},"64":{"start":{"line":205,"column":16},"end":{"line":205,"column":null}},"65":{"start":{"line":206,"column":16},"end":{"line":206,"column":null}},"66":{"start":{"line":208,"column":14},"end":{"line":208,"column":null}},"67":{"start":{"line":211,"column":12},"end":{"line":211,"column":null}},"68":{"start":{"line":212,"column":33},"end":{"line":212,"column":null}},"69":{"start":{"line":213,"column":12},"end":{"line":213,"column":null}},"70":{"start":{"line":214,"column":12},"end":{"line":214,"column":null}},"71":{"start":{"line":215,"column":12},"end":{"line":215,"column":null}},"72":{"start":{"line":216,"column":12},"end":{"line":216,"column":null}},"73":{"start":{"line":223,"column":26},"end":{"line":225,"column":null}},"74":{"start":{"line":225,"column":21},"end":{"line":225,"column":34}},"75":{"start":{"line":229,"column":20},"end":{"line":229,"column":null}},"76":{"start":{"line":232,"column":21},"end":{"line":232,"column":null}},"77":{"start":{"line":232,"column":39},"end":{"line":232,"column":62}},"78":{"start":{"line":233,"column":4},"end":{"line":243,"column":null}},"79":{"start":{"line":235,"column":6},"end":{"line":237,"column":null}},"80":{"start":{"line":236,"column":9},"end":{"line":236,"column":null}},"81":{"start":{"line":239,"column":6},"end":{"line":241,"column":null}},"82":{"start":{"line":240,"column":9},"end":{"line":240,"column":null}},"83":{"start":{"line":242,"column":6},"end":{"line":242,"column":null}},"84":{"start":{"line":246,"column":4},"end":{"line":295,"column":null}},"85":{"start":{"line":247,"column":6},"end":{"line":292,"column":null}},"86":{"start":{"line":248,"column":8},"end":{"line":248,"column":null}},"87":{"start":{"line":250,"column":8},"end":{"line":261,"column":null}},"88":{"start":{"line":252,"column":31},"end":{"line":252,"column":null}},"89":{"start":{"line":252,"column":62},"end":{"line":252,"column":73}},"90":{"start":{"line":253,"column":25},"end":{"line":253,"column":null}},"91":{"start":{"line":253,"column":47},"end":{"line":253,"column":81}},"92":{"start":{"line":254,"column":25},"end":{"line":254,"column":null}},"93":{"start":{"line":256,"column":10},"end":{"line":256,"column":null}},"94":{"start":{"line":257,"column":10},"end":{"line":257,"column":null}},"95":{"start":{"line":259,"column":10},"end":{"line":259,"column":null}},"96":{"start":{"line":260,"column":10},"end":{"line":260,"column":null}},"97":{"start":{"line":262,"column":6},"end":{"line":292,"column":null}},"98":{"start":{"line":263,"column":8},"end":{"line":263,"column":null}},"99":{"start":{"line":265,"column":8},"end":{"line":267,"column":null}},"100":{"start":{"line":266,"column":10},"end":{"line":266,"column":null}},"101":{"start":{"line":269,"column":8},"end":{"line":289,"column":null}},"102":{"start":{"line":270,"column":32},"end":{"line":270,"column":null}},"103":{"start":{"line":271,"column":31},"end":{"line":271,"column":null}},"104":{"start":{"line":273,"column":25},"end":{"line":279,"column":null}},"105":{"start":{"line":281,"column":10},"end":{"line":283,"column":null}},"106":{"start":{"line":282,"column":12},"end":{"line":282,"column":null}},"107":{"start":{"line":285,"column":10},"end":{"line":285,"column":null}},"108":{"start":{"line":287,"column":10},"end":{"line":287,"column":null}},"109":{"start":{"line":288,"column":10},"end":{"line":288,"column":null}},"110":{"start":{"line":291,"column":8},"end":{"line":291,"column":null}},"111":{"start":{"line":294,"column":6},"end":{"line":294,"column":null}}},"fnMap":{"0":{"name":"(anonymous_0)","decl":{"start":{"line":99,"column":2},"end":{"line":99,"column":14}},"loc":{"start":{"line":99,"column":38},"end":{"line":101,"column":null}},"line":99},"1":{"name":"(anonymous_1)","decl":{"start":{"line":106,"column":8},"end":{"line":106,"column":16}},"loc":{"start":{"line":106,"column":80},"end":{"line":296,"column":null}},"line":106},"2":{"name":"(anonymous_2)","decl":{"start":{"line":120,"column":31},"end":{"line":120,"column":40}},"loc":{"start":{"line":120,"column":40},"end":{"line":120,"column":86}},"line":120},"3":{"name":"(anonymous_3)","decl":{"start":{"line":130,"column":19},"end":{"line":130,"column":26}},"loc":{"start":{"line":130,"column":47},"end":{"line":220,"column":null}},"line":130},"4":{"name":"(anonymous_4)","decl":{"start":{"line":171,"column":48},"end":{"line":171,"column":49}},"loc":{"start":{"line":171,"column":58},"end":{"line":171,"column":99}},"line":171},"5":{"name":"(anonymous_5)","decl":{"start":{"line":172,"column":48},"end":{"line":172,"column":49}},"loc":{"start":{"line":172,"column":58},"end":{"line":172,"column":99}},"line":172},"6":{"name":"(anonymous_6)","decl":{"start":{"line":192,"column":32},"end":{"line":192,"column":43}},"loc":{"start":{"line":192,"column":43},"end":{"line":200,"column":15}},"line":192},"7":{"name":"(anonymous_7)","decl":{"start":{"line":195,"column":59},"end":{"line":195,"column":65}},"loc":{"start":{"line":195,"column":65},"end":{"line":198,"column":21}},"line":195},"8":{"name":"(anonymous_8)","decl":{"start":{"line":225,"column":11},"end":{"line":225,"column":12}},"loc":{"start":{"line":225,"column":21},"end":{"line":225,"column":34}},"line":225},"9":{"name":"(anonymous_9)","decl":{"start":{"line":232,"column":34},"end":{"line":232,"column":39}},"loc":{"start":{"line":232,"column":39},"end":{"line":232,"column":62}},"line":232},"10":{"name":"(anonymous_10)","decl":{"start":{"line":252,"column":52},"end":{"line":252,"column":53}},"loc":{"start":{"line":252,"column":62},"end":{"line":252,"column":73}},"line":252},"11":{"name":"(anonymous_11)","decl":{"start":{"line":253,"column":42},"end":{"line":253,"column":47}},"loc":{"start":{"line":253,"column":47},"end":{"line":253,"column":81}},"line":253}},"branchMap":{"0":{"loc":{"start":{"line":106,"column":30},"end":{"line":106,"column":80}},"type":"default-arg","locations":[{"start":{"line":106,"column":61},"end":{"line":106,"column":80}}],"line":106},"1":{"loc":{"start":{"line":107,"column":36},"end":{"line":107,"column":60}},"type":"binary-expr","locations":[{"start":{"line":107,"column":36},"end":{"line":107,"column":59}},{"start":{"line":107,"column":59},"end":{"line":107,"column":60}}],"line":107},"2":{"loc":{"start":{"line":108,"column":19},"end":{"line":108,"column":null}},"type":"binary-expr","locations":[{"start":{"line":108,"column":19},"end":{"line":108,"column":37}},{"start":{"line":108,"column":37},"end":{"line":108,"column":null}}],"line":108},"3":{"loc":{"start":{"line":110,"column":23},"end":{"line":110,"column":null}},"type":"binary-expr","locations":[{"start":{"line":110,"column":23},"end":{"line":110,"column":42}},{"start":{"line":110,"column":42},"end":{"line":110,"column":null}}],"line":110},"4":{"loc":{"start":{"line":111,"column":23},"end":{"line":111,"column":null}},"type":"binary-expr","locations":[{"start":{"line":111,"column":23},"end":{"line":111,"column":45}},{"start":{"line":111,"column":45},"end":{"line":111,"column":null}}],"line":111},"5":{"loc":{"start":{"line":119,"column":18},"end":{"line":121,"column":null}},"type":"cond-expr","locations":[{"start":{"line":120,"column":8},"end":{"line":120,"column":null}},{"start":{"line":121,"column":8},"end":{"line":121,"column":null}}],"line":119},"6":{"loc":{"start":{"line":123,"column":26},"end":{"line":123,"column":null}},"type":"binary-expr","locations":[{"start":{"line":123,"column":26},"end":{"line":123,"column":63}},{"start":{"line":123,"column":63},"end":{"line":123,"column":null}}],"line":123},"7":{"loc":{"start":{"line":132,"column":8},"end":{"line":138,"column":null}},"type":"if","locations":[{"start":{"line":132,"column":8},"end":{"line":138,"column":null}},{"start":{},"end":{}}],"line":132},"8":{"loc":{"start":{"line":141,"column":8},"end":{"line":141,"column":null}},"type":"if","locations":[{"start":{"line":141,"column":8},"end":{"line":141,"column":null}},{"start":{},"end":{}}],"line":141},"9":{"loc":{"start":{"line":141,"column":12},"end":{"line":141,"column":45}},"type":"binary-expr","locations":[{"start":{"line":141,"column":12},"end":{"line":141,"column":25}},{"start":{"line":141,"column":25},"end":{"line":141,"column":45}}],"line":141},"10":{"loc":{"start":{"line":144,"column":8},"end":{"line":144,"column":null}},"type":"if","locations":[{"start":{"line":144,"column":8},"end":{"line":144,"column":null}},{"start":{},"end":{}}],"line":144},"11":{"loc":{"start":{"line":148,"column":10},"end":{"line":154,"column":null}},"type":"if","locations":[{"start":{"line":148,"column":10},"end":{"line":154,"column":null}},{"start":{},"end":{}}],"line":148},"12":{"loc":{"start":{"line":171,"column":24},"end":{"line":171,"column":null}},"type":"cond-expr","locations":[{"start":{"line":171,"column":48},"end":{"line":171,"column":99}},{"start":{"line":171,"column":99},"end":{"line":171,"column":null}}],"line":171},"13":{"loc":{"start":{"line":172,"column":24},"end":{"line":172,"column":null}},"type":"cond-expr","locations":[{"start":{"line":172,"column":48},"end":{"line":172,"column":99}},{"start":{"line":172,"column":99},"end":{"line":172,"column":null}}],"line":172},"14":{"loc":{"start":{"line":175,"column":12},"end":{"line":177,"column":null}},"type":"if","locations":[{"start":{"line":175,"column":12},"end":{"line":177,"column":null}},{"start":{},"end":{}}],"line":175},"15":{"loc":{"start":{"line":180,"column":12},"end":{"line":182,"column":null}},"type":"if","locations":[{"start":{"line":180,"column":12},"end":{"line":182,"column":null}},{"start":{},"end":{}}],"line":180},"16":{"loc":{"start":{"line":183,"column":12},"end":{"line":185,"column":null}},"type":"if","locations":[{"start":{"line":183,"column":12},"end":{"line":185,"column":null}},{"start":{},"end":{}}],"line":183},"17":{"loc":{"start":{"line":189,"column":12},"end":{"line":209,"column":null}},"type":"if","locations":[{"start":{"line":189,"column":12},"end":{"line":209,"column":null}},{"start":{},"end":{}}],"line":189},"18":{"loc":{"start":{"line":194,"column":16},"end":{"line":199,"column":null}},"type":"if","locations":[{"start":{"line":194,"column":16},"end":{"line":199,"column":null}},{"start":{},"end":{}}],"line":194},"19":{"loc":{"start":{"line":201,"column":14},"end":{"line":207,"column":null}},"type":"if","locations":[{"start":{"line":201,"column":14},"end":{"line":207,"column":null}},{"start":{},"end":{}}],"line":201},"20":{"loc":{"start":{"line":233,"column":4},"end":{"line":243,"column":null}},"type":"if","locations":[{"start":{"line":233,"column":4},"end":{"line":243,"column":null}},{"start":{},"end":{}}],"line":233},"21":{"loc":{"start":{"line":233,"column":8},"end":{"line":233,"column":41}},"type":"binary-expr","locations":[{"start":{"line":233,"column":8},"end":{"line":233,"column":20}},{"start":{"line":233,"column":20},"end":{"line":233,"column":41}}],"line":233},"22":{"loc":{"start":{"line":235,"column":6},"end":{"line":237,"column":null}},"type":"if","locations":[{"start":{"line":235,"column":6},"end":{"line":237,"column":null}},{"start":{},"end":{}}],"line":235},"23":{"loc":{"start":{"line":239,"column":6},"end":{"line":241,"column":null}},"type":"if","locations":[{"start":{"line":239,"column":6},"end":{"line":241,"column":null}},{"start":{},"end":{}}],"line":239},"24":{"loc":{"start":{"line":239,"column":10},"end":{"line":239,"column":54}},"type":"binary-expr","locations":[{"start":{"line":239,"column":10},"end":{"line":239,"column":22}},{"start":{"line":239,"column":22},"end":{"line":239,"column":54}}],"line":239},"25":{"loc":{"start":{"line":246,"column":4},"end":{"line":295,"column":null}},"type":"if","locations":[{"start":{"line":246,"column":4},"end":{"line":295,"column":null}},{"start":{"line":293,"column":11},"end":{"line":295,"column":null}}],"line":246},"26":{"loc":{"start":{"line":246,"column":8},"end":{"line":246,"column":43}},"type":"binary-expr","locations":[{"start":{"line":246,"column":8},"end":{"line":246,"column":23}},{"start":{"line":246,"column":23},"end":{"line":246,"column":43}}],"line":246},"27":{"loc":{"start":{"line":247,"column":6},"end":{"line":292,"column":null}},"type":"if","locations":[{"start":{"line":247,"column":6},"end":{"line":292,"column":null}},{"start":{"line":262,"column":6},"end":{"line":292,"column":null}}],"line":247},"28":{"loc":{"start":{"line":247,"column":10},"end":{"line":247,"column":50}},"type":"binary-expr","locations":[{"start":{"line":247,"column":10},"end":{"line":247,"column":30}},{"start":{"line":247,"column":30},"end":{"line":247,"column":50}}],"line":247},"29":{"loc":{"start":{"line":262,"column":6},"end":{"line":292,"column":null}},"type":"if","locations":[{"start":{"line":262,"column":6},"end":{"line":292,"column":null}},{"start":{"line":290,"column":13},"end":{"line":292,"column":null}}],"line":262},"30":{"loc":{"start":{"line":265,"column":8},"end":{"line":267,"column":null}},"type":"if","locations":[{"start":{"line":265,"column":8},"end":{"line":267,"column":null}},{"start":{},"end":{}}],"line":265},"31":{"loc":{"start":{"line":265,"column":12},"end":{"line":265,"column":53}},"type":"binary-expr","locations":[{"start":{"line":265,"column":12},"end":{"line":265,"column":32}},{"start":{"line":265,"column":32},"end":{"line":265,"column":53}}],"line":265},"32":{"loc":{"start":{"line":271,"column":31},"end":{"line":271,"column":null}},"type":"binary-expr","locations":[{"start":{"line":271,"column":31},"end":{"line":271,"column":55}},{"start":{"line":271,"column":55},"end":{"line":271,"column":null}}],"line":271},"33":{"loc":{"start":{"line":281,"column":10},"end":{"line":283,"column":null}},"type":"if","locations":[{"start":{"line":281,"column":10},"end":{"line":283,"column":null}},{"start":{},"end":{}}],"line":281}},"s":{"0":19,"1":6,"2":6,"3":6,"4":6,"5":6,"6":6,"7":6,"8":6,"9":6,"10":0,"11":6,"12":6,"13":6,"14":6,"15":6,"16":6,"17":12,"18":0,"19":0,"20":0,"21":0,"22":0,"23":12,"24":6,"25":6,"26":6,"27":0,"28":6,"29":6,"30":6,"31":0,"32":0,"33":0,"34":0,"35":0,"36":6,"37":6,"38":6,"39":6,"40":0,"41":0,"42":6,"43":0,"44":6,"45":6,"46":1,"47":6,"48":1,"49":6,"50":6,"51":0,"52":0,"53":0,"54":0,"55":0,"56":0,"57":0,"58":0,"59":0,"60":0,"61":0,"62":0,"63":0,"64":0,"65":0,"66":0,"67":0,"68":0,"69":0,"70":0,"71":0,"72":0,"73":6,"74":6,"75":6,"76":6,"77":6,"78":6,"79":0,"80":0,"81":0,"82":0,"83":0,"84":6,"85":5,"86":1,"87":1,"88":1,"89":0,"90":1,"91":1,"92":1,"93":1,"94":0,"95":1,"96":1,"97":4,"98":2,"99":2,"100":1,"101":2,"102":2,"103":2,"104":2,"105":1,"106":0,"107":1,"108":1,"109":1,"110":2,"111":1},"f":{"0":19,"1":6,"2":0,"3":6,"4":0,"5":0,"6":0,"7":0,"8":6,"9":6,"10":0,"11":1},"b":{"0":[6],"1":[6,6],"2":[6,6],"3":[6,6],"4":[6,6],"5":[0,6],"6":[6,6],"7":[0,12],"8":[6,6],"9":[12,12],"10":[0,6],"11":[0,6],"12":[0,6],"13":[0,6],"14":[0,6],"15":[1,5],"16":[1,5],"17":[0,0],"18":[0,0],"19":[0,0],"20":[0,6],"21":[6,6],"22":[0,0],"23":[0,0],"24":[0,0],"25":[5,1],"26":[6,6],"27":[1,4],"28":[5,2],"29":[2,2],"30":[1,1],"31":[2,1],"32":[2,0],"33":[0,1]},"meta":{"lastBranch":34,"lastFunction":12,"lastStatement":112,"seen":{"f:99:2:99:14":0,"s:100:4:100:Infinity":0,"f:106:8:106:16":1,"b:106:61:106:80":0,"s:107:24:107:Infinity":1,"b:107:36:107:59:107:59:107:60":1,"s:108:19:108:Infinity":2,"b:108:19:108:37:108:37:108:Infinity":2,"s:109:24:109:Infinity":3,"s:110:23:110:Infinity":4,"b:110:23:110:42:110:42:110:Infinity":3,"s:111:23:111:Infinity":5,"b:111:23:111:45:111:45:111:Infinity":4,"s:113:4:113:Infinity":6,"s:114:4:114:Infinity":7,"s:115:4:115:Infinity":8,"s:119:18:121:Infinity":9,"b:120:8:120:Infinity:121:8:121:Infinity":5,"f:120:31:120:40":2,"s:120:40:120:86":10,"s:122:24:122:Infinity":11,"s:123:26:123:Infinity":12,"b:123:26:123:63:123:63:123:Infinity":6,"s:126:56:126:Infinity":13,"s:127:20:127:Infinity":14,"s:130:19:220:Infinity":15,"f:130:19:130:26":3,"s:131:6:219:Infinity":16,"b:132:8:138:Infinity:undefined:undefined:undefined:undefined":7,"s:132:8:138:Infinity":17,"s:133:29:133:Infinity":18,"s:134:10:134:Infinity":19,"s:135:10:135:Infinity":20,"s:136:10:136:Infinity":21,"s:137:10:137:Infinity":22,"b:141:8:141:Infinity:undefined:undefined:undefined:undefined":8,"s:141:8:141:Infinity":23,"b:141:12:141:25:141:25:141:45":9,"s:141:45:141:Infinity":24,"s:143:22:143:Infinity":25,"b:144:8:144:Infinity:undefined:undefined:undefined:undefined":10,"s:144:8:144:Infinity":26,"s:144:20:144:Infinity":27,"s:146:22:146:Infinity":28,"s:147:8:218:Infinity":29,"b:148:10:154:Infinity:undefined:undefined:undefined:undefined":11,"s:148:10:154:Infinity":30,"s:149:31:149:Infinity":31,"s:150:12:150:Infinity":32,"s:151:12:151:Infinity":33,"s:152:12:152:Infinity":34,"s:153:12:153:Infinity":35,"s:156:10:217:Infinity":36,"s:157:12:157:Infinity":37,"s:159:34:159:Infinity":38,"s:161:27:173:Infinity":39,"b:171:48:171:99:171:99:171:Infinity":12,"f:171:48:171:49":4,"s:171:58:171:99":40,"b:172:48:172:99:172:99:172:Infinity":13,"f:172:48:172:49":5,"s:172:58:172:99":41,"b:175:12:177:Infinity:undefined:undefined:undefined:undefined":14,"s:175:12:177:Infinity":42,"s:176:14:176:Infinity":43,"s:179:12:179:Infinity":44,"b:180:12:182:Infinity:undefined:undefined:undefined:undefined":15,"s:180:12:182:Infinity":45,"s:181:14:181:Infinity":46,"b:183:12:185:Infinity:undefined:undefined:undefined:undefined":16,"s:183:12:185:Infinity":47,"s:184:14:184:Infinity":48,"s:186:12:186:Infinity":49,"s:187:12:187:Infinity":50,"b:189:12:209:Infinity:undefined:undefined:undefined:undefined":17,"s:189:12:209:Infinity":51,"s:190:14:190:Infinity":52,"s:191:14:191:Infinity":53,"s:192:14:200:Infinity":54,"f:192:32:192:43":6,"s:193:32:193:Infinity":55,"b:194:16:199:Infinity:undefined:undefined:undefined:undefined":18,"s:194:16:199:Infinity":56,"s:195:18:198:Infinity":57,"f:195:59:195:65":7,"s:196:20:196:Infinity":58,"s:197:20:197:Infinity":59,"b:201:14:207:Infinity:undefined:undefined:undefined:undefined":19,"s:201:14:207:Infinity":60,"s:202:35:202:Infinity":61,"s:203:16:203:Infinity":62,"s:204:16:204:Infinity":63,"s:205:16:205:Infinity":64,"s:206:16:206:Infinity":65,"s:208:14:208:Infinity":66,"s:211:12:211:Infinity":67,"s:212:33:212:Infinity":68,"s:213:12:213:Infinity":69,"s:214:12:214:Infinity":70,"s:215:12:215:Infinity":71,"s:216:12:216:Infinity":72,"s:223:26:225:Infinity":73,"f:225:11:225:12":8,"s:225:21:225:34":74,"s:229:20:229:Infinity":75,"s:232:21:232:Infinity":76,"f:232:34:232:39":9,"s:232:39:232:62":77,"b:233:4:243:Infinity:undefined:undefined:undefined:undefined":20,"s:233:4:243:Infinity":78,"b:233:8:233:20:233:20:233:41":21,"b:235:6:237:Infinity:undefined:undefined:undefined:undefined":22,"s:235:6:237:Infinity":79,"s:236:9:236:Infinity":80,"b:239:6:241:Infinity:undefined:undefined:undefined:undefined":23,"s:239:6:241:Infinity":81,"b:239:10:239:22:239:22:239:54":24,"s:240:9:240:Infinity":82,"s:242:6:242:Infinity":83,"b:246:4:295:Infinity:293:11:295:Infinity":25,"s:246:4:295:Infinity":84,"b:246:8:246:23:246:23:246:43":26,"b:247:6:292:Infinity:262:6:292:Infinity":27,"s:247:6:292:Infinity":85,"b:247:10:247:30:247:30:247:50":28,"s:248:8:248:Infinity":86,"s:250:8:261:Infinity":87,"s:252:31:252:Infinity":88,"f:252:52:252:53":10,"s:252:62:252:73":89,"s:253:25:253:Infinity":90,"f:253:42:253:47":11,"s:253:47:253:81":91,"s:254:25:254:Infinity":92,"s:256:10:256:Infinity":93,"s:257:10:257:Infinity":94,"s:259:10:259:Infinity":95,"s:260:10:260:Infinity":96,"b:262:6:292:Infinity:290:13:292:Infinity":29,"s:262:6:292:Infinity":97,"s:263:8:263:Infinity":98,"b:265:8:267:Infinity:undefined:undefined:undefined:undefined":30,"s:265:8:267:Infinity":99,"b:265:12:265:32:265:32:265:53":31,"s:266:10:266:Infinity":100,"s:269:8:289:Infinity":101,"s:270:32:270:Infinity":102,"s:271:31:271:Infinity":103,"b:271:31:271:55:271:55:271:Infinity":32,"s:273:25:279:Infinity":104,"b:281:10:283:Infinity:undefined:undefined:undefined:undefined":33,"s:281:10:283:Infinity":105,"s:282:12:282:Infinity":106,"s:285:10:285:Infinity":107,"s:287:10:287:Infinity":108,"s:288:10:288:Infinity":109,"s:291:8:291:Infinity":110,"s:294:6:294:Infinity":111}}}
,"/app/packages/infrastructure/src/orchestrator/job-manager.ts": {"path":"/app/packages/infrastructure/src/orchestrator/job-manager.ts","statementMap":{"0":{"start":{"line":8,"column":24},"end":{"line":8,"column":null}},"1":{"start":{"line":11,"column":12},"end":{"line":11,"column":null}},"2":{"start":{"line":12,"column":12},"end":{"line":12,"column":null}},"3":{"start":{"line":13,"column":12},"end":{"line":13,"column":null}},"4":{"start":{"line":21,"column":10},"end":{"line":21,"column":null}},"5":{"start":{"line":22,"column":27},"end":{"line":35,"column":null}},"6":{"start":{"line":37,"column":4},"end":{"line":37,"column":null}},"7":{"start":{"line":41,"column":4},"end":{"line":43,"column":null}},"8":{"start":{"line":42,"column":7},"end":{"line":42,"column":null}},"9":{"start":{"line":45,"column":4},"end":{"line":45,"column":null}},"10":{"start":{"line":52,"column":4},"end":{"line":52,"column":null}},"11":{"start":{"line":59,"column":4},"end":{"line":59,"column":null}},"12":{"start":{"line":66,"column":16},"end":{"line":66,"column":null}},"13":{"start":{"line":67,"column":4},"end":{"line":69,"column":null}},"14":{"start":{"line":68,"column":6},"end":{"line":68,"column":null}},"15":{"start":{"line":71,"column":23},"end":{"line":71,"column":null}},"16":{"start":{"line":72,"column":4},"end":{"line":80,"column":null}},"17":{"start":{"line":73,"column":6},"end":{"line":73,"column":null}},"18":{"start":{"line":77,"column":6},"end":{"line":77,"column":null}},"19":{"start":{"line":78,"column":6},"end":{"line":78,"column":null}},"20":{"start":{"line":79,"column":6},"end":{"line":79,"column":null}},"21":{"start":{"line":87,"column":16},"end":{"line":87,"column":null}},"22":{"start":{"line":88,"column":4},"end":{"line":90,"column":null}},"23":{"start":{"line":89,"column":6},"end":{"line":89,"column":null}},"24":{"start":{"line":95,"column":4},"end":{"line":95,"column":null}},"25":{"start":{"line":96,"column":4},"end":{"line":96,"column":null}},"26":{"start":{"line":97,"column":4},"end":{"line":97,"column":null}},"27":{"start":{"line":99,"column":23},"end":{"line":99,"column":null}},"28":{"start":{"line":100,"column":4},"end":{"line":102,"column":null}},"29":{"start":{"line":101,"column":6},"end":{"line":101,"column":null}},"30":{"start":{"line":109,"column":16},"end":{"line":109,"column":null}},"31":{"start":{"line":110,"column":4},"end":{"line":112,"column":null}},"32":{"start":{"line":111,"column":6},"end":{"line":111,"column":null}},"33":{"start":{"line":114,"column":30},"end":{"line":114,"column":null}},"34":{"start":{"line":114,"column":51},"end":{"line":114,"column":62}},"35":{"start":{"line":115,"column":47},"end":{"line":118,"column":null}},"36":{"start":{"line":120,"column":4},"end":{"line":122,"column":null}},"37":{"start":{"line":121,"column":6},"end":{"line":121,"column":null}},"38":{"start":{"line":129,"column":16},"end":{"line":129,"column":null}},"39":{"start":{"line":130,"column":4},"end":{"line":132,"column":null}},"40":{"start":{"line":131,"column":6},"end":{"line":131,"column":null}},"41":{"start":{"line":134,"column":4},"end":{"line":136,"column":null}},"42":{"start":{"line":135,"column":6},"end":{"line":135,"column":null}},"43":{"start":{"line":138,"column":4},"end":{"line":156,"column":null}},"44":{"start":{"line":140,"column":6},"end":{"line":146,"column":null}},"45":{"start":{"line":141,"column":8},"end":{"line":145,"column":null}},"46":{"start":{"line":142,"column":10},"end":{"line":142,"column":null}},"47":{"start":{"line":144,"column":10},"end":{"line":144,"column":null}},"48":{"start":{"line":149,"column":6},"end":{"line":155,"column":null}},"49":{"start":{"line":150,"column":8},"end":{"line":154,"column":null}},"50":{"start":{"line":151,"column":10},"end":{"line":151,"column":null}},"51":{"start":{"line":153,"column":10},"end":{"line":153,"column":null}},"52":{"start":{"line":158,"column":4},"end":{"line":158,"column":null}},"53":{"start":{"line":165,"column":14},"end":{"line":165,"column":null}},"54":{"start":{"line":166,"column":4},"end":{"line":166,"column":null}},"55":{"start":{"line":166,"column":14},"end":{"line":166,"column":null}},"56":{"start":{"line":169,"column":4},"end":{"line":197,"column":null}},"57":{"start":{"line":170,"column":6},"end":{"line":196,"column":null}},"58":{"start":{"line":171,"column":26},"end":{"line":171,"column":null}},"59":{"start":{"line":172,"column":8},"end":{"line":172,"column":null}},"60":{"start":{"line":173,"column":8},"end":{"line":173,"column":null}},"61":{"start":{"line":176,"column":26},"end":{"line":176,"column":null}},"62":{"start":{"line":179,"column":8},"end":{"line":181,"column":null}},"63":{"start":{"line":180,"column":11},"end":{"line":180,"column":null}},"64":{"start":{"line":182,"column":8},"end":{"line":182,"column":null}},"65":{"start":{"line":185,"column":8},"end":{"line":187,"column":null}},"66":{"start":{"line":186,"column":11},"end":{"line":186,"column":null}},"67":{"start":{"line":188,"column":8},"end":{"line":188,"column":null}},"68":{"start":{"line":190,"column":8},"end":{"line":190,"column":null}},"69":{"start":{"line":191,"column":8},"end":{"line":191,"column":null}},"70":{"start":{"line":192,"column":8},"end":{"line":192,"column":null}},"71":{"start":{"line":193,"column":8},"end":{"line":193,"column":null}},"72":{"start":{"line":194,"column":8},"end":{"line":194,"column":null}},"73":{"start":{"line":195,"column":8},"end":{"line":195,"column":null}},"74":{"start":{"line":200,"column":4},"end":{"line":200,"column":null}},"75":{"start":{"line":201,"column":4},"end":{"line":201,"column":null}},"76":{"start":{"line":202,"column":4},"end":{"line":202,"column":null}},"77":{"start":{"line":204,"column":23},"end":{"line":204,"column":null}},"78":{"start":{"line":205,"column":4},"end":{"line":205,"column":null}},"79":{"start":{"line":207,"column":4},"end":{"line":281,"column":null}},"80":{"start":{"line":209,"column":50},"end":{"line":241,"column":null}},"81":{"start":{"line":213,"column":29},"end":{"line":213,"column":null}},"82":{"start":{"line":214,"column":10},"end":{"line":219,"column":null}},"83":{"start":{"line":215,"column":12},"end":{"line":215,"column":null}},"84":{"start":{"line":216,"column":12},"end":{"line":216,"column":null}},"85":{"start":{"line":217,"column":12},"end":{"line":217,"column":null}},"86":{"start":{"line":218,"column":12},"end":{"line":218,"column":null}},"87":{"start":{"line":222,"column":29},"end":{"line":222,"column":null}},"88":{"start":{"line":223,"column":10},"end":{"line":239,"column":null}},"89":{"start":{"line":224,"column":12},"end":{"line":226,"column":null}},"90":{"start":{"line":225,"column":14},"end":{"line":225,"column":null}},"91":{"start":{"line":227,"column":12},"end":{"line":229,"column":null}},"92":{"start":{"line":228,"column":14},"end":{"line":228,"column":null}},"93":{"start":{"line":230,"column":12},"end":{"line":230,"column":null}},"94":{"start":{"line":231,"column":12},"end":{"line":236,"column":null}},"95":{"start":{"line":237,"column":12},"end":{"line":237,"column":null}},"96":{"start":{"line":238,"column":12},"end":{"line":238,"column":null}},"97":{"start":{"line":243,"column":6},"end":{"line":243,"column":null}},"98":{"start":{"line":246,"column":6},"end":{"line":246,"column":null}},"99":{"start":{"line":247,"column":6},"end":{"line":253,"column":null}},"100":{"start":{"line":248,"column":8},"end":{"line":248,"column":null}},"101":{"start":{"line":249,"column":8},"end":{"line":249,"column":null}},"102":{"start":{"line":250,"column":8},"end":{"line":250,"column":null}},"103":{"start":{"line":251,"column":8},"end":{"line":251,"column":null}},"104":{"start":{"line":252,"column":8},"end":{"line":252,"column":null}},"105":{"start":{"line":255,"column":6},"end":{"line":255,"column":null}},"106":{"start":{"line":256,"column":6},"end":{"line":278,"column":null}},"107":{"start":{"line":257,"column":8},"end":{"line":276,"column":null}},"108":{"start":{"line":258,"column":10},"end":{"line":258,"column":null}},"109":{"start":{"line":259,"column":8},"end":{"line":276,"column":null}},"110":{"start":{"line":260,"column":10},"end":{"line":260,"column":null}},"111":{"start":{"line":264,"column":25},"end":{"line":264,"column":null}},"112":{"start":{"line":265,"column":10},"end":{"line":270,"column":null}},"113":{"start":{"line":266,"column":12},"end":{"line":266,"column":null}},"114":{"start":{"line":267,"column":12},"end":{"line":267,"column":null}},"115":{"start":{"line":269,"column":12},"end":{"line":269,"column":null}},"116":{"start":{"line":272,"column":10},"end":{"line":272,"column":null}},"117":{"start":{"line":273,"column":10},"end":{"line":273,"column":null}},"118":{"start":{"line":274,"column":10},"end":{"line":274,"column":null}},"119":{"start":{"line":275,"column":10},"end":{"line":275,"column":null}},"120":{"start":{"line":277,"column":8},"end":{"line":277,"column":null}},"121":{"start":{"line":280,"column":6},"end":{"line":280,"column":null}}},"fnMap":{"0":{"name":"(anonymous_0)","decl":{"start":{"line":10,"column":2},"end":{"line":10,"column":null}},"loc":{"start":{"line":14,"column":4},"end":{"line":14,"column":null}},"line":14},"1":{"name":"(anonymous_1)","decl":{"start":{"line":20,"column":8},"end":{"line":20,"column":18}},"loc":{"start":{"line":20,"column":84},"end":{"line":46,"column":null}},"line":20},"2":{"name":"(anonymous_2)","decl":{"start":{"line":41,"column":44},"end":{"line":41,"column":51}},"loc":{"start":{"line":41,"column":51},"end":{"line":43,"column":5}},"line":41},"3":{"name":"(anonymous_3)","decl":{"start":{"line":51,"column":8},"end":{"line":51,"column":15}},"loc":{"start":{"line":51,"column":59},"end":{"line":53,"column":null}},"line":51},"4":{"name":"(anonymous_4)","decl":{"start":{"line":58,"column":8},"end":{"line":58,"column":41}},"loc":{"start":{"line":58,"column":41},"end":{"line":60,"column":null}},"line":58},"5":{"name":"(anonymous_5)","decl":{"start":{"line":65,"column":8},"end":{"line":65,"column":18}},"loc":{"start":{"line":65,"column":45},"end":{"line":81,"column":null}},"line":65},"6":{"name":"(anonymous_6)","decl":{"start":{"line":86,"column":8},"end":{"line":86,"column":17}},"loc":{"start":{"line":86,"column":44},"end":{"line":103,"column":null}},"line":86},"7":{"name":"(anonymous_7)","decl":{"start":{"line":108,"column":8},"end":{"line":108,"column":18}},"loc":{"start":{"line":108,"column":76},"end":{"line":123,"column":null}},"line":108},"8":{"name":"(anonymous_8)","decl":{"start":{"line":114,"column":44},"end":{"line":114,"column":51}},"loc":{"start":{"line":114,"column":51},"end":{"line":114,"column":62}},"line":114},"9":{"name":"(anonymous_9)","decl":{"start":{"line":120,"column":51},"end":{"line":120,"column":58}},"loc":{"start":{"line":120,"column":58},"end":{"line":122,"column":5}},"line":120},"10":{"name":"(anonymous_10)","decl":{"start":{"line":128,"column":8},"end":{"line":128,"column":18}},"loc":{"start":{"line":128,"column":45},"end":{"line":159,"column":null}},"line":128},"11":{"name":"(anonymous_11)","decl":{"start":{"line":164,"column":16},"end":{"line":164,"column":23}},"loc":{"start":{"line":164,"column":84},"end":{"line":282,"column":null}},"line":164},"12":{"name":"(anonymous_12)","decl":{"start":{"line":212,"column":20},"end":{"line":212,"column":27}},"loc":{"start":{"line":212,"column":76},"end":{"line":220,"column":null}},"line":212},"13":{"name":"(anonymous_13)","decl":{"start":{"line":221,"column":25},"end":{"line":221,"column":32}},"loc":{"start":{"line":221,"column":60},"end":{"line":240,"column":null}},"line":221}},"branchMap":{"0":{"loc":{"start":{"line":67,"column":4},"end":{"line":69,"column":null}},"type":"if","locations":[{"start":{"line":67,"column":4},"end":{"line":69,"column":null}},{"start":{},"end":{}}],"line":67},"1":{"loc":{"start":{"line":67,"column":8},"end":{"line":67,"column":70}},"type":"binary-expr","locations":[{"start":{"line":67,"column":8},"end":{"line":67,"column":17}},{"start":{"line":67,"column":17},"end":{"line":67,"column":44}},{"start":{"line":67,"column":44},"end":{"line":67,"column":70}}],"line":67},"2":{"loc":{"start":{"line":72,"column":4},"end":{"line":80,"column":null}},"type":"if","locations":[{"start":{"line":72,"column":4},"end":{"line":80,"column":null}},{"start":{"line":74,"column":11},"end":{"line":80,"column":null}}],"line":72},"3":{"loc":{"start":{"line":88,"column":4},"end":{"line":90,"column":null}},"type":"if","locations":[{"start":{"line":88,"column":4},"end":{"line":90,"column":null}},{"start":{},"end":{}}],"line":88},"4":{"loc":{"start":{"line":88,"column":8},"end":{"line":88,"column":41}},"type":"binary-expr","locations":[{"start":{"line":88,"column":8},"end":{"line":88,"column":16}},{"start":{"line":88,"column":16},"end":{"line":88,"column":41}}],"line":88},"5":{"loc":{"start":{"line":100,"column":4},"end":{"line":102,"column":null}},"type":"if","locations":[{"start":{"line":100,"column":4},"end":{"line":102,"column":null}},{"start":{},"end":{}}],"line":100},"6":{"loc":{"start":{"line":110,"column":4},"end":{"line":112,"column":null}},"type":"if","locations":[{"start":{"line":110,"column":4},"end":{"line":112,"column":null}},{"start":{},"end":{}}],"line":110},"7":{"loc":{"start":{"line":110,"column":8},"end":{"line":110,"column":40}},"type":"binary-expr","locations":[{"start":{"line":110,"column":8},"end":{"line":110,"column":16}},{"start":{"line":110,"column":16},"end":{"line":110,"column":40}}],"line":110},"8":{"loc":{"start":{"line":114,"column":30},"end":{"line":114,"column":null}},"type":"binary-expr","locations":[{"start":{"line":114,"column":30},"end":{"line":114,"column":67}},{"start":{"line":114,"column":67},"end":{"line":114,"column":null}}],"line":114},"9":{"loc":{"start":{"line":130,"column":4},"end":{"line":132,"column":null}},"type":"if","locations":[{"start":{"line":130,"column":4},"end":{"line":132,"column":null}},{"start":{},"end":{}}],"line":130},"10":{"loc":{"start":{"line":134,"column":4},"end":{"line":136,"column":null}},"type":"if","locations":[{"start":{"line":134,"column":4},"end":{"line":136,"column":null}},{"start":{},"end":{}}],"line":134},"11":{"loc":{"start":{"line":134,"column":8},"end":{"line":134,"column":60}},"type":"binary-expr","locations":[{"start":{"line":134,"column":8},"end":{"line":134,"column":35}},{"start":{"line":134,"column":35},"end":{"line":134,"column":60}}],"line":134},"12":{"loc":{"start":{"line":138,"column":4},"end":{"line":156,"column":null}},"type":"if","locations":[{"start":{"line":138,"column":4},"end":{"line":156,"column":null}},{"start":{},"end":{}}],"line":138},"13":{"loc":{"start":{"line":140,"column":6},"end":{"line":146,"column":null}},"type":"if","locations":[{"start":{"line":140,"column":6},"end":{"line":146,"column":null}},{"start":{},"end":{}}],"line":140},"14":{"loc":{"start":{"line":149,"column":6},"end":{"line":155,"column":null}},"type":"if","locations":[{"start":{"line":149,"column":6},"end":{"line":155,"column":null}},{"start":{},"end":{}}],"line":149},"15":{"loc":{"start":{"line":166,"column":4},"end":{"line":166,"column":null}},"type":"if","locations":[{"start":{"line":166,"column":4},"end":{"line":166,"column":null}},{"start":{},"end":{}}],"line":166},"16":{"loc":{"start":{"line":169,"column":4},"end":{"line":197,"column":null}},"type":"if","locations":[{"start":{"line":169,"column":4},"end":{"line":197,"column":null}},{"start":{},"end":{}}],"line":169},"17":{"loc":{"start":{"line":169,"column":8},"end":{"line":169,"column":41}},"type":"binary-expr","locations":[{"start":{"line":169,"column":8},"end":{"line":169,"column":24}},{"start":{"line":169,"column":24},"end":{"line":169,"column":41}}],"line":169},"18":{"loc":{"start":{"line":179,"column":8},"end":{"line":181,"column":null}},"type":"if","locations":[{"start":{"line":179,"column":8},"end":{"line":181,"column":null}},{"start":{},"end":{}}],"line":179},"19":{"loc":{"start":{"line":185,"column":8},"end":{"line":187,"column":null}},"type":"if","locations":[{"start":{"line":185,"column":8},"end":{"line":187,"column":null}},{"start":{},"end":{}}],"line":185},"20":{"loc":{"start":{"line":214,"column":10},"end":{"line":219,"column":null}},"type":"if","locations":[{"start":{"line":214,"column":10},"end":{"line":219,"column":null}},{"start":{},"end":{}}],"line":214},"21":{"loc":{"start":{"line":223,"column":10},"end":{"line":239,"column":null}},"type":"if","locations":[{"start":{"line":223,"column":10},"end":{"line":239,"column":null}},{"start":{},"end":{}}],"line":223},"22":{"loc":{"start":{"line":224,"column":12},"end":{"line":226,"column":null}},"type":"if","locations":[{"start":{"line":224,"column":12},"end":{"line":226,"column":null}},{"start":{},"end":{}}],"line":224},"23":{"loc":{"start":{"line":227,"column":12},"end":{"line":229,"column":null}},"type":"if","locations":[{"start":{"line":227,"column":12},"end":{"line":229,"column":null}},{"start":{},"end":{}}],"line":227},"24":{"loc":{"start":{"line":247,"column":6},"end":{"line":253,"column":null}},"type":"if","locations":[{"start":{"line":247,"column":6},"end":{"line":253,"column":null}},{"start":{},"end":{}}],"line":247},"25":{"loc":{"start":{"line":256,"column":6},"end":{"line":278,"column":null}},"type":"if","locations":[{"start":{"line":256,"column":6},"end":{"line":278,"column":null}},{"start":{},"end":{}}],"line":256},"26":{"loc":{"start":{"line":257,"column":8},"end":{"line":276,"column":null}},"type":"if","locations":[{"start":{"line":257,"column":8},"end":{"line":276,"column":null}},{"start":{"line":259,"column":8},"end":{"line":276,"column":null}}],"line":257},"27":{"loc":{"start":{"line":259,"column":8},"end":{"line":276,"column":null}},"type":"if","locations":[{"start":{"line":259,"column":8},"end":{"line":276,"column":null}},{"start":{"line":271,"column":15},"end":{"line":276,"column":null}}],"line":259},"28":{"loc":{"start":{"line":259,"column":19},"end":{"line":259,"column":77}},"type":"binary-expr","locations":[{"start":{"line":259,"column":19},"end":{"line":259,"column":50}},{"start":{"line":259,"column":50},"end":{"line":259,"column":77}}],"line":259},"29":{"loc":{"start":{"line":265,"column":10},"end":{"line":270,"column":null}},"type":"if","locations":[{"start":{"line":265,"column":10},"end":{"line":270,"column":null}},{"start":{"line":268,"column":17},"end":{"line":270,"column":null}}],"line":265}},"s":{"0":15,"1":15,"2":15,"3":15,"4":13,"5":13,"6":13,"7":13,"8":0,"9":13,"10":8,"11":0,"12":2,"13":2,"14":0,"15":2,"16":2,"17":0,"18":2,"19":2,"20":2,"21":2,"22":2,"23":1,"24":1,"25":1,"26":1,"27":1,"28":1,"29":1,"30":1,"31":1,"32":0,"33":1,"34":1,"35":1,"36":1,"37":0,"38":2,"39":2,"40":0,"41":2,"42":2,"43":2,"44":2,"45":1,"46":1,"47":1,"48":2,"49":1,"50":1,"51":1,"52":2,"53":15,"54":15,"55":0,"56":15,"57":1,"58":1,"59":1,"60":1,"61":1,"62":1,"63":1,"64":1,"65":1,"66":1,"67":1,"68":0,"69":0,"70":0,"71":0,"72":0,"73":0,"74":15,"75":15,"76":15,"77":15,"78":15,"79":15,"80":15,"81":2,"82":2,"83":2,"84":2,"85":2,"86":2,"87":6,"88":6,"89":5,"90":2,"91":5,"92":2,"93":5,"94":5,"95":5,"96":5,"97":15,"98":13,"99":13,"100":12,"101":12,"102":12,"103":12,"104":12,"105":2,"106":2,"107":2,"108":1,"109":1,"110":0,"111":0,"112":0,"113":0,"114":0,"115":0,"116":1,"117":1,"118":1,"119":1,"120":2,"121":15},"f":{"0":15,"1":13,"2":0,"3":8,"4":0,"5":2,"6":2,"7":1,"8":1,"9":0,"10":2,"11":15,"12":2,"13":6},"b":{"0":[0,2],"1":[2,2,0],"2":[0,2],"3":[1,1],"4":[2,1],"5":[1,0],"6":[0,1],"7":[1,1],"8":[1,0],"9":[0,2],"10":[2,0],"11":[2,0],"12":[2,0],"13":[1,1],"14":[1,1],"15":[0,15],"16":[1,14],"17":[15,4],"18":[1,0],"19":[1,0],"20":[2,0],"21":[5,1],"22":[2,3],"23":[2,3],"24":[12,1],"25":[2,0],"26":[1,1],"27":[0,1],"28":[1,1],"29":[0,0]},"meta":{"lastBranch":30,"lastFunction":14,"lastStatement":122,"seen":{"s:8:24:8:Infinity":0,"f:10:2:10:Infinity":0,"s:11:12:11:Infinity":1,"s:12:12:12:Infinity":2,"s:13:12:13:Infinity":3,"f:20:8:20:18":1,"s:21:10:21:Infinity":4,"s:22:27:35:Infinity":5,"s:37:4:37:Infinity":6,"s:41:4:43:Infinity":7,"f:41:44:41:51":2,"s:42:7:42:Infinity":8,"s:45:4:45:Infinity":9,"f:51:8:51:15":3,"s:52:4:52:Infinity":10,"f:58:8:58:41":4,"s:59:4:59:Infinity":11,"f:65:8:65:18":5,"s:66:16:66:Infinity":12,"b:67:4:69:Infinity:undefined:undefined:undefined:undefined":0,"s:67:4:69:Infinity":13,"b:67:8:67:17:67:17:67:44:67:44:67:70":1,"s:68:6:68:Infinity":14,"s:71:23:71:Infinity":15,"b:72:4:80:Infinity:74:11:80:Infinity":2,"s:72:4:80:Infinity":16,"s:73:6:73:Infinity":17,"s:77:6:77:Infinity":18,"s:78:6:78:Infinity":19,"s:79:6:79:Infinity":20,"f:86:8:86:17":6,"s:87:16:87:Infinity":21,"b:88:4:90:Infinity:undefined:undefined:undefined:undefined":3,"s:88:4:90:Infinity":22,"b:88:8:88:16:88:16:88:41":4,"s:89:6:89:Infinity":23,"s:95:4:95:Infinity":24,"s:96:4:96:Infinity":25,"s:97:4:97:Infinity":26,"s:99:23:99:Infinity":27,"b:100:4:102:Infinity:undefined:undefined:undefined:undefined":5,"s:100:4:102:Infinity":28,"s:101:6:101:Infinity":29,"f:108:8:108:18":7,"s:109:16:109:Infinity":30,"b:110:4:112:Infinity:undefined:undefined:undefined:undefined":6,"s:110:4:112:Infinity":31,"b:110:8:110:16:110:16:110:40":7,"s:111:6:111:Infinity":32,"s:114:30:114:Infinity":33,"b:114:30:114:67:114:67:114:Infinity":8,"f:114:44:114:51":8,"s:114:51:114:62":34,"s:115:47:118:Infinity":35,"s:120:4:122:Infinity":36,"f:120:51:120:58":9,"s:121:6:121:Infinity":37,"f:128:8:128:18":10,"s:129:16:129:Infinity":38,"b:130:4:132:Infinity:undefined:undefined:undefined:undefined":9,"s:130:4:132:Infinity":39,"s:131:6:131:Infinity":40,"b:134:4:136:Infinity:undefined:undefined:undefined:undefined":10,"s:134:4:136:Infinity":41,"b:134:8:134:35:134:35:134:60":11,"s:135:6:135:Infinity":42,"b:138:4:156:Infinity:undefined:undefined:undefined:undefined":12,"s:138:4:156:Infinity":43,"b:140:6:146:Infinity:undefined:undefined:undefined:undefined":13,"s:140:6:146:Infinity":44,"s:141:8:145:Infinity":45,"s:142:10:142:Infinity":46,"s:144:10:144:Infinity":47,"b:149:6:155:Infinity:undefined:undefined:undefined:undefined":14,"s:149:6:155:Infinity":48,"s:150:8:154:Infinity":49,"s:151:10:151:Infinity":50,"s:153:10:153:Infinity":51,"s:158:4:158:Infinity":52,"f:164:16:164:23":11,"s:165:14:165:Infinity":53,"b:166:4:166:Infinity:undefined:undefined:undefined:undefined":15,"s:166:4:166:Infinity":54,"s:166:14:166:Infinity":55,"b:169:4:197:Infinity:undefined:undefined:undefined:undefined":16,"s:169:4:197:Infinity":56,"b:169:8:169:24:169:24:169:41":17,"s:170:6:196:Infinity":57,"s:171:26:171:Infinity":58,"s:172:8:172:Infinity":59,"s:173:8:173:Infinity":60,"s:176:26:176:Infinity":61,"b:179:8:181:Infinity:undefined:undefined:undefined:undefined":18,"s:179:8:181:Infinity":62,"s:180:11:180:Infinity":63,"s:182:8:182:Infinity":64,"b:185:8:187:Infinity:undefined:undefined:undefined:undefined":19,"s:185:8:187:Infinity":65,"s:186:11:186:Infinity":66,"s:188:8:188:Infinity":67,"s:190:8:190:Infinity":68,"s:191:8:191:Infinity":69,"s:192:8:192:Infinity":70,"s:193:8:193:Infinity":71,"s:194:8:194:Infinity":72,"s:195:8:195:Infinity":73,"s:200:4:200:Infinity":74,"s:201:4:201:Infinity":75,"s:202:4:202:Infinity":76,"s:204:23:204:Infinity":77,"s:205:4:205:Infinity":78,"s:207:4:281:Infinity":79,"s:209:50:241:Infinity":80,"f:212:20:212:27":12,"s:213:29:213:Infinity":81,"b:214:10:219:Infinity:undefined:undefined:undefined:undefined":20,"s:214:10:219:Infinity":82,"s:215:12:215:Infinity":83,"s:216:12:216:Infinity":84,"s:217:12:217:Infinity":85,"s:218:12:218:Infinity":86,"f:221:25:221:32":13,"s:222:29:222:Infinity":87,"b:223:10:239:Infinity:undefined:undefined:undefined:undefined":21,"s:223:10:239:Infinity":88,"b:224:12:226:Infinity:undefined:undefined:undefined:undefined":22,"s:224:12:226:Infinity":89,"s:225:14:225:Infinity":90,"b:227:12:229:Infinity:undefined:undefined:undefined:undefined":23,"s:227:12:229:Infinity":91,"s:228:14:228:Infinity":92,"s:230:12:230:Infinity":93,"s:231:12:236:Infinity":94,"s:237:12:237:Infinity":95,"s:238:12:238:Infinity":96,"s:243:6:243:Infinity":97,"s:246:6:246:Infinity":98,"b:247:6:253:Infinity:undefined:undefined:undefined:undefined":24,"s:247:6:253:Infinity":99,"s:248:8:248:Infinity":100,"s:249:8:249:Infinity":101,"s:250:8:250:Infinity":102,"s:251:8:251:Infinity":103,"s:252:8:252:Infinity":104,"s:255:6:255:Infinity":105,"b:256:6:278:Infinity:undefined:undefined:undefined:undefined":25,"s:256:6:278:Infinity":106,"b:257:8:276:Infinity:259:8:276:Infinity":26,"s:257:8:276:Infinity":107,"s:258:10:258:Infinity":108,"b:259:8:276:Infinity:271:15:276:Infinity":27,"s:259:8:276:Infinity":109,"b:259:19:259:50:259:50:259:77":28,"s:260:10:260:Infinity":110,"s:264:25:264:Infinity":111,"b:265:10:270:Infinity:268:17:270:Infinity":29,"s:265:10:270:Infinity":112,"s:266:12:266:Infinity":113,"s:267:12:267:Infinity":114,"s:269:12:269:Infinity":115,"s:272:10:272:Infinity":116,"s:273:10:273:Infinity":117,"s:274:10:274:Infinity":118,"s:275:10:275:Infinity":119,"s:277:8:277:Infinity":120,"s:280:6:280:Infinity":121}}}
,"/app/packages/infrastructure/src/types/job-status.ts": {"path":"/app/packages/infrastructure/src/types/job-status.ts","statementMap":{"0":{"start":{"line":36,"column":17},"end":{"line":36,"column":null}},"1":{"start":{"line":39,"column":4},"end":{"line":39,"column":null}},"2":{"start":{"line":43,"column":16},"end":{"line":43,"column":null}},"3":{"start":{"line":44,"column":4},"end":{"line":44,"column":null}},"4":{"start":{"line":48,"column":4},"end":{"line":48,"column":null}},"5":{"start":{"line":48,"column":54},"end":{"line":48,"column":65}},"6":{"start":{"line":52,"column":4},"end":{"line":52,"column":null}}},"fnMap":{"0":{"name":"(anonymous_0)","decl":{"start":{"line":38,"column":8},"end":{"line":38,"column":13}},"loc":{"start":{"line":38,"column":44},"end":{"line":40,"column":null}},"line":38},"1":{"name":"(anonymous_1)","decl":{"start":{"line":42,"column":8},"end":{"line":42,"column":12}},"loc":{"start":{"line":42,"column":56},"end":{"line":45,"column":null}},"line":42},"2":{"name":"(anonymous_2)","decl":{"start":{"line":47,"column":8},"end":{"line":47,"column":37}},"loc":{"start":{"line":47,"column":37},"end":{"line":49,"column":null}},"line":47},"3":{"name":"(anonymous_3)","decl":{"start":{"line":48,"column":46},"end":{"line":48,"column":54}},"loc":{"start":{"line":48,"column":54},"end":{"line":48,"column":65}},"line":48},"4":{"name":"(anonymous_4)","decl":{"start":{"line":51,"column":8},"end":{"line":51,"column":15}},"loc":{"start":{"line":51,"column":42},"end":{"line":53,"column":null}},"line":51}},"branchMap":{"0":{"loc":{"start":{"line":44,"column":11},"end":{"line":44,"column":null}},"type":"cond-expr","locations":[{"start":{"line":44,"column":17},"end":{"line":44,"column":30}},{"start":{"line":44,"column":30},"end":{"line":44,"column":null}}],"line":44}},"s":{"0":14,"1":56,"2":57,"3":57,"4":1,"5":2,"6":5},"f":{"0":56,"1":57,"2":1,"3":2,"4":5},"b":{"0":[52,5]},"meta":{"lastBranch":1,"lastFunction":5,"lastStatement":7,"seen":{"s:36:17:36:Infinity":0,"f:38:8:38:13":0,"s:39:4:39:Infinity":1,"f:42:8:42:12":1,"s:43:16:43:Infinity":2,"s:44:4:44:Infinity":3,"b:44:17:44:30:44:30:44:Infinity":0,"f:47:8:47:37":2,"s:48:4:48:Infinity":4,"f:48:46:48:54":3,"s:48:54:48:65":5,"f:51:8:51:15":4,"s:52:4:52:Infinity":6}}}
,"/app/packages/infrastructure/src/utils/command.ts": {"path":"/app/packages/infrastructure/src/utils/command.ts","statementMap":{"0":{"start":{"line":9,"column":2},"end":{"line":11,"column":null}},"1":{"start":{"line":10,"column":4},"end":{"line":10,"column":null}},"2":{"start":{"line":13,"column":27},"end":{"line":13,"column":null}},"3":{"start":{"line":14,"column":21},"end":{"line":14,"column":null}},"4":{"start":{"line":15,"column":22},"end":{"line":15,"column":null}},"5":{"start":{"line":16,"column":22},"end":{"line":16,"column":null}},"6":{"start":{"line":17,"column":18},"end":{"line":17,"column":null}},"7":{"start":{"line":18,"column":26},"end":{"line":18,"column":null}},"8":{"start":{"line":20,"column":25},"end":{"line":20,"column":null}},"9":{"start":{"line":22,"column":2},"end":{"line":60,"column":null}},"10":{"start":{"line":22,"column":15},"end":{"line":22,"column":18}},"11":{"start":{"line":23,"column":17},"end":{"line":23,"column":null}},"12":{"start":{"line":25,"column":4},"end":{"line":29,"column":null}},"13":{"start":{"line":26,"column":6},"end":{"line":26,"column":null}},"14":{"start":{"line":27,"column":6},"end":{"line":27,"column":null}},"15":{"start":{"line":28,"column":6},"end":{"line":28,"column":null}},"16":{"start":{"line":31,"column":4},"end":{"line":34,"column":null}},"17":{"start":{"line":32,"column":6},"end":{"line":32,"column":null}},"18":{"start":{"line":33,"column":6},"end":{"line":33,"column":null}},"19":{"start":{"line":36,"column":4},"end":{"line":41,"column":null}},"20":{"start":{"line":37,"column":6},"end":{"line":37,"column":null}},"21":{"start":{"line":38,"column":6},"end":{"line":38,"column":null}},"22":{"start":{"line":40,"column":6},"end":{"line":40,"column":null}},"23":{"start":{"line":43,"column":4},"end":{"line":48,"column":null}},"24":{"start":{"line":44,"column":6},"end":{"line":44,"column":null}},"25":{"start":{"line":45,"column":6},"end":{"line":45,"column":null}},"26":{"start":{"line":47,"column":6},"end":{"line":47,"column":null}},"27":{"start":{"line":50,"column":4},"end":{"line":57,"column":null}},"28":{"start":{"line":51,"column":6},"end":{"line":55,"column":null}},"29":{"start":{"line":52,"column":8},"end":{"line":52,"column":null}},"30":{"start":{"line":53,"column":8},"end":{"line":53,"column":null}},"31":{"start":{"line":54,"column":8},"end":{"line":54,"column":null}},"32":{"start":{"line":56,"column":6},"end":{"line":56,"column":null}},"33":{"start":{"line":59,"column":4},"end":{"line":59,"column":null}},"34":{"start":{"line":62,"column":2},"end":{"line":64,"column":null}},"35":{"start":{"line":63,"column":4},"end":{"line":63,"column":null}},"36":{"start":{"line":66,"column":18},"end":{"line":66,"column":null}},"37":{"start":{"line":67,"column":15},"end":{"line":67,"column":null}},"38":{"start":{"line":69,"column":2},"end":{"line":69,"column":null}}},"fnMap":{"0":{"name":"parseCommand","decl":{"start":{"line":8,"column":16},"end":{"line":8,"column":29}},"loc":{"start":{"line":8,"column":89},"end":{"line":70,"column":null}},"line":8}},"branchMap":{"0":{"loc":{"start":{"line":9,"column":2},"end":{"line":11,"column":null}},"type":"if","locations":[{"start":{"line":9,"column":2},"end":{"line":11,"column":null}},{"start":{},"end":{}}],"line":9},"1":{"loc":{"start":{"line":9,"column":6},"end":{"line":9,"column":59}},"type":"binary-expr","locations":[{"start":{"line":9,"column":6},"end":{"line":9,"column":24}},{"start":{"line":9,"column":24},"end":{"line":9,"column":59}}],"line":9},"2":{"loc":{"start":{"line":25,"column":4},"end":{"line":29,"column":null}},"type":"if","locations":[{"start":{"line":25,"column":4},"end":{"line":29,"column":null}},{"start":{},"end":{}}],"line":25},"3":{"loc":{"start":{"line":31,"column":4},"end":{"line":34,"column":null}},"type":"if","locations":[{"start":{"line":31,"column":4},"end":{"line":34,"column":null}},{"start":{},"end":{}}],"line":31},"4":{"loc":{"start":{"line":36,"column":4},"end":{"line":41,"column":null}},"type":"if","locations":[{"start":{"line":36,"column":4},"end":{"line":41,"column":null}},{"start":{},"end":{}}],"line":36},"5":{"loc":{"start":{"line":36,"column":8},"end":{"line":36,"column":40}},"type":"binary-expr","locations":[{"start":{"line":36,"column":8},"end":{"line":36,"column":24}},{"start":{"line":36,"column":24},"end":{"line":36,"column":40}}],"line":36},"6":{"loc":{"start":{"line":43,"column":4},"end":{"line":48,"column":null}},"type":"if","locations":[{"start":{"line":43,"column":4},"end":{"line":48,"column":null}},{"start":{},"end":{}}],"line":43},"7":{"loc":{"start":{"line":43,"column":8},"end":{"line":43,"column":40}},"type":"binary-expr","locations":[{"start":{"line":43,"column":8},"end":{"line":43,"column":24}},{"start":{"line":43,"column":24},"end":{"line":43,"column":40}}],"line":43},"8":{"loc":{"start":{"line":50,"column":4},"end":{"line":57,"column":null}},"type":"if","locations":[{"start":{"line":50,"column":4},"end":{"line":57,"column":null}},{"start":{},"end":{}}],"line":50},"9":{"loc":{"start":{"line":50,"column":8},"end":{"line":50,"column":61}},"type":"binary-expr","locations":[{"start":{"line":50,"column":8},"end":{"line":50,"column":27}},{"start":{"line":50,"column":27},"end":{"line":50,"column":45}},{"start":{"line":50,"column":45},"end":{"line":50,"column":61}}],"line":50},"10":{"loc":{"start":{"line":51,"column":6},"end":{"line":55,"column":null}},"type":"if","locations":[{"start":{"line":51,"column":6},"end":{"line":55,"column":null}},{"start":{},"end":{}}],"line":51},"11":{"loc":{"start":{"line":51,"column":10},"end":{"line":51,"column":56}},"type":"binary-expr","locations":[{"start":{"line":51,"column":10},"end":{"line":51,"column":37}},{"start":{"line":51,"column":37},"end":{"line":51,"column":56}}],"line":51},"12":{"loc":{"start":{"line":62,"column":2},"end":{"line":64,"column":null}},"type":"if","locations":[{"start":{"line":62,"column":2},"end":{"line":64,"column":null}},{"start":{},"end":{}}],"line":62},"13":{"loc":{"start":{"line":62,"column":6},"end":{"line":62,"column":52}},"type":"binary-expr","locations":[{"start":{"line":62,"column":6},"end":{"line":62,"column":33}},{"start":{"line":62,"column":33},"end":{"line":62,"column":52}}],"line":62}},"s":{"0":8,"1":0,"2":8,"3":8,"4":8,"5":8,"6":8,"7":8,"8":8,"9":8,"10":8,"11":36,"12":36,"13":0,"14":0,"15":0,"16":36,"17":0,"18":0,"19":36,"20":0,"21":0,"22":0,"23":36,"24":0,"25":0,"26":0,"27":36,"28":0,"29":0,"30":0,"31":0,"32":0,"33":36,"34":8,"35":8,"36":8,"37":8,"38":8},"f":{"0":8},"b":{"0":[0,8],"1":[8,8],"2":[0,36],"3":[0,36],"4":[0,36],"5":[36,0],"6":[0,36],"7":[36,0],"8":[0,36],"9":[36,0,0],"10":[0,0],"11":[0,0],"12":[8,0],"13":[8,0]},"meta":{"lastBranch":14,"lastFunction":1,"lastStatement":39,"seen":{"f:8:16:8:29":0,"b:9:2:11:Infinity:undefined:undefined:undefined:undefined":0,"s:9:2:11:Infinity":0,"b:9:6:9:24:9:24:9:59":1,"s:10:4:10:Infinity":1,"s:13:27:13:Infinity":2,"s:14:21:14:Infinity":3,"s:15:22:15:Infinity":4,"s:16:22:16:Infinity":5,"s:17:18:17:Infinity":6,"s:18:26:18:Infinity":7,"s:20:25:20:Infinity":8,"s:22:2:60:Infinity":9,"s:22:15:22:18":10,"s:23:17:23:Infinity":11,"b:25:4:29:Infinity:undefined:undefined:undefined:undefined":2,"s:25:4:29:Infinity":12,"s:26:6:26:Infinity":13,"s:27:6:27:Infinity":14,"s:28:6:28:Infinity":15,"b:31:4:34:Infinity:undefined:undefined:undefined:undefined":3,"s:31:4:34:Infinity":16,"s:32:6:32:Infinity":17,"s:33:6:33:Infinity":18,"b:36:4:41:Infinity:undefined:undefined:undefined:undefined":4,"s:36:4:41:Infinity":19,"b:36:8:36:24:36:24:36:40":5,"s:37:6:37:Infinity":20,"s:38:6:38:Infinity":21,"s:40:6:40:Infinity":22,"b:43:4:48:Infinity:undefined:undefined:undefined:undefined":6,"s:43:4:48:Infinity":23,"b:43:8:43:24:43:24:43:40":7,"s:44:6:44:Infinity":24,"s:45:6:45:Infinity":25,"s:47:6:47:Infinity":26,"b:50:4:57:Infinity:undefined:undefined:undefined:undefined":8,"s:50:4:57:Infinity":27,"b:50:8:50:27:50:27:50:45:50:45:50:61":9,"b:51:6:55:Infinity:undefined:undefined:undefined:undefined":10,"s:51:6:55:Infinity":28,"b:51:10:51:37:51:37:51:56":11,"s:52:8:52:Infinity":29,"s:53:8:53:Infinity":30,"s:54:8:54:Infinity":31,"s:56:6:56:Infinity":32,"s:59:4:59:Infinity":33,"b:62:2:64:Infinity:undefined:undefined:undefined:undefined":12,"s:62:2:64:Infinity":34,"b:62:6:62:33:62:33:62:52":13,"s:63:4:63:Infinity":35,"s:66:18:66:Infinity":36,"s:67:15:67:Infinity":37,"s:69:2:69:Infinity":38}}}
}
