<?xml version="1.0" encoding="UTF-8"?>
<coverage generated="1781727131928" clover="3.2.0">
  <project timestamp="1781727131928" name="All files">
    <metrics statements="479" coveredstatements="421" conditionals="192" coveredconditionals="163" methods="14" coveredmethods="14" elements="685" coveredelements="598" complexity="0" loc="479" ncloc="479" packages="2" files="14" classes="14"/>
    <package name="commands">
      <metrics statements="448" coveredstatements="390" conditionals="192" coveredconditionals="163" methods="14" coveredmethods="14"/>
      <file name="deploy.ts" path="/app/packages/cli/src/commands/deploy.ts">
        <metrics statements="448" coveredstatements="390" conditionals="192" coveredconditionals="163" methods="14" coveredmethods="14"/>
        <line num="23" count="40" type="stmt"/>
        <line num="26" count="40" type="stmt"/>
        <line num="30" count="4" type="stmt"/>
        <line num="31" count="4" type="stmt"/>
        <line num="32" count="4" type="stmt"/>
        <line num="34" count="4" type="stmt"/>
        <line num="37" count="4" type="stmt"/>
        <line num="38" count="4" type="cond" truecount="2" falsecount="0"/>
        <line num="39" count="3" type="stmt"/>
        <line num="47" count="3" type="cond" truecount="2" falsecount="0"/>
        <line num="48" count="1" type="stmt"/>
        <line num="49" count="1" type="stmt"/>
        <line num="52" count="3" type="stmt"/>
        <line num="55" count="4" type="cond" truecount="2" falsecount="0"/>
        <line num="56" count="2" type="stmt"/>
        <line num="57" count="2" type="stmt"/>
        <line num="59" count="2" type="stmt"/>
        <line num="63" count="4" type="stmt"/>
        <line num="64" count="4" type="cond" truecount="2" falsecount="0"/>
        <line num="65" count="3" type="stmt"/>
        <line num="73" count="3" type="cond" truecount="2" falsecount="0"/>
        <line num="74" count="1" type="stmt"/>
        <line num="75" count="1" type="stmt"/>
        <line num="78" count="3" type="stmt"/>
        <line num="81" count="4" type="cond" truecount="2" falsecount="0"/>
        <line num="82" count="2" type="stmt"/>
        <line num="83" count="2" type="stmt"/>
        <line num="85" count="2" type="stmt"/>
        <line num="88" count="4" type="stmt"/>
        <line num="89" count="4" type="stmt"/>
        <line num="90" count="4" type="stmt"/>
        <line num="93" count="40" type="stmt"/>
        <line num="97" count="3" type="stmt"/>
        <line num="98" count="3" type="stmt"/>
        <line num="99" count="3" type="stmt"/>
        <line num="101" count="3" type="stmt"/>
        <line num="104" count="3" type="stmt"/>
        <line num="105" count="3" type="cond" truecount="2" falsecount="0"/>
        <line num="106" count="2" type="stmt"/>
        <line num="113" count="2" type="cond" truecount="1" falsecount="1"/>
        <line num="114" count="0" type="stmt"/>
        <line num="115" count="0" type="stmt"/>
        <line num="118" count="2" type="stmt"/>
        <line num="121" count="3" type="cond" truecount="2" falsecount="0"/>
        <line num="122" count="2" type="stmt"/>
        <line num="123" count="2" type="stmt"/>
        <line num="125" count="1" type="stmt"/>
        <line num="129" count="3" type="stmt"/>
        <line num="130" count="3" type="cond" truecount="2" falsecount="0"/>
        <line num="131" count="2" type="stmt"/>
        <line num="138" count="2" type="cond" truecount="1" falsecount="1"/>
        <line num="139" count="0" type="stmt"/>
        <line num="140" count="0" type="stmt"/>
        <line num="143" count="2" type="stmt"/>
        <line num="146" count="3" type="cond" truecount="2" falsecount="0"/>
        <line num="147" count="2" type="stmt"/>
        <line num="148" count="2" type="stmt"/>
        <line num="150" count="1" type="stmt"/>
        <line num="153" count="3" type="stmt"/>
        <line num="154" count="3" type="stmt"/>
        <line num="157" count="40" type="stmt"/>
        <line num="161" count="3" type="stmt"/>
        <line num="162" count="3" type="stmt"/>
        <line num="163" count="3" type="stmt"/>
        <line num="165" count="3" type="stmt"/>
        <line num="168" count="3" type="stmt"/>
        <line num="169" count="3" type="cond" truecount="2" falsecount="0"/>
        <line num="170" count="2" type="stmt"/>
        <line num="177" count="2" type="cond" truecount="1" falsecount="1"/>
        <line num="178" count="0" type="stmt"/>
        <line num="179" count="0" type="stmt"/>
        <line num="182" count="2" type="stmt"/>
        <line num="185" count="3" type="cond" truecount="2" falsecount="0"/>
        <line num="186" count="2" type="stmt"/>
        <line num="187" count="2" type="stmt"/>
        <line num="189" count="1" type="stmt"/>
        <line num="193" count="3" type="stmt"/>
        <line num="194" count="3" type="cond" truecount="2" falsecount="0"/>
        <line num="195" count="2" type="stmt"/>
        <line num="202" count="2" type="cond" truecount="1" falsecount="1"/>
        <line num="203" count="0" type="stmt"/>
        <line num="204" count="0" type="stmt"/>
        <line num="207" count="2" type="stmt"/>
        <line num="210" count="3" type="cond" truecount="2" falsecount="0"/>
        <line num="211" count="2" type="stmt"/>
        <line num="212" count="2" type="stmt"/>
        <line num="214" count="1" type="stmt"/>
        <line num="217" count="3" type="stmt"/>
        <line num="218" count="3" type="stmt"/>
        <line num="221" count="40" type="stmt"/>
        <line num="225" count="3" type="stmt"/>
        <line num="226" count="3" type="stmt"/>
        <line num="227" count="3" type="stmt"/>
        <line num="228" count="3" type="stmt"/>
        <line num="229" count="3" type="stmt"/>
        <line num="231" count="3" type="stmt"/>
        <line num="234" count="3" type="stmt"/>
        <line num="235" count="3" type="cond" truecount="2" falsecount="0"/>
        <line num="236" count="2" type="stmt"/>
        <line num="243" count="2" type="cond" truecount="1" falsecount="1"/>
        <line num="244" count="0" type="stmt"/>
        <line num="245" count="0" type="stmt"/>
        <line num="248" count="2" type="stmt"/>
        <line num="251" count="3" type="cond" truecount="2" falsecount="0"/>
        <line num="252" count="2" type="stmt"/>
        <line num="253" count="2" type="stmt"/>
        <line num="255" count="1" type="stmt"/>
        <line num="259" count="3" type="stmt"/>
        <line num="260" count="3" type="cond" truecount="2" falsecount="0"/>
        <line num="261" count="2" type="stmt"/>
        <line num="268" count="2" type="cond" truecount="1" falsecount="1"/>
        <line num="269" count="0" type="stmt"/>
        <line num="270" count="0" type="stmt"/>
        <line num="273" count="2" type="stmt"/>
        <line num="276" count="3" type="cond" truecount="2" falsecount="0"/>
        <line num="277" count="2" type="stmt"/>
        <line num="278" count="2" type="stmt"/>
        <line num="280" count="1" type="stmt"/>
        <line num="284" count="3" type="stmt"/>
        <line num="285" count="3" type="cond" truecount="2" falsecount="0"/>
        <line num="286" count="2" type="stmt"/>
        <line num="293" count="2" type="cond" truecount="1" falsecount="1"/>
        <line num="294" count="0" type="stmt"/>
        <line num="295" count="0" type="stmt"/>
        <line num="298" count="2" type="stmt"/>
        <line num="301" count="3" type="cond" truecount="2" falsecount="0"/>
        <line num="302" count="2" type="stmt"/>
        <line num="303" count="2" type="stmt"/>
        <line num="305" count="1" type="stmt"/>
        <line num="309" count="3" type="stmt"/>
        <line num="310" count="3" type="cond" truecount="2" falsecount="0"/>
        <line num="311" count="2" type="stmt"/>
        <line num="318" count="2" type="cond" truecount="1" falsecount="1"/>
        <line num="319" count="0" type="stmt"/>
        <line num="320" count="0" type="stmt"/>
        <line num="323" count="2" type="stmt"/>
        <line num="326" count="3" type="cond" truecount="2" falsecount="0"/>
        <line num="327" count="2" type="stmt"/>
        <line num="328" count="2" type="stmt"/>
        <line num="330" count="1" type="stmt"/>
        <line num="333" count="3" type="stmt"/>
        <line num="334" count="3" type="stmt"/>
        <line num="337" count="40" type="stmt"/>
        <line num="341" count="3" type="stmt"/>
        <line num="342" count="3" type="stmt"/>
        <line num="343" count="3" type="stmt"/>
        <line num="344" count="3" type="stmt"/>
        <line num="346" count="3" type="stmt"/>
        <line num="349" count="3" type="stmt"/>
        <line num="350" count="3" type="cond" truecount="2" falsecount="0"/>
        <line num="351" count="2" type="stmt"/>
        <line num="358" count="2" type="cond" truecount="1" falsecount="1"/>
        <line num="359" count="0" type="stmt"/>
        <line num="360" count="0" type="stmt"/>
        <line num="363" count="2" type="stmt"/>
        <line num="366" count="3" type="cond" truecount="2" falsecount="0"/>
        <line num="367" count="2" type="stmt"/>
        <line num="368" count="2" type="stmt"/>
        <line num="370" count="1" type="stmt"/>
        <line num="374" count="3" type="stmt"/>
        <line num="375" count="3" type="cond" truecount="2" falsecount="0"/>
        <line num="376" count="2" type="stmt"/>
        <line num="383" count="2" type="cond" truecount="1" falsecount="1"/>
        <line num="384" count="0" type="stmt"/>
        <line num="385" count="0" type="stmt"/>
        <line num="388" count="2" type="stmt"/>
        <line num="391" count="3" type="cond" truecount="2" falsecount="0"/>
        <line num="392" count="2" type="stmt"/>
        <line num="393" count="2" type="cond" truecount="2" falsecount="0"/>
        <line num="394" count="1" type="stmt"/>
        <line num="396" count="2" type="stmt"/>
        <line num="397" count="2" type="stmt"/>
        <line num="399" count="1" type="stmt"/>
        <line num="403" count="3" type="stmt"/>
        <line num="404" count="3" type="cond" truecount="2" falsecount="0"/>
        <line num="405" count="2" type="stmt"/>
        <line num="412" count="2" type="cond" truecount="1" falsecount="1"/>
        <line num="413" count="0" type="stmt"/>
        <line num="414" count="0" type="stmt"/>
        <line num="417" count="2" type="stmt"/>
        <line num="420" count="3" type="cond" truecount="2" falsecount="0"/>
        <line num="421" count="2" type="stmt"/>
        <line num="422" count="2" type="stmt"/>
        <line num="424" count="1" type="stmt"/>
        <line num="427" count="3" type="stmt"/>
        <line num="428" count="3" type="stmt"/>
        <line num="431" count="40" type="stmt"/>
        <line num="435" count="3" type="stmt"/>
        <line num="436" count="3" type="stmt"/>
        <line num="437" count="3" type="stmt"/>
        <line num="438" count="3" type="stmt"/>
        <line num="439" count="3" type="stmt"/>
        <line num="440" count="3" type="stmt"/>
        <line num="442" count="3" type="stmt"/>
        <line num="445" count="3" type="stmt"/>
        <line num="446" count="3" type="cond" truecount="2" falsecount="0"/>
        <line num="447" count="2" type="stmt"/>
        <line num="454" count="2" type="cond" truecount="1" falsecount="1"/>
        <line num="455" count="0" type="stmt"/>
        <line num="456" count="0" type="stmt"/>
        <line num="459" count="2" type="stmt"/>
        <line num="462" count="3" type="cond" truecount="2" falsecount="0"/>
        <line num="463" count="2" type="stmt"/>
        <line num="464" count="2" type="stmt"/>
        <line num="466" count="1" type="stmt"/>
        <line num="470" count="3" type="cond" truecount="2" falsecount="0"/>
        <line num="471" count="1" type="stmt"/>
        <line num="475" count="3" type="stmt"/>
        <line num="476" count="3" type="cond" truecount="2" falsecount="0"/>
        <line num="477" count="2" type="stmt"/>
        <line num="484" count="2" type="cond" truecount="1" falsecount="1"/>
        <line num="485" count="0" type="stmt"/>
        <line num="486" count="0" type="stmt"/>
        <line num="489" count="2" type="stmt"/>
        <line num="492" count="3" type="cond" truecount="2" falsecount="0"/>
        <line num="493" count="2" type="stmt"/>
        <line num="494" count="2" type="stmt"/>
        <line num="496" count="1" type="stmt"/>
        <line num="500" count="3" type="stmt"/>
        <line num="501" count="3" type="cond" truecount="2" falsecount="0"/>
        <line num="502" count="2" type="stmt"/>
        <line num="509" count="2" type="cond" truecount="1" falsecount="1"/>
        <line num="510" count="0" type="stmt"/>
        <line num="511" count="0" type="stmt"/>
        <line num="514" count="2" type="stmt"/>
        <line num="517" count="3" type="cond" truecount="2" falsecount="0"/>
        <line num="518" count="2" type="stmt"/>
        <line num="519" count="2" type="stmt"/>
        <line num="521" count="1" type="stmt"/>
        <line num="525" count="3" type="stmt"/>
        <line num="526" count="3" type="cond" truecount="2" falsecount="0"/>
        <line num="527" count="2" type="stmt"/>
        <line num="534" count="2" type="cond" truecount="1" falsecount="1"/>
        <line num="535" count="0" type="stmt"/>
        <line num="536" count="0" type="stmt"/>
        <line num="539" count="2" type="stmt"/>
        <line num="542" count="3" type="cond" truecount="2" falsecount="0"/>
        <line num="543" count="2" type="stmt"/>
        <line num="544" count="2" type="stmt"/>
        <line num="546" count="1" type="stmt"/>
        <line num="549" count="3" type="stmt"/>
        <line num="550" count="3" type="stmt"/>
        <line num="553" count="40" type="stmt"/>
        <line num="557" count="3" type="stmt"/>
        <line num="558" count="3" type="stmt"/>
        <line num="559" count="3" type="stmt"/>
        <line num="560" count="3" type="stmt"/>
        <line num="562" count="3" type="stmt"/>
        <line num="565" count="3" type="stmt"/>
        <line num="566" count="3" type="cond" truecount="2" falsecount="0"/>
        <line num="567" count="2" type="stmt"/>
        <line num="574" count="2" type="cond" truecount="1" falsecount="1"/>
        <line num="575" count="0" type="stmt"/>
        <line num="576" count="0" type="stmt"/>
        <line num="579" count="2" type="stmt"/>
        <line num="582" count="3" type="cond" truecount="2" falsecount="0"/>
        <line num="583" count="2" type="stmt"/>
        <line num="584" count="2" type="stmt"/>
        <line num="586" count="1" type="stmt"/>
        <line num="590" count="3" type="stmt"/>
        <line num="591" count="3" type="cond" truecount="2" falsecount="0"/>
        <line num="592" count="2" type="stmt"/>
        <line num="599" count="2" type="cond" truecount="1" falsecount="1"/>
        <line num="600" count="0" type="stmt"/>
        <line num="601" count="0" type="stmt"/>
        <line num="604" count="2" type="stmt"/>
        <line num="607" count="3" type="cond" truecount="2" falsecount="0"/>
        <line num="608" count="2" type="stmt"/>
        <line num="609" count="2" type="stmt"/>
        <line num="611" count="1" type="stmt"/>
        <line num="615" count="3" type="stmt"/>
        <line num="616" count="3" type="cond" truecount="2" falsecount="0"/>
        <line num="617" count="2" type="stmt"/>
        <line num="624" count="2" type="cond" truecount="1" falsecount="1"/>
        <line num="625" count="0" type="stmt"/>
        <line num="626" count="0" type="stmt"/>
        <line num="629" count="2" type="stmt"/>
        <line num="632" count="3" type="cond" truecount="2" falsecount="0"/>
        <line num="633" count="2" type="stmt"/>
        <line num="634" count="2" type="stmt"/>
        <line num="636" count="1" type="stmt"/>
        <line num="639" count="3" type="stmt"/>
        <line num="640" count="3" type="stmt"/>
        <line num="644" count="40" type="stmt"/>
        <line num="648" count="3" type="stmt"/>
        <line num="649" count="3" type="stmt"/>
        <line num="650" count="3" type="stmt"/>
        <line num="651" count="3" type="stmt"/>
        <line num="652" count="3" type="stmt"/>
        <line num="653" count="3" type="stmt"/>
        <line num="654" count="3" type="stmt"/>
        <line num="656" count="3" type="stmt"/>
        <line num="659" count="3" type="stmt"/>
        <line num="660" count="3" type="cond" truecount="2" falsecount="0"/>
        <line num="661" count="2" type="stmt"/>
        <line num="668" count="2" type="cond" truecount="1" falsecount="1"/>
        <line num="669" count="0" type="stmt"/>
        <line num="670" count="0" type="stmt"/>
        <line num="672" count="2" type="stmt"/>
        <line num="674" count="3" type="cond" truecount="2" falsecount="0"/>
        <line num="675" count="2" type="stmt"/>
        <line num="676" count="2" type="stmt"/>
        <line num="678" count="1" type="stmt"/>
        <line num="682" count="3" type="stmt"/>
        <line num="683" count="3" type="cond" truecount="2" falsecount="0"/>
        <line num="684" count="2" type="stmt"/>
        <line num="690" count="2" type="cond" truecount="1" falsecount="1"/>
        <line num="691" count="0" type="stmt"/>
        <line num="692" count="0" type="stmt"/>
        <line num="694" count="2" type="stmt"/>
        <line num="696" count="3" type="cond" truecount="2" falsecount="0"/>
        <line num="697" count="2" type="stmt"/>
        <line num="698" count="2" type="stmt"/>
        <line num="700" count="1" type="stmt"/>
        <line num="704" count="3" type="cond" truecount="2" falsecount="0"/>
        <line num="705" count="1" type="stmt"/>
        <line num="709" count="3" type="stmt"/>
        <line num="710" count="3" type="cond" truecount="2" falsecount="0"/>
        <line num="711" count="2" type="stmt"/>
        <line num="717" count="2" type="cond" truecount="1" falsecount="1"/>
        <line num="718" count="0" type="stmt"/>
        <line num="719" count="0" type="stmt"/>
        <line num="721" count="2" type="stmt"/>
        <line num="723" count="3" type="cond" truecount="2" falsecount="0"/>
        <line num="724" count="2" type="stmt"/>
        <line num="725" count="2" type="stmt"/>
        <line num="727" count="1" type="stmt"/>
        <line num="731" count="3" type="stmt"/>
        <line num="732" count="3" type="cond" truecount="2" falsecount="0"/>
        <line num="733" count="2" type="stmt"/>
        <line num="739" count="2" type="cond" truecount="1" falsecount="1"/>
        <line num="740" count="0" type="stmt"/>
        <line num="741" count="0" type="stmt"/>
        <line num="743" count="2" type="stmt"/>
        <line num="745" count="3" type="cond" truecount="2" falsecount="0"/>
        <line num="746" count="2" type="stmt"/>
        <line num="747" count="2" type="stmt"/>
        <line num="749" count="1" type="stmt"/>
        <line num="753" count="3" type="stmt"/>
        <line num="754" count="3" type="cond" truecount="2" falsecount="0"/>
        <line num="755" count="2" type="stmt"/>
        <line num="761" count="2" type="cond" truecount="1" falsecount="1"/>
        <line num="762" count="0" type="stmt"/>
        <line num="763" count="0" type="stmt"/>
        <line num="765" count="2" type="stmt"/>
        <line num="767" count="3" type="cond" truecount="2" falsecount="0"/>
        <line num="768" count="2" type="stmt"/>
        <line num="769" count="2" type="stmt"/>
        <line num="771" count="1" type="stmt"/>
        <line num="774" count="3" type="stmt"/>
        <line num="775" count="3" type="stmt"/>
        <line num="778" count="40" type="stmt"/>
        <line num="782" count="3" type="stmt"/>
        <line num="783" count="3" type="stmt"/>
        <line num="784" count="3" type="stmt"/>
        <line num="786" count="3" type="stmt"/>
        <line num="789" count="3" type="stmt"/>
        <line num="790" count="3" type="cond" truecount="2" falsecount="0"/>
        <line num="791" count="2" type="stmt"/>
        <line num="798" count="2" type="cond" truecount="1" falsecount="1"/>
        <line num="799" count="0" type="stmt"/>
        <line num="800" count="0" type="stmt"/>
        <line num="803" count="2" type="stmt"/>
        <line num="806" count="3" type="cond" truecount="2" falsecount="0"/>
        <line num="807" count="2" type="stmt"/>
        <line num="808" count="2" type="stmt"/>
        <line num="810" count="1" type="stmt"/>
        <line num="814" count="3" type="stmt"/>
        <line num="815" count="3" type="cond" truecount="2" falsecount="0"/>
        <line num="816" count="2" type="stmt"/>
        <line num="823" count="2" type="cond" truecount="1" falsecount="1"/>
        <line num="824" count="0" type="stmt"/>
        <line num="825" count="0" type="stmt"/>
        <line num="828" count="2" type="stmt"/>
        <line num="831" count="3" type="cond" truecount="2" falsecount="0"/>
        <line num="832" count="2" type="stmt"/>
        <line num="833" count="2" type="stmt"/>
        <line num="835" count="1" type="stmt"/>
        <line num="838" count="3" type="stmt"/>
        <line num="839" count="3" type="stmt"/>
        <line num="842" count="40" type="stmt"/>
        <line num="846" count="3" type="stmt"/>
        <line num="847" count="3" type="stmt"/>
        <line num="849" count="3" type="stmt"/>
        <line num="851" count="3" type="stmt"/>
        <line num="852" count="3" type="cond" truecount="2" falsecount="0"/>
        <line num="853" count="2" type="stmt"/>
        <line num="860" count="2" type="cond" truecount="1" falsecount="1"/>
        <line num="861" count="0" type="stmt"/>
        <line num="862" count="0" type="stmt"/>
        <line num="865" count="2" type="stmt"/>
        <line num="868" count="3" type="cond" truecount="2" falsecount="0"/>
        <line num="869" count="2" type="stmt"/>
        <line num="870" count="2" type="stmt"/>
        <line num="872" count="1" type="stmt"/>
        <line num="875" count="3" type="stmt"/>
        <line num="876" count="3" type="stmt"/>
        <line num="880" count="40" type="stmt"/>
        <line num="884" count="3" type="stmt"/>
        <line num="885" count="3" type="stmt"/>
        <line num="887" count="3" type="stmt"/>
        <line num="889" count="3" type="stmt"/>
        <line num="890" count="3" type="cond" truecount="2" falsecount="0"/>
        <line num="891" count="2" type="stmt"/>
        <line num="898" count="2" type="cond" truecount="1" falsecount="1"/>
        <line num="899" count="0" type="stmt"/>
        <line num="900" count="0" type="stmt"/>
        <line num="903" count="2" type="stmt"/>
        <line num="906" count="3" type="cond" truecount="2" falsecount="0"/>
        <line num="907" count="2" type="stmt"/>
        <line num="908" count="2" type="stmt"/>
        <line num="910" count="1" type="stmt"/>
        <line num="913" count="3" type="stmt"/>
        <line num="914" count="3" type="stmt"/>
        <line num="917" count="40" type="stmt"/>
        <line num="921" count="3" type="stmt"/>
        <line num="922" count="3" type="stmt"/>
        <line num="924" count="3" type="stmt"/>
        <line num="926" count="3" type="stmt"/>
        <line num="927" count="3" type="cond" truecount="2" falsecount="0"/>
        <line num="928" count="2" type="stmt"/>
        <line num="935" count="2" type="cond" truecount="1" falsecount="1"/>
        <line num="936" count="0" type="stmt"/>
        <line num="937" count="0" type="stmt"/>
        <line num="940" count="2" type="stmt"/>
        <line num="943" count="3" type="cond" truecount="2" falsecount="0"/>
        <line num="944" count="2" type="stmt"/>
        <line num="945" count="2" type="stmt"/>
        <line num="947" count="1" type="stmt"/>
        <line num="950" count="3" type="stmt"/>
        <line num="951" count="3" type="stmt"/>
        <line num="954" count="40" type="stmt"/>
        <line num="958" count="3" type="stmt"/>
        <line num="959" count="3" type="stmt"/>
        <line num="961" count="3" type="stmt"/>
        <line num="963" count="3" type="stmt"/>
        <line num="964" count="3" type="cond" truecount="2" falsecount="0"/>
        <line num="965" count="2" type="stmt"/>
        <line num="972" count="2" type="cond" truecount="1" falsecount="1"/>
        <line num="973" count="0" type="stmt"/>
        <line num="974" count="0" type="stmt"/>
        <line num="977" count="2" type="stmt"/>
        <line num="980" count="3" type="cond" truecount="2" falsecount="0"/>
        <line num="981" count="2" type="stmt"/>
        <line num="982" count="2" type="stmt"/>
        <line num="984" count="1" type="stmt"/>
        <line num="987" count="3" type="stmt"/>
        <line num="988" count="3" type="stmt"/>
      </file>
    </package>
    <package name="templates">
      <metrics statements="31" coveredstatements="31" conditionals="0" coveredconditionals="0" methods="0" coveredmethods="0"/>
      <file name="aws.ts" path="/app/packages/cli/src/templates/aws.ts">
        <metrics statements="4" coveredstatements="4" conditionals="0" coveredconditionals="0" methods="0" coveredmethods="0"/>
        <line num="1" count="1" type="stmt"/>
        <line num="50" count="1" type="stmt"/>
        <line num="94" count="1" type="stmt"/>
        <line num="128" count="1" type="stmt"/>
      </file>
      <file name="azure.ts" path="/app/packages/cli/src/templates/azure.ts">
        <metrics statements="5" coveredstatements="5" conditionals="0" coveredconditionals="0" methods="0" coveredmethods="0"/>
        <line num="1" count="1" type="stmt"/>
        <line num="18" count="1" type="stmt"/>
        <line num="34" count="1" type="stmt"/>
        <line num="42" count="1" type="stmt"/>
        <line num="81" count="1" type="stmt"/>
      </file>
      <file name="cloudflare-sandbox.ts" path="/app/packages/cli/src/templates/cloudflare-sandbox.ts">
        <metrics statements="4" coveredstatements="4" conditionals="0" coveredconditionals="0" methods="0" coveredmethods="0"/>
        <line num="1" count="1" type="stmt"/>
        <line num="21" count="1" type="stmt"/>
        <line num="110" count="1" type="stmt"/>
        <line num="348" count="1" type="stmt"/>
      </file>
      <file name="cloudflare.ts" path="/app/packages/cli/src/templates/cloudflare.ts">
        <metrics statements="3" coveredstatements="3" conditionals="0" coveredconditionals="0" methods="0" coveredmethods="0"/>
        <line num="1" count="1" type="stmt"/>
        <line num="11" count="1" type="stmt"/>
        <line num="56" count="1" type="stmt"/>
      </file>
      <file name="deno.ts" path="/app/packages/cli/src/templates/deno.ts">
        <metrics statements="1" coveredstatements="1" conditionals="0" coveredconditionals="0" methods="0" coveredmethods="0"/>
        <line num="1" count="1" type="stmt"/>
      </file>
      <file name="docker-adapter.ts" path="/app/packages/cli/src/templates/docker-adapter.ts">
        <metrics statements="2" coveredstatements="2" conditionals="0" coveredconditionals="0" methods="0" coveredmethods="0"/>
        <line num="1" count="1" type="stmt"/>
        <line num="16" count="1" type="stmt"/>
      </file>
      <file name="docker.ts" path="/app/packages/cli/src/templates/docker.ts">
        <metrics statements="2" coveredstatements="2" conditionals="0" coveredconditionals="0" methods="0" coveredmethods="0"/>
        <line num="1" count="1" type="stmt"/>
        <line num="33" count="1" type="stmt"/>
      </file>
      <file name="fly.ts" path="/app/packages/cli/src/templates/fly.ts">
        <metrics statements="3" coveredstatements="3" conditionals="0" coveredconditionals="0" methods="0" coveredmethods="0"/>
        <line num="1" count="1" type="stmt"/>
        <line num="33" count="1" type="stmt"/>
        <line num="52" count="1" type="stmt"/>
      </file>
      <file name="gcp.ts" path="/app/packages/cli/src/templates/gcp.ts">
        <metrics statements="2" coveredstatements="2" conditionals="0" coveredconditionals="0" methods="0" coveredmethods="0"/>
        <line num="1" count="1" type="stmt"/>
        <line num="27" count="1" type="stmt"/>
      </file>
      <file name="hetzner.ts" path="/app/packages/cli/src/templates/hetzner.ts">
        <metrics statements="1" coveredstatements="1" conditionals="0" coveredconditionals="0" methods="0" coveredmethods="0"/>
        <line num="1" count="1" type="stmt"/>
      </file>
      <file name="kubernetes.ts" path="/app/packages/cli/src/templates/kubernetes.ts">
        <metrics statements="2" coveredstatements="2" conditionals="0" coveredconditionals="0" methods="0" coveredmethods="0"/>
        <line num="1" count="1" type="stmt"/>
        <line num="29" count="1" type="stmt"/>
      </file>
      <file name="modal.ts" path="/app/packages/cli/src/templates/modal.ts">
        <metrics statements="1" coveredstatements="1" conditionals="0" coveredconditionals="0" methods="0" coveredmethods="0"/>
        <line num="1" count="1" type="stmt"/>
      </file>
      <file name="vercel.ts" path="/app/packages/cli/src/templates/vercel.ts">
        <metrics statements="1" coveredstatements="1" conditionals="0" coveredconditionals="0" methods="0" coveredmethods="0"/>
        <line num="1" count="1" type="stmt"/>
      </file>
    </package>
  </project>
</coverage>
