<?xml version="1.0" encoding="UTF-8"?>
<coverage generated="1781988603240" clover="3.2.0">
  <project timestamp="1781988603240" name="All files">
    <metrics statements="79" coveredstatements="79" conditionals="68" coveredconditionals="66" methods="5" coveredmethods="5" elements="152" coveredelements="150" complexity="0" loc="79" ncloc="79" packages="1" files="1" classes="1"/>
    <file name="render.ts" path="/app/packages/cli/src/commands/render.ts">
      <metrics statements="79" coveredstatements="79" conditionals="68" coveredconditionals="66" methods="5" coveredmethods="5"/>
      <line num="9" count="7" type="stmt"/>
      <line num="10" count="7" type="cond" truecount="2" falsecount="0"/>
      <line num="11" count="7" type="cond" truecount="2" falsecount="0"/>
      <line num="12" count="7" type="cond" truecount="2" falsecount="0"/>
      <line num="13" count="7" type="cond" truecount="2" falsecount="0"/>
      <line num="14" count="7" type="cond" truecount="2" falsecount="0"/>
      <line num="15" count="7" type="cond" truecount="2" falsecount="0"/>
      <line num="16" count="7" type="cond" truecount="2" falsecount="0"/>
      <line num="17" count="7" type="cond" truecount="2" falsecount="0"/>
      <line num="18" count="7" type="stmt"/>
      <line num="22" count="13" type="stmt"/>
      <line num="42" count="17" type="stmt"/>
      <line num="43" count="17" type="cond" truecount="2" falsecount="0"/>
      <line num="46" count="17" type="stmt"/>
      <line num="48" count="17" type="stmt"/>
      <line num="49" count="17" type="stmt"/>
      <line num="50" count="17" type="stmt"/>
      <line num="52" count="17" type="cond" truecount="2" falsecount="0"/>
      <line num="53" count="17" type="cond" truecount="4" falsecount="0"/>
      <line num="54" count="1" type="stmt"/>
      <line num="57" count="16" type="cond" truecount="2" falsecount="0"/>
      <line num="58" count="17" type="cond" truecount="4" falsecount="0"/>
      <line num="59" count="1" type="stmt"/>
      <line num="63" count="15" type="cond" truecount="1" falsecount="1"/>
      <line num="64" count="17" type="cond" truecount="2" falsecount="0"/>
      <line num="65" count="1" type="stmt"/>
      <line num="69" count="14" type="cond" truecount="2" falsecount="0"/>
      <line num="73" count="17" type="stmt"/>
      <line num="75" count="17" type="cond" truecount="2" falsecount="0"/>
      <line num="76" count="1" type="stmt"/>
      <line num="79" count="14" type="cond" truecount="2" falsecount="0"/>
      <line num="80" count="1" type="stmt"/>
      <line num="83" count="14" type="cond" truecount="2" falsecount="0"/>
      <line num="84" count="7" type="stmt"/>
      <line num="85" count="7" type="stmt"/>
      <line num="86" count="7" type="stmt"/>
      <line num="87" count="7" type="stmt"/>
      <line num="88" count="7" type="cond" truecount="2" falsecount="0"/>
      <line num="90" count="7" type="stmt"/>
      <line num="109" count="7" type="stmt"/>
      <line num="111" count="7" type="stmt"/>
      <line num="112" count="7" type="stmt"/>
      <line num="115" count="7" type="stmt"/>
      <line num="116" count="7" type="cond" truecount="2" falsecount="0"/>
      <line num="117" count="3" type="stmt"/>
      <line num="118" count="3" type="stmt"/>
      <line num="121" count="7" type="stmt"/>
      <line num="123" count="7" type="stmt"/>
      <line num="124" count="7" type="stmt"/>
      <line num="125" count="7" type="stmt"/>
      <line num="127" count="7" type="stmt"/>
      <line num="128" count="7" type="cond" truecount="2" falsecount="0"/>
      <line num="130" count="7" type="cond" truecount="4" falsecount="0"/>
      <line num="134" count="3" type="stmt"/>
      <line num="137" count="3" type="cond" truecount="1" falsecount="1"/>
      <line num="138" count="3" type="stmt"/>
      <line num="139" count="3" type="stmt"/>
      <line num="143" count="3" type="stmt"/>
      <line num="146" count="3" type="cond" truecount="2" falsecount="0"/>
      <line num="151" count="3" type="cond" truecount="2" falsecount="0"/>
      <line num="155" count="3" type="stmt"/>
      <line num="158" count="7" type="stmt"/>
      <line num="169" count="7" type="stmt"/>
      <line num="171" count="7" type="stmt"/>
      <line num="173" count="7" type="cond" truecount="4" falsecount="0"/>
      <line num="174" count="1" type="stmt"/>
      <line num="176" count="7" type="cond" truecount="2" falsecount="0"/>
      <line num="177" count="1" type="stmt"/>
      <line num="179" count="7" type="cond" truecount="2" falsecount="0"/>
      <line num="180" count="1" type="stmt"/>
      <line num="183" count="7" type="stmt"/>
      <line num="195" count="7" type="stmt"/>
      <line num="196" count="7" type="stmt"/>
      <line num="197" count="7" type="stmt"/>
      <line num="200" count="7" type="stmt"/>
      <line num="219" count="17" type="stmt"/>
      <line num="220" count="6" type="stmt"/>
      <line num="222" count="4" type="stmt"/>
      <line num="223" count="4" type="stmt"/>
    </file>
  </project>
</coverage>
