{"/app/packages/cli/src/commands/render.ts": {"path":"/app/packages/cli/src/commands/render.ts","statementMap":{"0":{"start":{"line":9,"column":26},"end":{"line":9,"column":null}},"1":{"start":{"line":10,"column":2},"end":{"line":10,"column":null}},"2":{"start":{"line":10,"column":21},"end":{"line":10,"column":null}},"3":{"start":{"line":11,"column":2},"end":{"line":11,"column":null}},"4":{"start":{"line":11,"column":22},"end":{"line":11,"column":null}},"5":{"start":{"line":12,"column":2},"end":{"line":12,"column":null}},"6":{"start":{"line":12,"column":19},"end":{"line":12,"column":null}},"7":{"start":{"line":13,"column":2},"end":{"line":13,"column":null}},"8":{"start":{"line":13,"column":33},"end":{"line":13,"column":null}},"9":{"start":{"line":14,"column":2},"end":{"line":14,"column":null}},"10":{"start":{"line":14,"column":20},"end":{"line":14,"column":null}},"11":{"start":{"line":15,"column":2},"end":{"line":15,"column":null}},"12":{"start":{"line":15,"column":26},"end":{"line":15,"column":null}},"13":{"start":{"line":16,"column":2},"end":{"line":16,"column":null}},"14":{"start":{"line":16,"column":26},"end":{"line":16,"column":null}},"15":{"start":{"line":17,"column":2},"end":{"line":17,"column":null}},"16":{"start":{"line":17,"column":49},"end":{"line":17,"column":null}},"17":{"start":{"line":18,"column":2},"end":{"line":18,"column":null}},"18":{"start":{"line":22,"column":2},"end":{"line":225,"column":null}},"19":{"start":{"line":42,"column":6},"end":{"line":224,"column":null}},"20":{"start":{"line":43,"column":20},"end":{"line":45,"column":null}},"21":{"start":{"line":46,"column":27},"end":{"line":46,"column":null}},"22":{"start":{"line":48,"column":8},"end":{"line":48,"column":null}},"23":{"start":{"line":49,"column":8},"end":{"line":49,"column":null}},"24":{"start":{"line":50,"column":8},"end":{"line":50,"column":null}},"25":{"start":{"line":52,"column":27},"end":{"line":52,"column":null}},"26":{"start":{"line":53,"column":8},"end":{"line":55,"column":null}},"27":{"start":{"line":54,"column":10},"end":{"line":54,"column":null}},"28":{"start":{"line":57,"column":27},"end":{"line":57,"column":null}},"29":{"start":{"line":58,"column":8},"end":{"line":60,"column":null}},"30":{"start":{"line":59,"column":10},"end":{"line":59,"column":null}},"31":{"start":{"line":63,"column":28},"end":{"line":63,"column":null}},"32":{"start":{"line":64,"column":8},"end":{"line":66,"column":null}},"33":{"start":{"line":65,"column":10},"end":{"line":65,"column":null}},"34":{"start":{"line":69,"column":28},"end":{"line":71,"column":null}},"35":{"start":{"line":73,"column":31},"end":{"line":73,"column":null}},"36":{"start":{"line":75,"column":8},"end":{"line":77,"column":null}},"37":{"start":{"line":76,"column":10},"end":{"line":76,"column":null}},"38":{"start":{"line":79,"column":8},"end":{"line":81,"column":null}},"39":{"start":{"line":80,"column":10},"end":{"line":80,"column":null}},"40":{"start":{"line":83,"column":8},"end":{"line":198,"column":null}},"41":{"start":{"line":84,"column":22},"end":{"line":84,"column":null}},"42":{"start":{"line":85,"column":27},"end":{"line":85,"column":null}},"43":{"start":{"line":86,"column":24},"end":{"line":86,"column":null}},"44":{"start":{"line":87,"column":25},"end":{"line":87,"column":null}},"45":{"start":{"line":88,"column":22},"end":{"line":88,"column":null}},"46":{"start":{"line":90,"column":58},"end":{"line":107,"column":null}},"47":{"start":{"line":109,"column":23},"end":{"line":109,"column":null}},"48":{"start":{"line":111,"column":26},"end":{"line":111,"column":null}},"49":{"start":{"line":112,"column":25},"end":{"line":112,"column":null}},"50":{"start":{"line":115,"column":30},"end":{"line":115,"column":null}},"51":{"start":{"line":116,"column":10},"end":{"line":119,"column":null}},"52":{"start":{"line":117,"column":18},"end":{"line":117,"column":null}},"53":{"start":{"line":118,"column":12},"end":{"line":118,"column":null}},"54":{"start":{"line":121,"column":37},"end":{"line":121,"column":null}},"55":{"start":{"line":123,"column":43},"end":{"line":166,"column":null}},"56":{"start":{"line":124,"column":26},"end":{"line":124,"column":null}},"57":{"start":{"line":125,"column":40},"end":{"line":125,"column":null}},"58":{"start":{"line":127,"column":31},"end":{"line":127,"column":null}},"59":{"start":{"line":128,"column":31},"end":{"line":128,"column":null}},"60":{"start":{"line":130,"column":12},"end":{"line":156,"column":null}},"61":{"start":{"line":134,"column":41},"end":{"line":134,"column":null}},"62":{"start":{"line":137,"column":14},"end":{"line":140,"column":null}},"63":{"start":{"line":138,"column":23},"end":{"line":138,"column":null}},"64":{"start":{"line":139,"column":17},"end":{"line":139,"column":null}},"65":{"start":{"line":143,"column":37},"end":{"line":143,"column":null}},"66":{"start":{"line":146,"column":30},"end":{"line":148,"column":null}},"67":{"start":{"line":151,"column":32},"end":{"line":153,"column":null}},"68":{"start":{"line":155,"column":14},"end":{"line":155,"column":null}},"69":{"start":{"line":158,"column":12},"end":{"line":165,"column":null}},"70":{"start":{"line":169,"column":35},"end":{"line":169,"column":null}},"71":{"start":{"line":169,"column":64},"end":{"line":169,"column":88}},"72":{"start":{"line":171,"column":29},"end":{"line":171,"column":null}},"73":{"start":{"line":173,"column":10},"end":{"line":175,"column":null}},"74":{"start":{"line":174,"column":12},"end":{"line":174,"column":null}},"75":{"start":{"line":176,"column":10},"end":{"line":178,"column":null}},"76":{"start":{"line":177,"column":12},"end":{"line":177,"column":null}},"77":{"start":{"line":179,"column":10},"end":{"line":181,"column":null}},"78":{"start":{"line":180,"column":12},"end":{"line":180,"column":null}},"79":{"start":{"line":183,"column":35},"end":{"line":193,"column":null}},"80":{"start":{"line":195,"column":10},"end":{"line":195,"column":null}},"81":{"start":{"line":196,"column":10},"end":{"line":196,"column":null}},"82":{"start":{"line":197,"column":10},"end":{"line":197,"column":null}},"83":{"start":{"line":200,"column":56},"end":{"line":217,"column":null}},"84":{"start":{"line":219,"column":8},"end":{"line":219,"column":null}},"85":{"start":{"line":220,"column":8},"end":{"line":220,"column":null}},"86":{"start":{"line":222,"column":8},"end":{"line":222,"column":null}},"87":{"start":{"line":223,"column":8},"end":{"line":223,"column":null}}},"fnMap":{"0":{"name":"rendererOptionsToFlags","decl":{"start":{"line":8,"column":9},"end":{"line":8,"column":32}},"loc":{"start":{"line":8,"column":66},"end":{"line":19,"column":null}},"line":8},"1":{"name":"registerRenderCommand","decl":{"start":{"line":21,"column":16},"end":{"line":21,"column":38}},"loc":{"start":{"line":21,"column":56},"end":{"line":226,"column":null}},"line":21},"2":{"name":"(anonymous_2)","decl":{"start":{"line":41,"column":12},"end":{"line":41,"column":19}},"loc":{"start":{"line":41,"column":38},"end":{"line":225,"column":5}},"line":41},"3":{"name":"(anonymous_3)","decl":{"start":{"line":123,"column":59},"end":{"line":123,"column":68}},"loc":{"start":{"line":123,"column":68},"end":{"line":166,"column":11}},"line":123},"4":{"name":"(anonymous_4)","decl":{"start":{"line":169,"column":59},"end":{"line":169,"column":64}},"loc":{"start":{"line":169,"column":64},"end":{"line":169,"column":88}},"line":169}},"branchMap":{"0":{"loc":{"start":{"line":10,"column":2},"end":{"line":10,"column":null}},"type":"if","locations":[{"start":{"line":10,"column":2},"end":{"line":10,"column":null}},{"start":{},"end":{}}],"line":10},"1":{"loc":{"start":{"line":11,"column":2},"end":{"line":11,"column":null}},"type":"if","locations":[{"start":{"line":11,"column":2},"end":{"line":11,"column":null}},{"start":{},"end":{}}],"line":11},"2":{"loc":{"start":{"line":12,"column":2},"end":{"line":12,"column":null}},"type":"if","locations":[{"start":{"line":12,"column":2},"end":{"line":12,"column":null}},{"start":{},"end":{}}],"line":12},"3":{"loc":{"start":{"line":13,"column":2},"end":{"line":13,"column":null}},"type":"if","locations":[{"start":{"line":13,"column":2},"end":{"line":13,"column":null}},{"start":{},"end":{}}],"line":13},"4":{"loc":{"start":{"line":14,"column":2},"end":{"line":14,"column":null}},"type":"if","locations":[{"start":{"line":14,"column":2},"end":{"line":14,"column":null}},{"start":{},"end":{}}],"line":14},"5":{"loc":{"start":{"line":15,"column":2},"end":{"line":15,"column":null}},"type":"if","locations":[{"start":{"line":15,"column":2},"end":{"line":15,"column":null}},{"start":{},"end":{}}],"line":15},"6":{"loc":{"start":{"line":16,"column":2},"end":{"line":16,"column":null}},"type":"if","locations":[{"start":{"line":16,"column":2},"end":{"line":16,"column":null}},{"start":{},"end":{}}],"line":16},"7":{"loc":{"start":{"line":17,"column":2},"end":{"line":17,"column":null}},"type":"if","locations":[{"start":{"line":17,"column":2},"end":{"line":17,"column":null}},{"start":{},"end":{}}],"line":17},"8":{"loc":{"start":{"line":43,"column":20},"end":{"line":45,"column":null}},"type":"cond-expr","locations":[{"start":{"line":44,"column":12},"end":{"line":44,"column":null}},{"start":{"line":44,"column":12},"end":{"line":45,"column":null}}],"line":43},"9":{"loc":{"start":{"line":52,"column":27},"end":{"line":52,"column":null}},"type":"cond-expr","locations":[{"start":{"line":52,"column":48},"end":{"line":52,"column":83}},{"start":{"line":52,"column":83},"end":{"line":52,"column":null}}],"line":52},"10":{"loc":{"start":{"line":53,"column":8},"end":{"line":55,"column":null}},"type":"if","locations":[{"start":{"line":53,"column":8},"end":{"line":55,"column":null}},{"start":{},"end":{}}],"line":53},"11":{"loc":{"start":{"line":53,"column":12},"end":{"line":53,"column":59}},"type":"binary-expr","locations":[{"start":{"line":53,"column":12},"end":{"line":53,"column":40}},{"start":{"line":53,"column":40},"end":{"line":53,"column":59}}],"line":53},"12":{"loc":{"start":{"line":57,"column":27},"end":{"line":57,"column":null}},"type":"cond-expr","locations":[{"start":{"line":57,"column":48},"end":{"line":57,"column":83}},{"start":{"line":57,"column":83},"end":{"line":57,"column":null}}],"line":57},"13":{"loc":{"start":{"line":58,"column":8},"end":{"line":60,"column":null}},"type":"if","locations":[{"start":{"line":58,"column":8},"end":{"line":60,"column":null}},{"start":{},"end":{}}],"line":58},"14":{"loc":{"start":{"line":58,"column":12},"end":{"line":58,"column":59}},"type":"binary-expr","locations":[{"start":{"line":58,"column":12},"end":{"line":58,"column":40}},{"start":{"line":58,"column":40},"end":{"line":58,"column":59}}],"line":58},"15":{"loc":{"start":{"line":63,"column":28},"end":{"line":63,"column":null}},"type":"cond-expr","locations":[{"start":{"line":63,"column":50},"end":{"line":63,"column":86}},{"start":{"line":63,"column":86},"end":{"line":63,"column":null}}],"line":63},"16":{"loc":{"start":{"line":64,"column":8},"end":{"line":66,"column":null}},"type":"if","locations":[{"start":{"line":64,"column":8},"end":{"line":66,"column":null}},{"start":{},"end":{}}],"line":64},"17":{"loc":{"start":{"line":69,"column":28},"end":{"line":71,"column":null}},"type":"cond-expr","locations":[{"start":{"line":70,"column":12},"end":{"line":70,"column":null}},{"start":{"line":71,"column":12},"end":{"line":71,"column":null}}],"line":69},"18":{"loc":{"start":{"line":75,"column":8},"end":{"line":77,"column":null}},"type":"if","locations":[{"start":{"line":75,"column":8},"end":{"line":77,"column":null}},{"start":{},"end":{}}],"line":75},"19":{"loc":{"start":{"line":79,"column":8},"end":{"line":81,"column":null}},"type":"if","locations":[{"start":{"line":79,"column":8},"end":{"line":81,"column":null}},{"start":{},"end":{}}],"line":79},"20":{"loc":{"start":{"line":83,"column":8},"end":{"line":198,"column":null}},"type":"if","locations":[{"start":{"line":83,"column":8},"end":{"line":198,"column":null}},{"start":{},"end":{}}],"line":83},"21":{"loc":{"start":{"line":88,"column":22},"end":{"line":88,"column":null}},"type":"cond-expr","locations":[{"start":{"line":88,"column":40},"end":{"line":88,"column":72}},{"start":{"line":88,"column":72},"end":{"line":88,"column":null}}],"line":88},"22":{"loc":{"start":{"line":116,"column":10},"end":{"line":119,"column":null}},"type":"if","locations":[{"start":{"line":116,"column":10},"end":{"line":119,"column":null}},{"start":{},"end":{}}],"line":116},"23":{"loc":{"start":{"line":128,"column":31},"end":{"line":128,"column":null}},"type":"binary-expr","locations":[{"start":{"line":128,"column":31},"end":{"line":128,"column":50}},{"start":{"line":128,"column":50},"end":{"line":128,"column":null}}],"line":128},"24":{"loc":{"start":{"line":130,"column":12},"end":{"line":156,"column":null}},"type":"if","locations":[{"start":{"line":130,"column":12},"end":{"line":156,"column":null}},{"start":{},"end":{}}],"line":130},"25":{"loc":{"start":{"line":130,"column":16},"end":{"line":130,"column":65}},"type":"binary-expr","locations":[{"start":{"line":130,"column":16},"end":{"line":130,"column":30}},{"start":{"line":130,"column":30},"end":{"line":130,"column":65}}],"line":130},"26":{"loc":{"start":{"line":137,"column":14},"end":{"line":140,"column":null}},"type":"if","locations":[{"start":{"line":137,"column":14},"end":{"line":140,"column":null}},{"start":{},"end":{}}],"line":137},"27":{"loc":{"start":{"line":146,"column":30},"end":{"line":148,"column":null}},"type":"cond-expr","locations":[{"start":{"line":147,"column":18},"end":{"line":147,"column":null}},{"start":{"line":148,"column":18},"end":{"line":148,"column":null}}],"line":146},"28":{"loc":{"start":{"line":151,"column":32},"end":{"line":153,"column":null}},"type":"cond-expr","locations":[{"start":{"line":152,"column":18},"end":{"line":152,"column":null}},{"start":{"line":153,"column":18},"end":{"line":153,"column":null}}],"line":151},"29":{"loc":{"start":{"line":173,"column":10},"end":{"line":175,"column":null}},"type":"if","locations":[{"start":{"line":173,"column":10},"end":{"line":175,"column":null}},{"start":{},"end":{}}],"line":173},"30":{"loc":{"start":{"line":173,"column":14},"end":{"line":173,"column":83}},"type":"binary-expr","locations":[{"start":{"line":173,"column":14},"end":{"line":173,"column":44}},{"start":{"line":173,"column":44},"end":{"line":173,"column":83}}],"line":173},"31":{"loc":{"start":{"line":176,"column":10},"end":{"line":178,"column":null}},"type":"if","locations":[{"start":{"line":176,"column":10},"end":{"line":178,"column":null}},{"start":{},"end":{}}],"line":176},"32":{"loc":{"start":{"line":179,"column":10},"end":{"line":181,"column":null}},"type":"if","locations":[{"start":{"line":179,"column":10},"end":{"line":181,"column":null}},{"start":{},"end":{}}],"line":179},"33":{"loc":{"start":{"line":205,"column":15},"end":{"line":205,"column":null}},"type":"cond-expr","locations":[{"start":{"line":205,"column":33},"end":{"line":205,"column":65}},{"start":{"line":205,"column":65},"end":{"line":205,"column":null}}],"line":205}},"s":{"0":7,"1":7,"2":1,"3":7,"4":1,"5":7,"6":1,"7":7,"8":1,"9":7,"10":1,"11":7,"12":1,"13":7,"14":1,"15":7,"16":1,"17":7,"18":13,"19":17,"20":17,"21":17,"22":17,"23":17,"24":17,"25":17,"26":17,"27":1,"28":16,"29":17,"30":1,"31":15,"32":17,"33":1,"34":14,"35":17,"36":17,"37":1,"38":14,"39":1,"40":14,"41":7,"42":7,"43":7,"44":7,"45":7,"46":7,"47":7,"48":7,"49":7,"50":7,"51":7,"52":3,"53":3,"54":7,"55":7,"56":7,"57":7,"58":7,"59":7,"60":7,"61":3,"62":3,"63":3,"64":3,"65":3,"66":3,"67":3,"68":3,"69":7,"70":7,"71":7,"72":7,"73":7,"74":1,"75":7,"76":1,"77":7,"78":1,"79":7,"80":7,"81":7,"82":7,"83":7,"84":17,"85":6,"86":4,"87":4},"f":{"0":7,"1":13,"2":17,"3":7,"4":7},"b":{"0":[1,6],"1":[1,6],"2":[1,6],"3":[1,6],"4":[1,6],"5":[1,6],"6":[1,6],"7":[1,6],"8":[14,3],"9":[1,16],"10":[1,16],"11":[17,1],"12":[1,15],"13":[1,16],"14":[17,1],"15":[15,0],"16":[1,16],"17":[1,13],"18":[1,16],"19":[1,13],"20":[7,7],"21":[2,5],"22":[3,4],"23":[7,6],"24":[3,4],"25":[7,4],"26":[3,0],"27":[2,1],"28":[1,2],"29":[1,6],"30":[7,1],"31":[1,6],"32":[1,6],"33":[1,6]},"meta":{"lastBranch":34,"lastFunction":5,"lastStatement":88,"seen":{"f:8:9:8:32":0,"s:9:26:9:Infinity":0,"b:10:2:10:Infinity:undefined:undefined:undefined:undefined":0,"s:10:2:10:Infinity":1,"s:10:21:10:Infinity":2,"b:11:2:11:Infinity:undefined:undefined:undefined:undefined":1,"s:11:2:11:Infinity":3,"s:11:22:11:Infinity":4,"b:12:2:12:Infinity:undefined:undefined:undefined:undefined":2,"s:12:2:12:Infinity":5,"s:12:19:12:Infinity":6,"b:13:2:13:Infinity:undefined:undefined:undefined:undefined":3,"s:13:2:13:Infinity":7,"s:13:33:13:Infinity":8,"b:14:2:14:Infinity:undefined:undefined:undefined:undefined":4,"s:14:2:14:Infinity":9,"s:14:20:14:Infinity":10,"b:15:2:15:Infinity:undefined:undefined:undefined:undefined":5,"s:15:2:15:Infinity":11,"s:15:26:15:Infinity":12,"b:16:2:16:Infinity:undefined:undefined:undefined:undefined":6,"s:16:2:16:Infinity":13,"s:16:26:16:Infinity":14,"b:17:2:17:Infinity:undefined:undefined:undefined:undefined":7,"s:17:2:17:Infinity":15,"s:17:49:17:Infinity":16,"s:18:2:18:Infinity":17,"f:21:16:21:38":1,"s:22:2:225:Infinity":18,"f:41:12:41:19":2,"s:42:6:224:Infinity":19,"s:43:20:45:Infinity":20,"b:44:12:44:Infinity:44:12:45:Infinity":8,"s:46:27:46:Infinity":21,"s:48:8:48:Infinity":22,"s:49:8:49:Infinity":23,"s:50:8:50:Infinity":24,"s:52:27:52:Infinity":25,"b:52:48:52:83:52:83:52:Infinity":9,"b:53:8:55:Infinity:undefined:undefined:undefined:undefined":10,"s:53:8:55:Infinity":26,"b:53:12:53:40:53:40:53:59":11,"s:54:10:54:Infinity":27,"s:57:27:57:Infinity":28,"b:57:48:57:83:57:83:57:Infinity":12,"b:58:8:60:Infinity:undefined:undefined:undefined:undefined":13,"s:58:8:60:Infinity":29,"b:58:12:58:40:58:40:58:59":14,"s:59:10:59:Infinity":30,"s:63:28:63:Infinity":31,"b:63:50:63:86:63:86:63:Infinity":15,"b:64:8:66:Infinity:undefined:undefined:undefined:undefined":16,"s:64:8:66:Infinity":32,"s:65:10:65:Infinity":33,"s:69:28:71:Infinity":34,"b:70:12:70:Infinity:71:12:71:Infinity":17,"s:73:31:73:Infinity":35,"b:75:8:77:Infinity:undefined:undefined:undefined:undefined":18,"s:75:8:77:Infinity":36,"s:76:10:76:Infinity":37,"b:79:8:81:Infinity:undefined:undefined:undefined:undefined":19,"s:79:8:81:Infinity":38,"s:80:10:80:Infinity":39,"b:83:8:198:Infinity:undefined:undefined:undefined:undefined":20,"s:83:8:198:Infinity":40,"s:84:22:84:Infinity":41,"s:85:27:85:Infinity":42,"s:86:24:86:Infinity":43,"s:87:25:87:Infinity":44,"s:88:22:88:Infinity":45,"b:88:40:88:72:88:72:88:Infinity":21,"s:90:58:107:Infinity":46,"s:109:23:109:Infinity":47,"s:111:26:111:Infinity":48,"s:112:25:112:Infinity":49,"s:115:30:115:Infinity":50,"b:116:10:119:Infinity:undefined:undefined:undefined:undefined":22,"s:116:10:119:Infinity":51,"s:117:18:117:Infinity":52,"s:118:12:118:Infinity":53,"s:121:37:121:Infinity":54,"s:123:43:166:Infinity":55,"f:123:59:123:68":3,"s:124:26:124:Infinity":56,"s:125:40:125:Infinity":57,"s:127:31:127:Infinity":58,"s:128:31:128:Infinity":59,"b:128:31:128:50:128:50:128:Infinity":23,"b:130:12:156:Infinity:undefined:undefined:undefined:undefined":24,"s:130:12:156:Infinity":60,"b:130:16:130:30:130:30:130:65":25,"s:134:41:134:Infinity":61,"b:137:14:140:Infinity:undefined:undefined:undefined:undefined":26,"s:137:14:140:Infinity":62,"s:138:23:138:Infinity":63,"s:139:17:139:Infinity":64,"s:143:37:143:Infinity":65,"s:146:30:148:Infinity":66,"b:147:18:147:Infinity:148:18:148:Infinity":27,"s:151:32:153:Infinity":67,"b:152:18:152:Infinity:153:18:153:Infinity":28,"s:155:14:155:Infinity":68,"s:158:12:165:Infinity":69,"s:169:35:169:Infinity":70,"f:169:59:169:64":4,"s:169:64:169:88":71,"s:171:29:171:Infinity":72,"b:173:10:175:Infinity:undefined:undefined:undefined:undefined":29,"s:173:10:175:Infinity":73,"b:173:14:173:44:173:44:173:83":30,"s:174:12:174:Infinity":74,"b:176:10:178:Infinity:undefined:undefined:undefined:undefined":31,"s:176:10:178:Infinity":75,"s:177:12:177:Infinity":76,"b:179:10:181:Infinity:undefined:undefined:undefined:undefined":32,"s:179:10:181:Infinity":77,"s:180:12:180:Infinity":78,"s:183:35:193:Infinity":79,"s:195:10:195:Infinity":80,"s:196:10:196:Infinity":81,"s:197:10:197:Infinity":82,"s:200:56:217:Infinity":83,"b:205:33:205:65:205:65:205:Infinity":33,"s:219:8:219:Infinity":84,"s:220:8:220:Infinity":85,"s:222:8:222:Infinity":86,"s:223:8:223:Infinity":87}}}
}
