{"/app/packages/cli/src/commands/job.ts": {"path":"/app/packages/cli/src/commands/job.ts","statementMap":{"0":{"start":{"line":8,"column":2},"end":{"line":22,"column":null}},"1":{"start":{"line":9,"column":16},"end":{"line":9,"column":null}},"2":{"start":{"line":10,"column":4},"end":{"line":12,"column":null}},"3":{"start":{"line":11,"column":6},"end":{"line":11,"column":null}},"4":{"start":{"line":13,"column":21},"end":{"line":13,"column":null}},"5":{"start":{"line":14,"column":4},"end":{"line":14,"column":null}},"6":{"start":{"line":16,"column":20},"end":{"line":16,"column":null}},"7":{"start":{"line":17,"column":4},"end":{"line":19,"column":null}},"8":{"start":{"line":18,"column":6},"end":{"line":18,"column":null}},"9":{"start":{"line":20,"column":20},"end":{"line":20,"column":null}},"10":{"start":{"line":21,"column":4},"end":{"line":21,"column":null}},"11":{"start":{"line":26,"column":21},"end":{"line":28,"column":null}},"12":{"start":{"line":30,"column":2},"end":{"line":238,"column":null}},"13":{"start":{"line":75,"column":6},"end":{"line":237,"column":null}},"14":{"start":{"line":76,"column":36},"end":{"line":76,"column":null}},"15":{"start":{"line":77,"column":24},"end":{"line":77,"column":null}},"16":{"start":{"line":79,"column":8},"end":{"line":81,"column":null}},"17":{"start":{"line":80,"column":10},"end":{"line":80,"column":null}},"18":{"start":{"line":83,"column":28},"end":{"line":83,"column":null}},"19":{"start":{"line":84,"column":8},"end":{"line":86,"column":null}},"20":{"start":{"line":85,"column":10},"end":{"line":85,"column":null}},"21":{"start":{"line":90,"column":8},"end":{"line":98,"column":null}},"22":{"start":{"line":91,"column":30},"end":{"line":91,"column":null}},"23":{"start":{"line":91,"column":55},"end":{"line":91,"column":71}},"24":{"start":{"line":92,"column":10},"end":{"line":94,"column":null}},"25":{"start":{"line":93,"column":12},"end":{"line":93,"column":null}},"26":{"start":{"line":95,"column":10},"end":{"line":97,"column":null}},"27":{"start":{"line":96,"column":22},"end":{"line":96,"column":26}},"28":{"start":{"line":97,"column":26},"end":{"line":97,"column":40}},"29":{"start":{"line":100,"column":28},"end":{"line":100,"column":null}},"30":{"start":{"line":104,"column":8},"end":{"line":215,"column":null}},"31":{"start":{"line":105,"column":10},"end":{"line":107,"column":null}},"32":{"start":{"line":106,"column":12},"end":{"line":106,"column":null}},"33":{"start":{"line":108,"column":10},"end":{"line":112,"column":null}},"34":{"start":{"line":113,"column":8},"end":{"line":215,"column":null}},"35":{"start":{"line":114,"column":10},"end":{"line":116,"column":null}},"36":{"start":{"line":115,"column":12},"end":{"line":115,"column":null}},"37":{"start":{"line":117,"column":10},"end":{"line":120,"column":null}},"38":{"start":{"line":121,"column":8},"end":{"line":215,"column":null}},"39":{"start":{"line":122,"column":10},"end":{"line":124,"column":null}},"40":{"start":{"line":123,"column":12},"end":{"line":123,"column":null}},"41":{"start":{"line":125,"column":10},"end":{"line":129,"column":null}},"42":{"start":{"line":130,"column":8},"end":{"line":215,"column":null}},"43":{"start":{"line":131,"column":10},"end":{"line":133,"column":null}},"44":{"start":{"line":132,"column":12},"end":{"line":132,"column":null}},"45":{"start":{"line":134,"column":10},"end":{"line":138,"column":null}},"46":{"start":{"line":139,"column":8},"end":{"line":215,"column":null}},"47":{"start":{"line":140,"column":10},"end":{"line":142,"column":null}},"48":{"start":{"line":141,"column":12},"end":{"line":141,"column":null}},"49":{"start":{"line":143,"column":10},"end":{"line":147,"column":null}},"50":{"start":{"line":148,"column":8},"end":{"line":215,"column":null}},"51":{"start":{"line":149,"column":10},"end":{"line":151,"column":null}},"52":{"start":{"line":150,"column":12},"end":{"line":150,"column":null}},"53":{"start":{"line":152,"column":10},"end":{"line":157,"column":null}},"54":{"start":{"line":158,"column":8},"end":{"line":215,"column":null}},"55":{"start":{"line":159,"column":10},"end":{"line":161,"column":null}},"56":{"start":{"line":160,"column":12},"end":{"line":160,"column":null}},"57":{"start":{"line":162,"column":10},"end":{"line":168,"column":null}},"58":{"start":{"line":169,"column":8},"end":{"line":215,"column":null}},"59":{"start":{"line":170,"column":10},"end":{"line":172,"column":null}},"60":{"start":{"line":171,"column":12},"end":{"line":171,"column":null}},"61":{"start":{"line":173,"column":10},"end":{"line":176,"column":null}},"62":{"start":{"line":177,"column":8},"end":{"line":215,"column":null}},"63":{"start":{"line":178,"column":10},"end":{"line":180,"column":null}},"64":{"start":{"line":179,"column":12},"end":{"line":179,"column":null}},"65":{"start":{"line":181,"column":10},"end":{"line":184,"column":null}},"66":{"start":{"line":185,"column":8},"end":{"line":215,"column":null}},"67":{"start":{"line":186,"column":10},"end":{"line":188,"column":null}},"68":{"start":{"line":187,"column":12},"end":{"line":187,"column":null}},"69":{"start":{"line":189,"column":10},"end":{"line":193,"column":null}},"70":{"start":{"line":194,"column":8},"end":{"line":215,"column":null}},"71":{"start":{"line":195,"column":10},"end":{"line":197,"column":null}},"72":{"start":{"line":196,"column":12},"end":{"line":196,"column":null}},"73":{"start":{"line":198,"column":10},"end":{"line":201,"column":null}},"74":{"start":{"line":202,"column":8},"end":{"line":215,"column":null}},"75":{"start":{"line":203,"column":10},"end":{"line":205,"column":null}},"76":{"start":{"line":204,"column":12},"end":{"line":204,"column":null}},"77":{"start":{"line":206,"column":10},"end":{"line":212,"column":null}},"78":{"start":{"line":214,"column":10},"end":{"line":214,"column":null}},"79":{"start":{"line":217,"column":25},"end":{"line":217,"column":null}},"80":{"start":{"line":220,"column":38},"end":{"line":223,"column":null}},"81":{"start":{"line":225,"column":8},"end":{"line":232,"column":null}},"82":{"start":{"line":230,"column":55},"end":{"line":230,"column":null}},"83":{"start":{"line":231,"column":55},"end":{"line":231,"column":null}},"84":{"start":{"line":235,"column":8},"end":{"line":235,"column":null}},"85":{"start":{"line":236,"column":8},"end":{"line":236,"column":null}}},"fnMap":{"0":{"name":"loadJobSpec","decl":{"start":{"line":7,"column":22},"end":{"line":7,"column":34}},"loc":{"start":{"line":7,"column":95},"end":{"line":23,"column":null}},"line":7},"1":{"name":"registerJobCommand","decl":{"start":{"line":25,"column":16},"end":{"line":25,"column":35}},"loc":{"start":{"line":25,"column":53},"end":{"line":239,"column":null}},"line":25},"2":{"name":"(anonymous_2)","decl":{"start":{"line":74,"column":12},"end":{"line":74,"column":19}},"loc":{"start":{"line":74,"column":37},"end":{"line":238,"column":5}},"line":74},"3":{"name":"(anonymous_3)","decl":{"start":{"line":91,"column":50},"end":{"line":91,"column":55}},"loc":{"start":{"line":91,"column":55},"end":{"line":91,"column":71}},"line":91},"4":{"name":"(anonymous_4)","decl":{"start":{"line":96,"column":17},"end":{"line":96,"column":22}},"loc":{"start":{"line":96,"column":22},"end":{"line":96,"column":26}},"line":96},"5":{"name":"(anonymous_5)","decl":{"start":{"line":97,"column":20},"end":{"line":97,"column":26}},"loc":{"start":{"line":97,"column":26},"end":{"line":97,"column":40}},"line":97},"6":{"name":"(anonymous_6)","decl":{"start":{"line":230,"column":25},"end":{"line":230,"column":26}},"loc":{"start":{"line":230,"column":55},"end":{"line":230,"column":null}},"line":230},"7":{"name":"(anonymous_7)","decl":{"start":{"line":231,"column":25},"end":{"line":231,"column":26}},"loc":{"start":{"line":231,"column":55},"end":{"line":231,"column":null}},"line":231}},"branchMap":{"0":{"loc":{"start":{"line":8,"column":2},"end":{"line":22,"column":null}},"type":"if","locations":[{"start":{"line":8,"column":2},"end":{"line":22,"column":null}},{"start":{"line":15,"column":9},"end":{"line":22,"column":null}}],"line":8},"1":{"loc":{"start":{"line":8,"column":6},"end":{"line":8,"column":65}},"type":"binary-expr","locations":[{"start":{"line":8,"column":6},"end":{"line":8,"column":36}},{"start":{"line":8,"column":36},"end":{"line":8,"column":65}}],"line":8},"2":{"loc":{"start":{"line":10,"column":4},"end":{"line":12,"column":null}},"type":"if","locations":[{"start":{"line":10,"column":4},"end":{"line":12,"column":null}},{"start":{},"end":{}}],"line":10},"3":{"loc":{"start":{"line":17,"column":4},"end":{"line":19,"column":null}},"type":"if","locations":[{"start":{"line":17,"column":4},"end":{"line":19,"column":null}},{"start":{},"end":{}}],"line":17},"4":{"loc":{"start":{"line":77,"column":24},"end":{"line":77,"column":null}},"type":"cond-expr","locations":[{"start":{"line":77,"column":40},"end":{"line":77,"column":70}},{"start":{"line":77,"column":70},"end":{"line":77,"column":null}}],"line":77},"5":{"loc":{"start":{"line":79,"column":8},"end":{"line":81,"column":null}},"type":"if","locations":[{"start":{"line":79,"column":8},"end":{"line":81,"column":null}},{"start":{},"end":{}}],"line":79},"6":{"loc":{"start":{"line":79,"column":12},"end":{"line":79,"column":53}},"type":"binary-expr","locations":[{"start":{"line":79,"column":12},"end":{"line":79,"column":37}},{"start":{"line":79,"column":37},"end":{"line":79,"column":53}}],"line":79},"7":{"loc":{"start":{"line":84,"column":8},"end":{"line":86,"column":null}},"type":"if","locations":[{"start":{"line":84,"column":8},"end":{"line":86,"column":null}},{"start":{},"end":{}}],"line":84},"8":{"loc":{"start":{"line":84,"column":12},"end":{"line":84,"column":51}},"type":"binary-expr","locations":[{"start":{"line":84,"column":12},"end":{"line":84,"column":34}},{"start":{"line":84,"column":34},"end":{"line":84,"column":51}}],"line":84},"9":{"loc":{"start":{"line":90,"column":8},"end":{"line":98,"column":null}},"type":"if","locations":[{"start":{"line":90,"column":8},"end":{"line":98,"column":null}},{"start":{},"end":{}}],"line":90},"10":{"loc":{"start":{"line":92,"column":10},"end":{"line":94,"column":null}},"type":"if","locations":[{"start":{"line":92,"column":10},"end":{"line":94,"column":null}},{"start":{},"end":{}}],"line":92},"11":{"loc":{"start":{"line":100,"column":28},"end":{"line":100,"column":null}},"type":"binary-expr","locations":[{"start":{"line":100,"column":28},"end":{"line":100,"column":45}},{"start":{"line":100,"column":45},"end":{"line":100,"column":null}}],"line":100},"12":{"loc":{"start":{"line":104,"column":8},"end":{"line":215,"column":null}},"type":"if","locations":[{"start":{"line":104,"column":8},"end":{"line":215,"column":null}},{"start":{"line":113,"column":8},"end":{"line":215,"column":null}}],"line":104},"13":{"loc":{"start":{"line":105,"column":10},"end":{"line":107,"column":null}},"type":"if","locations":[{"start":{"line":105,"column":10},"end":{"line":107,"column":null}},{"start":{},"end":{}}],"line":105},"14":{"loc":{"start":{"line":111,"column":23},"end":{"line":111,"column":null}},"type":"binary-expr","locations":[{"start":{"line":111,"column":23},"end":{"line":111,"column":47}},{"start":{"line":111,"column":47},"end":{"line":111,"column":null}}],"line":111},"15":{"loc":{"start":{"line":113,"column":8},"end":{"line":215,"column":null}},"type":"if","locations":[{"start":{"line":113,"column":8},"end":{"line":215,"column":null}},{"start":{"line":121,"column":8},"end":{"line":215,"column":null}}],"line":113},"16":{"loc":{"start":{"line":114,"column":10},"end":{"line":116,"column":null}},"type":"if","locations":[{"start":{"line":114,"column":10},"end":{"line":116,"column":null}},{"start":{},"end":{}}],"line":114},"17":{"loc":{"start":{"line":119,"column":23},"end":{"line":119,"column":null}},"type":"binary-expr","locations":[{"start":{"line":119,"column":23},"end":{"line":119,"column":47}},{"start":{"line":119,"column":47},"end":{"line":119,"column":null}}],"line":119},"18":{"loc":{"start":{"line":121,"column":8},"end":{"line":215,"column":null}},"type":"if","locations":[{"start":{"line":121,"column":8},"end":{"line":215,"column":null}},{"start":{"line":130,"column":8},"end":{"line":215,"column":null}}],"line":121},"19":{"loc":{"start":{"line":122,"column":10},"end":{"line":124,"column":null}},"type":"if","locations":[{"start":{"line":122,"column":10},"end":{"line":124,"column":null}},{"start":{},"end":{}}],"line":122},"20":{"loc":{"start":{"line":128,"column":23},"end":{"line":128,"column":null}},"type":"binary-expr","locations":[{"start":{"line":128,"column":23},"end":{"line":128,"column":54}},{"start":{"line":128,"column":54},"end":{"line":128,"column":null}}],"line":128},"21":{"loc":{"start":{"line":130,"column":8},"end":{"line":215,"column":null}},"type":"if","locations":[{"start":{"line":130,"column":8},"end":{"line":215,"column":null}},{"start":{"line":139,"column":8},"end":{"line":215,"column":null}}],"line":130},"22":{"loc":{"start":{"line":131,"column":10},"end":{"line":133,"column":null}},"type":"if","locations":[{"start":{"line":131,"column":10},"end":{"line":133,"column":null}},{"start":{},"end":{}}],"line":131},"23":{"loc":{"start":{"line":131,"column":14},"end":{"line":131,"column":128}},"type":"binary-expr","locations":[{"start":{"line":131,"column":14},"end":{"line":131,"column":53}},{"start":{"line":131,"column":53},"end":{"line":131,"column":91}},{"start":{"line":131,"column":91},"end":{"line":131,"column":128}}],"line":131},"24":{"loc":{"start":{"line":139,"column":8},"end":{"line":215,"column":null}},"type":"if","locations":[{"start":{"line":139,"column":8},"end":{"line":215,"column":null}},{"start":{"line":148,"column":8},"end":{"line":215,"column":null}}],"line":139},"25":{"loc":{"start":{"line":140,"column":10},"end":{"line":142,"column":null}},"type":"if","locations":[{"start":{"line":140,"column":10},"end":{"line":142,"column":null}},{"start":{},"end":{}}],"line":140},"26":{"loc":{"start":{"line":146,"column":23},"end":{"line":146,"column":null}},"type":"binary-expr","locations":[{"start":{"line":146,"column":23},"end":{"line":146,"column":49}},{"start":{"line":146,"column":49},"end":{"line":146,"column":null}}],"line":146},"27":{"loc":{"start":{"line":148,"column":8},"end":{"line":215,"column":null}},"type":"if","locations":[{"start":{"line":148,"column":8},"end":{"line":215,"column":null}},{"start":{"line":158,"column":8},"end":{"line":215,"column":null}}],"line":148},"28":{"loc":{"start":{"line":149,"column":10},"end":{"line":151,"column":null}},"type":"if","locations":[{"start":{"line":149,"column":10},"end":{"line":151,"column":null}},{"start":{},"end":{}}],"line":149},"29":{"loc":{"start":{"line":149,"column":14},"end":{"line":149,"column":83}},"type":"binary-expr","locations":[{"start":{"line":149,"column":14},"end":{"line":149,"column":38}},{"start":{"line":149,"column":38},"end":{"line":149,"column":61}},{"start":{"line":149,"column":61},"end":{"line":149,"column":83}}],"line":149},"30":{"loc":{"start":{"line":158,"column":8},"end":{"line":215,"column":null}},"type":"if","locations":[{"start":{"line":158,"column":8},"end":{"line":215,"column":null}},{"start":{"line":169,"column":8},"end":{"line":215,"column":null}}],"line":158},"31":{"loc":{"start":{"line":159,"column":10},"end":{"line":161,"column":null}},"type":"if","locations":[{"start":{"line":159,"column":10},"end":{"line":161,"column":null}},{"start":{},"end":{}}],"line":159},"32":{"loc":{"start":{"line":169,"column":8},"end":{"line":215,"column":null}},"type":"if","locations":[{"start":{"line":169,"column":8},"end":{"line":215,"column":null}},{"start":{"line":177,"column":8},"end":{"line":215,"column":null}}],"line":169},"33":{"loc":{"start":{"line":170,"column":10},"end":{"line":172,"column":null}},"type":"if","locations":[{"start":{"line":170,"column":10},"end":{"line":172,"column":null}},{"start":{},"end":{}}],"line":170},"34":{"loc":{"start":{"line":175,"column":24},"end":{"line":175,"column":null}},"type":"cond-expr","locations":[{"start":{"line":175,"column":45},"end":{"line":175,"column":77}},{"start":{"line":175,"column":77},"end":{"line":175,"column":null}}],"line":175},"35":{"loc":{"start":{"line":177,"column":8},"end":{"line":215,"column":null}},"type":"if","locations":[{"start":{"line":177,"column":8},"end":{"line":215,"column":null}},{"start":{"line":185,"column":8},"end":{"line":215,"column":null}}],"line":177},"36":{"loc":{"start":{"line":178,"column":10},"end":{"line":180,"column":null}},"type":"if","locations":[{"start":{"line":178,"column":10},"end":{"line":180,"column":null}},{"start":{},"end":{}}],"line":178},"37":{"loc":{"start":{"line":185,"column":8},"end":{"line":215,"column":null}},"type":"if","locations":[{"start":{"line":185,"column":8},"end":{"line":215,"column":null}},{"start":{"line":194,"column":8},"end":{"line":215,"column":null}}],"line":185},"38":{"loc":{"start":{"line":186,"column":10},"end":{"line":188,"column":null}},"type":"if","locations":[{"start":{"line":186,"column":10},"end":{"line":188,"column":null}},{"start":{},"end":{}}],"line":186},"39":{"loc":{"start":{"line":192,"column":23},"end":{"line":192,"column":null}},"type":"binary-expr","locations":[{"start":{"line":192,"column":23},"end":{"line":192,"column":50}},{"start":{"line":192,"column":50},"end":{"line":192,"column":null}}],"line":192},"40":{"loc":{"start":{"line":194,"column":8},"end":{"line":215,"column":null}},"type":"if","locations":[{"start":{"line":194,"column":8},"end":{"line":215,"column":null}},{"start":{"line":202,"column":8},"end":{"line":215,"column":null}}],"line":194},"41":{"loc":{"start":{"line":195,"column":10},"end":{"line":197,"column":null}},"type":"if","locations":[{"start":{"line":195,"column":10},"end":{"line":197,"column":null}},{"start":{},"end":{}}],"line":195},"42":{"loc":{"start":{"line":202,"column":8},"end":{"line":215,"column":null}},"type":"if","locations":[{"start":{"line":202,"column":8},"end":{"line":215,"column":null}},{"start":{"line":213,"column":15},"end":{"line":215,"column":null}}],"line":202},"43":{"loc":{"start":{"line":203,"column":10},"end":{"line":205,"column":null}},"type":"if","locations":[{"start":{"line":203,"column":10},"end":{"line":205,"column":null}},{"start":{},"end":{}}],"line":203},"44":{"loc":{"start":{"line":203,"column":14},"end":{"line":203,"column":95}},"type":"binary-expr","locations":[{"start":{"line":203,"column":14},"end":{"line":203,"column":42}},{"start":{"line":203,"column":42},"end":{"line":203,"column":72}},{"start":{"line":203,"column":72},"end":{"line":203,"column":95}}],"line":203},"45":{"loc":{"start":{"line":210,"column":22},"end":{"line":210,"column":null}},"type":"cond-expr","locations":[{"start":{"line":210,"column":48},"end":{"line":210,"column":88}},{"start":{"line":210,"column":88},"end":{"line":210,"column":null}}],"line":210},"46":{"loc":{"start":{"line":222,"column":15},"end":{"line":222,"column":null}},"type":"binary-expr","locations":[{"start":{"line":222,"column":15},"end":{"line":222,"column":37}},{"start":{"line":222,"column":37},"end":{"line":222,"column":null}}],"line":222}},"s":{"0":42,"1":2,"2":2,"3":1,"4":1,"5":1,"6":40,"7":40,"8":1,"9":39,"10":39,"11":42,"12":42,"13":38,"14":38,"15":38,"16":38,"17":1,"18":37,"19":37,"20":1,"21":36,"22":2,"23":4,"24":2,"25":1,"26":1,"27":2,"28":2,"29":35,"30":38,"31":2,"32":1,"33":1,"34":33,"35":2,"36":1,"37":1,"38":31,"39":2,"40":1,"41":1,"42":29,"43":3,"44":2,"45":1,"46":26,"47":3,"48":2,"49":1,"50":23,"51":3,"52":2,"53":1,"54":20,"55":2,"56":1,"57":1,"58":18,"59":3,"60":1,"61":2,"62":15,"63":2,"64":1,"65":1,"66":13,"67":2,"68":1,"69":1,"70":11,"71":2,"72":1,"73":1,"74":9,"75":3,"76":1,"77":2,"78":6,"79":20,"80":20,"81":38,"82":1,"83":1,"84":20,"85":20},"f":{"0":42,"1":42,"2":38,"3":4,"4":2,"5":2,"6":1,"7":1},"b":{"0":[2,40],"1":[42,40],"2":[1,1],"3":[1,39],"4":[3,35],"5":[1,37],"6":[38,3],"7":[1,36],"8":[37,37],"9":[2,34],"10":[1,1],"11":[35,35],"12":[2,33],"13":[1,1],"14":[1,1],"15":[2,31],"16":[1,1],"17":[1,1],"18":[2,29],"19":[1,1],"20":[1,1],"21":[3,26],"22":[2,1],"23":[3,1,1],"24":[3,23],"25":[2,1],"26":[1,1],"27":[3,20],"28":[2,1],"29":[3,1,1],"30":[2,18],"31":[1,1],"32":[3,15],"33":[1,2],"34":[1,1],"35":[2,13],"36":[1,1],"37":[2,11],"38":[1,1],"39":[1,1],"40":[2,9],"41":[1,1],"42":[3,6],"43":[1,2],"44":[3,2,2],"45":[1,1],"46":[20,20]},"meta":{"lastBranch":47,"lastFunction":8,"lastStatement":86,"seen":{"f:7:22:7:34":0,"b:8:2:22:Infinity:15:9:22:Infinity":0,"s:8:2:22:Infinity":0,"b:8:6:8:36:8:36:8:65":1,"s:9:16:9:Infinity":1,"b:10:4:12:Infinity:undefined:undefined:undefined:undefined":2,"s:10:4:12:Infinity":2,"s:11:6:11:Infinity":3,"s:13:21:13:Infinity":4,"s:14:4:14:Infinity":5,"s:16:20:16:Infinity":6,"b:17:4:19:Infinity:undefined:undefined:undefined:undefined":3,"s:17:4:19:Infinity":7,"s:18:6:18:Infinity":8,"s:20:20:20:Infinity":9,"s:21:4:21:Infinity":10,"f:25:16:25:35":1,"s:26:21:28:Infinity":11,"s:30:2:238:Infinity":12,"f:74:12:74:19":2,"s:75:6:237:Infinity":13,"s:76:36:76:Infinity":14,"s:77:24:77:Infinity":15,"b:77:40:77:70:77:70:77:Infinity":4,"b:79:8:81:Infinity:undefined:undefined:undefined:undefined":5,"s:79:8:81:Infinity":16,"b:79:12:79:37:79:37:79:53":6,"s:80:10:80:Infinity":17,"s:83:28:83:Infinity":18,"b:84:8:86:Infinity:undefined:undefined:undefined:undefined":7,"s:84:8:86:Infinity":19,"b:84:12:84:34:84:34:84:51":8,"s:85:10:85:Infinity":20,"b:90:8:98:Infinity:undefined:undefined:undefined:undefined":9,"s:90:8:98:Infinity":21,"s:91:30:91:Infinity":22,"f:91:50:91:55":3,"s:91:55:91:71":23,"b:92:10:94:Infinity:undefined:undefined:undefined:undefined":10,"s:92:10:94:Infinity":24,"s:93:12:93:Infinity":25,"s:95:10:97:Infinity":26,"f:96:17:96:22":4,"s:96:22:96:26":27,"f:97:20:97:26":5,"s:97:26:97:40":28,"s:100:28:100:Infinity":29,"b:100:28:100:45:100:45:100:Infinity":11,"b:104:8:215:Infinity:113:8:215:Infinity":12,"s:104:8:215:Infinity":30,"b:105:10:107:Infinity:undefined:undefined:undefined:undefined":13,"s:105:10:107:Infinity":31,"s:106:12:106:Infinity":32,"s:108:10:112:Infinity":33,"b:111:23:111:47:111:47:111:Infinity":14,"b:113:8:215:Infinity:121:8:215:Infinity":15,"s:113:8:215:Infinity":34,"b:114:10:116:Infinity:undefined:undefined:undefined:undefined":16,"s:114:10:116:Infinity":35,"s:115:12:115:Infinity":36,"s:117:10:120:Infinity":37,"b:119:23:119:47:119:47:119:Infinity":17,"b:121:8:215:Infinity:130:8:215:Infinity":18,"s:121:8:215:Infinity":38,"b:122:10:124:Infinity:undefined:undefined:undefined:undefined":19,"s:122:10:124:Infinity":39,"s:123:12:123:Infinity":40,"s:125:10:129:Infinity":41,"b:128:23:128:54:128:54:128:Infinity":20,"b:130:8:215:Infinity:139:8:215:Infinity":21,"s:130:8:215:Infinity":42,"b:131:10:133:Infinity:undefined:undefined:undefined:undefined":22,"s:131:10:133:Infinity":43,"b:131:14:131:53:131:53:131:91:131:91:131:128":23,"s:132:12:132:Infinity":44,"s:134:10:138:Infinity":45,"b:139:8:215:Infinity:148:8:215:Infinity":24,"s:139:8:215:Infinity":46,"b:140:10:142:Infinity:undefined:undefined:undefined:undefined":25,"s:140:10:142:Infinity":47,"s:141:12:141:Infinity":48,"s:143:10:147:Infinity":49,"b:146:23:146:49:146:49:146:Infinity":26,"b:148:8:215:Infinity:158:8:215:Infinity":27,"s:148:8:215:Infinity":50,"b:149:10:151:Infinity:undefined:undefined:undefined:undefined":28,"s:149:10:151:Infinity":51,"b:149:14:149:38:149:38:149:61:149:61:149:83":29,"s:150:12:150:Infinity":52,"s:152:10:157:Infinity":53,"b:158:8:215:Infinity:169:8:215:Infinity":30,"s:158:8:215:Infinity":54,"b:159:10:161:Infinity:undefined:undefined:undefined:undefined":31,"s:159:10:161:Infinity":55,"s:160:12:160:Infinity":56,"s:162:10:168:Infinity":57,"b:169:8:215:Infinity:177:8:215:Infinity":32,"s:169:8:215:Infinity":58,"b:170:10:172:Infinity:undefined:undefined:undefined:undefined":33,"s:170:10:172:Infinity":59,"s:171:12:171:Infinity":60,"s:173:10:176:Infinity":61,"b:175:45:175:77:175:77:175:Infinity":34,"b:177:8:215:Infinity:185:8:215:Infinity":35,"s:177:8:215:Infinity":62,"b:178:10:180:Infinity:undefined:undefined:undefined:undefined":36,"s:178:10:180:Infinity":63,"s:179:12:179:Infinity":64,"s:181:10:184:Infinity":65,"b:185:8:215:Infinity:194:8:215:Infinity":37,"s:185:8:215:Infinity":66,"b:186:10:188:Infinity:undefined:undefined:undefined:undefined":38,"s:186:10:188:Infinity":67,"s:187:12:187:Infinity":68,"s:189:10:193:Infinity":69,"b:192:23:192:50:192:50:192:Infinity":39,"b:194:8:215:Infinity:202:8:215:Infinity":40,"s:194:8:215:Infinity":70,"b:195:10:197:Infinity:undefined:undefined:undefined:undefined":41,"s:195:10:197:Infinity":71,"s:196:12:196:Infinity":72,"s:198:10:201:Infinity":73,"b:202:8:215:Infinity:213:15:215:Infinity":42,"s:202:8:215:Infinity":74,"b:203:10:205:Infinity:undefined:undefined:undefined:undefined":43,"s:203:10:205:Infinity":75,"b:203:14:203:42:203:42:203:72:203:72:203:95":44,"s:204:12:204:Infinity":76,"s:206:10:212:Infinity":77,"b:210:48:210:88:210:88:210:Infinity":45,"s:214:10:214:Infinity":78,"s:217:25:217:Infinity":79,"s:220:38:223:Infinity":80,"b:222:15:222:37:222:37:222:Infinity":46,"s:225:8:232:Infinity":81,"f:230:25:230:26":6,"s:230:55:230:Infinity":82,"f:231:25:231:26":7,"s:231:55:231:Infinity":83,"s:235:8:235:Infinity":84,"s:236:8:236:Infinity":85}}}
}
