<?xml version="1.0" encoding="UTF-8"?>
<coverage generated="1776882788508" clover="3.2.0">
  <project timestamp="1776882788508" name="All files">
    <metrics statements="2808" coveredstatements="2488" conditionals="1679" coveredconditionals="1315" methods="587" coveredmethods="503" elements="5074" coveredelements="4306" complexity="0" loc="2808" ncloc="2808" packages="2" files="14" classes="14"/>
    <package name="src">
      <metrics statements="1772" coveredstatements="1554" conditionals="1089" coveredconditionals="847" methods="383" coveredmethods="324"/>
      <file name="bridge.ts" path="/app/packages/player/src/bridge.ts">
        <metrics statements="137" coveredstatements="137" conditionals="98" coveredconditionals="89" methods="13" coveredmethods="13"/>
        <line num="8" count="34" type="stmt"/>
        <line num="9" count="34" type="stmt"/>
        <line num="10" count="34" type="stmt"/>
        <line num="13" count="34" type="stmt"/>
        <line num="16" count="34" type="stmt"/>
        <line num="17" count="68" type="cond" truecount="2" falsecount="0"/>
        <line num="19" count="64" type="stmt"/>
        <line num="20" count="64" type="cond" truecount="24" falsecount="0"/>
        <line num="22" count="2" type="stmt"/>
        <line num="23" count="2" type="stmt"/>
        <line num="24" count="2" type="stmt"/>
        <line num="25" count="2" type="stmt"/>
        <line num="26" count="2" type="stmt"/>
        <line num="29" count="1" type="stmt"/>
        <line num="30" count="1" type="stmt"/>
        <line num="31" count="1" type="stmt"/>
        <line num="33" count="1" type="stmt"/>
        <line num="34" count="1" type="stmt"/>
        <line num="36" count="2" type="stmt"/>
        <line num="37" count="2" type="stmt"/>
        <line num="39" count="3" type="cond" truecount="2" falsecount="0"/>
        <line num="40" count="2" type="stmt"/>
        <line num="41" count="2" type="stmt"/>
        <line num="42" count="2" type="stmt"/>
        <line num="43" count="2" type="stmt"/>
        <line num="47" count="3" type="stmt"/>
        <line num="49" count="3" type="cond" truecount="2" falsecount="0"/>
        <line num="50" count="2" type="stmt"/>
        <line num="52" count="3" type="stmt"/>
        <line num="54" count="3" type="stmt"/>
        <line num="55" count="3" type="cond" truecount="4" falsecount="0"/>
        <line num="56" count="2" type="stmt"/>
        <line num="58" count="3" type="stmt"/>
        <line num="60" count="2" type="stmt"/>
        <line num="61" count="2" type="stmt"/>
        <line num="63" count="3" type="cond" truecount="2" falsecount="0"/>
        <line num="64" count="2" type="stmt"/>
        <line num="66" count="3" type="stmt"/>
        <line num="68" count="3" type="cond" truecount="2" falsecount="0"/>
        <line num="69" count="2" type="stmt"/>
        <line num="71" count="3" type="stmt"/>
        <line num="73" count="3" type="cond" truecount="4" falsecount="0"/>
        <line num="74" count="2" type="stmt"/>
        <line num="76" count="3" type="stmt"/>
        <line num="78" count="3" type="cond" truecount="4" falsecount="0"/>
        <line num="79" count="2" type="stmt"/>
        <line num="81" count="3" type="stmt"/>
        <line num="83" count="3" type="cond" truecount="2" falsecount="0"/>
        <line num="84" count="2" type="stmt"/>
        <line num="86" count="3" type="stmt"/>
        <line num="88" count="3" type="cond" truecount="2" falsecount="0"/>
        <line num="89" count="2" type="stmt"/>
        <line num="91" count="3" type="stmt"/>
        <line num="93" count="3" type="cond" truecount="2" falsecount="0"/>
        <line num="94" count="2" type="stmt"/>
        <line num="96" count="3" type="stmt"/>
        <line num="98" count="2" type="cond" truecount="2" falsecount="0"/>
        <line num="99" count="1" type="stmt"/>
        <line num="101" count="2" type="stmt"/>
        <line num="103" count="3" type="cond" truecount="2" falsecount="0"/>
        <line num="104" count="2" type="stmt"/>
        <line num="106" count="3" type="stmt"/>
        <line num="108" count="4" type="cond" truecount="4" falsecount="0"/>
        <line num="109" count="3" type="stmt"/>
        <line num="111" count="4" type="stmt"/>
        <line num="113" count="2" type="cond" truecount="2" falsecount="0"/>
        <line num="114" count="1" type="stmt"/>
        <line num="116" count="2" type="stmt"/>
        <line num="118" count="1" type="stmt"/>
        <line num="119" count="1" type="stmt"/>
        <line num="121" count="1" type="cond" truecount="1" falsecount="1"/>
        <line num="122" count="1" type="stmt"/>
        <line num="124" count="1" type="stmt"/>
        <line num="125" count="1" type="stmt"/>
        <line num="127" count="1" type="cond" truecount="1" falsecount="1"/>
        <line num="128" count="1" type="stmt"/>
        <line num="129" count="1" type="cond" truecount="1" falsecount="1"/>
        <line num="130" count="1" type="stmt"/>
        <line num="131" count="1" type="stmt"/>
        <line num="133" count="1" type="stmt"/>
        <line num="135" count="1" type="stmt"/>
        <line num="137" count="1" type="stmt"/>
        <line num="139" count="1" type="cond" truecount="1" falsecount="1"/>
        <line num="140" count="1" type="stmt"/>
        <line num="141" count="1" type="stmt"/>
        <line num="143" count="1" type="cond" truecount="1" falsecount="1"/>
        <line num="144" count="1" type="stmt"/>
        <line num="146" count="1" type="stmt"/>
        <line num="148" count="1" type="stmt"/>
        <line num="149" count="1" type="stmt"/>
        <line num="150" count="1" type="stmt"/>
        <line num="152" count="11" type="stmt"/>
        <line num="153" count="11" type="stmt"/>
        <line num="159" count="34" type="stmt"/>
        <line num="162" count="34" type="stmt"/>
        <line num="163" count="3" type="cond" truecount="2" falsecount="0"/>
        <line num="164" count="1" type="stmt"/>
        <line num="166" count="2" type="stmt"/>
        <line num="168" count="3" type="stmt"/>
        <line num="172" count="34" type="stmt"/>
        <line num="173" count="2" type="stmt"/>
        <line num="185" count="34" type="stmt"/>
        <line num="186" count="2" type="stmt"/>
        <line num="197" count="11" type="stmt"/>
        <line num="200" count="11" type="stmt"/>
        <line num="203" count="11" type="stmt"/>
        <line num="205" count="11" type="stmt"/>
        <line num="206" count="11" type="cond" truecount="2" falsecount="0"/>
        <line num="209" count="11" type="cond" truecount="2" falsecount="0"/>
        <line num="210" count="4" type="stmt"/>
        <line num="211" count="4" type="stmt"/>
        <line num="212" count="2" type="stmt"/>
        <line num="220" count="2" type="stmt"/>
        <line num="227" count="4" type="stmt"/>
        <line num="231" count="7" type="cond" truecount="2" falsecount="0"/>
        <line num="232" count="11" type="cond" truecount="4" falsecount="0"/>
        <line num="233" count="2" type="stmt"/>
        <line num="239" count="2" type="stmt"/>
        <line num="243" count="5" type="stmt"/>
        <line num="244" count="5" type="stmt"/>
        <line num="246" count="5" type="cond" truecount="5" falsecount="1"/>
        <line num="247" count="2" type="cond" truecount="2" falsecount="0"/>
        <line num="248" count="1" type="stmt"/>
        <line num="249" count="1" type="stmt"/>
        <line num="250" count="1" type="cond" truecount="1" falsecount="1"/>
        <line num="251" count="1" type="stmt"/>
        <line num="252" count="1" type="stmt"/>
        <line num="255" count="1" type="stmt"/>
        <line num="256" count="1" type="stmt"/>
        <line num="257" count="1" type="stmt"/>
        <line num="258" count="1" type="stmt"/>
        <line num="259" count="1" type="cond" truecount="1" falsecount="1"/>
        <line num="260" count="1" type="stmt"/>
        <line num="261" count="1" type="stmt"/>
        <line num="266" count="5" type="stmt"/>
        <line num="269" count="4" type="stmt"/>
        <line num="277" count="1" type="stmt"/>
      </file>
      <file name="controllers.ts" path="/app/packages/player/src/controllers.ts">
        <metrics statements="235" coveredstatements="235" conditionals="104" coveredconditionals="104" methods="99" coveredmethods="99"/>
        <line num="39" count="56" type="stmt"/>
        <line num="40" count="56" type="stmt"/>
        <line num="41" count="56" type="stmt"/>
        <line num="42" count="56" type="stmt"/>
        <line num="44" count="56" type="stmt"/>
        <line num="45" count="56" type="stmt"/>
        <line num="46" count="56" type="cond" truecount="2" falsecount="0"/>
        <line num="47" count="56" type="stmt"/>
        <line num="49" count="1" type="stmt"/>
        <line num="50" count="6" type="stmt"/>
        <line num="52" count="3" type="stmt"/>
        <line num="53" count="3" type="stmt"/>
        <line num="54" count="3" type="cond" truecount="2" falsecount="0"/>
        <line num="55" count="3" type="stmt"/>
        <line num="56" count="3" type="stmt"/>
        <line num="57" count="3" type="stmt"/>
        <line num="62" count="7" type="stmt"/>
        <line num="63" count="7" type="stmt"/>
        <line num="64" count="1" type="stmt"/>
        <line num="65" count="1" type="stmt"/>
        <line num="66" count="1" type="stmt"/>
        <line num="67" count="6" type="stmt"/>
        <line num="68" count="1" type="stmt"/>
        <line num="69" count="1" type="stmt"/>
        <line num="70" count="1" type="stmt"/>
        <line num="71" count="1" type="stmt"/>
        <line num="72" count="1" type="stmt"/>
        <line num="73" count="1" type="stmt"/>
        <line num="74" count="1" type="stmt"/>
        <line num="75" count="1" type="stmt"/>
        <line num="77" count="7" type="stmt"/>
        <line num="78" count="11" type="cond" truecount="2" falsecount="0"/>
        <line num="79" count="10" type="cond" truecount="2" falsecount="0"/>
        <line num="80" count="1" type="stmt"/>
        <line num="82" count="9" type="stmt"/>
        <line num="85" count="11" type="stmt"/>
        <line num="88" count="18" type="stmt"/>
        <line num="90" count="10" type="stmt"/>
        <line num="91" count="10" type="cond" truecount="2" falsecount="0"/>
        <line num="92" count="2" type="stmt"/>
        <line num="93" count="2" type="stmt"/>
        <line num="95" count="10" type="cond" truecount="2" falsecount="0"/>
        <line num="96" count="8" type="stmt"/>
        <line num="97" count="8" type="stmt"/>
        <line num="102" count="6" type="cond" truecount="2" falsecount="0"/>
        <line num="103" count="5" type="stmt"/>
        <line num="105" count="6" type="cond" truecount="2" falsecount="0"/>
        <line num="106" count="6" type="stmt"/>
        <line num="107" count="6" type="stmt"/>
        <line num="109" count="6" type="cond" truecount="2" falsecount="0"/>
        <line num="110" count="5" type="stmt"/>
        <line num="111" count="3" type="cond" truecount="4" falsecount="0"/>
        <line num="112" count="1" type="stmt"/>
        <line num="113" count="1" type="stmt"/>
        <line num="115" count="3" type="stmt"/>
        <line num="117" count="5" type="stmt"/>
        <line num="122" count="13" type="cond" truecount="2" falsecount="0"/>
        <line num="123" count="4" type="stmt"/>
        <line num="124" count="4" type="stmt"/>
        <line num="126" count="13" type="cond" truecount="2" falsecount="0"/>
        <line num="127" count="4" type="stmt"/>
        <line num="132" count="7" type="stmt"/>
        <line num="133" count="7" type="stmt"/>
        <line num="134" count="6" type="stmt"/>
        <line num="139" count="8" type="cond" truecount="2" falsecount="0"/>
        <line num="141" count="8" type="stmt"/>
        <line num="142" count="1" type="stmt"/>
        <line num="151" count="8" type="stmt"/>
        <line num="152" count="2" type="stmt"/>
        <line num="158" count="8" type="stmt"/>
        <line num="159" count="8" type="stmt"/>
        <line num="161" count="8" type="stmt"/>
        <line num="162" count="8" type="stmt"/>
        <line num="163" count="8" type="stmt"/>
        <line num="168" count="2" type="cond" truecount="2" falsecount="0"/>
        <line num="169" count="2" type="stmt"/>
        <line num="170" count="2" type="stmt"/>
        <line num="174" count="1" type="stmt"/>
        <line num="178" count="14" type="stmt"/>
        <line num="179" count="14" type="stmt"/>
        <line num="180" count="14" type="cond" truecount="2" falsecount="0"/>
        <line num="181" count="14" type="stmt"/>
        <line num="184" count="14" type="cond" truecount="4" falsecount="0"/>
        <line num="185" count="13" type="stmt"/>
        <line num="186" count="13" type="stmt"/>
        <line num="189" count="14" type="cond" truecount="2" falsecount="0"/>
        <line num="190" count="14" type="stmt"/>
        <line num="193" count="14" type="cond" truecount="2" falsecount="0"/>
        <line num="194" count="3" type="stmt"/>
        <line num="195" count="3" type="stmt"/>
        <line num="196" count="2" type="stmt"/>
        <line num="198" count="1" type="stmt"/>
        <line num="199" count="1" type="stmt"/>
        <line num="202" count="11" type="cond" truecount="2" falsecount="0"/>
        <line num="203" count="11" type="stmt"/>
        <line num="206" count="11" type="cond" truecount="4" falsecount="0"/>
        <line num="207" count="7" type="stmt"/>
        <line num="208" count="7" type="stmt"/>
        <line num="210" count="7" type="cond" truecount="6" falsecount="0"/>
        <line num="211" count="4" type="cond" truecount="2" falsecount="0"/>
        <line num="212" count="2" type="stmt"/>
        <line num="213" count="2" type="stmt"/>
        <line num="214" count="2" type="cond" truecount="2" falsecount="0"/>
        <line num="215" count="1" type="stmt"/>
        <line num="216" count="1" type="stmt"/>
        <line num="219" count="2" type="stmt"/>
        <line num="220" count="2" type="stmt"/>
        <line num="221" count="2" type="stmt"/>
        <line num="222" count="2" type="stmt"/>
        <line num="223" count="2" type="cond" truecount="2" falsecount="0"/>
        <line num="224" count="1" type="stmt"/>
        <line num="225" count="1" type="stmt"/>
        <line num="230" count="7" type="stmt"/>
        <line num="234" count="13" type="cond" truecount="2" falsecount="0"/>
        <line num="235" count="9" type="stmt"/>
        <line num="237" count="4" type="stmt"/>
        <line num="241" count="1" type="stmt"/>
        <line num="246" count="39" type="stmt"/>
        <line num="247" count="39" type="stmt"/>
        <line num="248" count="39" type="stmt"/>
        <line num="251" count="39" type="stmt"/>
        <line num="252" count="39" type="cond" truecount="2" falsecount="0"/>
        <line num="253" count="39" type="stmt"/>
        <line num="256" count="28" type="stmt"/>
        <line num="257" count="28" type="cond" truecount="2" falsecount="0"/>
        <line num="259" count="22" type="cond" truecount="2" falsecount="0"/>
        <line num="260" count="4" type="stmt"/>
        <line num="261" count="4" type="stmt"/>
        <line num="262" count="18" type="cond" truecount="2" falsecount="0"/>
        <line num="263" count="2" type="stmt"/>
        <line num="264" count="16" type="cond" truecount="2" falsecount="0"/>
        <line num="265" count="1" type="stmt"/>
        <line num="270" count="4" type="stmt"/>
        <line num="274" count="2" type="stmt"/>
        <line num="278" count="1" type="stmt"/>
        <line num="281" count="1" type="stmt"/>
        <line num="282" count="1" type="stmt"/>
        <line num="284" count="3" type="stmt"/>
        <line num="286" count="3" type="stmt"/>
        <line num="287" count="4" type="cond" truecount="2" falsecount="0"/>
        <line num="289" count="3" type="cond" truecount="4" falsecount="0"/>
        <line num="290" count="1" type="stmt"/>
        <line num="291" count="1" type="stmt"/>
        <line num="292" count="1" type="stmt"/>
        <line num="296" count="3" type="stmt"/>
        <line num="297" count="3" type="stmt"/>
        <line num="299" count="3" type="stmt"/>
        <line num="300" count="2" type="stmt"/>
        <line num="301" count="2" type="stmt"/>
        <line num="302" count="2" type="stmt"/>
        <line num="306" count="1" type="stmt"/>
        <line num="307" count="1" type="stmt"/>
        <line num="308" count="1" type="stmt"/>
        <line num="309" count="1" type="stmt"/>
        <line num="310" count="1" type="stmt"/>
        <line num="311" count="1" type="stmt"/>
        <line num="312" count="1" type="stmt"/>
        <line num="313" count="1" type="stmt"/>
        <line num="314" count="1" type="stmt"/>
        <line num="315" count="1" type="stmt"/>
        <line num="316" count="1" type="stmt"/>
        <line num="317" count="1" type="stmt"/>
        <line num="318" count="1" type="stmt"/>
        <line num="319" count="1" type="stmt"/>
        <line num="321" count="1" type="stmt"/>
        <line num="322" count="40" type="stmt"/>
        <line num="325" count="3" type="stmt"/>
        <line num="327" count="3" type="stmt"/>
        <line num="328" count="3" type="stmt"/>
        <line num="329" count="3" type="stmt"/>
        <line num="334" count="1" type="stmt"/>
        <line num="335" count="1" type="stmt"/>
        <line num="336" count="1" type="stmt"/>
        <line num="341" count="2" type="stmt"/>
        <line num="342" count="2" type="stmt"/>
        <line num="343" count="1" type="stmt"/>
        <line num="347" count="2" type="stmt"/>
        <line num="350" count="39" type="stmt"/>
        <line num="351" count="39" type="stmt"/>
        <line num="352" count="39" type="stmt"/>
        <line num="353" count="39" type="stmt"/>
        <line num="354" count="39" type="stmt"/>
        <line num="358" count="7" type="stmt"/>
        <line num="359" count="7" type="stmt"/>
        <line num="360" count="8" type="cond" truecount="2" falsecount="0"/>
        <line num="362" count="7" type="cond" truecount="4" falsecount="0"/>
        <line num="363" count="4" type="stmt"/>
        <line num="364" count="4" type="cond" truecount="2" falsecount="0"/>
        <line num="365" count="3" type="stmt"/>
        <line num="366" count="3" type="cond" truecount="2" falsecount="0"/>
        <line num="368" count="3" type="cond" truecount="2" falsecount="0"/>
        <line num="369" count="3" type="stmt"/>
        <line num="370" count="3" type="stmt"/>
        <line num="372" count="1" type="stmt"/>
        <line num="373" count="1" type="stmt"/>
        <line num="378" count="7" type="stmt"/>
        <line num="379" count="7" type="stmt"/>
        <line num="389" count="7" type="stmt"/>
        <line num="390" count="3" type="stmt"/>
        <line num="391" count="3" type="stmt"/>
        <line num="397" count="4" type="stmt"/>
        <line num="398" count="4" type="stmt"/>
        <line num="399" count="3" type="cond" truecount="2" falsecount="0"/>
        <line num="401" count="2" type="cond" truecount="2" falsecount="0"/>
        <line num="402" count="1" type="stmt"/>
        <line num="403" count="1" type="cond" truecount="2" falsecount="0"/>
        <line num="406" count="4" type="stmt"/>
        <line num="407" count="4" type="stmt"/>
        <line num="410" count="4" type="stmt"/>
        <line num="411" count="3" type="stmt"/>
        <line num="412" count="3" type="stmt"/>
        <line num="418" count="4" type="stmt"/>
        <line num="420" count="4" type="stmt"/>
        <line num="421" count="3" type="cond" truecount="2" falsecount="0"/>
        <line num="423" count="2" type="cond" truecount="2" falsecount="0"/>
        <line num="424" count="1" type="stmt"/>
        <line num="425" count="1" type="stmt"/>
        <line num="426" count="1" type="stmt"/>
        <line num="429" count="4" type="stmt"/>
        <line num="430" count="4" type="stmt"/>
        <line num="433" count="4" type="stmt"/>
        <line num="434" count="3" type="stmt"/>
        <line num="435" count="3" type="stmt"/>
        <line num="441" count="4" type="stmt"/>
        <line num="443" count="4" type="stmt"/>
        <line num="444" count="3" type="cond" truecount="2" falsecount="0"/>
        <line num="446" count="2" type="cond" truecount="2" falsecount="0"/>
        <line num="447" count="1" type="stmt"/>
        <line num="448" count="1" type="stmt"/>
        <line num="449" count="1" type="stmt"/>
        <line num="453" count="4" type="stmt"/>
        <line num="454" count="4" type="stmt"/>
        <line num="457" count="4" type="stmt"/>
        <line num="458" count="3" type="stmt"/>
        <line num="459" count="3" type="stmt"/>
      </file>
      <file name="index.ts" path="/app/packages/player/src/index.ts">
        <metrics statements="1400" coveredstatements="1182" conditionals="887" coveredconditionals="654" methods="271" coveredmethods="212"/>
        <line num="45" count="15" type="stmt"/>
        <line num="48" count="12" type="cond" truecount="2" falsecount="0"/>
        <line num="52" count="3" type="cond" truecount="3" falsecount="1"/>
        <line num="53" count="3" type="stmt"/>
        <line num="57" count="3" type="cond" truecount="3" falsecount="1"/>
        <line num="58" count="3" type="stmt"/>
        <line num="62" count="13" type="stmt"/>
        <line num="78" count="13" type="stmt"/>
        <line num="79" count="13" type="stmt"/>
        <line num="852" count="218" type="stmt"/>
        <line num="875" count="218" type="stmt"/>
        <line num="876" count="218" type="stmt"/>
        <line num="893" count="218" type="stmt"/>
        <line num="894" count="218" type="stmt"/>
        <line num="895" count="218" type="stmt"/>
        <line num="898" count="218" type="stmt"/>
        <line num="899" count="218" type="stmt"/>
        <line num="901" count="218" type="stmt"/>
        <line num="902" count="218" type="stmt"/>
        <line num="903" count="218" type="stmt"/>
        <line num="904" count="218" type="stmt"/>
        <line num="905" count="218" type="stmt"/>
        <line num="906" count="218" type="stmt"/>
        <line num="907" count="218" type="stmt"/>
        <line num="908" count="218" type="stmt"/>
        <line num="909" count="218" type="stmt"/>
        <line num="910" count="218" type="stmt"/>
        <line num="911" count="218" type="stmt"/>
        <line num="914" count="218" type="stmt"/>
        <line num="915" count="218" type="stmt"/>
        <line num="916" count="218" type="stmt"/>
        <line num="917" count="218" type="stmt"/>
        <line num="921" count="218" type="stmt"/>
        <line num="922" count="218" type="stmt"/>
        <line num="923" count="218" type="stmt"/>
        <line num="924" count="218" type="stmt"/>
        <line num="925" count="218" type="stmt"/>
        <line num="927" count="218" type="stmt"/>
        <line num="928" count="218" type="stmt"/>
        <line num="929" count="218" type="stmt"/>
        <line num="930" count="218" type="stmt"/>
        <line num="932" count="218" type="stmt"/>
        <line num="933" count="218" type="stmt"/>
        <line num="936" count="5" type="stmt"/>
        <line num="940" count="6" type="stmt"/>
        <line num="944" count="9" type="stmt"/>
        <line num="948" count="3" type="stmt"/>
        <line num="953" count="218" type="stmt"/>
        <line num="954" count="2" type="stmt"/>
        <line num="956" count="9" type="cond" truecount="2" falsecount="0"/>
        <line num="957" count="9" type="stmt"/>
        <line num="958" count="9" type="cond" truecount="2" falsecount="0"/>
        <line num="961" count="218" type="stmt"/>
        <line num="962" count="2" type="stmt"/>
        <line num="964" count="6" type="cond" truecount="2" falsecount="0"/>
        <line num="965" count="6" type="stmt"/>
        <line num="966" count="6" type="cond" truecount="2" falsecount="0"/>
        <line num="969" count="218" type="stmt"/>
        <line num="970" count="2" type="stmt"/>
        <line num="972" count="6" type="cond" truecount="2" falsecount="0"/>
        <line num="973" count="6" type="stmt"/>
        <line num="974" count="6" type="cond" truecount="2" falsecount="0"/>
        <line num="977" count="218" type="stmt"/>
        <line num="978" count="2" type="stmt"/>
        <line num="980" count="6" type="cond" truecount="2" falsecount="0"/>
        <line num="981" count="6" type="stmt"/>
        <line num="982" count="6" type="cond" truecount="2" falsecount="0"/>
        <line num="985" count="218" type="stmt"/>
        <line num="986" count="2" type="stmt"/>
        <line num="988" count="6" type="cond" truecount="2" falsecount="0"/>
        <line num="989" count="6" type="stmt"/>
        <line num="990" count="6" type="cond" truecount="2" falsecount="0"/>
        <line num="993" count="218" type="stmt"/>
        <line num="994" count="2" type="stmt"/>
        <line num="996" count="6" type="cond" truecount="2" falsecount="0"/>
        <line num="997" count="6" type="stmt"/>
        <line num="998" count="6" type="cond" truecount="2" falsecount="0"/>
        <line num="1001" count="218" type="stmt"/>
        <line num="1002" count="2" type="stmt"/>
        <line num="1004" count="6" type="cond" truecount="2" falsecount="0"/>
        <line num="1005" count="6" type="stmt"/>
        <line num="1006" count="6" type="cond" truecount="2" falsecount="0"/>
        <line num="1009" count="218" type="stmt"/>
        <line num="1010" count="2" type="stmt"/>
        <line num="1012" count="6" type="cond" truecount="2" falsecount="0"/>
        <line num="1013" count="6" type="stmt"/>
        <line num="1014" count="6" type="cond" truecount="2" falsecount="0"/>
        <line num="1017" count="218" type="stmt"/>
        <line num="1018" count="2" type="stmt"/>
        <line num="1020" count="6" type="cond" truecount="2" falsecount="0"/>
        <line num="1021" count="6" type="stmt"/>
        <line num="1022" count="6" type="cond" truecount="2" falsecount="0"/>
        <line num="1025" count="218" type="stmt"/>
        <line num="1026" count="2" type="stmt"/>
        <line num="1028" count="6" type="cond" truecount="2" falsecount="0"/>
        <line num="1029" count="6" type="stmt"/>
        <line num="1030" count="6" type="cond" truecount="2" falsecount="0"/>
        <line num="1033" count="218" type="stmt"/>
        <line num="1034" count="2" type="stmt"/>
        <line num="1036" count="6" type="cond" truecount="2" falsecount="0"/>
        <line num="1037" count="6" type="stmt"/>
        <line num="1038" count="6" type="cond" truecount="2" falsecount="0"/>
        <line num="1041" count="218" type="stmt"/>
        <line num="1042" count="2" type="stmt"/>
        <line num="1044" count="6" type="cond" truecount="2" falsecount="0"/>
        <line num="1045" count="6" type="stmt"/>
        <line num="1046" count="6" type="cond" truecount="2" falsecount="0"/>
        <line num="1049" count="218" type="stmt"/>
        <line num="1050" count="2" type="stmt"/>
        <line num="1052" count="6" type="cond" truecount="2" falsecount="0"/>
        <line num="1053" count="6" type="stmt"/>
        <line num="1054" count="6" type="cond" truecount="2" falsecount="0"/>
        <line num="1057" count="218" type="stmt"/>
        <line num="1058" count="2" type="stmt"/>
        <line num="1060" count="6" type="cond" truecount="2" falsecount="0"/>
        <line num="1061" count="6" type="stmt"/>
        <line num="1062" count="6" type="cond" truecount="2" falsecount="0"/>
        <line num="1065" count="218" type="stmt"/>
        <line num="1066" count="2" type="stmt"/>
        <line num="1068" count="6" type="cond" truecount="2" falsecount="0"/>
        <line num="1069" count="6" type="stmt"/>
        <line num="1070" count="6" type="cond" truecount="2" falsecount="0"/>
        <line num="1073" count="218" type="stmt"/>
        <line num="1074" count="2" type="stmt"/>
        <line num="1076" count="6" type="cond" truecount="2" falsecount="0"/>
        <line num="1077" count="6" type="stmt"/>
        <line num="1078" count="6" type="cond" truecount="2" falsecount="0"/>
        <line num="1081" count="218" type="stmt"/>
        <line num="1082" count="2" type="stmt"/>
        <line num="1084" count="6" type="cond" truecount="2" falsecount="0"/>
        <line num="1085" count="6" type="stmt"/>
        <line num="1086" count="6" type="cond" truecount="2" falsecount="0"/>
        <line num="1089" count="218" type="stmt"/>
        <line num="1090" count="2" type="stmt"/>
        <line num="1092" count="6" type="cond" truecount="2" falsecount="0"/>
        <line num="1093" count="6" type="stmt"/>
        <line num="1094" count="6" type="cond" truecount="2" falsecount="0"/>
        <line num="1102" count="4" type="stmt"/>
        <line num="1106" count="9" type="stmt"/>
        <line num="1110" count="6" type="cond" truecount="2" falsecount="0"/>
        <line num="1111" count="3" type="stmt"/>
        <line num="1113" count="3" type="stmt"/>
        <line num="1117" count="218" type="stmt"/>
        <line num="1119" count="6" type="stmt"/>
        <line num="1123" count="6" type="cond" truecount="2" falsecount="0"/>
        <line num="1124" count="3" type="stmt"/>
        <line num="1125" count="3" type="stmt"/>
        <line num="1129" count="218" type="stmt"/>
        <line num="1131" count="4" type="stmt"/>
        <line num="1135" count="2" type="stmt"/>
        <line num="1139" count="4" type="stmt"/>
        <line num="1143" count="2" type="stmt"/>
        <line num="1144" count="2" type="stmt"/>
        <line num="1148" count="2" type="cond" truecount="2" falsecount="0"/>
        <line num="1149" count="1" type="stmt"/>
        <line num="1151" count="2" type="cond" truecount="2" falsecount="0"/>
        <line num="1152" count="1" type="stmt"/>
        <line num="1154" count="2" type="cond" truecount="2" falsecount="0"/>
        <line num="1155" count="1" type="stmt"/>
        <line num="1157" count="2" type="cond" truecount="2" falsecount="0"/>
        <line num="1158" count="1" type="stmt"/>
        <line num="1161" count="4" type="stmt"/>
        <line num="1162" count="4" type="cond" truecount="2" falsecount="0"/>
        <line num="1163" count="2" type="stmt"/>
        <line num="1164" count="2" type="cond" truecount="2" falsecount="0"/>
        <line num="1167" count="2" type="cond" truecount="2" falsecount="0"/>
        <line num="1168" count="1" type="stmt"/>
        <line num="1172" count="4" type="stmt"/>
        <line num="1173" count="4" type="cond" truecount="2" falsecount="0"/>
        <line num="1174" count="2" type="stmt"/>
        <line num="1175" count="2" type="cond" truecount="2" falsecount="0"/>
        <line num="1178" count="2" type="cond" truecount="2" falsecount="0"/>
        <line num="1179" count="1" type="stmt"/>
        <line num="1183" count="4" type="stmt"/>
        <line num="1184" count="4" type="cond" truecount="2" falsecount="0"/>
        <line num="1185" count="2" type="stmt"/>
        <line num="1186" count="2" type="cond" truecount="2" falsecount="0"/>
        <line num="1189" count="2" type="cond" truecount="2" falsecount="0"/>
        <line num="1190" count="1" type="stmt"/>
        <line num="1193" count="2" type="cond" truecount="2" falsecount="0"/>
        <line num="1194" count="1" type="stmt"/>
        <line num="1196" count="2" type="cond" truecount="2" falsecount="0"/>
        <line num="1197" count="1" type="stmt"/>
        <line num="1200" count="6" type="stmt"/>
        <line num="1204" count="4" type="cond" truecount="2" falsecount="0"/>
        <line num="1205" count="2" type="stmt"/>
        <line num="1207" count="2" type="stmt"/>
        <line num="1213" count="11" type="cond" truecount="2" falsecount="0"/>
        <line num="1217" count="5" type="stmt"/>
        <line num="1221" count="5" type="stmt"/>
        <line num="1226" count="5" type="stmt"/>
        <line num="1235" count="7" type="stmt"/>
        <line num="1236" count="7" type="cond" truecount="4" falsecount="0"/>
        <line num="1245" count="2" type="stmt"/>
        <line num="1254" count="7" type="stmt"/>
        <line num="1255" count="7" type="cond" truecount="4" falsecount="0"/>
        <line num="1264" count="2" type="stmt"/>
        <line num="1268" count="16" type="cond" truecount="2" falsecount="0"/>
        <line num="1269" count="10" type="stmt"/>
        <line num="1270" count="10" type="cond" truecount="2" falsecount="0"/>
        <line num="1272" count="10" type="cond" truecount="2" falsecount="0"/>
        <line num="1276" count="16" type="cond" truecount="2" falsecount="0"/>
        <line num="1277" count="10" type="stmt"/>
        <line num="1278" count="10" type="cond" truecount="2" falsecount="0"/>
        <line num="1280" count="10" type="cond" truecount="2" falsecount="0"/>
        <line num="1289" count="5" type="stmt"/>
        <line num="1298" count="4" type="cond" truecount="2" falsecount="0"/>
        <line num="1299" count="2" type="stmt"/>
        <line num="1301" count="2" type="stmt"/>
        <line num="1312" count="3" type="stmt"/>
        <line num="1316" count="3" type="cond" truecount="2" falsecount="0"/>
        <line num="1317" count="2" type="stmt"/>
        <line num="1318" count="2" type="cond" truecount="2" falsecount="0"/>
        <line num="1322" count="8" type="cond" truecount="2" falsecount="0"/>
        <line num="1323" count="6" type="stmt"/>
        <line num="1324" count="6" type="cond" truecount="2" falsecount="0"/>
        <line num="1326" count="5" type="stmt"/>
        <line num="1327" count="5" type="stmt"/>
        <line num="1328" count="5" type="stmt"/>
        <line num="1329" count="5" type="stmt"/>
        <line num="1330" count="5" type="stmt"/>
        <line num="1337" count="1" type="cond" truecount="1" falsecount="1"/>
        <line num="1341" count="2" type="cond" truecount="1" falsecount="1"/>
        <line num="1343" count="2" type="stmt"/>
        <line num="1344" count="2" type="stmt"/>
        <line num="1345" count="2" type="stmt"/>
        <line num="1346" count="2" type="stmt"/>
        <line num="1347" count="2" type="stmt"/>
        <line num="1353" count="16" type="cond" truecount="2" falsecount="0"/>
        <line num="1357" count="2" type="cond" truecount="1" falsecount="1"/>
        <line num="1361" count="2" type="cond" truecount="1" falsecount="1"/>
        <line num="1362" count="2" type="stmt"/>
        <line num="1363" count="2" type="stmt"/>
        <line num="1367" count="7" type="cond" truecount="2" falsecount="0"/>
        <line num="1368" count="3" type="cond" truecount="1" falsecount="1"/>
        <line num="1370" count="4" type="stmt"/>
        <line num="1374" count="6" type="stmt"/>
        <line num="1375" count="6" type="stmt"/>
        <line num="1376" count="6" type="cond" truecount="2" falsecount="0"/>
        <line num="1377" count="2" type="stmt"/>
        <line num="1382" count="5" type="cond" truecount="2" falsecount="0"/>
        <line num="1383" count="3" type="stmt"/>
        <line num="1387" count="2" type="cond" truecount="1" falsecount="1"/>
        <line num="1391" count="5" type="stmt"/>
        <line num="1392" count="5" type="cond" truecount="2" falsecount="0"/>
        <line num="1393" count="2" type="stmt"/>
        <line num="1398" count="4" type="stmt"/>
        <line num="1402" count="2" type="cond" truecount="2" falsecount="0"/>
        <line num="1403" count="1" type="stmt"/>
        <line num="1405" count="1" type="stmt"/>
        <line num="1410" count="2" type="cond" truecount="2" falsecount="0"/>
        <line num="1411" count="1" type="cond" truecount="1" falsecount="1"/>
        <line num="1413" count="1" type="stmt"/>
        <line num="1417" count="2" type="stmt"/>
        <line num="1418" count="2" type="cond" truecount="2" falsecount="0"/>
        <line num="1419" count="1" type="stmt"/>
        <line num="1424" count="2" type="cond" truecount="2" falsecount="0"/>
        <line num="1428" count="4" type="cond" truecount="2" falsecount="0"/>
        <line num="1432" count="4" type="stmt"/>
        <line num="1436" count="3" type="stmt"/>
        <line num="1440" count="2" type="cond" truecount="2" falsecount="0"/>
        <line num="1441" count="1" type="stmt"/>
        <line num="1443" count="1" type="stmt"/>
        <line num="1448" count="2" type="stmt"/>
        <line num="1452" count="2" type="cond" truecount="2" falsecount="0"/>
        <line num="1453" count="1" type="stmt"/>
        <line num="1455" count="1" type="stmt"/>
        <line num="1460" count="2" type="stmt"/>
        <line num="1464" count="2" type="cond" truecount="2" falsecount="0"/>
        <line num="1465" count="1" type="stmt"/>
        <line num="1467" count="1" type="stmt"/>
        <line num="1472" count="1" type="cond" truecount="1" falsecount="1"/>
        <line num="1476" count="1" type="stmt"/>
        <line num="1480" count="2" type="cond" truecount="2" falsecount="0"/>
        <line num="1484" count="1" type="stmt"/>
        <line num="1488" count="1" type="stmt"/>
        <line num="1489" count="1" type="cond" truecount="1" falsecount="1"/>
        <line num="1493" count="0" type="stmt"/>
        <line num="1497" count="4" type="stmt"/>
        <line num="1501" count="1" type="cond" truecount="1" falsecount="1"/>
        <line num="1502" count="1" type="stmt"/>
        <line num="1504" count="0" type="stmt"/>
        <line num="1509" count="0" type="cond" truecount="0" falsecount="2"/>
        <line num="1513" count="0" type="stmt"/>
        <line num="1517" count="0" type="cond" truecount="0" falsecount="2"/>
        <line num="1521" count="0" type="stmt"/>
        <line num="1525" count="0" type="cond" truecount="0" falsecount="2"/>
        <line num="1529" count="0" type="stmt"/>
        <line num="1533" count="0" type="cond" truecount="0" falsecount="2"/>
        <line num="1537" count="0" type="stmt"/>
        <line num="1541" count="4" type="cond" truecount="2" falsecount="0"/>
        <line num="1542" count="2" type="stmt"/>
        <line num="1546" count="2" type="stmt"/>
        <line num="1547" count="2" type="stmt"/>
        <line num="1548" count="2" type="cond" truecount="2" falsecount="0"/>
        <line num="1549" count="4" type="cond" truecount="2" falsecount="0"/>
        <line num="1550" count="1" type="cond" truecount="2" falsecount="0"/>
        <line num="1551" count="1" type="stmt"/>
        <line num="1557" count="2" type="cond" truecount="2" falsecount="0"/>
        <line num="1558" count="1" type="stmt"/>
        <line num="1561" count="1" type="cond" truecount="2" falsecount="0"/>
        <line num="1562" count="4" type="stmt"/>
        <line num="1563" count="4" type="stmt"/>
        <line num="1564" count="1" type="stmt"/>
        <line num="1568" count="0" type="cond" truecount="0" falsecount="2"/>
        <line num="1569" count="0" type="stmt"/>
        <line num="1571" count="0" type="stmt"/>
        <line num="1572" count="0" type="stmt"/>
        <line num="1577" count="0" type="stmt"/>
        <line num="1578" count="0" type="stmt"/>
        <line num="1579" count="0" type="stmt"/>
        <line num="1582" count="0" type="stmt"/>
        <line num="1583" count="0" type="stmt"/>
        <line num="1584" count="0" type="stmt"/>
        <line num="1585" count="0" type="stmt"/>
        <line num="1589" count="3" type="cond" truecount="2" falsecount="0"/>
        <line num="1590" count="2" type="stmt"/>
        <line num="1591" count="2" type="stmt"/>
        <line num="1592" count="1" type="cond" truecount="1" falsecount="1"/>
        <line num="1593" count="1" type="stmt"/>
        <line num="1598" count="7" type="cond" truecount="2" falsecount="0"/>
        <line num="1599" count="3" type="stmt"/>
        <line num="1600" count="3" type="stmt"/>
        <line num="1601" count="3" type="stmt"/>
        <line num="1603" count="4" type="stmt"/>
        <line num="1604" count="4" type="cond" truecount="2" falsecount="0"/>
        <line num="1605" count="2" type="stmt"/>
        <line num="1611" count="1" type="cond" truecount="1" falsecount="1"/>
        <line num="1612" count="1" type="stmt"/>
        <line num="1617" count="15" type="stmt"/>
        <line num="1621" count="205" type="stmt"/>
        <line num="1622" count="205" type="stmt"/>
        <line num="1623" count="205" type="stmt"/>
        <line num="1625" count="205" type="stmt"/>
        <line num="1626" count="205" type="stmt"/>
        <line num="1627" count="205" type="stmt"/>
        <line num="1628" count="205" type="stmt"/>
        <line num="1629" count="205" type="stmt"/>
        <line num="1630" count="205" type="stmt"/>
        <line num="1631" count="205" type="stmt"/>
        <line num="1632" count="205" type="stmt"/>
        <line num="1633" count="205" type="stmt"/>
        <line num="1634" count="205" type="stmt"/>
        <line num="1635" count="205" type="stmt"/>
        <line num="1636" count="205" type="stmt"/>
        <line num="1637" count="205" type="stmt"/>
        <line num="1638" count="205" type="stmt"/>
        <line num="1639" count="205" type="stmt"/>
        <line num="1640" count="205" type="stmt"/>
        <line num="1641" count="205" type="stmt"/>
        <line num="1642" count="205" type="stmt"/>
        <line num="1643" count="205" type="stmt"/>
        <line num="1644" count="205" type="stmt"/>
        <line num="1645" count="205" type="stmt"/>
        <line num="1646" count="205" type="stmt"/>
        <line num="1648" count="205" type="stmt"/>
        <line num="1649" count="205" type="stmt"/>
        <line num="1650" count="205" type="stmt"/>
        <line num="1651" count="205" type="stmt"/>
        <line num="1653" count="205" type="stmt"/>
        <line num="1654" count="205" type="stmt"/>
        <line num="1655" count="205" type="stmt"/>
        <line num="1657" count="205" type="stmt"/>
        <line num="1659" count="205" type="stmt"/>
        <line num="1660" count="205" type="stmt"/>
        <line num="1661" count="205" type="stmt"/>
        <line num="1662" count="205" type="stmt"/>
        <line num="1664" count="205" type="stmt"/>
        <line num="1665" count="205" type="stmt"/>
        <line num="1667" count="205" type="stmt"/>
        <line num="1668" count="3" type="stmt"/>
        <line num="1669" count="3" type="stmt"/>
        <line num="1671" count="205" type="stmt"/>
        <line num="1673" count="205" type="stmt"/>
        <line num="1674" count="205" type="stmt"/>
        <line num="1675" count="205" type="stmt"/>
        <line num="1677" count="205" type="stmt"/>
        <line num="1678" count="205" type="stmt"/>
        <line num="1679" count="205" type="stmt"/>
        <line num="1680" count="205" type="stmt"/>
        <line num="1681" count="0" type="cond" truecount="0" falsecount="2"/>
        <line num="1682" count="0" type="stmt"/>
        <line num="1686" count="205" type="stmt"/>
        <line num="1687" count="205" type="stmt"/>
        <line num="1689" count="205" type="stmt"/>
        <line num="1690" count="0" type="stmt"/>
        <line num="1691" count="0" type="stmt"/>
        <line num="1692" count="0" type="stmt"/>
        <line num="1693" count="0" type="stmt"/>
        <line num="1694" count="0" type="cond" truecount="0" falsecount="2"/>
        <line num="1695" count="0" type="stmt"/>
        <line num="1696" count="0" type="stmt"/>
        <line num="1700" count="0" type="stmt"/>
        <line num="1701" count="0" type="cond" truecount="0" falsecount="2"/>
        <line num="1702" count="0" type="stmt"/>
        <line num="1703" count="0" type="stmt"/>
        <line num="1709" count="3" type="stmt"/>
        <line num="1713" count="4" type="stmt"/>
        <line num="1717" count="4" type="stmt"/>
        <line num="1721" count="16" type="stmt"/>
        <line num="1722" count="16" type="stmt"/>
        <line num="1723" count="16" type="stmt"/>
        <line num="1727" count="0" type="cond" truecount="0" falsecount="2"/>
        <line num="1729" count="0" type="stmt"/>
        <line num="1730" count="0" type="stmt"/>
        <line num="1734" count="1" type="cond" truecount="1" falsecount="1"/>
        <line num="1735" count="0" type="stmt"/>
        <line num="1736" count="0" type="cond" truecount="0" falsecount="4"/>
        <line num="1737" count="0" type="stmt"/>
        <line num="1742" count="1" type="stmt"/>
        <line num="1746" count="10" type="stmt"/>
        <line num="1747" count="10" type="cond" truecount="1" falsecount="1"/>
        <line num="1749" count="10" type="cond" truecount="2" falsecount="0"/>
        <line num="1751" count="7" type="cond" truecount="1" falsecount="1"/>
        <line num="1752" count="7" type="stmt"/>
        <line num="1753" count="9" type="cond" truecount="5" falsecount="0"/>
        <line num="1754" count="1" type="stmt"/>
        <line num="1760" count="7" type="stmt"/>
        <line num="1766" count="7" type="stmt"/>
        <line num="1769" count="4" type="cond" truecount="2" falsecount="0"/>
        <line num="1770" count="3" type="cond" truecount="2" falsecount="0"/>
        <line num="1771" count="1" type="stmt"/>
        <line num="1777" count="1" type="stmt"/>
        <line num="1779" count="2" type="stmt"/>
        <line num="1785" count="139" type="cond" truecount="2" falsecount="0"/>
        <line num="1787" count="136" type="cond" truecount="2" falsecount="0"/>
        <line num="1788" count="8" type="stmt"/>
        <line num="1789" count="8" type="stmt"/>
        <line num="1792" count="136" type="cond" truecount="2" falsecount="0"/>
        <line num="1793" count="17" type="cond" truecount="2" falsecount="0"/>
        <line num="1794" count="17" type="cond" truecount="4" falsecount="0"/>
        <line num="1795" count="4" type="stmt"/>
        <line num="1796" count="4" type="stmt"/>
        <line num="1798" count="4" type="stmt"/>
        <line num="1800" count="13" type="stmt"/>
        <line num="1804" count="136" type="cond" truecount="4" falsecount="0"/>
        <line num="1805" count="22" type="stmt"/>
        <line num="1808" count="136" type="cond" truecount="2" falsecount="0"/>
        <line num="1809" count="2" type="cond" truecount="1" falsecount="1"/>
        <line num="1810" count="0" type="stmt"/>
        <line num="1814" count="136" type="cond" truecount="2" falsecount="0"/>
        <line num="1815" count="5" type="stmt"/>
        <line num="1816" count="5" type="cond" truecount="4" falsecount="0"/>
        <line num="1817" count="5" type="stmt"/>
        <line num="1818" count="5" type="cond" truecount="2" falsecount="0"/>
        <line num="1819" count="1" type="stmt"/>
        <line num="1822" count="1" type="stmt"/>
        <line num="1826" count="136" type="cond" truecount="2" falsecount="0"/>
        <line num="1827" count="11" type="cond" truecount="2" falsecount="0"/>
        <line num="1828" count="2" type="stmt"/>
        <line num="1832" count="136" type="cond" truecount="1" falsecount="1"/>
        <line num="1833" count="0" type="stmt"/>
        <line num="1836" count="136" type="cond" truecount="5" falsecount="0"/>
        <line num="1837" count="17" type="stmt"/>
        <line num="1840" count="136" type="cond" truecount="2" falsecount="0"/>
        <line num="1841" count="6" type="stmt"/>
        <line num="1844" count="6" type="cond" truecount="2" falsecount="0"/>
        <line num="1846" count="6" type="cond" truecount="1" falsecount="1"/>
        <line num="1847" count="6" type="stmt"/>
        <line num="1850" count="6" type="cond" truecount="2" falsecount="0"/>
        <line num="1851" count="1" type="stmt"/>
        <line num="1858" count="220" type="cond" truecount="3" falsecount="1"/>
        <line num="1860" count="220" type="cond" truecount="2" falsecount="0"/>
        <line num="1861" count="220" type="stmt"/>
        <line num="1863" count="220" type="cond" truecount="2" falsecount="0"/>
        <line num="1864" count="6" type="stmt"/>
        <line num="1866" count="214" type="stmt"/>
        <line num="1869" count="220" type="cond" truecount="2" falsecount="0"/>
        <line num="1870" count="5" type="stmt"/>
        <line num="1872" count="215" type="stmt"/>
        <line num="1875" count="220" type="stmt"/>
        <line num="1877" count="220" type="cond" truecount="2" falsecount="0"/>
        <line num="1878" count="203" type="stmt"/>
        <line num="1881" count="220" type="cond" truecount="2" falsecount="0"/>
        <line num="1882" count="1" type="stmt"/>
        <line num="1885" count="220" type="cond" truecount="2" falsecount="0"/>
        <line num="1886" count="12" type="stmt"/>
        <line num="1888" count="208" type="stmt"/>
        <line num="1894" count="312" type="cond" truecount="2" falsecount="0"/>
        <line num="1895" count="27" type="stmt"/>
        <line num="1897" count="285" type="stmt"/>
        <line num="1902" count="8" type="cond" truecount="1" falsecount="1"/>
        <line num="1903" count="8" type="stmt"/>
        <line num="1905" count="0" type="stmt"/>
        <line num="1909" count="5" type="stmt"/>
        <line num="1910" count="5" type="cond" truecount="3" falsecount="1"/>
        <line num="1911" count="5" type="cond" truecount="2" falsecount="0"/>
        <line num="1912" count="4" type="stmt"/>
        <line num="1913" count="4" type="stmt"/>
        <line num="1914" count="4" type="stmt"/>
        <line num="1915" count="4" type="stmt"/>
        <line num="1916" count="4" type="stmt"/>
        <line num="1918" count="4" type="stmt"/>
        <line num="1919" count="4" type="cond" truecount="1" falsecount="1"/>
        <line num="1920" count="4" type="stmt"/>
        <line num="1923" count="1" type="stmt"/>
        <line num="1927" count="10" type="stmt"/>
        <line num="1928" count="10" type="stmt"/>
        <line num="1929" count="10" type="stmt"/>
        <line num="1932" count="3" type="stmt"/>
        <line num="1933" count="3" type="cond" truecount="3" falsecount="1"/>
        <line num="1934" count="3" type="cond" truecount="1" falsecount="1"/>
        <line num="1935" count="3" type="stmt"/>
        <line num="1936" count="3" type="stmt"/>
        <line num="1937" count="3" type="stmt"/>
        <line num="1938" count="3" type="stmt"/>
        <line num="1939" count="3" type="stmt"/>
        <line num="1941" count="0" type="stmt"/>
        <line num="1945" count="8" type="stmt"/>
        <line num="1946" count="8" type="stmt"/>
        <line num="1947" count="8" type="stmt"/>
        <line num="1950" count="14" type="stmt"/>
        <line num="1951" count="14" type="stmt"/>
        <line num="1953" count="14" type="cond" truecount="1" falsecount="1"/>
        <line num="1954" count="0" type="stmt"/>
        <line num="1955" count="0" type="cond" truecount="0" falsecount="4"/>
        <line num="1956" count="0" type="stmt"/>
        <line num="1960" count="14" type="cond" truecount="1" falsecount="1"/>
        <line num="1961" count="0" type="stmt"/>
        <line num="1962" count="0" type="cond" truecount="0" falsecount="4"/>
        <line num="1963" count="0" type="stmt"/>
        <line num="1968" count="14" type="stmt"/>
        <line num="1970" count="14" type="cond" truecount="2" falsecount="0"/>
        <line num="1972" count="1" type="stmt"/>
        <line num="1974" count="1" type="cond" truecount="3" falsecount="1"/>
        <line num="1975" count="0" type="stmt"/>
        <line num="1977" count="1" type="stmt"/>
        <line num="1980" count="4" type="stmt"/>
        <line num="1981" count="4" type="cond" truecount="3" falsecount="1"/>
        <line num="1982" count="4" type="cond" truecount="1" falsecount="1"/>
        <line num="1983" count="4" type="stmt"/>
        <line num="1984" count="4" type="stmt"/>
        <line num="1985" count="4" type="stmt"/>
        <line num="1986" count="4" type="stmt"/>
        <line num="1987" count="4" type="stmt"/>
        <line num="1989" count="4" type="stmt"/>
        <line num="1990" count="4" type="cond" truecount="1" falsecount="1"/>
        <line num="1992" count="0" type="stmt"/>
        <line num="1996" count="10" type="stmt"/>
        <line num="1997" count="10" type="stmt"/>
        <line num="1998" count="10" type="stmt"/>
        <line num="2002" count="4" type="stmt"/>
        <line num="2005" count="4" type="stmt"/>
        <line num="2006" count="4" type="stmt"/>
        <line num="2007" count="4" type="stmt"/>
        <line num="2008" count="4" type="stmt"/>
        <line num="2009" count="4" type="stmt"/>
        <line num="2010" count="4" type="stmt"/>
        <line num="2011" count="4" type="cond" truecount="2" falsecount="0"/>
        <line num="2012" count="4" type="stmt"/>
        <line num="2013" count="4" type="stmt"/>
        <line num="2016" count="4" type="stmt"/>
        <line num="2017" count="4" type="stmt"/>
        <line num="2018" count="4" type="stmt"/>
        <line num="2019" count="4" type="stmt"/>
        <line num="2020" count="4" type="stmt"/>
        <line num="2021" count="4" type="stmt"/>
        <line num="2022" count="16" type="stmt"/>
        <line num="2023" count="16" type="stmt"/>
        <line num="2024" count="16" type="stmt"/>
        <line num="2025" count="16" type="stmt"/>
        <line num="2027" count="4" type="cond" truecount="2" falsecount="0"/>
        <line num="2028" count="4" type="stmt"/>
        <line num="2029" count="4" type="stmt"/>
        <line num="2032" count="4" type="stmt"/>
        <line num="2033" count="4" type="stmt"/>
        <line num="2034" count="4" type="stmt"/>
        <line num="2035" count="4" type="stmt"/>
        <line num="2036" count="4" type="stmt"/>
        <line num="2038" count="4" type="cond" truecount="2" falsecount="0"/>
        <line num="2039" count="4" type="cond" truecount="2" falsecount="0"/>
        <line num="2041" count="4" type="stmt"/>
        <line num="2042" count="8" type="stmt"/>
        <line num="2043" count="8" type="stmt"/>
        <line num="2044" count="8" type="cond" truecount="2" falsecount="0"/>
        <line num="2045" count="8" type="stmt"/>
        <line num="2046" count="8" type="stmt"/>
        <line num="2048" count="4" type="stmt"/>
        <line num="2049" count="4" type="stmt"/>
        <line num="2050" count="4" type="stmt"/>
        <line num="2053" count="4" type="stmt"/>
        <line num="2054" count="4" type="stmt"/>
        <line num="2055" count="4" type="stmt"/>
        <line num="2056" count="4" type="stmt"/>
        <line num="2057" count="4" type="stmt"/>
        <line num="2058" count="4" type="stmt"/>
        <line num="2059" count="4" type="stmt"/>
        <line num="2060" count="4" type="stmt"/>
        <line num="2061" count="4" type="stmt"/>
        <line num="2062" count="4" type="stmt"/>
        <line num="2063" count="4" type="stmt"/>
        <line num="2066" count="4" type="stmt"/>
        <line num="2067" count="4" type="stmt"/>
        <line num="2069" count="4" type="stmt"/>
        <line num="2070" count="5" type="stmt"/>
        <line num="2071" count="5" type="cond" truecount="1" falsecount="1"/>
        <line num="2074" count="4" type="stmt"/>
        <line num="2075" count="4" type="stmt"/>
        <line num="2077" count="4" type="stmt"/>
        <line num="2078" count="3" type="stmt"/>
        <line num="2086" count="4" type="stmt"/>
        <line num="2090" count="3" type="stmt"/>
        <line num="2093" count="3" type="cond" truecount="2" falsecount="0"/>
        <line num="2094" count="3" type="cond" truecount="2" falsecount="0"/>
        <line num="2095" count="3" type="stmt"/>
        <line num="2096" count="3" type="stmt"/>
        <line num="2099" count="3" type="stmt"/>
        <line num="2100" count="3" type="stmt"/>
        <line num="2102" count="3" type="stmt"/>
        <line num="2103" count="3" type="stmt"/>
        <line num="2111" count="0" type="stmt"/>
        <line num="2112" count="0" type="cond" truecount="0" falsecount="4"/>
        <line num="2113" count="0" type="stmt"/>
        <line num="2115" count="0" type="stmt"/>
        <line num="2120" count="2" type="cond" truecount="2" falsecount="0"/>
        <line num="2121" count="1" type="stmt"/>
        <line num="2123" count="1" type="stmt"/>
        <line num="2126" count="2" type="stmt"/>
        <line num="2128" count="3" type="stmt"/>
        <line num="2129" count="3" type="stmt"/>
        <line num="2130" count="3" type="stmt"/>
        <line num="2135" count="3" type="stmt"/>
        <line num="2136" count="3" type="cond" truecount="1" falsecount="1"/>
        <line num="2138" count="3" type="stmt"/>
        <line num="2141" count="3" type="stmt"/>
        <line num="2142" count="3" type="stmt"/>
        <line num="2143" count="3" type="stmt"/>
        <line num="2145" count="3" type="stmt"/>
        <line num="2146" count="3" type="stmt"/>
        <line num="2147" count="3" type="stmt"/>
        <line num="2148" count="3" type="stmt"/>
        <line num="2149" count="24" type="stmt"/>
        <line num="2151" count="3" type="cond" truecount="1" falsecount="1"/>
        <line num="2152" count="3" type="stmt"/>
        <line num="2153" count="1" type="cond" truecount="1" falsecount="1"/>
        <line num="2154" count="1" type="stmt"/>
        <line num="2157" count="3" type="stmt"/>
        <line num="2158" count="3" type="stmt"/>
        <line num="2160" count="3" type="stmt"/>
        <line num="2163" count="3" type="stmt"/>
        <line num="2164" count="3" type="stmt"/>
        <line num="2165" count="3" type="stmt"/>
        <line num="2167" count="3" type="stmt"/>
        <line num="2168" count="3" type="stmt"/>
        <line num="2169" count="3" type="stmt"/>
        <line num="2170" count="3" type="stmt"/>
        <line num="2171" count="3" type="stmt"/>
        <line num="2182" count="3" type="stmt"/>
        <line num="2183" count="0" type="stmt"/>
        <line num="2186" count="3" type="stmt"/>
        <line num="2187" count="3" type="stmt"/>
        <line num="2188" count="3" type="stmt"/>
        <line num="2189" count="3" type="stmt"/>
        <line num="2190" count="3" type="stmt"/>
        <line num="2191" count="3" type="stmt"/>
        <line num="2194" count="3" type="stmt"/>
        <line num="2195" count="3" type="stmt"/>
        <line num="2196" count="3" type="stmt"/>
        <line num="2197" count="3" type="stmt"/>
        <line num="2198" count="3" type="stmt"/>
        <line num="2200" count="3" type="stmt"/>
        <line num="2202" count="3" type="stmt"/>
        <line num="2203" count="3" type="stmt"/>
        <line num="2204" count="3" type="stmt"/>
        <line num="2206" count="3" type="stmt"/>
        <line num="2207" count="3" type="stmt"/>
        <line num="2208" count="3" type="stmt"/>
        <line num="2209" count="3" type="stmt"/>
        <line num="2210" count="0" type="stmt"/>
        <line num="2211" count="0" type="stmt"/>
        <line num="2212" count="0" type="cond" truecount="0" falsecount="2"/>
        <line num="2213" count="0" type="stmt"/>
        <line num="2216" count="3" type="stmt"/>
        <line num="2217" count="3" type="stmt"/>
        <line num="2218" count="3" type="stmt"/>
        <line num="2219" count="3" type="stmt"/>
        <line num="2220" count="0" type="stmt"/>
        <line num="2221" count="0" type="stmt"/>
        <line num="2222" count="0" type="cond" truecount="0" falsecount="2"/>
        <line num="2223" count="0" type="stmt"/>
        <line num="2226" count="3" type="stmt"/>
        <line num="2227" count="3" type="stmt"/>
        <line num="2228" count="3" type="stmt"/>
        <line num="2229" count="3" type="stmt"/>
        <line num="2230" count="0" type="stmt"/>
        <line num="2233" count="3" type="stmt"/>
        <line num="2234" count="3" type="stmt"/>
        <line num="2235" count="3" type="stmt"/>
        <line num="2236" count="3" type="stmt"/>
        <line num="2237" count="3" type="stmt"/>
        <line num="2239" count="3" type="stmt"/>
        <line num="2242" count="3" type="stmt"/>
        <line num="2243" count="3" type="stmt"/>
        <line num="2244" count="3" type="stmt"/>
        <line num="2245" count="3" type="stmt"/>
        <line num="2246" count="3" type="stmt"/>
        <line num="2247" count="0" type="stmt"/>
        <line num="2248" count="0" type="stmt"/>
        <line num="2250" count="3" type="stmt"/>
        <line num="2253" count="3" type="stmt"/>
        <line num="2254" count="3" type="stmt"/>
        <line num="2255" count="3" type="stmt"/>
        <line num="2256" count="3" type="stmt"/>
        <line num="2257" count="3" type="stmt"/>
        <line num="2258" count="0" type="stmt"/>
        <line num="2259" count="0" type="stmt"/>
        <line num="2261" count="3" type="stmt"/>
        <line num="2265" count="6" type="stmt"/>
        <line num="2266" count="6" type="stmt"/>
        <line num="2267" count="6" type="stmt"/>
        <line num="2271" count="4" type="stmt"/>
        <line num="2273" count="4" type="stmt"/>
        <line num="2275" count="4" type="stmt"/>
        <line num="2276" count="4" type="stmt"/>
        <line num="2277" count="4" type="stmt"/>
        <line num="2279" count="4" type="stmt"/>
        <line num="2280" count="4" type="stmt"/>
        <line num="2281" count="4" type="cond" truecount="1" falsecount="1"/>
        <line num="2282" count="4" type="stmt"/>
        <line num="2284" count="4" type="stmt"/>
        <line num="2286" count="4" type="cond" truecount="1" falsecount="1"/>
        <line num="2287" count="4" type="stmt"/>
        <line num="2288" count="4" type="cond" truecount="3" falsecount="1"/>
        <line num="2289" count="0" type="cond" truecount="0" falsecount="2"/>
        <line num="2293" count="4" type="stmt"/>
        <line num="2294" count="4" type="stmt"/>
        <line num="2295" count="4" type="stmt"/>
        <line num="2296" count="4" type="stmt"/>
        <line num="2297" count="4" type="stmt"/>
        <line num="2298" count="4" type="stmt"/>
        <line num="2299" count="4" type="stmt"/>
        <line num="2300" count="4" type="stmt"/>
        <line num="2302" count="4" type="stmt"/>
        <line num="2303" count="0" type="cond" truecount="0" falsecount="4"/>
        <line num="2304" count="0" type="stmt"/>
        <line num="2305" count="0" type="cond" truecount="0" falsecount="2"/>
        <line num="2306" count="0" type="stmt"/>
        <line num="2310" count="4" type="cond" truecount="0" falsecount="4"/>
        <line num="2312" count="4" type="stmt"/>
        <line num="2313" count="4" type="stmt"/>
        <line num="2314" count="4" type="cond" truecount="1" falsecount="1"/>
        <line num="2315" count="4" type="cond" truecount="1" falsecount="1"/>
        <line num="2316" count="4" type="stmt"/>
        <line num="2318" count="4" type="stmt"/>
        <line num="2319" count="0" type="cond" truecount="0" falsecount="4"/>
        <line num="2320" count="0" type="stmt"/>
        <line num="2325" count="4" type="stmt"/>
        <line num="2326" count="4" type="stmt"/>
        <line num="2327" count="4" type="stmt"/>
        <line num="2329" count="4" type="stmt"/>
        <line num="2334" count="7" type="stmt"/>
        <line num="2338" count="9" type="stmt"/>
        <line num="2339" count="9" type="cond" truecount="4" falsecount="0"/>
        <line num="2340" count="1" type="stmt"/>
        <line num="2345" count="196" type="stmt"/>
        <line num="2346" count="196" type="stmt"/>
        <line num="2347" count="196" type="stmt"/>
        <line num="2348" count="196" type="stmt"/>
        <line num="2349" count="196" type="stmt"/>
        <line num="2351" count="196" type="stmt"/>
        <line num="2352" count="196" type="stmt"/>
        <line num="2353" count="196" type="stmt"/>
        <line num="2354" count="196" type="stmt"/>
        <line num="2355" count="196" type="stmt"/>
        <line num="2356" count="196" type="stmt"/>
        <line num="2357" count="196" type="stmt"/>
        <line num="2358" count="196" type="stmt"/>
        <line num="2359" count="196" type="stmt"/>
        <line num="2360" count="196" type="stmt"/>
        <line num="2361" count="196" type="stmt"/>
        <line num="2362" count="196" type="stmt"/>
        <line num="2363" count="196" type="stmt"/>
        <line num="2364" count="196" type="stmt"/>
        <line num="2365" count="196" type="stmt"/>
        <line num="2366" count="196" type="stmt"/>
        <line num="2367" count="196" type="stmt"/>
        <line num="2368" count="196" type="stmt"/>
        <line num="2369" count="196" type="stmt"/>
        <line num="2370" count="196" type="stmt"/>
        <line num="2371" count="196" type="stmt"/>
        <line num="2372" count="196" type="stmt"/>
        <line num="2374" count="196" type="stmt"/>
        <line num="2375" count="196" type="stmt"/>
        <line num="2376" count="196" type="stmt"/>
        <line num="2378" count="196" type="stmt"/>
        <line num="2379" count="196" type="cond" truecount="1" falsecount="1"/>
        <line num="2380" count="196" type="stmt"/>
        <line num="2382" count="196" type="stmt"/>
        <line num="2386" count="196" type="stmt"/>
        <line num="2389" count="196" type="stmt"/>
        <line num="2390" count="196" type="cond" truecount="1" falsecount="1"/>
        <line num="2391" count="196" type="cond" truecount="1" falsecount="1"/>
        <line num="2392" count="0" type="stmt"/>
        <line num="2398" count="196" type="cond" truecount="5" falsecount="0"/>
        <line num="2399" count="195" type="stmt"/>
        <line num="2402" count="196" type="cond" truecount="1" falsecount="1"/>
        <line num="2403" count="0" type="stmt"/>
        <line num="2407" count="196" type="stmt"/>
        <line num="2409" count="196" type="stmt"/>
        <line num="2410" count="196" type="stmt"/>
        <line num="2414" count="191" type="stmt"/>
        <line num="2415" count="191" type="stmt"/>
        <line num="2416" count="191" type="stmt"/>
        <line num="2417" count="191" type="stmt"/>
        <line num="2418" count="191" type="stmt"/>
        <line num="2419" count="191" type="stmt"/>
        <line num="2420" count="191" type="stmt"/>
        <line num="2421" count="191" type="stmt"/>
        <line num="2422" count="191" type="stmt"/>
        <line num="2423" count="191" type="stmt"/>
        <line num="2424" count="191" type="stmt"/>
        <line num="2425" count="191" type="stmt"/>
        <line num="2426" count="191" type="stmt"/>
        <line num="2427" count="191" type="stmt"/>
        <line num="2428" count="191" type="stmt"/>
        <line num="2429" count="191" type="stmt"/>
        <line num="2430" count="191" type="stmt"/>
        <line num="2431" count="191" type="stmt"/>
        <line num="2432" count="191" type="stmt"/>
        <line num="2433" count="191" type="stmt"/>
        <line num="2434" count="191" type="stmt"/>
        <line num="2435" count="191" type="stmt"/>
        <line num="2436" count="191" type="stmt"/>
        <line num="2437" count="191" type="stmt"/>
        <line num="2438" count="191" type="stmt"/>
        <line num="2439" count="191" type="stmt"/>
        <line num="2441" count="191" type="stmt"/>
        <line num="2442" count="191" type="stmt"/>
        <line num="2443" count="191" type="stmt"/>
        <line num="2445" count="191" type="stmt"/>
        <line num="2446" count="191" type="cond" truecount="1" falsecount="1"/>
        <line num="2447" count="191" type="stmt"/>
        <line num="2450" count="191" type="stmt"/>
        <line num="2452" count="191" type="cond" truecount="2" falsecount="0"/>
        <line num="2453" count="81" type="stmt"/>
        <line num="2455" count="191" type="cond" truecount="2" falsecount="0"/>
        <line num="2456" count="81" type="stmt"/>
        <line num="2457" count="81" type="stmt"/>
        <line num="2460" count="191" type="cond" truecount="2" falsecount="0"/>
        <line num="2461" count="100" type="stmt"/>
        <line num="2462" count="100" type="stmt"/>
        <line num="2467" count="20" type="stmt"/>
        <line num="2468" count="20" type="stmt"/>
        <line num="2469" count="20" type="stmt"/>
        <line num="2470" count="20" type="stmt"/>
        <line num="2471" count="20" type="stmt"/>
        <line num="2473" count="20" type="stmt"/>
        <line num="2474" count="20" type="stmt"/>
        <line num="2475" count="20" type="cond" truecount="2" falsecount="0"/>
        <line num="2476" count="2" type="stmt"/>
        <line num="2477" count="2" type="stmt"/>
        <line num="2478" count="2" type="stmt"/>
        <line num="2480" count="20" type="stmt"/>
        <line num="2482" count="20" type="cond" truecount="2" falsecount="0"/>
        <line num="2483" count="18" type="stmt"/>
        <line num="2485" count="20" type="stmt"/>
        <line num="2488" count="2" type="stmt"/>
        <line num="2489" count="2" type="stmt"/>
        <line num="2491" count="2" type="cond" truecount="1" falsecount="1"/>
        <line num="2492" count="0" type="stmt"/>
        <line num="2495" count="2" type="stmt"/>
        <line num="2500" count="165" type="cond" truecount="2" falsecount="0"/>
        <line num="2501" count="5" type="stmt"/>
        <line num="2502" count="5" type="stmt"/>
        <line num="2505" count="160" type="cond" truecount="2" falsecount="0"/>
        <line num="2506" count="14" type="cond" truecount="2" falsecount="0"/>
        <line num="2507" count="3" type="stmt"/>
        <line num="2509" count="11" type="stmt"/>
        <line num="2512" count="146" type="stmt"/>
        <line num="2517" count="303" type="stmt"/>
        <line num="2518" count="303" type="stmt"/>
        <line num="2519" count="303" type="stmt"/>
        <line num="2520" count="303" type="stmt"/>
        <line num="2521" count="303" type="stmt"/>
        <line num="2522" count="303" type="stmt"/>
        <line num="2523" count="303" type="stmt"/>
        <line num="2524" count="303" type="stmt"/>
        <line num="2526" count="303" type="cond" truecount="2" falsecount="0"/>
        <line num="2527" count="217" type="stmt"/>
        <line num="2532" count="28" type="stmt"/>
        <line num="2533" count="28" type="stmt"/>
        <line num="2534" count="28" type="stmt"/>
        <line num="2535" count="28" type="stmt"/>
        <line num="2536" count="28" type="stmt"/>
        <line num="2537" count="28" type="stmt"/>
        <line num="2538" count="28" type="stmt"/>
        <line num="2539" count="28" type="stmt"/>
        <line num="2542" count="1" type="stmt"/>
        <line num="2543" count="1" type="cond" truecount="1" falsecount="1"/>
        <line num="2544" count="1" type="stmt"/>
        <line num="2548" count="1" type="stmt"/>
        <line num="2552" count="1" type="stmt"/>
        <line num="2555" count="1" type="stmt"/>
        <line num="2557" count="52" type="stmt"/>
        <line num="2558" count="52" type="stmt"/>
        <line num="2563" count="52" type="cond" truecount="1" falsecount="1"/>
        <line num="2564" count="0" type="stmt"/>
        <line num="2565" count="0" type="stmt"/>
        <line num="2566" count="0" type="stmt"/>
        <line num="2567" count="0" type="stmt"/>
        <line num="2568" count="0" type="stmt"/>
        <line num="2569" count="0" type="stmt"/>
        <line num="2570" count="0" type="stmt"/>
        <line num="2572" count="52" type="stmt"/>
        <line num="2576" count="1" type="cond" truecount="1" falsecount="1"/>
        <line num="2579" count="1" type="stmt"/>
        <line num="2580" count="1" type="stmt"/>
        <line num="2582" count="51" type="cond" truecount="1" falsecount="1"/>
        <line num="2583" count="0" type="stmt"/>
        <line num="2584" count="0" type="stmt"/>
        <line num="2587" count="51" type="cond" truecount="1" falsecount="1"/>
        <line num="2590" count="51" type="cond" truecount="2" falsecount="0"/>
        <line num="2591" count="1" type="stmt"/>
        <line num="2592" count="1" type="cond" truecount="1" falsecount="1"/>
        <line num="2593" count="1" type="stmt"/>
        <line num="2594" count="1" type="stmt"/>
        <line num="2602" count="1" type="stmt"/>
        <line num="2603" count="1" type="stmt"/>
        <line num="2604" count="1" type="stmt"/>
        <line num="2606" count="1" type="stmt"/>
        <line num="2613" count="193" type="cond" truecount="2" falsecount="0"/>
        <line num="2614" count="1" type="stmt"/>
        <line num="2615" count="1" type="stmt"/>
        <line num="2619" count="0" type="stmt"/>
        <line num="2620" count="0" type="cond" truecount="0" falsecount="2"/>
        <line num="2623" count="0" type="cond" truecount="0" falsecount="2"/>
        <line num="2625" count="0" type="stmt"/>
        <line num="2626" count="0" type="stmt"/>
        <line num="2629" count="0" type="cond" truecount="0" falsecount="2"/>
        <line num="2630" count="0" type="stmt"/>
        <line num="2631" count="0" type="stmt"/>
        <line num="2632" count="0" type="cond" truecount="0" falsecount="2"/>
        <line num="2633" count="0" type="stmt"/>
        <line num="2635" count="0" type="cond" truecount="0" falsecount="2"/>
        <line num="2636" count="0" type="stmt"/>
        <line num="2639" count="0" type="stmt"/>
        <line num="2645" count="294" type="stmt"/>
        <line num="2646" count="294" type="stmt"/>
        <line num="2647" count="294" type="cond" truecount="1" falsecount="1"/>
        <line num="2649" count="294" type="stmt"/>
        <line num="2650" count="294" type="stmt"/>
        <line num="2652" count="294" type="stmt"/>
        <line num="2653" count="14" type="cond" truecount="2" falsecount="0"/>
        <line num="2654" count="11" type="stmt"/>
        <line num="2655" count="11" type="stmt"/>
        <line num="2658" count="11" type="cond" truecount="2" falsecount="0"/>
        <line num="2660" count="8" type="cond" truecount="2" falsecount="0"/>
        <line num="2661" count="11" type="cond" truecount="2" falsecount="0"/>
        <line num="2662" count="11" type="cond" truecount="2" falsecount="0"/>
        <line num="2663" count="11" type="stmt"/>
        <line num="2664" count="11" type="stmt"/>
        <line num="2666" count="11" type="stmt"/>
        <line num="2667" count="11" type="stmt"/>
        <line num="2669" count="11" type="cond" truecount="2" falsecount="0"/>
        <line num="2670" count="4" type="stmt"/>
        <line num="2671" count="4" type="stmt"/>
        <line num="2674" count="8" type="cond" truecount="2" falsecount="0"/>
        <line num="2675" count="4" type="stmt"/>
        <line num="2677" count="4" type="cond" truecount="2" falsecount="0"/>
        <line num="2678" count="3" type="stmt"/>
        <line num="2681" count="3" type="stmt"/>
        <line num="2682" count="3" type="stmt"/>
        <line num="2683" count="2" type="stmt"/>
        <line num="2686" count="3" type="cond" truecount="2" falsecount="0"/>
        <line num="2687" count="2" type="stmt"/>
        <line num="2689" count="1" type="stmt"/>
        <line num="2692" count="1" type="stmt"/>
        <line num="2698" count="294" type="stmt"/>
        <line num="2699" count="13" type="cond" truecount="2" falsecount="0"/>
        <line num="2700" count="2" type="cond" truecount="2" falsecount="0"/>
        <line num="2701" count="1" type="stmt"/>
        <line num="2703" count="2" type="stmt"/>
        <line num="2704" count="2" type="stmt"/>
        <line num="2708" count="294" type="stmt"/>
        <line num="2713" count="83" type="cond" truecount="2" falsecount="0"/>
        <line num="2714" count="1" type="stmt"/>
        <line num="2715" count="1" type="stmt"/>
        <line num="2717" count="83" type="cond" truecount="1" falsecount="1"/>
        <line num="2718" count="0" type="stmt"/>
        <line num="2720" count="83" type="cond" truecount="2" falsecount="0"/>
        <line num="2721" count="1" type="stmt"/>
        <line num="2722" count="1" type="stmt"/>
        <line num="2725" count="83" type="stmt"/>
        <line num="2726" count="83" type="stmt"/>
        <line num="2729" count="83" type="stmt"/>
        <line num="2732" count="83" type="stmt"/>
        <line num="2733" count="83" type="stmt"/>
        <line num="2736" count="83" type="stmt"/>
        <line num="2737" count="83" type="stmt"/>
        <line num="2738" count="83" type="stmt"/>
        <line num="2739" count="83" type="stmt"/>
        <line num="2741" count="83" type="stmt"/>
        <line num="2743" count="83" type="cond" truecount="2" falsecount="0"/>
        <line num="2744" count="1" type="stmt"/>
        <line num="2748" count="83" type="stmt"/>
        <line num="2749" count="83" type="stmt"/>
        <line num="2752" count="83" type="cond" truecount="2" falsecount="0"/>
        <line num="2753" count="83" type="stmt"/>
        <line num="2755" count="83" type="cond" truecount="1" falsecount="1"/>
        <line num="2756" count="0" type="stmt"/>
        <line num="2759" count="83" type="stmt"/>
        <line num="2760" count="83" type="cond" truecount="1" falsecount="1"/>
        <line num="2761" count="83" type="stmt"/>
        <line num="2762" count="83" type="stmt"/>
        <line num="2765" count="83" type="stmt"/>
        <line num="2767" count="83" type="stmt"/>
        <line num="2768" count="0" type="stmt"/>
        <line num="2771" count="83" type="stmt"/>
        <line num="2772" count="1" type="cond" truecount="1" falsecount="1"/>
        <line num="2773" count="1" type="stmt"/>
        <line num="2781" count="1" type="stmt"/>
        <line num="2783" count="0" type="stmt"/>
        <line num="2785" count="1" type="stmt"/>
        <line num="2788" count="83" type="stmt"/>
        <line num="2789" count="82" type="stmt"/>
        <line num="2790" count="82" type="stmt"/>
        <line num="2791" count="82" type="stmt"/>
        <line num="2794" count="83" type="cond" truecount="1" falsecount="1"/>
        <line num="2795" count="0" type="stmt"/>
        <line num="2800" count="218" type="cond" truecount="2" falsecount="0"/>
        <line num="2801" count="218" type="cond" truecount="2" falsecount="0"/>
        <line num="2803" count="218" type="cond" truecount="6" falsecount="0"/>
        <line num="2804" count="6" type="stmt"/>
        <line num="2806" count="212" type="stmt"/>
        <line num="2810" count="8" type="stmt"/>
        <line num="2811" count="8" type="cond" truecount="2" falsecount="0"/>
        <line num="2812" count="7" type="stmt"/>
        <line num="2814" count="7" type="stmt"/>
        <line num="2816" count="7" type="cond" truecount="1" falsecount="1"/>
        <line num="2818" count="0" type="stmt"/>
        <line num="2819" count="0" type="stmt"/>
        <line num="2820" count="7" type="cond" truecount="2" falsecount="0"/>
        <line num="2821" count="2" type="stmt"/>
        <line num="2823" count="5" type="stmt"/>
        <line num="2827" count="0" type="stmt"/>
        <line num="2828" count="0" type="cond" truecount="0" falsecount="2"/>
        <line num="2829" count="0" type="stmt"/>
        <line num="2830" count="0" type="stmt"/>
        <line num="2833" count="0" type="stmt"/>
        <line num="2834" count="0" type="cond" truecount="0" falsecount="2"/>
        <line num="2835" count="0" type="stmt"/>
        <line num="2836" count="0" type="stmt"/>
[...]
        <line num="180" count="14" type="stmt"/>
        <line num="183" count="14" type="stmt"/>
        <line num="184" count="14" type="cond" truecount="2" falsecount="0"/>
        <line num="185" count="16" type="stmt"/>
        <line num="191" count="16" type="stmt"/>
        <line num="196" count="16" type="stmt"/>
        <line num="197" count="16" type="stmt"/>
        <line num="200" count="16" type="stmt"/>
        <line num="201" count="16" type="stmt"/>
        <line num="203" count="16" type="stmt"/>
        <line num="204" count="16" type="stmt"/>
        <line num="205" count="14" type="cond" truecount="4" falsecount="0"/>
        <line num="206" count="2" type="cond" truecount="1" falsecount="1"/>
        <line num="210" count="2" type="stmt"/>
        <line num="211" count="2" type="stmt"/>
        <line num="214" count="0" type="stmt"/>
        <line num="217" count="14" type="stmt"/>
        <line num="221" count="14" type="stmt"/>
        <line num="222" count="14" type="cond" truecount="5" falsecount="0"/>
        <line num="223" count="2" type="stmt"/>
        <line num="224" count="2" type="stmt"/>
        <line num="227" count="14" type="stmt"/>
        <line num="228" count="14" type="stmt"/>
        <line num="230" count="14" type="stmt"/>
        <line num="232" count="14" type="stmt"/>
        <line num="233" count="118" type="cond" truecount="2" falsecount="0"/>
        <line num="234" count="1" type="stmt"/>
        <line num="237" count="117" type="stmt"/>
        <line num="238" count="117" type="stmt"/>
        <line num="245" count="117" type="cond" truecount="3" falsecount="1"/>
        <line num="246" count="0" type="stmt"/>
        <line num="249" count="117" type="stmt"/>
        <line num="250" count="117" type="stmt"/>
        <line num="252" count="117" type="stmt"/>
        <line num="253" count="117" type="cond" truecount="5" falsecount="0"/>
        <line num="254" count="18" type="stmt"/>
        <line num="255" count="18" type="stmt"/>
        <line num="258" count="117" type="stmt"/>
        <line num="259" count="117" type="stmt"/>
        <line num="261" count="117" type="stmt"/>
        <line num="265" count="13" type="cond" truecount="4" falsecount="0"/>
        <line num="266" count="2" type="stmt"/>
        <line num="267" count="2" type="stmt"/>
        <line num="268" count="2" type="stmt"/>
        <line num="270" count="2" type="stmt"/>
        <line num="271" count="2" type="stmt"/>
        <line num="273" count="2" type="stmt"/>
        <line num="274" count="2" type="stmt"/>
        <line num="275" count="2" type="stmt"/>
        <line num="277" count="2" type="stmt"/>
        <line num="285" count="2" type="stmt"/>
        <line num="288" count="13" type="stmt"/>
        <line num="290" count="13" type="cond" truecount="1" falsecount="1"/>
        <line num="291" count="13" type="stmt"/>
        <line num="292" count="13" type="stmt"/>
        <line num="294" count="0" type="stmt"/>
        <line num="298" count="1" type="cond" truecount="1" falsecount="1"/>
        <line num="299" count="1" type="stmt"/>
        <line num="300" count="1" type="stmt"/>
        <line num="302" count="0" type="stmt"/>
        <line num="303" count="0" type="stmt"/>
        <line num="313" count="20" type="stmt"/>
        <line num="314" count="20" type="stmt"/>
        <line num="318" count="20" type="cond" truecount="1" falsecount="1"/>
        <line num="319" count="20" type="stmt"/>
        <line num="320" count="20" type="stmt"/>
        <line num="322" count="0" type="stmt"/>
        <line num="323" count="0" type="stmt"/>
        <line num="324" count="0" type="stmt"/>
        <line num="325" count="0" type="stmt"/>
        <line num="328" count="20" type="cond" truecount="1" falsecount="1"/>
        <line num="330" count="20" type="stmt"/>
        <line num="332" count="20" type="stmt"/>
        <line num="334" count="20" type="cond" truecount="2" falsecount="0"/>
        <line num="335" count="20" type="stmt"/>
        <line num="336" count="20" type="stmt"/>
        <line num="337" count="20" type="stmt"/>
        <line num="338" count="20" type="stmt"/>
        <line num="340" count="20" type="cond" truecount="2" falsecount="0"/>
        <line num="341" count="20" type="stmt"/>
        <line num="342" count="20" type="stmt"/>
        <line num="344" count="20" type="stmt"/>
        <line num="345" count="20" type="stmt"/>
        <line num="347" count="20" type="stmt"/>
        <line num="348" count="20" type="stmt"/>
        <line num="349" count="20" type="stmt"/>
        <line num="351" count="20" type="stmt"/>
        <line num="352" count="20" type="stmt"/>
        <line num="353" count="30" type="stmt"/>
        <line num="354" count="30" type="cond" truecount="2" falsecount="0"/>
        <line num="357" count="20" type="stmt"/>
        <line num="358" count="20" type="stmt"/>
        <line num="360" count="20" type="stmt"/>
        <line num="361" count="20" type="cond" truecount="2" falsecount="0"/>
        <line num="362" count="20" type="stmt"/>
        <line num="364" count="20" type="stmt"/>
        <line num="365" count="20" type="stmt"/>
        <line num="366" count="20" type="stmt"/>
        <line num="367" count="20" type="cond" truecount="2" falsecount="0"/>
        <line num="368" count="20" type="stmt"/>
        <line num="369" count="30" type="stmt"/>
        <line num="370" count="30" type="stmt"/>
        <line num="373" count="20" type="stmt"/>
        <line num="376" count="20" type="stmt"/>
        <line num="378" count="20" type="stmt"/>
        <line num="382" count="13" type="cond" truecount="2" falsecount="0"/>
        <line num="383" count="13" type="stmt"/>
        <line num="384" count="13" type="stmt"/>
        <line num="385" count="13" type="stmt"/>
        <line num="386" count="13" type="stmt"/>
        <line num="387" count="13" type="stmt"/>
        <line num="388" count="13" type="stmt"/>
        <line num="389" count="13" type="stmt"/>
        <line num="393" count="1" type="stmt"/>
        <line num="394" count="1" type="stmt"/>
        <line num="395" count="1" type="stmt"/>
        <line num="396" count="1" type="stmt"/>
        <line num="397" count="1" type="stmt"/>
        <line num="398" count="1" type="stmt"/>
        <line num="399" count="1" type="stmt"/>
        <line num="400" count="1" type="stmt"/>
      </file>
      <file name="media-session.ts" path="/app/packages/player/src/features/media-session.ts">
        <metrics statements="50" coveredstatements="47" conditionals="42" coveredconditionals="37" methods="14" coveredmethods="11"/>
        <line num="4" count="95" type="stmt"/>
        <line num="6" count="95" type="stmt"/>
        <line num="7" count="95" type="cond" truecount="2" falsecount="0"/>
        <line num="9" count="11" type="stmt"/>
        <line num="10" count="11" type="stmt"/>
        <line num="13" count="11" type="stmt"/>
        <line num="15" count="11" type="stmt"/>
        <line num="19" count="13" type="cond" truecount="2" falsecount="0"/>
        <line num="21" count="12" type="cond" truecount="1" falsecount="1"/>
        <line num="22" count="13" type="cond" truecount="2" falsecount="0"/>
        <line num="23" count="13" type="cond" truecount="2" falsecount="0"/>
        <line num="24" count="13" type="stmt"/>
        <line num="27" count="13" type="cond" truecount="2" falsecount="0"/>
        <line num="28" count="12" type="stmt"/>
        <line num="31" count="12" type="cond" truecount="2" falsecount="0"/>
        <line num="33" count="13" type="stmt"/>
        <line num="42" count="12" type="cond" truecount="2" falsecount="0"/>
        <line num="44" count="11" type="stmt"/>
        <line num="45" count="1" type="stmt"/>
        <line num="46" count="0" type="stmt"/>
        <line num="47" count="1" type="cond" truecount="1" falsecount="1"/>
        <line num="48" count="1" type="cond" truecount="1" falsecount="1"/>
        <line num="50" count="2" type="cond" truecount="2" falsecount="0"/>
        <line num="51" count="1" type="stmt"/>
        <line num="52" count="1" type="cond" truecount="1" falsecount="1"/>
        <line num="53" count="1" type="stmt"/>
        <line num="58" count="0" type="stmt"/>
        <line num="59" count="0" type="stmt"/>
        <line num="63" count="11" type="stmt"/>
        <line num="64" count="66" type="stmt"/>
        <line num="65" count="66" type="stmt"/>
        <line num="73" count="2" type="stmt"/>
        <line num="74" count="2" type="cond" truecount="3" falsecount="1"/>
        <line num="75" count="2" type="stmt"/>
        <line num="76" count="2" type="stmt"/>
        <line num="77" count="2" type="stmt"/>
        <line num="82" count="15" type="cond" truecount="2" falsecount="0"/>
        <line num="84" count="14" type="cond" truecount="2" falsecount="0"/>
        <line num="86" count="15" type="cond" truecount="4" falsecount="0"/>
        <line num="87" count="12" type="stmt"/>
        <line num="88" count="12" type="stmt"/>
        <line num="100" count="85" type="cond" truecount="2" falsecount="0"/>
        <line num="101" count="2" type="stmt"/>
        <line num="102" count="2" type="stmt"/>
        <line num="103" count="12" type="stmt"/>
        <line num="104" count="12" type="stmt"/>
        <line num="107" count="2" type="stmt"/>
        <line num="109" count="85" type="cond" truecount="2" falsecount="0"/>
        <line num="110" count="1" type="stmt"/>
        <line num="111" count="1" type="stmt"/>
      </file>
      <file name="text-tracks.ts" path="/app/packages/player/src/features/text-tracks.ts">
        <metrics statements="127" coveredstatements="112" conditionals="57" coveredconditionals="46" methods="36" coveredmethods="29"/>
        <line num="8" count="15" type="cond" truecount="3" falsecount="0"/>
        <line num="11" count="11" type="stmt"/>
        <line num="12" count="11" type="stmt"/>
        <line num="15" count="11" type="stmt"/>
        <line num="19" count="11" type="stmt"/>
        <line num="20" count="11" type="stmt"/>
        <line num="21" count="11" type="stmt"/>
        <line num="25" count="15" type="cond" truecount="2" falsecount="0"/>
        <line num="32" count="21" type="stmt"/>
        <line num="33" count="21" type="stmt"/>
        <line num="35" count="80" type="cond" truecount="2" falsecount="0"/>
        <line num="36" count="45" type="stmt"/>
        <line num="37" count="45" type="cond" truecount="4" falsecount="0"/>
        <line num="38" count="5" type="stmt"/>
        <line num="41" count="75" type="stmt"/>
        <line num="46" count="26" type="stmt"/>
        <line num="49" count="2" type="cond" truecount="2" falsecount="0"/>
        <line num="53" count="10" type="stmt"/>
        <line num="58" count="26" type="stmt"/>
        <line num="59" count="26" type="stmt"/>
        <line num="60" count="26" type="stmt"/>
        <line num="61" count="26" type="stmt"/>
        <line num="69" count="26" type="stmt"/>
        <line num="70" count="26" type="stmt"/>
        <line num="73" count="26" type="stmt"/>
        <line num="74" count="26" type="stmt"/>
        <line num="75" count="26" type="stmt"/>
        <line num="76" count="26" type="stmt"/>
        <line num="77" count="26" type="stmt"/>
        <line num="78" count="26" type="stmt"/>
        <line num="81" count="13" type="stmt"/>
        <line num="82" count="1" type="stmt"/>
        <line num="83" count="1" type="stmt"/>
        <line num="84" count="0" type="stmt"/>
        <line num="87" count="20" type="cond" truecount="2" falsecount="0"/>
        <line num="88" count="10" type="stmt"/>
        <line num="90" count="20" type="stmt"/>
        <line num="94" count="13" type="cond" truecount="2" falsecount="0"/>
        <line num="95" count="11" type="stmt"/>
        <line num="97" count="13" type="stmt"/>
        <line num="100" count="0" type="stmt"/>
        <line num="103" count="1" type="cond" truecount="1" falsecount="1"/>
        <line num="104" count="0" type="stmt"/>
        <line num="106" count="1" type="stmt"/>
        <line num="107" count="1" type="cond" truecount="1" falsecount="1"/>
        <line num="108" count="1" type="stmt"/>
        <line num="113" count="25" type="stmt"/>
        <line num="117" count="18" type="cond" truecount="2" falsecount="0"/>
        <line num="118" count="16" type="stmt"/>
        <line num="119" count="16" type="stmt"/>
        <line num="124" count="11" type="cond" truecount="2" falsecount="0"/>
        <line num="125" count="3" type="cond" truecount="2" falsecount="0"/>
        <line num="126" count="2" type="stmt"/>
        <line num="127" count="2" type="stmt"/>
        <line num="128" count="2" type="stmt"/>
        <line num="130" count="3" type="stmt"/>
        <line num="133" count="8" type="stmt"/>
        <line num="134" count="11" type="cond" truecount="2" falsecount="0"/>
        <line num="137" count="8" type="stmt"/>
        <line num="138" count="8" type="cond" truecount="2" falsecount="0"/>
        <line num="139" count="6" type="stmt"/>
        <line num="141" count="2" type="stmt"/>
        <line num="142" count="2" type="cond" truecount="2" falsecount="0"/>
        <line num="143" count="1" type="stmt"/>
        <line num="144" count="1" type="stmt"/>
        <line num="149" count="8" type="cond" truecount="2" falsecount="0"/>
        <line num="150" count="7" type="stmt"/>
        <line num="151" count="7" type="stmt"/>
        <line num="152" count="7" type="stmt"/>
        <line num="157" count="13" type="stmt"/>
        <line num="158" count="13" type="stmt"/>
        <line num="161" count="0" type="stmt"/>
        <line num="162" count="0" type="stmt"/>
        <line num="168" count="0" type="stmt"/>
        <line num="172" count="13" type="stmt"/>
        <line num="173" count="13" type="stmt"/>
        <line num="176" count="13" type="cond" truecount="1" falsecount="1"/>
        <line num="177" count="0" type="stmt"/>
        <line num="182" count="1" type="stmt"/>
        <line num="183" count="1" type="cond" truecount="1" falsecount="1"/>
        <line num="184" count="1" type="stmt"/>
        <line num="185" count="1" type="stmt"/>
        <line num="187" count="0" type="stmt"/>
        <line num="188" count="0" type="stmt"/>
        <line num="193" count="1" type="stmt"/>
        <line num="194" count="1" type="cond" truecount="1" falsecount="1"/>
        <line num="195" count="0" type="stmt"/>
        <line num="202" count="208" type="stmt"/>
        <line num="203" count="208" type="stmt"/>
        <line num="204" count="208" type="stmt"/>
        <line num="205" count="208" type="stmt"/>
        <line num="207" count="314" type="stmt"/>
        <line num="212" count="145" type="stmt"/>
        <line num="216" count="18" type="stmt"/>
        <line num="218" count="18" type="stmt"/>
        <line num="220" count="18" type="stmt"/>
        <line num="221" count="18" type="stmt"/>
        <line num="222" count="18" type="stmt"/>
        <line num="226" count="0" type="cond" truecount="0" falsecount="2"/>
        <line num="230" count="3" type="stmt"/>
        <line num="231" count="3" type="cond" truecount="1" falsecount="1"/>
        <line num="232" count="3" type="stmt"/>
        <line num="235" count="3" type="stmt"/>
        <line num="236" count="0" type="stmt"/>
        <line num="238" count="3" type="stmt"/>
        <line num="240" count="3" type="stmt"/>
        <line num="241" count="3" type="stmt"/>
        <line num="242" count="3" type="stmt"/>
        <line num="247" count="11" type="stmt"/>
        <line num="250" count="0" type="stmt"/>
        <line num="252" count="2" type="cond" truecount="2" falsecount="0"/>
        <line num="253" count="1" type="stmt"/>
        <line num="255" count="2" type="stmt"/>
        <line num="256" count="2" type="cond" truecount="1" falsecount="1"/>
        <line num="257" count="2" type="stmt"/>
        <line num="261" count="0" type="stmt"/>
        <line num="263" count="2" type="cond" truecount="2" falsecount="0"/>
        <line num="264" count="1" type="stmt"/>
        <line num="266" count="2" type="stmt"/>
        <line num="267" count="2" type="cond" truecount="1" falsecount="1"/>
        <line num="268" count="2" type="stmt"/>
        <line num="272" count="0" type="stmt"/>
        <line num="274" count="2" type="cond" truecount="2" falsecount="0"/>
        <line num="275" count="1" type="stmt"/>
        <line num="277" count="2" type="stmt"/>
        <line num="278" count="2" type="cond" truecount="1" falsecount="1"/>
        <line num="279" count="2" type="stmt"/>
      </file>
      <file name="video-tracks.ts" path="/app/packages/player/src/features/video-tracks.ts">
        <metrics statements="56" coveredstatements="53" conditionals="18" coveredconditionals="15" methods="23" coveredmethods="22"/>
        <line num="14" count="219" type="stmt"/>
        <line num="15" count="219" type="stmt"/>
        <line num="16" count="219" type="stmt"/>
        <line num="17" count="219" type="stmt"/>
        <line num="18" count="219" type="stmt"/>
        <line num="19" count="219" type="stmt"/>
        <line num="22" count="2" type="stmt"/>
        <line num="23" count="2" type="stmt"/>
        <line num="24" count="1" type="stmt"/>
        <line num="25" count="1" type="stmt"/>
        <line num="27" count="14" type="stmt"/>
        <line num="29" count="6" type="cond" truecount="2" falsecount="0"/>
        <line num="30" count="5" type="stmt"/>
        <line num="31" count="5" type="stmt"/>
        <line num="40" count="1" type="stmt"/>
        <line num="45" count="212" type="stmt"/>
        <line num="46" count="212" type="stmt"/>
        <line num="47" count="212" type="stmt"/>
        <line num="48" count="212" type="stmt"/>
        <line num="50" count="3" type="stmt"/>
        <line num="53" count="7" type="stmt"/>
        <line num="59" count="1" type="stmt"/>
        <line num="63" count="2" type="cond" truecount="2" falsecount="0"/>
        <line num="67" count="215" type="stmt"/>
        <line num="69" count="215" type="stmt"/>
        <line num="71" count="215" type="stmt"/>
        <line num="72" count="215" type="stmt"/>
        <line num="73" count="215" type="stmt"/>
        <line num="77" count="4" type="stmt"/>
        <line num="78" count="4" type="cond" truecount="1" falsecount="1"/>
        <line num="79" count="4" type="stmt"/>
        <line num="82" count="4" type="stmt"/>
        <line num="83" count="0" type="stmt"/>
        <line num="85" count="4" type="stmt"/>
        <line num="87" count="4" type="stmt"/>
        <line num="88" count="4" type="stmt"/>
        <line num="89" count="4" type="stmt"/>
        <line num="95" count="4" type="stmt"/>
        <line num="99" count="0" type="stmt"/>
        <line num="101" count="1" type="cond" truecount="1" falsecount="1"/>
        <line num="102" count="0" type="stmt"/>
        <line num="104" count="1" type="stmt"/>
        <line num="105" count="1" type="cond" truecount="1" falsecount="1"/>
        <line num="106" count="1" type="stmt"/>
        <line num="110" count="2" type="stmt"/>
        <line num="112" count="2" type="cond" truecount="2" falsecount="0"/>
        <line num="113" count="1" type="stmt"/>
        <line num="115" count="2" type="stmt"/>
        <line num="116" count="2" type="cond" truecount="2" falsecount="0"/>
        <line num="117" count="1" type="stmt"/>
        <line num="121" count="2" type="stmt"/>
        <line num="123" count="2" type="cond" truecount="2" falsecount="0"/>
        <line num="124" count="1" type="stmt"/>
        <line num="126" count="2" type="stmt"/>
        <line num="127" count="2" type="cond" truecount="2" falsecount="0"/>
        <line num="128" count="1" type="stmt"/>
      </file>
    </package>
  </project>
</coverage>
