{"/app/packages/player/src/controllers.ts": {"path":"/app/packages/player/src/controllers.ts","statementMap":{"0":{"start":{"line":39,"column":42},"end":{"line":39,"column":null}},"1":{"start":{"line":40,"column":42},"end":{"line":40,"column":null}},"2":{"start":{"line":41,"column":74},"end":{"line":41,"column":null}},"3":{"start":{"line":42,"column":44},"end":{"line":42,"column":null}},"4":{"start":{"line":44,"column":21},"end":{"line":44,"column":47}},"5":{"start":{"line":44,"column":47},"end":{"line":44,"column":75}},"6":{"start":{"line":45,"column":4},"end":{"line":45,"column":null}},"7":{"start":{"line":46,"column":16},"end":{"line":46,"column":null}},"8":{"start":{"line":47,"column":4},"end":{"line":47,"column":null}},"9":{"start":{"line":49,"column":11},"end":{"line":49,"column":33}},"10":{"start":{"line":50,"column":12},"end":{"line":50,"column":35}},"11":{"start":{"line":52,"column":4},"end":{"line":52,"column":null}},"12":{"start":{"line":53,"column":4},"end":{"line":60,"column":null}},"13":{"start":{"line":54,"column":18},"end":{"line":54,"column":null}},"14":{"start":{"line":55,"column":6},"end":{"line":59,"column":null}},"15":{"start":{"line":56,"column":8},"end":{"line":58,"column":null}},"16":{"start":{"line":57,"column":10},"end":{"line":57,"column":null}},"17":{"start":{"line":62,"column":35},"end":{"line":62,"column":73}},"18":{"start":{"line":63,"column":34},"end":{"line":63,"column":70}},"19":{"start":{"line":64,"column":57},"end":{"line":64,"column":109}},"20":{"start":{"line":65,"column":56},"end":{"line":65,"column":106}},"21":{"start":{"line":66,"column":27},"end":{"line":66,"column":56}},"22":{"start":{"line":67,"column":34},"end":{"line":67,"column":71}},"23":{"start":{"line":68,"column":49},"end":{"line":68,"column":93}},"24":{"start":{"line":69,"column":25},"end":{"line":69,"column":61}},"25":{"start":{"line":70,"column":49},"end":{"line":70,"column":86}},"26":{"start":{"line":71,"column":46},"end":{"line":71,"column":82}},"27":{"start":{"line":72,"column":33},"end":{"line":72,"column":69}},"28":{"start":{"line":73,"column":24},"end":{"line":73,"column":51}},"29":{"start":{"line":74,"column":43},"end":{"line":74,"column":81}},"30":{"start":{"line":75,"column":34},"end":{"line":75,"column":69}},"31":{"start":{"line":77,"column":4},"end":{"line":86,"column":null}},"32":{"start":{"line":78,"column":7},"end":{"line":84,"column":null}},"33":{"start":{"line":79,"column":9},"end":{"line":83,"column":null}},"34":{"start":{"line":80,"column":11},"end":{"line":80,"column":null}},"35":{"start":{"line":82,"column":11},"end":{"line":82,"column":null}},"36":{"start":{"line":85,"column":7},"end":{"line":85,"column":null}},"37":{"start":{"line":88,"column":15},"end":{"line":88,"column":48}},"38":{"start":{"line":90,"column":4},"end":{"line":90,"column":null}},"39":{"start":{"line":91,"column":4},"end":{"line":94,"column":null}},"40":{"start":{"line":92,"column":6},"end":{"line":92,"column":null}},"41":{"start":{"line":93,"column":6},"end":{"line":93,"column":null}},"42":{"start":{"line":95,"column":4},"end":{"line":98,"column":null}},"43":{"start":{"line":96,"column":6},"end":{"line":96,"column":null}},"44":{"start":{"line":97,"column":6},"end":{"line":97,"column":null}},"45":{"start":{"line":102,"column":4},"end":{"line":104,"column":null}},"46":{"start":{"line":103,"column":6},"end":{"line":103,"column":null}},"47":{"start":{"line":105,"column":16},"end":{"line":105,"column":null}},"48":{"start":{"line":106,"column":4},"end":{"line":106,"column":null}},"49":{"start":{"line":107,"column":4},"end":{"line":107,"column":null}},"50":{"start":{"line":109,"column":4},"end":{"line":118,"column":null}},"51":{"start":{"line":110,"column":19},"end":{"line":116,"column":null}},"52":{"start":{"line":111,"column":8},"end":{"line":114,"column":null}},"53":{"start":{"line":112,"column":25},"end":{"line":112,"column":null}},"54":{"start":{"line":113,"column":10},"end":{"line":113,"column":null}},"55":{"start":{"line":115,"column":8},"end":{"line":115,"column":null}},"56":{"start":{"line":117,"column":6},"end":{"line":117,"column":null}},"57":{"start":{"line":122,"column":4},"end":{"line":125,"column":null}},"58":{"start":{"line":123,"column":6},"end":{"line":123,"column":null}},"59":{"start":{"line":124,"column":6},"end":{"line":124,"column":null}},"60":{"start":{"line":126,"column":4},"end":{"line":128,"column":null}},"61":{"start":{"line":127,"column":6},"end":{"line":127,"column":null}},"62":{"start":{"line":132,"column":4},"end":{"line":132,"column":null}},"63":{"start":{"line":133,"column":4},"end":{"line":135,"column":null}},"64":{"start":{"line":134,"column":6},"end":{"line":134,"column":null}},"65":{"start":{"line":139,"column":19},"end":{"line":139,"column":null}},"66":{"start":{"line":141,"column":25},"end":{"line":149,"column":null}},"67":{"start":{"line":142,"column":6},"end":{"line":148,"column":null}},"68":{"start":{"line":151,"column":29},"end":{"line":156,"column":null}},"69":{"start":{"line":152,"column":6},"end":{"line":155,"column":null}},"70":{"start":{"line":158,"column":4},"end":{"line":158,"column":null}},"71":{"start":{"line":159,"column":4},"end":{"line":159,"column":null}},"72":{"start":{"line":161,"column":4},"end":{"line":164,"column":null}},"73":{"start":{"line":162,"column":6},"end":{"line":162,"column":null}},"74":{"start":{"line":163,"column":6},"end":{"line":163,"column":null}},"75":{"start":{"line":168,"column":17},"end":{"line":168,"column":null}},"76":{"start":{"line":169,"column":19},"end":{"line":169,"column":null}},"77":{"start":{"line":170,"column":5},"end":{"line":170,"column":null}},"78":{"start":{"line":174,"column":4},"end":{"line":174,"column":null}},"79":{"start":{"line":178,"column":20},"end":{"line":178,"column":null}},"80":{"start":{"line":179,"column":18},"end":{"line":179,"column":null}},"81":{"start":{"line":180,"column":23},"end":{"line":180,"column":null}},"82":{"start":{"line":181,"column":6},"end":{"line":181,"column":null}},"83":{"start":{"line":184,"column":6},"end":{"line":187,"column":null}},"84":{"start":{"line":185,"column":9},"end":{"line":185,"column":null}},"85":{"start":{"line":185,"column":38},"end":{"line":185,"column":98}},"86":{"start":{"line":185,"column":94},"end":{"line":185,"column":97}},"87":{"start":{"line":186,"column":9},"end":{"line":186,"column":null}},"88":{"start":{"line":186,"column":38},"end":{"line":186,"column":98}},"89":{"start":{"line":186,"column":94},"end":{"line":186,"column":97}},"90":{"start":{"line":189,"column":18},"end":{"line":189,"column":null}},"91":{"start":{"line":190,"column":42},"end":{"line":190,"column":null}},"92":{"start":{"line":193,"column":6},"end":{"line":232,"column":null}},"93":{"start":{"line":194,"column":10},"end":{"line":200,"column":null}},"94":{"start":{"line":195,"column":28},"end":{"line":195,"column":null}},"95":{"start":{"line":196,"column":13},"end":{"line":196,"column":null}},"96":{"start":{"line":198,"column":13},"end":{"line":198,"column":null}},"97":{"start":{"line":199,"column":13},"end":{"line":199,"column":null}},"98":{"start":{"line":202,"column":25},"end":{"line":202,"column":null}},"99":{"start":{"line":203,"column":23},"end":{"line":203,"column":null}},"100":{"start":{"line":206,"column":8},"end":{"line":231,"column":null}},"101":{"start":{"line":207,"column":30},"end":{"line":207,"column":null}},"102":{"start":{"line":208,"column":45},"end":{"line":208,"column":null}},"103":{"start":{"line":210,"column":13},"end":{"line":228,"column":null}},"104":{"start":{"line":211,"column":17},"end":{"line":227,"column":null}},"105":{"start":{"line":212,"column":39},"end":{"line":212,"column":null}},"106":{"start":{"line":213,"column":33},"end":{"line":213,"column":null}},"107":{"start":{"line":214,"column":21},"end":{"line":217,"column":null}},"108":{"start":{"line":215,"column":25},"end":{"line":215,"column":null}},"109":{"start":{"line":216,"column":25},"end":{"line":216,"column":null}},"110":{"start":{"line":219,"column":40},"end":{"line":219,"column":null}},"111":{"start":{"line":220,"column":21},"end":{"line":220,"column":null}},"112":{"start":{"line":221,"column":21},"end":{"line":221,"column":null}},"113":{"start":{"line":222,"column":33},"end":{"line":222,"column":null}},"114":{"start":{"line":223,"column":21},"end":{"line":226,"column":null}},"115":{"start":{"line":224,"column":25},"end":{"line":224,"column":null}},"116":{"start":{"line":225,"column":25},"end":{"line":225,"column":null}},"117":{"start":{"line":230,"column":13},"end":{"line":230,"column":null}},"118":{"start":{"line":234,"column":6},"end":{"line":236,"column":null}},"119":{"start":{"line":235,"column":10},"end":{"line":235,"column":null}},"120":{"start":{"line":237,"column":6},"end":{"line":237,"column":null}},"121":{"start":{"line":241,"column":4},"end":{"line":241,"column":null}},"122":{"start":{"line":246,"column":48},"end":{"line":246,"column":null}},"123":{"start":{"line":247,"column":51},"end":{"line":247,"column":null}},"124":{"start":{"line":248,"column":70},"end":{"line":248,"column":null}},"125":{"start":{"line":256,"column":26},"end":{"line":267,"column":null}},"126":{"start":{"line":251,"column":22},"end":{"line":251,"column":44}},"127":{"start":{"line":252,"column":4},"end":{"line":252,"column":null}},"128":{"start":{"line":253,"column":4},"end":{"line":253,"column":null}},"129":{"start":{"line":257,"column":4},"end":{"line":257,"column":null}},"130":{"start":{"line":257,"column":44},"end":{"line":257,"column":null}},"131":{"start":{"line":259,"column":4},"end":{"line":266,"column":null}},"132":{"start":{"line":260,"column":6},"end":{"line":260,"column":null}},"133":{"start":{"line":261,"column":6},"end":{"line":261,"column":null}},"134":{"start":{"line":262,"column":4},"end":{"line":266,"column":null}},"135":{"start":{"line":263,"column":6},"end":{"line":263,"column":null}},"136":{"start":{"line":264,"column":4},"end":{"line":266,"column":null}},"137":{"start":{"line":265,"column":6},"end":{"line":265,"column":null}},"138":{"start":{"line":270,"column":4},"end":{"line":270,"column":null}},"139":{"start":{"line":270,"column":33},"end":{"line":270,"column":51}},"140":{"start":{"line":274,"column":4},"end":{"line":274,"column":null}},"141":{"start":{"line":274,"column":38},"end":{"line":274,"column":45}},"142":{"start":{"line":278,"column":4},"end":{"line":278,"column":null}},"143":{"start":{"line":278,"column":46},"end":{"line":278,"column":56}},"144":{"start":{"line":281,"column":11},"end":{"line":281,"column":72}},"145":{"start":{"line":282,"column":12},"end":{"line":282,"column":74}},"146":{"start":{"line":284,"column":4},"end":{"line":304,"column":null}},"147":{"start":{"line":286,"column":22},"end":{"line":294,"column":null}},"148":{"start":{"line":287,"column":8},"end":{"line":287,"column":null}},"149":{"start":{"line":287,"column":48},"end":{"line":287,"column":null}},"150":{"start":{"line":289,"column":8},"end":{"line":293,"column":null}},"151":{"start":{"line":290,"column":10},"end":{"line":290,"column":null}},"152":{"start":{"line":291,"column":10},"end":{"line":291,"column":null}},"153":{"start":{"line":292,"column":10},"end":{"line":292,"column":null}},"154":{"start":{"line":296,"column":6},"end":{"line":296,"column":null}},"155":{"start":{"line":297,"column":6},"end":{"line":297,"column":null}},"156":{"start":{"line":299,"column":6},"end":{"line":303,"column":null}},"157":{"start":{"line":300,"column":8},"end":{"line":300,"column":null}},"158":{"start":{"line":301,"column":8},"end":{"line":301,"column":null}},"159":{"start":{"line":302,"column":8},"end":{"line":302,"column":null}},"160":{"start":{"line":306,"column":35},"end":{"line":306,"column":110}},"161":{"start":{"line":307,"column":34},"end":{"line":307,"column":107}},"162":{"start":{"line":308,"column":57},"end":{"line":308,"column":153}},"163":{"start":{"line":309,"column":56},"end":{"line":309,"column":150}},"164":{"start":{"line":310,"column":27},"end":{"line":310,"column":98}},"165":{"start":{"line":311,"column":34},"end":{"line":311,"column":114}},"166":{"start":{"line":312,"column":49},"end":{"line":312,"column":136}},"167":{"start":{"line":313,"column":25},"end":{"line":313,"column":102}},"168":{"start":{"line":314,"column":49},"end":{"line":314,"column":128}},"169":{"start":{"line":315,"column":46},"end":{"line":315,"column":119}},"170":{"start":{"line":316,"column":34},"end":{"line":316,"column":113}},"171":{"start":{"line":317,"column":24},"end":{"line":317,"column":93}},"172":{"start":{"line":318,"column":43},"end":{"line":318,"column":123}},"173":{"start":{"line":319,"column":34},"end":{"line":319,"column":111}},"174":{"start":{"line":321,"column":25},"end":{"line":321,"column":96}},"175":{"start":{"line":322,"column":24},"end":{"line":322,"column":94}},"176":{"start":{"line":325,"column":4},"end":{"line":325,"column":null}},"177":{"start":{"line":327,"column":4},"end":{"line":327,"column":null}},"178":{"start":{"line":328,"column":4},"end":{"line":330,"column":null}},"179":{"start":{"line":329,"column":6},"end":{"line":329,"column":null}},"180":{"start":{"line":329,"column":50},"end":{"line":329,"column":64}},"181":{"start":{"line":334,"column":4},"end":{"line":334,"column":null}},"182":{"start":{"line":335,"column":4},"end":{"line":337,"column":null}},"183":{"start":{"line":336,"column":6},"end":{"line":336,"column":null}},"184":{"start":{"line":336,"column":60},"end":{"line":336,"column":74}},"185":{"start":{"line":341,"column":4},"end":{"line":341,"column":null}},"186":{"start":{"line":342,"column":4},"end":{"line":344,"column":null}},"187":{"start":{"line":343,"column":6},"end":{"line":343,"column":null}},"188":{"start":{"line":343,"column":76},"end":{"line":343,"column":90}},"189":{"start":{"line":347,"column":15},"end":{"line":347,"column":38}},"190":{"start":{"line":350,"column":6},"end":{"line":350,"column":null}},"191":{"start":{"line":351,"column":6},"end":{"line":351,"column":null}},"192":{"start":{"line":352,"column":6},"end":{"line":352,"column":null}},"193":{"start":{"line":353,"column":6},"end":{"line":353,"column":null}},"194":{"start":{"line":354,"column":6},"end":{"line":354,"column":null}},"195":{"start":{"line":358,"column":6},"end":{"line":393,"column":null}},"196":{"start":{"line":359,"column":26},"end":{"line":376,"column":null}},"197":{"start":{"line":360,"column":14},"end":{"line":360,"column":null}},"198":{"start":{"line":360,"column":54},"end":{"line":360,"column":null}},"199":{"start":{"line":362,"column":14},"end":{"line":375,"column":null}},"200":{"start":{"line":363,"column":18},"end":{"line":363,"column":null}},"201":{"start":{"line":364,"column":18},"end":{"line":374,"column":null}},"202":{"start":{"line":365,"column":50},"end":{"line":365,"column":null}},"203":{"start":{"line":366,"column":53},"end":{"line":366,"column":null}},"204":{"start":{"line":368,"column":34},"end":{"line":368,"column":null}},"205":{"start":{"line":369,"column":41},"end":{"line":369,"column":null}},"206":{"start":{"line":370,"column":22},"end":{"line":370,"column":null}},"207":{"start":{"line":372,"column":22},"end":{"line":372,"column":null}},"208":{"start":{"line":373,"column":22},"end":{"line":373,"column":null}},"209":{"start":{"line":378,"column":10},"end":{"line":378,"column":null}},"210":{"start":{"line":379,"column":10},"end":{"line":386,"column":null}},"211":{"start":{"line":389,"column":10},"end":{"line":392,"column":null}},"212":{"start":{"line":390,"column":14},"end":{"line":390,"column":null}},"213":{"start":{"line":391,"column":14},"end":{"line":391,"column":null}},"214":{"start":{"line":397,"column":6},"end":{"line":414,"column":null}},"215":{"start":{"line":398,"column":26},"end":{"line":405,"column":null}},"216":{"start":{"line":399,"column":14},"end":{"line":399,"column":null}},"217":{"start":{"line":399,"column":54},"end":{"line":399,"column":null}},"218":{"start":{"line":401,"column":14},"end":{"line":404,"column":null}},"219":{"start":{"line":402,"column":18},"end":{"line":402,"column":null}},"220":{"start":{"line":403,"column":18},"end":{"line":403,"column":null}},"221":{"start":{"line":406,"column":10},"end":{"line":406,"column":null}},"222":{"start":{"line":407,"column":10},"end":{"line":407,"column":null}},"223":{"start":{"line":410,"column":10},"end":{"line":413,"column":null}},"224":{"start":{"line":411,"column":14},"end":{"line":411,"column":null}},"225":{"start":{"line":412,"column":14},"end":{"line":412,"column":null}},"226":{"start":{"line":418,"column":6},"end":{"line":437,"column":null}},"227":{"start":{"line":420,"column":26},"end":{"line":428,"column":null}},"228":{"start":{"line":421,"column":14},"end":{"line":421,"column":null}},"229":{"start":{"line":421,"column":54},"end":{"line":421,"column":null}},"230":{"start":{"line":423,"column":14},"end":{"line":427,"column":null}},"231":{"start":{"line":424,"column":18},"end":{"line":424,"column":null}},"232":{"start":{"line":425,"column":18},"end":{"line":425,"column":null}},"233":{"start":{"line":426,"column":18},"end":{"line":426,"column":null}},"234":{"start":{"line":429,"column":10},"end":{"line":429,"column":null}},"235":{"start":{"line":430,"column":10},"end":{"line":430,"column":null}},"236":{"start":{"line":433,"column":10},"end":{"line":436,"column":null}},"237":{"start":{"line":434,"column":14},"end":{"line":434,"column":null}},"238":{"start":{"line":435,"column":14},"end":{"line":435,"column":null}},"239":{"start":{"line":441,"column":4},"end":{"line":461,"column":null}},"240":{"start":{"line":443,"column":22},"end":{"line":451,"column":null}},"241":{"start":{"line":444,"column":8},"end":{"line":444,"column":null}},"242":{"start":{"line":444,"column":48},"end":{"line":444,"column":null}},"243":{"start":{"line":446,"column":8},"end":{"line":450,"column":null}},"244":{"start":{"line":447,"column":10},"end":{"line":447,"column":null}},"245":{"start":{"line":448,"column":10},"end":{"line":448,"column":null}},"246":{"start":{"line":449,"column":10},"end":{"line":449,"column":null}},"247":{"start":{"line":453,"column":6},"end":{"line":453,"column":null}},"248":{"start":{"line":454,"column":6},"end":{"line":454,"column":null}},"249":{"start":{"line":457,"column":6},"end":{"line":460,"column":null}},"250":{"start":{"line":458,"column":8},"end":{"line":458,"column":null}},"251":{"start":{"line":459,"column":8},"end":{"line":459,"column":null}}},"fnMap":{"0":{"name":"(anonymous_0)","decl":{"start":{"line":44,"column":2},"end":{"line":44,"column":21}},"loc":{"start":{"line":44,"column":75},"end":{"line":48,"column":null}},"line":44},"1":{"name":"(anonymous_1)","decl":{"start":{"line":49,"column":2},"end":{"line":49,"column":9}},"loc":{"start":{"line":49,"column":9},"end":{"line":49,"column":null}},"line":49},"2":{"name":"(anonymous_2)","decl":{"start":{"line":50,"column":2},"end":{"line":50,"column":10}},"loc":{"start":{"line":50,"column":10},"end":{"line":50,"column":null}},"line":50},"3":{"name":"(anonymous_3)","decl":{"start":{"line":51,"column":2},"end":{"line":51,"column":7}},"loc":{"start":{"line":51,"column":37},"end":{"line":61,"column":null}},"line":51},"4":{"name":"(anonymous_4)","decl":{"start":{"line":53,"column":23},"end":{"line":53,"column":24}},"loc":{"start":{"line":53,"column":36},"end":{"line":60,"column":5}},"line":53},"5":{"name":"(anonymous_5)","decl":{"start":{"line":55,"column":32},"end":{"line":55,"column":38}},"loc":{"start":{"line":55,"column":38},"end":{"line":59,"column":7}},"line":55},"6":{"name":"(anonymous_6)","decl":{"start":{"line":56,"column":34},"end":{"line":56,"column":40}},"loc":{"start":{"line":56,"column":40},"end":{"line":58,"column":9}},"line":56},"7":{"name":"(anonymous_7)","decl":{"start":{"line":62,"column":2},"end":{"line":62,"column":17}},"loc":{"start":{"line":62,"column":33},"end":{"line":62,"column":null}},"line":62},"8":{"name":"(anonymous_8)","decl":{"start":{"line":63,"column":2},"end":{"line":63,"column":16}},"loc":{"start":{"line":63,"column":32},"end":{"line":63,"column":null}},"line":63},"9":{"name":"(anonymous_9)","decl":{"start":{"line":64,"column":2},"end":{"line":64,"column":22}},"loc":{"start":{"line":64,"column":55},"end":{"line":64,"column":null}},"line":64},"10":{"name":"(anonymous_10)","decl":{"start":{"line":65,"column":2},"end":{"line":65,"column":21}},"loc":{"start":{"line":65,"column":54},"end":{"line":65,"column":null}},"line":65},"11":{"name":"(anonymous_11)","decl":{"start":{"line":66,"column":2},"end":{"line":66,"column":10}},"loc":{"start":{"line":66,"column":25},"end":{"line":66,"column":null}},"line":66},"12":{"name":"(anonymous_12)","decl":{"start":{"line":67,"column":2},"end":{"line":67,"column":18}},"loc":{"start":{"line":67,"column":32},"end":{"line":67,"column":null}},"line":67},"13":{"name":"(anonymous_13)","decl":{"start":{"line":68,"column":2},"end":{"line":68,"column":19}},"loc":{"start":{"line":68,"column":47},"end":{"line":68,"column":null}},"line":68},"14":{"name":"(anonymous_14)","decl":{"start":{"line":69,"column":2},"end":{"line":69,"column":23}},"loc":{"start":{"line":69,"column":23},"end":{"line":69,"column":null}},"line":69},"15":{"name":"(anonymous_15)","decl":{"start":{"line":70,"column":2},"end":{"line":70,"column":14}},"loc":{"start":{"line":70,"column":47},"end":{"line":70,"column":null}},"line":70},"16":{"name":"(anonymous_16)","decl":{"start":{"line":71,"column":2},"end":{"line":71,"column":16}},"loc":{"start":{"line":71,"column":44},"end":{"line":71,"column":null}},"line":71},"17":{"name":"(anonymous_17)","decl":{"start":{"line":72,"column":2},"end":{"line":72,"column":14}},"loc":{"start":{"line":72,"column":31},"end":{"line":72,"column":null}},"line":72},"18":{"name":"(anonymous_18)","decl":{"start":{"line":73,"column":2},"end":{"line":73,"column":9}},"loc":{"start":{"line":73,"column":22},"end":{"line":73,"column":null}},"line":73},"19":{"name":"(anonymous_19)","decl":{"start":{"line":74,"column":2},"end":{"line":74,"column":10}},"loc":{"start":{"line":74,"column":41},"end":{"line":74,"column":null}},"line":74},"20":{"name":"(anonymous_20)","decl":{"start":{"line":75,"column":2},"end":{"line":75,"column":13}},"loc":{"start":{"line":75,"column":32},"end":{"line":75,"column":null}},"line":75},"21":{"name":"(anonymous_21)","decl":{"start":{"line":76,"column":2},"end":{"line":76,"column":12}},"loc":{"start":{"line":76,"column":44},"end":{"line":87,"column":null}},"line":76},"22":{"name":"(anonymous_22)","decl":{"start":{"line":77,"column":35},"end":{"line":77,"column":36}},"loc":{"start":{"line":77,"column":51},"end":{"line":86,"column":5}},"line":77},"23":{"name":"(anonymous_23)","decl":{"start":{"line":88,"column":2},"end":{"line":88,"column":13}},"loc":{"start":{"line":88,"column":13},"end":{"line":88,"column":null}},"line":88},"24":{"name":"(anonymous_24)","decl":{"start":{"line":89,"column":2},"end":{"line":89,"column":12}},"loc":{"start":{"line":89,"column":12},"end":{"line":99,"column":null}},"line":89},"25":{"name":"(anonymous_25)","decl":{"start":{"line":101,"column":2},"end":{"line":101,"column":23}},"loc":{"start":{"line":101,"column":23},"end":{"line":119,"column":null}},"line":101},"26":{"name":"(anonymous_26)","decl":{"start":{"line":110,"column":19},"end":{"line":110,"column":25}},"loc":{"start":{"line":110,"column":25},"end":{"line":116,"column":null}},"line":110},"27":{"name":"(anonymous_27)","decl":{"start":{"line":121,"column":2},"end":{"line":121,"column":22}},"loc":{"start":{"line":121,"column":22},"end":{"line":129,"column":null}},"line":121},"28":{"name":"(anonymous_28)","decl":{"start":{"line":131,"column":2},"end":{"line":131,"column":18}},"loc":{"start":{"line":131,"column":71},"end":{"line":136,"column":null}},"line":131},"29":{"name":"(anonymous_29)","decl":{"start":{"line":133,"column":11},"end":{"line":133,"column":17}},"loc":{"start":{"line":133,"column":17},"end":{"line":135,"column":null}},"line":133},"30":{"name":"(anonymous_30)","decl":{"start":{"line":138,"column":2},"end":{"line":138,"column":10}},"loc":{"start":{"line":138,"column":52},"end":{"line":165,"column":null}},"line":138},"31":{"name":"(anonymous_31)","decl":{"start":{"line":141,"column":25},"end":{"line":141,"column":26}},"loc":{"start":{"line":141,"column":48},"end":{"line":149,"column":null}},"line":141},"32":{"name":"(anonymous_32)","decl":{"start":{"line":151,"column":29},"end":{"line":151,"column":30}},"loc":{"start":{"line":151,"column":63},"end":{"line":156,"column":null}},"line":151},"33":{"name":"(anonymous_33)","decl":{"start":{"line":161,"column":11},"end":{"line":161,"column":17}},"loc":{"start":{"line":161,"column":17},"end":{"line":164,"column":null}},"line":161},"34":{"name":"(anonymous_34)","decl":{"start":{"line":167,"column":8},"end":{"line":167,"column":48}},"loc":{"start":{"line":167,"column":48},"end":{"line":171,"column":null}},"line":167},"35":{"name":"(anonymous_35)","decl":{"start":{"line":173,"column":8},"end":{"line":173,"column":55}},"loc":{"start":{"line":173,"column":55},"end":{"line":175,"column":null}},"line":173},"36":{"name":"(anonymous_36)","decl":{"start":{"line":177,"column":8},"end":{"line":177,"column":21}},"loc":{"start":{"line":177,"column":190},"end":{"line":238,"column":null}},"line":177},"37":{"name":"(anonymous_37)","decl":{"start":{"line":185,"column":33},"end":{"line":185,"column":38}},"loc":{"start":{"line":185,"column":38},"end":{"line":185,"column":98}},"line":185},"38":{"name":"(anonymous_38)","decl":{"start":{"line":185,"column":88},"end":{"line":185,"column":94}},"loc":{"start":{"line":185,"column":94},"end":{"line":185,"column":97}},"line":185},"39":{"name":"(anonymous_39)","decl":{"start":{"line":186,"column":33},"end":{"line":186,"column":38}},"loc":{"start":{"line":186,"column":38},"end":{"line":186,"column":98}},"line":186},"40":{"name":"(anonymous_40)","decl":{"start":{"line":186,"column":88},"end":{"line":186,"column":94}},"loc":{"start":{"line":186,"column":94},"end":{"line":186,"column":97}},"line":186},"41":{"name":"(anonymous_41)","decl":{"start":{"line":240,"column":8},"end":{"line":240,"column":46}},"loc":{"start":{"line":240,"column":46},"end":{"line":242,"column":null}},"line":240},"42":{"name":"(anonymous_42)","decl":{"start":{"line":251,"column":2},"end":{"line":251,"column":22}},"loc":{"start":{"line":251,"column":64},"end":{"line":254,"column":null}},"line":251},"43":{"name":"(anonymous_43)","decl":{"start":{"line":256,"column":26},"end":{"line":256,"column":27}},"loc":{"start":{"line":256,"column":51},"end":{"line":267,"column":null}},"line":256},"44":{"name":"(anonymous_44)","decl":{"start":{"line":269,"column":10},"end":{"line":269,"column":28}},"loc":{"start":{"line":269,"column":28},"end":{"line":271,"column":null}},"line":269},"45":{"name":"(anonymous_45)","decl":{"start":{"line":270,"column":27},"end":{"line":270,"column":33}},"loc":{"start":{"line":270,"column":33},"end":{"line":270,"column":51}},"line":270},"46":{"name":"(anonymous_46)","decl":{"start":{"line":273,"column":10},"end":{"line":273,"column":31}},"loc":{"start":{"line":273,"column":41},"end":{"line":275,"column":null}},"line":273},"47":{"name":"(anonymous_47)","decl":{"start":{"line":274,"column":32},"end":{"line":274,"column":38}},"loc":{"start":{"line":274,"column":38},"end":{"line":274,"column":45}},"line":274},"48":{"name":"(anonymous_48)","decl":{"start":{"line":277,"column":10},"end":{"line":277,"column":39}},"loc":{"start":{"line":277,"column":60},"end":{"line":279,"column":null}},"line":277},"49":{"name":"(anonymous_49)","decl":{"start":{"line":278,"column":40},"end":{"line":278,"column":46}},"loc":{"start":{"line":278,"column":46},"end":{"line":278,"column":56}},"line":278},"50":{"name":"(anonymous_50)","decl":{"start":{"line":281,"column":2},"end":{"line":281,"column":9}},"loc":{"start":{"line":281,"column":9},"end":{"line":281,"column":null}},"line":281},"51":{"name":"(anonymous_51)","decl":{"start":{"line":282,"column":2},"end":{"line":282,"column":10}},"loc":{"start":{"line":282,"column":10},"end":{"line":282,"column":null}},"line":282},"52":{"name":"(anonymous_52)","decl":{"start":{"line":283,"column":8},"end":{"line":283,"column":13}},"loc":{"start":{"line":283,"column":43},"end":{"line":305,"column":null}},"line":283},"53":{"name":"(anonymous_53)","decl":{"start":{"line":284,"column":23},"end":{"line":284,"column":24}},"loc":{"start":{"line":284,"column":36},"end":{"line":304,"column":5}},"line":284},"54":{"name":"(anonymous_54)","decl":{"start":{"line":286,"column":22},"end":{"line":286,"column":23}},"loc":{"start":{"line":286,"column":47},"end":{"line":294,"column":null}},"line":286},"55":{"name":"(anonymous_55)","decl":{"start":{"line":299,"column":36},"end":{"line":299,"column":42}},"loc":{"start":{"line":299,"column":42},"end":{"line":303,"column":9}},"line":299},"56":{"name":"(anonymous_56)","decl":{"start":{"line":306,"column":2},"end":{"line":306,"column":17}},"loc":{"start":{"line":306,"column":33},"end":{"line":306,"column":null}},"line":306},"57":{"name":"(anonymous_57)","decl":{"start":{"line":307,"column":2},"end":{"line":307,"column":16}},"loc":{"start":{"line":307,"column":32},"end":{"line":307,"column":null}},"line":307},"58":{"name":"(anonymous_58)","decl":{"start":{"line":308,"column":2},"end":{"line":308,"column":22}},"loc":{"start":{"line":308,"column":55},"end":{"line":308,"column":null}},"line":308},"59":{"name":"(anonymous_59)","decl":{"start":{"line":309,"column":2},"end":{"line":309,"column":21}},"loc":{"start":{"line":309,"column":54},"end":{"line":309,"column":null}},"line":309},"60":{"name":"(anonymous_60)","decl":{"start":{"line":310,"column":2},"end":{"line":310,"column":10}},"loc":{"start":{"line":310,"column":25},"end":{"line":310,"column":null}},"line":310},"61":{"name":"(anonymous_61)","decl":{"start":{"line":311,"column":2},"end":{"line":311,"column":18}},"loc":{"start":{"line":311,"column":32},"end":{"line":311,"column":null}},"line":311},"62":{"name":"(anonymous_62)","decl":{"start":{"line":312,"column":2},"end":{"line":312,"column":19}},"loc":{"start":{"line":312,"column":47},"end":{"line":312,"column":null}},"line":312},"63":{"name":"(anonymous_63)","decl":{"start":{"line":313,"column":2},"end":{"line":313,"column":23}},"loc":{"start":{"line":313,"column":23},"end":{"line":313,"column":null}},"line":313},"64":{"name":"(anonymous_64)","decl":{"start":{"line":314,"column":2},"end":{"line":314,"column":14}},"loc":{"start":{"line":314,"column":47},"end":{"line":314,"column":null}},"line":314},"65":{"name":"(anonymous_65)","decl":{"start":{"line":315,"column":2},"end":{"line":315,"column":16}},"loc":{"start":{"line":315,"column":44},"end":{"line":315,"column":null}},"line":315},"66":{"name":"(anonymous_66)","decl":{"start":{"line":316,"column":2},"end":{"line":316,"column":14}},"loc":{"start":{"line":316,"column":32},"end":{"line":316,"column":null}},"line":316},"67":{"name":"(anonymous_67)","decl":{"start":{"line":317,"column":2},"end":{"line":317,"column":9}},"loc":{"start":{"line":317,"column":22},"end":{"line":317,"column":null}},"line":317},"68":{"name":"(anonymous_68)","decl":{"start":{"line":318,"column":2},"end":{"line":318,"column":10}},"loc":{"start":{"line":318,"column":41},"end":{"line":318,"column":null}},"line":318},"69":{"name":"(anonymous_69)","decl":{"start":{"line":319,"column":2},"end":{"line":319,"column":13}},"loc":{"start":{"line":319,"column":32},"end":{"line":319,"column":null}},"line":319},"70":{"name":"(anonymous_70)","decl":{"start":{"line":321,"column":2},"end":{"line":321,"column":23}},"loc":{"start":{"line":321,"column":23},"end":{"line":321,"column":null}},"line":321},"71":{"name":"(anonymous_71)","decl":{"start":{"line":322,"column":2},"end":{"line":322,"column":22}},"loc":{"start":{"line":322,"column":22},"end":{"line":322,"column":null}},"line":322},"72":{"name":"(anonymous_72)","decl":{"start":{"line":324,"column":2},"end":{"line":324,"column":12}},"loc":{"start":{"line":324,"column":44},"end":{"line":331,"column":null}},"line":324},"73":{"name":"(anonymous_73)","decl":{"start":{"line":328,"column":11},"end":{"line":328,"column":17}},"loc":{"start":{"line":328,"column":17},"end":{"line":330,"column":null}},"line":328},"74":{"name":"(anonymous_74)","decl":{"start":{"line":329,"column":45},"end":{"line":329,"column":50}},"loc":{"start":{"line":329,"column":50},"end":{"line":329,"column":64}},"line":329},"75":{"name":"(anonymous_75)","decl":{"start":{"line":333,"column":2},"end":{"line":333,"column":10}},"loc":{"start":{"line":333,"column":40},"end":{"line":338,"column":null}},"line":333},"76":{"name":"(anonymous_76)","decl":{"start":{"line":335,"column":11},"end":{"line":335,"column":17}},"loc":{"start":{"line":335,"column":17},"end":{"line":337,"column":null}},"line":335},"77":{"name":"(anonymous_77)","decl":{"start":{"line":336,"column":55},"end":{"line":336,"column":60}},"loc":{"start":{"line":336,"column":60},"end":{"line":336,"column":74}},"line":336},"78":{"name":"(anonymous_78)","decl":{"start":{"line":340,"column":2},"end":{"line":340,"column":18}},"loc":{"start":{"line":340,"column":59},"end":{"line":345,"column":null}},"line":340},"79":{"name":"(anonymous_79)","decl":{"start":{"line":342,"column":11},"end":{"line":342,"column":17}},"loc":{"start":{"line":342,"column":17},"end":{"line":344,"column":null}},"line":342},"80":{"name":"(anonymous_80)","decl":{"start":{"line":343,"column":71},"end":{"line":343,"column":76}},"loc":{"start":{"line":343,"column":76},"end":{"line":343,"column":90}},"line":343},"81":{"name":"(anonymous_81)","decl":{"start":{"line":347,"column":2},"end":{"line":347,"column":13}},"loc":{"start":{"line":347,"column":13},"end":{"line":347,"column":null}},"line":347},"82":{"name":"(anonymous_82)","decl":{"start":{"line":349,"column":2},"end":{"line":349,"column":12}},"loc":{"start":{"line":349,"column":12},"end":{"line":355,"column":null}},"line":349},"83":{"name":"(anonymous_83)","decl":{"start":{"line":357,"column":8},"end":{"line":357,"column":21}},"loc":{"start":{"line":357,"column":190},"end":{"line":394,"column":null}},"line":357},"84":{"name":"(anonymous_84)","decl":{"start":{"line":358,"column":25},"end":{"line":358,"column":26}},"loc":{"start":{"line":358,"column":38},"end":{"line":393,"column":7}},"line":358},"85":{"name":"(anonymous_85)","decl":{"start":{"line":359,"column":26},"end":{"line":359,"column":27}},"loc":{"start":{"line":359,"column":51},"end":{"line":376,"column":null}},"line":359},"86":{"name":"(anonymous_86)","decl":{"start":{"line":389,"column":21},"end":{"line":389,"column":27}},"loc":{"start":{"line":389,"column":27},"end":{"line":392,"column":13}},"line":389},"87":{"name":"(anonymous_87)","decl":{"start":{"line":396,"column":8},"end":{"line":396,"column":48}},"loc":{"start":{"line":396,"column":48},"end":{"line":415,"column":null}},"line":396},"88":{"name":"(anonymous_88)","decl":{"start":{"line":397,"column":25},"end":{"line":397,"column":26}},"loc":{"start":{"line":397,"column":38},"end":{"line":414,"column":7}},"line":397},"89":{"name":"(anonymous_89)","decl":{"start":{"line":398,"column":26},"end":{"line":398,"column":27}},"loc":{"start":{"line":398,"column":51},"end":{"line":405,"column":null}},"line":398},"90":{"name":"(anonymous_90)","decl":{"start":{"line":410,"column":21},"end":{"line":410,"column":27}},"loc":{"start":{"line":410,"column":27},"end":{"line":413,"column":13}},"line":410},"91":{"name":"(anonymous_91)","decl":{"start":{"line":417,"column":8},"end":{"line":417,"column":55}},"loc":{"start":{"line":417,"column":55},"end":{"line":438,"column":null}},"line":417},"92":{"name":"(anonymous_92)","decl":{"start":{"line":418,"column":25},"end":{"line":418,"column":26}},"loc":{"start":{"line":418,"column":38},"end":{"line":437,"column":7}},"line":418},"93":{"name":"(anonymous_93)","decl":{"start":{"line":420,"column":26},"end":{"line":420,"column":27}},"loc":{"start":{"line":420,"column":51},"end":{"line":428,"column":null}},"line":420},"94":{"name":"(anonymous_94)","decl":{"start":{"line":433,"column":40},"end":{"line":433,"column":46}},"loc":{"start":{"line":433,"column":46},"end":{"line":436,"column":13}},"line":433},"95":{"name":"(anonymous_95)","decl":{"start":{"line":440,"column":8},"end":{"line":440,"column":46}},"loc":{"start":{"line":440,"column":46},"end":{"line":462,"column":null}},"line":440},"96":{"name":"(anonymous_96)","decl":{"start":{"line":441,"column":23},"end":{"line":441,"column":24}},"loc":{"start":{"line":441,"column":44},"end":{"line":461,"column":5}},"line":441},"97":{"name":"(anonymous_97)","decl":{"start":{"line":443,"column":22},"end":{"line":443,"column":23}},"loc":{"start":{"line":443,"column":47},"end":{"line":451,"column":null}},"line":443},"98":{"name":"(anonymous_98)","decl":{"start":{"line":457,"column":36},"end":{"line":457,"column":42}},"loc":{"start":{"line":457,"column":42},"end":{"line":460,"column":9}},"line":457}},"branchMap":{"0":{"loc":{"start":{"line":46,"column":16},"end":{"line":46,"column":null}},"type":"binary-expr","locations":[{"start":{"line":46,"column":16},"end":{"line":46,"column":48}},{"start":{"line":46,"column":48},"end":{"line":46,"column":null}}],"line":46},"1":{"loc":{"start":{"line":54,"column":18},"end":{"line":54,"column":null}},"type":"binary-expr","locations":[{"start":{"line":54,"column":18},"end":{"line":54,"column":48}},{"start":{"line":54,"column":48},"end":{"line":54,"column":null}}],"line":54},"2":{"loc":{"start":{"line":78,"column":7},"end":{"line":84,"column":null}},"type":"if","locations":[{"start":{"line":78,"column":7},"end":{"line":84,"column":null}},{"start":{},"end":{}}],"line":78},"3":{"loc":{"start":{"line":79,"column":9},"end":{"line":83,"column":null}},"type":"if","locations":[{"start":{"line":79,"column":9},"end":{"line":83,"column":null}},{"start":{"line":81,"column":16},"end":{"line":83,"column":null}}],"line":79},"4":{"loc":{"start":{"line":91,"column":4},"end":{"line":94,"column":null}},"type":"if","locations":[{"start":{"line":91,"column":4},"end":{"line":94,"column":null}},{"start":{},"end":{}}],"line":91},"5":{"loc":{"start":{"line":95,"column":4},"end":{"line":98,"column":null}},"type":"if","locations":[{"start":{"line":95,"column":4},"end":{"line":98,"column":null}},{"start":{},"end":{}}],"line":95},"6":{"loc":{"start":{"line":102,"column":4},"end":{"line":104,"column":null}},"type":"if","locations":[{"start":{"line":102,"column":4},"end":{"line":104,"column":null}},{"start":{},"end":{}}],"line":102},"7":{"loc":{"start":{"line":105,"column":16},"end":{"line":105,"column":null}},"type":"binary-expr","locations":[{"start":{"line":105,"column":16},"end":{"line":105,"column":48}},{"start":{"line":105,"column":48},"end":{"line":105,"column":null}}],"line":105},"8":{"loc":{"start":{"line":109,"column":4},"end":{"line":118,"column":null}},"type":"if","locations":[{"start":{"line":109,"column":4},"end":{"line":118,"column":null}},{"start":{},"end":{}}],"line":109},"9":{"loc":{"start":{"line":111,"column":8},"end":{"line":114,"column":null}},"type":"if","locations":[{"start":{"line":111,"column":8},"end":{"line":114,"column":null}},{"start":{},"end":{}}],"line":111},"10":{"loc":{"start":{"line":111,"column":12},"end":{"line":111,"column":59}},"type":"binary-expr","locations":[{"start":{"line":111,"column":12},"end":{"line":111,"column":31}},{"start":{"line":111,"column":31},"end":{"line":111,"column":59}}],"line":111},"11":{"loc":{"start":{"line":122,"column":4},"end":{"line":125,"column":null}},"type":"if","locations":[{"start":{"line":122,"column":4},"end":{"line":125,"column":null}},{"start":{},"end":{}}],"line":122},"12":{"loc":{"start":{"line":126,"column":4},"end":{"line":128,"column":null}},"type":"if","locations":[{"start":{"line":126,"column":4},"end":{"line":128,"column":null}},{"start":{},"end":{}}],"line":126},"13":{"loc":{"start":{"line":139,"column":19},"end":{"line":139,"column":null}},"type":"binary-expr","locations":[{"start":{"line":139,"column":19},"end":{"line":139,"column":49}},{"start":{"line":139,"column":49},"end":{"line":139,"column":null}}],"line":139},"14":{"loc":{"start":{"line":153,"column":17},"end":{"line":153,"column":null}},"type":"binary-expr","locations":[{"start":{"line":153,"column":17},"end":{"line":153,"column":42}},{"start":{"line":153,"column":42},"end":{"line":153,"column":null}}],"line":153},"15":{"loc":{"start":{"line":168,"column":17},"end":{"line":168,"column":null}},"type":"binary-expr","locations":[{"start":{"line":168,"column":17},"end":{"line":168,"column":49}},{"start":{"line":168,"column":49},"end":{"line":168,"column":null}}],"line":168},"16":{"loc":{"start":{"line":180,"column":23},"end":{"line":180,"column":null}},"type":"binary-expr","locations":[{"start":{"line":180,"column":23},"end":{"line":180,"column":47}},{"start":{"line":180,"column":47},"end":{"line":180,"column":null}}],"line":180},"17":{"loc":{"start":{"line":184,"column":6},"end":{"line":187,"column":null}},"type":"if","locations":[{"start":{"line":184,"column":6},"end":{"line":187,"column":null}},{"start":{},"end":{}}],"line":184},"18":{"loc":{"start":{"line":184,"column":10},"end":{"line":184,"column":52}},"type":"binary-expr","locations":[{"start":{"line":184,"column":10},"end":{"line":184,"column":25}},{"start":{"line":184,"column":25},"end":{"line":184,"column":52}}],"line":184},"19":{"loc":{"start":{"line":189,"column":18},"end":{"line":189,"column":null}},"type":"binary-expr","locations":[{"start":{"line":189,"column":18},"end":{"line":189,"column":50}},{"start":{"line":189,"column":50},"end":{"line":189,"column":null}}],"line":189},"20":{"loc":{"start":{"line":193,"column":6},"end":{"line":232,"column":null}},"type":"if","locations":[{"start":{"line":193,"column":6},"end":{"line":232,"column":null}},{"start":{"line":201,"column":13},"end":{"line":232,"column":null}}],"line":193},"21":{"loc":{"start":{"line":202,"column":25},"end":{"line":202,"column":null}},"type":"binary-expr","locations":[{"start":{"line":202,"column":25},"end":{"line":202,"column":46}},{"start":{"line":202,"column":46},"end":{"line":202,"column":null}}],"line":202},"22":{"loc":{"start":{"line":206,"column":8},"end":{"line":231,"column":null}},"type":"if","locations":[{"start":{"line":206,"column":8},"end":{"line":231,"column":null}},{"start":{},"end":{}}],"line":206},"23":{"loc":{"start":{"line":206,"column":12},"end":{"line":206,"column":51}},"type":"binary-expr","locations":[{"start":{"line":206,"column":12},"end":{"line":206,"column":22}},{"start":{"line":206,"column":22},"end":{"line":206,"column":51}}],"line":206},"24":{"loc":{"start":{"line":210,"column":13},"end":{"line":228,"column":null}},"type":"if","locations":[{"start":{"line":210,"column":13},"end":{"line":228,"column":null}},{"start":{},"end":{}}],"line":210},"25":{"loc":{"start":{"line":210,"column":17},"end":{"line":210,"column":128}},"type":"binary-expr","locations":[{"start":{"line":210,"column":17},"end":{"line":210,"column":35}},{"start":{"line":210,"column":35},"end":{"line":210,"column":55}},{"start":{"line":210,"column":55},"end":{"line":210,"column":91}},{"start":{"line":210,"column":91},"end":{"line":210,"column":128}}],"line":210},"26":{"loc":{"start":{"line":211,"column":17},"end":{"line":227,"column":null}},"type":"if","locations":[{"start":{"line":211,"column":17},"end":{"line":227,"column":null}},{"start":{"line":218,"column":24},"end":{"line":227,"column":null}}],"line":211},"27":{"loc":{"start":{"line":214,"column":21},"end":{"line":217,"column":null}},"type":"if","locations":[{"start":{"line":214,"column":21},"end":{"line":217,"column":null}},{"start":{},"end":{}}],"line":214},"28":{"loc":{"start":{"line":223,"column":21},"end":{"line":226,"column":null}},"type":"if","locations":[{"start":{"line":223,"column":21},"end":{"line":226,"column":null}},{"start":{},"end":{}}],"line":223},"29":{"loc":{"start":{"line":234,"column":6},"end":{"line":236,"column":null}},"type":"if","locations":[{"start":{"line":234,"column":6},"end":{"line":236,"column":null}},{"start":{},"end":{}}],"line":234},"30":{"loc":{"start":{"line":252,"column":21},"end":{"line":252,"column":null}},"type":"binary-expr","locations":[{"start":{"line":252,"column":21},"end":{"line":252,"column":37}},{"start":{"line":252,"column":37},"end":{"line":252,"column":null}}],"line":252},"31":{"loc":{"start":{"line":257,"column":4},"end":{"line":257,"column":null}},"type":"if","locations":[{"start":{"line":257,"column":4},"end":{"line":257,"column":null}},{"start":{},"end":{}}],"line":257},"32":{"loc":{"start":{"line":259,"column":4},"end":{"line":266,"column":null}},"type":"if","locations":[{"start":{"line":259,"column":4},"end":{"line":266,"column":null}},{"start":{"line":262,"column":4},"end":{"line":266,"column":null}}],"line":259},"33":{"loc":{"start":{"line":262,"column":4},"end":{"line":266,"column":null}},"type":"if","locations":[{"start":{"line":262,"column":4},"end":{"line":266,"column":null}},{"start":{"line":264,"column":4},"end":{"line":266,"column":null}}],"line":262},"34":{"loc":{"start":{"line":264,"column":4},"end":{"line":266,"column":null}},"type":"if","locations":[{"start":{"line":264,"column":4},"end":{"line":266,"column":null}},{"start":{},"end":{}}],"line":264},"35":{"loc":{"start":{"line":287,"column":8},"end":{"line":287,"column":null}},"type":"if","locations":[{"start":{"line":287,"column":8},"end":{"line":287,"column":null}},{"start":{},"end":{}}],"line":287},"36":{"loc":{"start":{"line":289,"column":8},"end":{"line":293,"column":null}},"type":"if","locations":[{"start":{"line":289,"column":8},"end":{"line":293,"column":null}},{"start":{},"end":{}}],"line":289},"37":{"loc":{"start":{"line":289,"column":12},"end":{"line":289,"column":83}},"type":"binary-expr","locations":[{"start":{"line":289,"column":12},"end":{"line":289,"column":55}},{"start":{"line":289,"column":55},"end":{"line":289,"column":83}}],"line":289},"38":{"loc":{"start":{"line":360,"column":14},"end":{"line":360,"column":null}},"type":"if","locations":[{"start":{"line":360,"column":14},"end":{"line":360,"column":null}},{"start":{},"end":{}}],"line":360},"39":{"loc":{"start":{"line":362,"column":14},"end":{"line":375,"column":null}},"type":"if","locations":[{"start":{"line":362,"column":14},"end":{"line":375,"column":null}},{"start":{},"end":{}}],"line":362},"40":{"loc":{"start":{"line":362,"column":18},"end":{"line":362,"column":90}},"type":"binary-expr","locations":[{"start":{"line":362,"column":18},"end":{"line":362,"column":62}},{"start":{"line":362,"column":62},"end":{"line":362,"column":90}}],"line":362},"41":{"loc":{"start":{"line":364,"column":18},"end":{"line":374,"column":null}},"type":"if","locations":[{"start":{"line":364,"column":18},"end":{"line":374,"column":null}},{"start":{"line":371,"column":25},"end":{"line":374,"column":null}}],"line":364},"42":{"loc":{"start":{"line":366,"column":53},"end":{"line":366,"column":null}},"type":"binary-expr","locations":[{"start":{"line":366,"column":53},"end":{"line":366,"column":76}},{"start":{"line":366,"column":76},"end":{"line":366,"column":null}}],"line":366},"43":{"loc":{"start":{"line":368,"column":34},"end":{"line":368,"column":null}},"type":"binary-expr","locations":[{"start":{"line":368,"column":34},"end":{"line":368,"column":56}},{"start":{"line":368,"column":56},"end":{"line":368,"column":null}}],"line":368},"44":{"loc":{"start":{"line":399,"column":14},"end":{"line":399,"column":null}},"type":"if","locations":[{"start":{"line":399,"column":14},"end":{"line":399,"column":null}},{"start":{},"end":{}}],"line":399},"45":{"loc":{"start":{"line":401,"column":14},"end":{"line":404,"column":null}},"type":"if","locations":[{"start":{"line":401,"column":14},"end":{"line":404,"column":null}},{"start":{},"end":{}}],"line":401},"46":{"loc":{"start":{"line":403,"column":26},"end":{"line":403,"column":49}},"type":"binary-expr","locations":[{"start":{"line":403,"column":26},"end":{"line":403,"column":47}},{"start":{"line":403,"column":47},"end":{"line":403,"column":49}}],"line":403},"47":{"loc":{"start":{"line":421,"column":14},"end":{"line":421,"column":null}},"type":"if","locations":[{"start":{"line":421,"column":14},"end":{"line":421,"column":null}},{"start":{},"end":{}}],"line":421},"48":{"loc":{"start":{"line":423,"column":14},"end":{"line":427,"column":null}},"type":"if","locations":[{"start":{"line":423,"column":14},"end":{"line":427,"column":null}},{"start":{},"end":{}}],"line":423},"49":{"loc":{"start":{"line":444,"column":8},"end":{"line":444,"column":null}},"type":"if","locations":[{"start":{"line":444,"column":8},"end":{"line":444,"column":null}},{"start":{},"end":{}}],"line":444},"50":{"loc":{"start":{"line":446,"column":8},"end":{"line":450,"column":null}},"type":"if","locations":[{"start":{"line":446,"column":8},"end":{"line":450,"column":null}},{"start":{},"end":{}}],"line":446}},"s":{"0":28,"1":28,"2":28,"3":28,"4":28,"5":28,"6":28,"7":28,"8":28,"9":1,"10":1,"11":1,"12":1,"13":1,"14":1,"15":1,"16":1,"17":1,"18":1,"19":1,"20":1,"21":1,"22":1,"23":1,"24":1,"25":1,"26":1,"27":1,"28":1,"29":1,"30":1,"31":1,"32":2,"33":2,"34":1,"35":1,"36":2,"37":1,"38":1,"39":1,"40":1,"41":1,"42":1,"43":1,"44":1,"45":2,"46":2,"47":2,"48":2,"49":2,"50":2,"51":2,"52":1,"53":1,"54":1,"55":1,"56":2,"57":2,"58":2,"59":2,"60":2,"61":2,"62":2,"63":2,"64":1,"65":2,"66":2,"67":1,"68":2,"69":2,"70":2,"71":2,"72":2,"73":2,"74":2,"75":1,"76":1,"77":1,"78":1,"79":10,"80":10,"81":10,"82":10,"83":10,"84":10,"85":10,"86":10,"87":10,"88":10,"89":10,"90":10,"91":10,"92":10,"93":2,"94":2,"95":1,"96":1,"97":1,"98":8,"99":8,"100":8,"101":5,"102":5,"103":5,"104":4,"105":2,"106":2,"107":2,"108":1,"109":1,"110":2,"111":2,"112":2,"113":2,"114":2,"115":1,"116":1,"117":5,"118":9,"119":6,"120":3,"121":1,"122":34,"123":34,"124":34,"125":20,"126":34,"127":34,"128":34,"129":20,"130":6,"131":14,"132":3,"133":3,"134":11,"135":2,"136":9,"137":1,"138":3,"139":2,"140":2,"141":1,"142":1,"143":1,"144":1,"145":1,"146":2,"147":2,"148":2,"149":1,"150":1,"151":1,"152":1,"153":1,"154":2,"155":2,"156":2,"157":1,"158":1,"159":1,"160":1,"161":1,"162":1,"163":1,"164":1,"165":1,"166":1,"167":1,"168":1,"169":1,"170":1,"171":1,"172":1,"173":1,"174":1,"175":35,"176":3,"177":3,"178":3,"179":2,"180":3,"181":1,"182":1,"183":1,"184":1,"185":2,"186":2,"187":1,"188":1,"189":2,"190":34,"191":34,"192":34,"193":34,"194":34,"195":4,"196":4,"197":3,"198":1,"199":2,"200":2,"201":2,"202":1,"203":1,"204":1,"205":1,"206":1,"207":1,"208":1,"209":4,"210":4,"211":4,"212":2,"213":2,"214":4,"215":4,"216":3,"217":1,"218":2,"219":1,"220":1,"221":4,"222":4,"223":4,"224":3,"225":3,"226":4,"227":4,"228":3,"229":1,"230":2,"231":1,"232":1,"233":1,"234":4,"235":4,"236":4,"237":3,"238":3,"239":3,"240":3,"241":2,"242":1,"243":1,"244":1,"245":1,"246":1,"247":3,"248":3,"249":3,"250":2,"251":2},"f":{"0":28,"1":1,"2":1,"3":1,"4":1,"5":1,"6":1,"7":1,"8":1,"9":1,"10":1,"11":1,"12":1,"13":1,"14":1,"15":1,"16":1,"17":1,"18":1,"19":1,"20":1,"21":1,"22":2,"23":1,"24":1,"25":2,"26":1,"27":2,"28":2,"29":1,"30":2,"31":1,"32":2,"33":2,"34":1,"35":1,"36":10,"37":10,"38":10,"39":10,"40":10,"41":1,"42":34,"43":20,"44":3,"45":2,"46":2,"47":1,"48":1,"49":1,"50":1,"51":1,"52":2,"53":2,"54":2,"55":1,"56":1,"57":1,"58":1,"59":1,"60":1,"61":1,"62":1,"63":1,"64":1,"65":1,"66":1,"67":1,"68":1,"69":1,"70":1,"71":35,"72":3,"73":2,"74":3,"75":1,"76":1,"77":1,"78":2,"79":1,"80":1,"81":2,"82":34,"83":4,"84":4,"85":3,"86":2,"87":4,"88":4,"89":3,"90":3,"91":4,"92":4,"93":3,"94":3,"95":3,"96":3,"97":2,"98":2},"b":{"0":[28,0],"1":[1,0],"2":[2,0],"3":[1,1],"4":[1,0],"5":[1,0],"6":[2,0],"7":[2,0],"8":[2,0],"9":[1,0],"10":[1,1],"11":[2,0],"12":[2,0],"13":[2,0],"14":[2,1],"15":[1,0],"16":[10,10],"17":[10,0],"18":[10,10],"19":[10,0],"20":[2,8],"21":[8,6],"22":[5,3],"23":[8,7],"24":[4,1],"25":[5,4,4,0],"26":[2,2],"27":[1,1],"28":[1,1],"29":[6,3],"30":[34,34],"31":[6,14],"32":[3,11],"33":[2,9],"34":[1,8],"35":[1,1],"36":[1,0],"37":[1,1],"38":[1,2],"39":[2,0],"40":[2,2],"41":[1,1],"42":[1,0],"43":[1,0],"44":[1,2],"45":[1,1],"46":[1,1],"47":[1,2],"48":[1,1],"49":[1,1],"50":[1,0]},"meta":{"lastBranch":51,"lastFunction":99,"lastStatement":252,"seen":{"s:39:42:39:Infinity":0,"s:40:42:40:Infinity":1,"s:41:74:41:Infinity":2,"s:42:44:42:Infinity":3,"f:44:2:44:21":0,"s:44:21:44:47":4,"s:44:47:44:75":5,"s:45:4:45:Infinity":6,"s:46:16:46:Infinity":7,"b:46:16:46:48:46:48:46:Infinity":0,"s:47:4:47:Infinity":8,"f:49:2:49:9":1,"s:49:11:49:33":9,"f:50:2:50:10":2,"s:50:12:50:35":10,"f:51:2:51:7":3,"s:52:4:52:Infinity":11,"s:53:4:60:Infinity":12,"f:53:23:53:24":4,"s:54:18:54:Infinity":13,"b:54:18:54:48:54:48:54:Infinity":1,"s:55:6:59:Infinity":14,"f:55:32:55:38":5,"s:56:8:58:Infinity":15,"f:56:34:56:40":6,"s:57:10:57:Infinity":16,"f:62:2:62:17":7,"s:62:35:62:73":17,"f:63:2:63:16":8,"s:63:34:63:70":18,"f:64:2:64:22":9,"s:64:57:64:109":19,"f:65:2:65:21":10,"s:65:56:65:106":20,"f:66:2:66:10":11,"s:66:27:66:56":21,"f:67:2:67:18":12,"s:67:34:67:71":22,"f:68:2:68:19":13,"s:68:49:68:93":23,"f:69:2:69:23":14,"s:69:25:69:61":24,"f:70:2:70:14":15,"s:70:49:70:86":25,"f:71:2:71:16":16,"s:71:46:71:82":26,"f:72:2:72:14":17,"s:72:33:72:69":27,"f:73:2:73:9":18,"s:73:24:73:51":28,"f:74:2:74:10":19,"s:74:43:74:81":29,"f:75:2:75:13":20,"s:75:34:75:69":30,"f:76:2:76:12":21,"s:77:4:86:Infinity":31,"f:77:35:77:36":22,"b:78:7:84:Infinity:undefined:undefined:undefined:undefined":2,"s:78:7:84:Infinity":32,"b:79:9:83:Infinity:81:16:83:Infinity":3,"s:79:9:83:Infinity":33,"s:80:11:80:Infinity":34,"s:82:11:82:Infinity":35,"s:85:7:85:Infinity":36,"f:88:2:88:13":23,"s:88:15:88:48":37,"f:89:2:89:12":24,"s:90:4:90:Infinity":38,"b:91:4:94:Infinity:undefined:undefined:undefined:undefined":4,"s:91:4:94:Infinity":39,"s:92:6:92:Infinity":40,"s:93:6:93:Infinity":41,"b:95:4:98:Infinity:undefined:undefined:undefined:undefined":5,"s:95:4:98:Infinity":42,"s:96:6:96:Infinity":43,"s:97:6:97:Infinity":44,"f:101:2:101:23":25,"b:102:4:104:Infinity:undefined:undefined:undefined:undefined":6,"s:102:4:104:Infinity":45,"s:103:6:103:Infinity":46,"s:105:16:105:Infinity":47,"b:105:16:105:48:105:48:105:Infinity":7,"s:106:4:106:Infinity":48,"s:107:4:107:Infinity":49,"b:109:4:118:Infinity:undefined:undefined:undefined:undefined":8,"s:109:4:118:Infinity":50,"s:110:19:116:Infinity":51,"f:110:19:110:25":26,"b:111:8:114:Infinity:undefined:undefined:undefined:undefined":9,"s:111:8:114:Infinity":52,"b:111:12:111:31:111:31:111:59":10,"s:112:25:112:Infinity":53,"s:113:10:113:Infinity":54,"s:115:8:115:Infinity":55,"s:117:6:117:Infinity":56,"f:121:2:121:22":27,"b:122:4:125:Infinity:undefined:undefined:undefined:undefined":11,"s:122:4:125:Infinity":57,"s:123:6:123:Infinity":58,"s:124:6:124:Infinity":59,"b:126:4:128:Infinity:undefined:undefined:undefined:undefined":12,"s:126:4:128:Infinity":60,"s:127:6:127:Infinity":61,"f:131:2:131:18":28,"s:132:4:132:Infinity":62,"s:133:4:135:Infinity":63,"f:133:11:133:17":29,"s:134:6:134:Infinity":64,"f:138:2:138:10":30,"s:139:19:139:Infinity":65,"b:139:19:139:49:139:49:139:Infinity":13,"s:141:25:149:Infinity":66,"f:141:25:141:26":31,"s:142:6:148:Infinity":67,"s:151:29:156:Infinity":68,"f:151:29:151:30":32,"s:152:6:155:Infinity":69,"b:153:17:153:42:153:42:153:Infinity":14,"s:158:4:158:Infinity":70,"s:159:4:159:Infinity":71,"s:161:4:164:Infinity":72,"f:161:11:161:17":33,"s:162:6:162:Infinity":73,"s:163:6:163:Infinity":74,"f:167:8:167:48":34,"s:168:17:168:Infinity":75,"b:168:17:168:49:168:49:168:Infinity":15,"s:169:19:169:Infinity":76,"s:170:5:170:Infinity":77,"f:173:8:173:55":35,"s:174:4:174:Infinity":78,"f:177:8:177:21":36,"s:178:20:178:Infinity":79,"s:179:18:179:Infinity":80,"s:180:23:180:Infinity":81,"b:180:23:180:47:180:47:180:Infinity":16,"s:181:6:181:Infinity":82,"b:184:6:187:Infinity:undefined:undefined:undefined:undefined":17,"s:184:6:187:Infinity":83,"b:184:10:184:25:184:25:184:52":18,"s:185:9:185:Infinity":84,"f:185:33:185:38":37,"s:185:38:185:98":85,"f:185:88:185:94":38,"s:185:94:185:97":86,"s:186:9:186:Infinity":87,"f:186:33:186:38":39,"s:186:38:186:98":88,"f:186:88:186:94":40,"s:186:94:186:97":89,"s:189:18:189:Infinity":90,"b:189:18:189:50:189:50:189:Infinity":19,"s:190:42:190:Infinity":91,"b:193:6:232:Infinity:201:13:232:Infinity":20,"s:193:6:232:Infinity":92,"s:194:10:200:Infinity":93,"s:195:28:195:Infinity":94,"s:196:13:196:Infinity":95,"s:198:13:198:Infinity":96,"s:199:13:199:Infinity":97,"s:202:25:202:Infinity":98,"b:202:25:202:46:202:46:202:Infinity":21,"s:203:23:203:Infinity":99,"b:206:8:231:Infinity:undefined:undefined:undefined:undefined":22,"s:206:8:231:Infinity":100,"b:206:12:206:22:206:22:206:51":23,"s:207:30:207:Infinity":101,"s:208:45:208:Infinity":102,"b:210:13:228:Infinity:undefined:undefined:undefined:undefined":24,"s:210:13:228:Infinity":103,"b:210:17:210:35:210:35:210:55:210:55:210:91:210:91:210:128":25,"b:211:17:227:Infinity:218:24:227:Infinity":26,"s:211:17:227:Infinity":104,"s:212:39:212:Infinity":105,"s:213:33:213:Infinity":106,"b:214:21:217:Infinity:undefined:undefined:undefined:undefined":27,"s:214:21:217:Infinity":107,"s:215:25:215:Infinity":108,"s:216:25:216:Infinity":109,"s:219:40:219:Infinity":110,"s:220:21:220:Infinity":111,"s:221:21:221:Infinity":112,"s:222:33:222:Infinity":113,"b:223:21:226:Infinity:undefined:undefined:undefined:undefined":28,"s:223:21:226:Infinity":114,"s:224:25:224:Infinity":115,"s:225:25:225:Infinity":116,"s:230:13:230:Infinity":117,"b:234:6:236:Infinity:undefined:undefined:undefined:undefined":29,"s:234:6:236:Infinity":118,"s:235:10:235:Infinity":119,"s:237:6:237:Infinity":120,"f:240:8:240:46":41,"s:241:4:241:Infinity":121,"s:246:48:246:Infinity":122,"s:247:51:247:Infinity":123,"s:248:70:248:Infinity":124,"s:256:26:267:Infinity":125,"f:251:2:251:22":42,"s:251:22:251:44":126,"s:252:4:252:Infinity":127,"b:252:21:252:37:252:37:252:Infinity":30,"s:253:4:253:Infinity":128,"f:256:26:256:27":43,"b:257:4:257:Infinity:undefined:undefined:undefined:undefined":31,"s:257:4:257:Infinity":129,"s:257:44:257:Infinity":130,"b:259:4:266:Infinity:262:4:266:Infinity":32,"s:259:4:266:Infinity":131,"s:260:6:260:Infinity":132,"s:261:6:261:Infinity":133,"b:262:4:266:Infinity:264:4:266:Infinity":33,"s:262:4:266:Infinity":134,"s:263:6:263:Infinity":135,"b:264:4:266:Infinity:undefined:undefined:undefined:undefined":34,"s:264:4:266:Infinity":136,"s:265:6:265:Infinity":137,"f:269:10:269:28":44,"s:270:4:270:Infinity":138,"f:270:27:270:33":45,"s:270:33:270:51":139,"f:273:10:273:31":46,"s:274:4:274:Infinity":140,"f:274:32:274:38":47,"s:274:38:274:45":141,"f:277:10:277:39":48,"s:278:4:278:Infinity":142,"f:278:40:278:46":49,"s:278:46:278:56":143,"f:281:2:281:9":50,"s:281:11:281:72":144,"f:282:2:282:10":51,"s:282:12:282:74":145,"f:283:8:283:13":52,"s:284:4:304:Infinity":146,"f:284:23:284:24":53,"s:286:22:294:Infinity":147,"f:286:22:286:23":54,"b:287:8:287:Infinity:undefined:undefined:undefined:undefined":35,"s:287:8:287:Infinity":148,"s:287:48:287:Infinity":149,"b:289:8:293:Infinity:undefined:undefined:undefined:undefined":36,"s:289:8:293:Infinity":150,"b:289:12:289:55:289:55:289:83":37,"s:290:10:290:Infinity":151,"s:291:10:291:Infinity":152,"s:292:10:292:Infinity":153,"s:296:6:296:Infinity":154,"s:297:6:297:Infinity":155,"s:299:6:303:Infinity":156,"f:299:36:299:42":55,"s:300:8:300:Infinity":157,"s:301:8:301:Infinity":158,"s:302:8:302:Infinity":159,"f:306:2:306:17":56,"s:306:35:306:110":160,"f:307:2:307:16":57,"s:307:34:307:107":161,"f:308:2:308:22":58,"s:308:57:308:153":162,"f:309:2:309:21":59,"s:309:56:309:150":163,"f:310:2:310:10":60,"s:310:27:310:98":164,"f:311:2:311:18":61,"s:311:34:311:114":165,"f:312:2:312:19":62,"s:312:49:312:136":166,"f:313:2:313:23":63,"s:313:25:313:102":167,"f:314:2:314:14":64,"s:314:49:314:128":168,"f:315:2:315:16":65,"s:315:46:315:119":169,"f:316:2:316:14":66,"s:316:34:316:113":170,"f:317:2:317:9":67,"s:317:24:317:93":171,"f:318:2:318:10":68,"s:318:43:318:123":172,"f:319:2:319:13":69,"s:319:34:319:111":173,"f:321:2:321:23":70,"s:321:25:321:96":174,"f:322:2:322:22":71,"s:322:24:322:94":175,"f:324:2:324:12":72,"s:325:4:325:Infinity":176,"s:327:4:327:Infinity":177,"s:328:4:330:Infinity":178,"f:328:11:328:17":73,"s:329:6:329:Infinity":179,"f:329:45:329:50":74,"s:329:50:329:64":180,"f:333:2:333:10":75,"s:334:4:334:Infinity":181,"s:335:4:337:Infinity":182,"f:335:11:335:17":76,"s:336:6:336:Infinity":183,"f:336:55:336:60":77,"s:336:60:336:74":184,"f:340:2:340:18":78,"s:341:4:341:Infinity":185,"s:342:4:344:Infinity":186,"f:342:11:342:17":79,"s:343:6:343:Infinity":187,"f:343:71:343:76":80,"s:343:76:343:90":188,"f:347:2:347:13":81,"s:347:15:347:38":189,"f:349:2:349:12":82,"s:350:6:350:Infinity":190,"s:351:6:351:Infinity":191,"s:352:6:352:Infinity":192,"s:353:6:353:Infinity":193,"s:354:6:354:Infinity":194,"f:357:8:357:21":83,"s:358:6:393:Infinity":195,"f:358:25:358:26":84,"s:359:26:376:Infinity":196,"f:359:26:359:27":85,"b:360:14:360:Infinity:undefined:undefined:undefined:undefined":38,"s:360:14:360:Infinity":197,"s:360:54:360:Infinity":198,"b:362:14:375:Infinity:undefined:undefined:undefined:undefined":39,"s:362:14:375:Infinity":199,"b:362:18:362:62:362:62:362:90":40,"s:363:18:363:Infinity":200,"b:364:18:374:Infinity:371:25:374:Infinity":41,"s:364:18:374:Infinity":201,"s:365:50:365:Infinity":202,"s:366:53:366:Infinity":203,"b:366:53:366:76:366:76:366:Infinity":42,"s:368:34:368:Infinity":204,"b:368:34:368:56:368:56:368:Infinity":43,"s:369:41:369:Infinity":205,"s:370:22:370:Infinity":206,"s:372:22:372:Infinity":207,"s:373:22:373:Infinity":208,"s:378:10:378:Infinity":209,"s:379:10:386:Infinity":210,"s:389:10:392:Infinity":211,"f:389:21:389:27":86,"s:390:14:390:Infinity":212,"s:391:14:391:Infinity":213,"f:396:8:396:48":87,"s:397:6:414:Infinity":214,"f:397:25:397:26":88,"s:398:26:405:Infinity":215,"f:398:26:398:27":89,"b:399:14:399:Infinity:undefined:undefined:undefined:undefined":44,"s:399:14:399:Infinity":216,"s:399:54:399:Infinity":217,"b:401:14:404:Infinity:undefined:undefined:undefined:undefined":45,"s:401:14:404:Infinity":218,"s:402:18:402:Infinity":219,"s:403:18:403:Infinity":220,"b:403:26:403:47:403:47:403:49":46,"s:406:10:406:Infinity":221,"s:407:10:407:Infinity":222,"s:410:10:413:Infinity":223,"f:410:21:410:27":90,"s:411:14:411:Infinity":224,"s:412:14:412:Infinity":225,"f:417:8:417:55":91,"s:418:6:437:Infinity":226,"f:418:25:418:26":92,"s:420:26:428:Infinity":227,"f:420:26:420:27":93,"b:421:14:421:Infinity:undefined:undefined:undefined:undefined":47,"s:421:14:421:Infinity":228,"s:421:54:421:Infinity":229,"b:423:14:427:Infinity:undefined:undefined:undefined:undefined":48,"s:423:14:427:Infinity":230,"s:424:18:424:Infinity":231,"s:425:18:425:Infinity":232,"s:426:18:426:Infinity":233,"s:429:10:429:Infinity":234,"s:430:10:430:Infinity":235,"s:433:10:436:Infinity":236,"f:433:40:433:46":94,"s:434:14:434:Infinity":237,"s:435:14:435:Infinity":238,"f:440:8:440:46":95,"s:441:4:461:Infinity":239,"f:441:23:441:24":96,"s:443:22:451:Infinity":240,"f:443:22:443:23":97,"b:444:8:444:Infinity:undefined:undefined:undefined:undefined":49,"s:444:8:444:Infinity":241,"s:444:48:444:Infinity":242,"b:446:8:450:Infinity:undefined:undefined:undefined:undefined":50,"s:446:8:450:Infinity":243,"s:447:10:447:Infinity":244,"s:448:10:448:Infinity":245,"s:449:10:449:Infinity":246,"s:453:6:453:Infinity":247,"s:454:6:454:Infinity":248,"s:457:6:460:Infinity":249,"f:457:36:457:42":98,"s:458:8:458:Infinity":250,"s:459:8:459:Infinity":251}}}
,"/app/packages/player/src/features/audio-utils.ts": {"path":"/app/packages/player/src/features/audio-utils.ts","statementMap":{"0":{"start":{"line":16,"column":2},"end":{"line":16,"column":null}},"1":{"start":{"line":16,"column":12},"end":{"line":16,"column":null}},"2":{"start":{"line":17,"column":2},"end":{"line":33,"column":null}},"3":{"start":{"line":18,"column":18},"end":{"line":18,"column":null}},"4":{"start":{"line":19,"column":6},"end":{"line":29,"column":null}},"5":{"start":{"line":31,"column":6},"end":{"line":31,"column":null}},"6":{"start":{"line":32,"column":6},"end":{"line":32,"column":null}},"7":{"start":{"line":41,"column":28},"end":{"line":72,"column":null}},"8":{"start":{"line":42,"column":16},"end":{"line":42,"column":null}},"9":{"start":{"line":47,"column":15},"end":{"line":47,"column":null}},"10":{"start":{"line":48,"column":23},"end":{"line":48,"column":null}},"11":{"start":{"line":49,"column":18},"end":{"line":49,"column":null}},"12":{"start":{"line":51,"column":17},"end":{"line":51,"column":null}},"13":{"start":{"line":52,"column":16},"end":{"line":52,"column":null}},"14":{"start":{"line":54,"column":4},"end":{"line":62,"column":null}},"15":{"start":{"line":55,"column":8},"end":{"line":55,"column":null}},"16":{"start":{"line":56,"column":8},"end":{"line":56,"column":null}},"17":{"start":{"line":60,"column":8},"end":{"line":60,"column":null}},"18":{"start":{"line":61,"column":8},"end":{"line":61,"column":null}},"19":{"start":{"line":64,"column":4},"end":{"line":71,"column":null}},"20":{"start":{"line":74,"column":33},"end":{"line":84,"column":null}},"21":{"start":{"line":75,"column":19},"end":{"line":75,"column":null}},"22":{"start":{"line":76,"column":5},"end":{"line":83,"column":null}},"23":{"start":{"line":86,"column":20},"end":{"line":86,"column":null}},"24":{"start":{"line":87,"column":25},"end":{"line":87,"column":null}},"25":{"start":{"line":90,"column":20},"end":{"line":90,"column":null}},"26":{"start":{"line":91,"column":2},"end":{"line":91,"column":null}},"27":{"start":{"line":91,"column":25},"end":{"line":91,"column":47}},"28":{"start":{"line":92,"column":2},"end":{"line":92,"column":null}},"29":{"start":{"line":92,"column":30},"end":{"line":92,"column":52}},"30":{"start":{"line":94,"column":2},"end":{"line":94,"column":null}},"31":{"start":{"line":98,"column":4},"end":{"line":100,"column":null}},"32":{"start":{"line":99,"column":8},"end":{"line":99,"column":null}},"33":{"start":{"line":102,"column":4},"end":{"line":106,"column":null}},"34":{"start":{"line":104,"column":20},"end":{"line":104,"column":null}},"35":{"start":{"line":105,"column":8},"end":{"line":105,"column":null}},"36":{"start":{"line":108,"column":19},"end":{"line":108,"column":null}},"37":{"start":{"line":109,"column":16},"end":{"line":109,"column":null}},"38":{"start":{"line":111,"column":4},"end":{"line":191,"column":null}},"39":{"start":{"line":112,"column":8},"end":{"line":112,"column":null}},"40":{"start":{"line":112,"column":43},"end":{"line":112,"column":null}},"41":{"start":{"line":113,"column":8},"end":{"line":190,"column":null}},"42":{"start":{"line":114,"column":32},"end":{"line":114,"column":null}},"43":{"start":{"line":115,"column":27},"end":{"line":115,"column":null}},"44":{"start":{"line":116,"column":12},"end":{"line":116,"column":null}},"45":{"start":{"line":117,"column":12},"end":{"line":117,"column":null}},"46":{"start":{"line":119,"column":29},"end":{"line":119,"column":null}},"47":{"start":{"line":120,"column":33},"end":{"line":120,"column":null}},"48":{"start":{"line":121,"column":12},"end":{"line":121,"column":null}},"49":{"start":{"line":123,"column":12},"end":{"line":123,"column":null}},"50":{"start":{"line":124,"column":12},"end":{"line":124,"column":null}},"51":{"start":{"line":126,"column":31},"end":{"line":126,"column":null}},"52":{"start":{"line":128,"column":32},"end":{"line":128,"column":null}},"53":{"start":{"line":129,"column":30},"end":{"line":129,"column":null}},"54":{"start":{"line":131,"column":12},"end":{"line":135,"column":null}},"55":{"start":{"line":133,"column":16},"end":{"line":133,"column":null}},"56":{"start":{"line":134,"column":16},"end":{"line":134,"column":null}},"57":{"start":{"line":138,"column":12},"end":{"line":184,"column":null}},"58":{"start":{"line":139,"column":36},"end":{"line":139,"column":null}},"59":{"start":{"line":142,"column":16},"end":{"line":154,"column":null}},"60":{"start":{"line":143,"column":46},"end":{"line":143,"column":null}},"61":{"start":{"line":144,"column":20},"end":{"line":151,"column":null}},"62":{"start":{"line":145,"column":43},"end":{"line":145,"column":null}},"63":{"start":{"line":146,"column":24},"end":{"line":146,"column":null}},"64":{"start":{"line":147,"column":24},"end":{"line":147,"column":null}},"65":{"start":{"line":148,"column":24},"end":{"line":148,"column":null}},"66":{"start":{"line":150,"column":24},"end":{"line":150,"column":null}},"67":{"start":{"line":153,"column":20},"end":{"line":153,"column":null}},"68":{"start":{"line":157,"column":16},"end":{"line":183,"column":null}},"69":{"start":{"line":158,"column":41},"end":{"line":158,"column":null}},"70":{"start":{"line":159,"column":37},"end":{"line":159,"column":null}},"71":{"start":{"line":160,"column":40},"end":{"line":160,"column":null}},"72":{"start":{"line":161,"column":41},"end":{"line":161,"column":null}},"73":{"start":{"line":163,"column":20},"end":{"line":182,"column":null}},"74":{"start":{"line":164,"column":24},"end":{"line":170,"column":null}},"75":{"start":{"line":165,"column":28},"end":{"line":165,"column":null}},"76":{"start":{"line":169,"column":28},"end":{"line":169,"column":null}},"77":{"start":{"line":171,"column":24},"end":{"line":171,"column":null}},"78":{"start":{"line":173,"column":45},"end":{"line":173,"column":null}},"79":{"start":{"line":174,"column":24},"end":{"line":181,"column":null}},"80":{"start":{"line":175,"column":45},"end":{"line":175,"column":null}},"81":{"start":{"line":176,"column":45},"end":{"line":176,"column":null}},"82":{"start":{"line":177,"column":28},"end":{"line":177,"column":null}},"83":{"start":{"line":178,"column":28},"end":{"line":178,"column":null}},"84":{"start":{"line":180,"column":28},"end":{"line":180,"column":null}},"85":{"start":{"line":187,"column":12},"end":{"line":187,"column":null}},"86":{"start":{"line":189,"column":12},"end":{"line":189,"column":null}},"87":{"start":{"line":193,"column":4},"end":{"line":193,"column":null}}},"fnMap":{"0":{"name":"fetchAudioAsset","decl":{"start":{"line":15,"column":15},"end":{"line":15,"column":31}},"loc":{"start":{"line":15,"column":107},"end":{"line":34,"column":null}},"line":15},"1":{"name":"getAudioAssets","decl":{"start":{"line":36,"column":22},"end":{"line":36,"column":null}},"loc":{"start":{"line":40,"column":25},"end":{"line":95,"column":null}},"line":40},"2":{"name":"(anonymous_2)","decl":{"start":{"line":41,"column":81},"end":{"line":41,"column":82}},"loc":{"start":{"line":41,"column":104},"end":{"line":72,"column":3}},"line":41},"3":{"name":"(anonymous_3)","decl":{"start":{"line":74,"column":52},"end":{"line":74,"column":61}},"loc":{"start":{"line":74,"column":61},"end":{"line":84,"column":3}},"line":74},"4":{"name":"(anonymous_4)","decl":{"start":{"line":91,"column":20},"end":{"line":91,"column":25}},"loc":{"start":{"line":91,"column":25},"end":{"line":91,"column":47}},"line":91},"5":{"name":"(anonymous_5)","decl":{"start":{"line":92,"column":25},"end":{"line":92,"column":30}},"loc":{"start":{"line":92,"column":30},"end":{"line":92,"column":52}},"line":92},"6":{"name":"mixAudio","decl":{"start":{"line":97,"column":22},"end":{"line":97,"column":31}},"loc":{"start":{"line":97,"column":137},"end":{"line":194,"column":null}},"line":97}},"branchMap":{"0":{"loc":{"start":{"line":16,"column":2},"end":{"line":16,"column":null}},"type":"if","locations":[{"start":{"line":16,"column":2},"end":{"line":16,"column":null}},{"start":{},"end":{}}],"line":16},"1":{"loc":{"start":{"line":23,"column":18},"end":{"line":23,"column":null}},"type":"binary-expr","locations":[{"start":{"line":23,"column":18},"end":{"line":23,"column":36}},{"start":{"line":23,"column":36},"end":{"line":23,"column":null}}],"line":23},"2":{"loc":{"start":{"line":24,"column":17},"end":{"line":24,"column":null}},"type":"binary-expr","locations":[{"start":{"line":24,"column":17},"end":{"line":24,"column":34}},{"start":{"line":24,"column":34},"end":{"line":24,"column":null}}],"line":24},"3":{"loc":{"start":{"line":25,"column":16},"end":{"line":25,"column":null}},"type":"binary-expr","locations":[{"start":{"line":25,"column":16},"end":{"line":25,"column":32}},{"start":{"line":25,"column":32},"end":{"line":25,"column":null}}],"line":25},"4":{"loc":{"start":{"line":26,"column":21},"end":{"line":26,"column":null}},"type":"binary-expr","locations":[{"start":{"line":26,"column":21},"end":{"line":26,"column":42}},{"start":{"line":26,"column":42},"end":{"line":26,"column":null}}],"line":26},"5":{"loc":{"start":{"line":27,"column":26},"end":{"line":27,"column":null}},"type":"binary-expr","locations":[{"start":{"line":27,"column":26},"end":{"line":27,"column":52}},{"start":{"line":27,"column":52},"end":{"line":27,"column":null}}],"line":27},"6":{"loc":{"start":{"line":28,"column":27},"end":{"line":28,"column":null}},"type":"binary-expr","locations":[{"start":{"line":28,"column":27},"end":{"line":28,"column":54}},{"start":{"line":28,"column":54},"end":{"line":28,"column":null}}],"line":28},"7":{"loc":{"start":{"line":38,"column":2},"end":{"line":38,"column":null}},"type":"default-arg","locations":[{"start":{"line":38,"column":41},"end":{"line":38,"column":null}}],"line":38},"8":{"loc":{"start":{"line":39,"column":2},"end":{"line":39,"column":null}},"type":"default-arg","locations":[{"start":{"line":39,"column":72},"end":{"line":39,"column":null}}],"line":39},"9":{"loc":{"start":{"line":47,"column":15},"end":{"line":47,"column":null}},"type":"binary-expr","locations":[{"start":{"line":47,"column":15},"end":{"line":47,"column":59}},{"start":{"line":47,"column":59},"end":{"line":47,"column":69}},{"start":{"line":47,"column":69},"end":{"line":47,"column":null}}],"line":47},"10":{"loc":{"start":{"line":54,"column":4},"end":{"line":62,"column":null}},"type":"if","locations":[{"start":{"line":54,"column":4},"end":{"line":62,"column":null}},{"start":{"line":57,"column":11},"end":{"line":62,"column":null}}],"line":54},"11":{"loc":{"start":{"line":68,"column":19},"end":{"line":68,"column":null}},"type":"binary-expr","locations":[{"start":{"line":68,"column":19},"end":{"line":68,"column":77}},{"start":{"line":68,"column":77},"end":{"line":68,"column":null}}],"line":68},"12":{"loc":{"start":{"line":68,"column":30},"end":{"line":68,"column":72}},"type":"binary-expr","locations":[{"start":{"line":68,"column":30},"end":{"line":68,"column":69}},{"start":{"line":68,"column":69},"end":{"line":68,"column":72}}],"line":68},"13":{"loc":{"start":{"line":69,"column":24},"end":{"line":69,"column":null}},"type":"binary-expr","locations":[{"start":{"line":69,"column":24},"end":{"line":69,"column":86}},{"start":{"line":69,"column":86},"end":{"line":69,"column":null}}],"line":69},"14":{"loc":{"start":{"line":69,"column":35},"end":{"line":69,"column":81}},"type":"binary-expr","locations":[{"start":{"line":69,"column":35},"end":{"line":69,"column":78}},{"start":{"line":69,"column":78},"end":{"line":69,"column":81}}],"line":69},"15":{"loc":{"start":{"line":70,"column":25},"end":{"line":70,"column":null}},"type":"binary-expr","locations":[{"start":{"line":70,"column":25},"end":{"line":70,"column":88}},{"start":{"line":70,"column":88},"end":{"line":70,"column":null}}],"line":70},"16":{"loc":{"start":{"line":70,"column":36},"end":{"line":70,"column":83}},"type":"binary-expr","locations":[{"start":{"line":70,"column":36},"end":{"line":70,"column":80}},{"start":{"line":70,"column":80},"end":{"line":70,"column":83}}],"line":70},"17":{"loc":{"start":{"line":77,"column":17},"end":{"line":77,"column":null}},"type":"binary-expr","locations":[{"start":{"line":77,"column":17},"end":{"line":77,"column":34}},{"start":{"line":77,"column":34},"end":{"line":77,"column":null}}],"line":77},"18":{"loc":{"start":{"line":78,"column":16},"end":{"line":78,"column":null}},"type":"binary-expr","locations":[{"start":{"line":78,"column":16},"end":{"line":78,"column":32}},{"start":{"line":78,"column":32},"end":{"line":78,"column":null}}],"line":78},"19":{"loc":{"start":{"line":97,"column":91},"end":{"line":97,"column":137}},"type":"default-arg","locations":[{"start":{"line":97,"column":112},"end":{"line":97,"column":137}}],"line":97},"20":{"loc":{"start":{"line":98,"column":4},"end":{"line":100,"column":null}},"type":"if","locations":[{"start":{"line":98,"column":4},"end":{"line":100,"column":null}},{"start":{},"end":{}}],"line":98},"21":{"loc":{"start":{"line":102,"column":4},"end":{"line":106,"column":null}},"type":"if","locations":[{"start":{"line":102,"column":4},"end":{"line":106,"column":null}},{"start":{},"end":{}}],"line":102},"22":{"loc":{"start":{"line":112,"column":8},"end":{"line":112,"column":null}},"type":"if","locations":[{"start":{"line":112,"column":8},"end":{"line":112,"column":null}},{"start":{},"end":{}}],"line":112},"23":{"loc":{"start":{"line":120,"column":33},"end":{"line":120,"column":null}},"type":"cond-expr","locations":[{"start":{"line":120,"column":47},"end":{"line":120,"column":52}},{"start":{"line":120,"column":52},"end":{"line":120,"column":null}}],"line":120},"24":{"loc":{"start":{"line":120,"column":52},"end":{"line":120,"column":null}},"type":"cond-expr","locations":[{"start":{"line":120,"column":87},"end":{"line":120,"column":102}},{"start":{"line":120,"column":102},"end":{"line":120,"column":null}}],"line":120},"25":{"loc":{"start":{"line":126,"column":31},"end":{"line":126,"column":null}},"type":"binary-expr","locations":[{"start":{"line":126,"column":31},"end":{"line":126,"column":50}},{"start":{"line":126,"column":50},"end":{"line":126,"column":null}}],"line":126},"26":{"loc":{"start":{"line":131,"column":12},"end":{"line":135,"column":null}},"type":"if","locations":[{"start":{"line":131,"column":12},"end":{"line":135,"column":null}},{"start":{},"end":{}}],"line":131},"27":{"loc":{"start":{"line":138,"column":12},"end":{"line":184,"column":null}},"type":"if","locations":[{"start":{"line":138,"column":12},"end":{"line":184,"column":null}},{"start":{},"end":{}}],"line":138},"28":{"loc":{"start":{"line":138,"column":17},"end":{"line":138,"column":124}},"type":"binary-expr","locations":[{"start":{"line":138,"column":17},"end":{"line":138,"column":41}},{"start":{"line":138,"column":41},"end":{"line":138,"column":71}},{"start":{"line":138,"column":71},"end":{"line":138,"column":96}},{"start":{"line":138,"column":96},"end":{"line":138,"column":124}}],"line":138},"29":{"loc":{"start":{"line":142,"column":16},"end":{"line":154,"column":null}},"type":"if","locations":[{"start":{"line":142,"column":16},"end":{"line":154,"column":null}},{"start":{"line":152,"column":23},"end":{"line":154,"column":null}}],"line":142},"30":{"loc":{"start":{"line":142,"column":20},"end":{"line":142,"column":70}},"type":"binary-expr","locations":[{"start":{"line":142,"column":20},"end":{"line":142,"column":44}},{"start":{"line":142,"column":44},"end":{"line":142,"column":70}}],"line":142},"31":{"loc":{"start":{"line":144,"column":20},"end":{"line":151,"column":null}},"type":"if","locations":[{"start":{"line":144,"column":20},"end":{"line":151,"column":null}},{"start":{"line":149,"column":27},"end":{"line":151,"column":null}}],"line":144},"32":{"loc":{"start":{"line":157,"column":16},"end":{"line":183,"column":null}},"type":"if","locations":[{"start":{"line":157,"column":16},"end":{"line":183,"column":null}},{"start":{},"end":{}}],"line":157},"33":{"loc":{"start":{"line":157,"column":20},"end":{"line":157,"column":72}},"type":"binary-expr","locations":[{"start":{"line":157,"column":20},"end":{"line":157,"column":45}},{"start":{"line":157,"column":45},"end":{"line":157,"column":72}}],"line":157},"34":{"loc":{"start":{"line":163,"column":20},"end":{"line":182,"column":null}},"type":"if","locations":[{"start":{"line":163,"column":20},"end":{"line":182,"column":null}},{"start":{"line":172,"column":27},"end":{"line":182,"column":null}}],"line":163},"35":{"loc":{"start":{"line":164,"column":24},"end":{"line":170,"column":null}},"type":"if","locations":[{"start":{"line":164,"column":24},"end":{"line":170,"column":null}},{"start":{"line":166,"column":31},"end":{"line":170,"column":null}}],"line":164},"36":{"loc":{"start":{"line":174,"column":24},"end":{"line":181,"column":null}},"type":"if","locations":[{"start":{"line":174,"column":24},"end":{"line":181,"column":null}},{"start":{"line":179,"column":31},"end":{"line":181,"column":null}}],"line":174}},"s":{"0":0,"1":0,"2":0,"3":0,"4":0,"5":0,"6":0,"7":0,"8":0,"9":0,"10":0,"11":0,"12":0,"13":0,"14":0,"15":0,"16":0,"17":0,"18":0,"19":0,"20":0,"21":0,"22":0,"23":0,"24":0,"25":0,"26":0,"27":0,"28":0,"29":0,"30":0,"31":0,"32":0,"33":0,"34":0,"35":0,"36":0,"37":0,"38":0,"39":0,"40":0,"41":0,"42":0,"43":0,"44":0,"45":0,"46":0,"47":0,"48":0,"49":0,"50":0,"51":0,"52":0,"53":0,"54":0,"55":0,"56":0,"57":0,"58":0,"59":0,"60":0,"61":0,"62":0,"63":0,"64":0,"65":0,"66":0,"67":0,"68":0,"69":0,"70":0,"71":0,"72":0,"73":0,"74":0,"75":0,"76":0,"77":0,"78":0,"79":0,"80":0,"81":0,"82":0,"83":0,"84":0,"85":0,"86":0,"87":0},"f":{"0":0,"1":0,"2":0,"3":0,"4":0,"5":0,"6":0},"b":{"0":[0,0],"1":[0,0],"2":[0,0],"3":[0,0],"4":[0,0],"5":[0,0],"6":[0,0],"7":[0],"8":[0],"9":[0,0,0],"10":[0,0],"11":[0,0],"12":[0,0],"13":[0,0],"14":[0,0],"15":[0,0],"16":[0,0],"17":[0,0],"18":[0,0],"19":[0],"20":[0,0],"21":[0,0],"22":[0,0],"23":[0,0],"24":[0,0],"25":[0,0],"26":[0,0],"27":[0,0],"28":[0,0,0,0],"29":[0,0],"30":[0,0],"31":[0,0],"32":[0,0],"33":[0,0],"34":[0,0],"35":[0,0],"36":[0,0]},"meta":{"lastBranch":37,"lastFunction":7,"lastStatement":88,"seen":{"f:15:15:15:31":0,"b:16:2:16:Infinity:undefined:undefined:undefined:undefined":0,"s:16:2:16:Infinity":0,"s:16:12:16:Infinity":1,"s:17:2:33:Infinity":2,"s:18:18:18:Infinity":3,"s:19:6:29:Infinity":4,"b:23:18:23:36:23:36:23:Infinity":1,"b:24:17:24:34:24:34:24:Infinity":2,"b:25:16:25:32:25:32:25:Infinity":3,"b:26:21:26:42:26:42:26:Infinity":4,"b:27:26:27:52:27:52:27:Infinity":5,"b:28:27:28:54:28:54:28:Infinity":6,"s:31:6:31:Infinity":5,"s:32:6:32:Infinity":6,"f:36:22:36:Infinity":1,"b:38:41:38:Infinity":7,"b:39:72:39:Infinity":8,"s:41:28:72:Infinity":7,"f:41:81:41:82":2,"s:42:16:42:Infinity":8,"s:47:15:47:Infinity":9,"b:47:15:47:59:47:59:47:69:47:69:47:Infinity":9,"s:48:23:48:Infinity":10,"s:49:18:49:Infinity":11,"s:51:17:51:Infinity":12,"s:52:16:52:Infinity":13,"b:54:4:62:Infinity:57:11:62:Infinity":10,"s:54:4:62:Infinity":14,"s:55:8:55:Infinity":15,"s:56:8:56:Infinity":16,"s:60:8:60:Infinity":17,"s:61:8:61:Infinity":18,"s:64:4:71:Infinity":19,"b:68:19:68:77:68:77:68:Infinity":11,"b:68:30:68:69:68:69:68:72":12,"b:69:24:69:86:69:86:69:Infinity":13,"b:69:35:69:78:69:78:69:81":14,"b:70:25:70:88:70:88:70:Infinity":15,"b:70:36:70:80:70:80:70:83":16,"s:74:33:84:Infinity":20,"f:74:52:74:61":3,"s:75:19:75:Infinity":21,"s:76:5:83:Infinity":22,"b:77:17:77:34:77:34:77:Infinity":17,"b:78:16:78:32:78:32:78:Infinity":18,"s:86:20:86:Infinity":23,"s:87:25:87:Infinity":24,"s:90:20:90:Infinity":25,"s:91:2:91:Infinity":26,"f:91:20:91:25":4,"s:91:25:91:47":27,"s:92:2:92:Infinity":28,"f:92:25:92:30":5,"s:92:30:92:52":29,"s:94:2:94:Infinity":30,"f:97:22:97:31":6,"b:97:112:97:137":19,"b:98:4:100:Infinity:undefined:undefined:undefined:undefined":20,"s:98:4:100:Infinity":31,"s:99:8:99:Infinity":32,"b:102:4:106:Infinity:undefined:undefined:undefined:undefined":21,"s:102:4:106:Infinity":33,"s:104:20:104:Infinity":34,"s:105:8:105:Infinity":35,"s:108:19:108:Infinity":36,"s:109:16:109:Infinity":37,"s:111:4:191:Infinity":38,"b:112:8:112:Infinity:undefined:undefined:undefined:undefined":22,"s:112:8:112:Infinity":39,"s:112:43:112:Infinity":40,"s:113:8:190:Infinity":41,"s:114:32:114:Infinity":42,"s:115:27:115:Infinity":43,"s:116:12:116:Infinity":44,"s:117:12:117:Infinity":45,"s:119:29:119:Infinity":46,"s:120:33:120:Infinity":47,"b:120:47:120:52:120:52:120:Infinity":23,"b:120:87:120:102:120:102:120:Infinity":24,"s:121:12:121:Infinity":48,"s:123:12:123:Infinity":49,"s:124:12:124:Infinity":50,"s:126:31:126:Infinity":51,"b:126:31:126:50:126:50:126:Infinity":25,"s:128:32:128:Infinity":52,"s:129:30:129:Infinity":53,"b:131:12:135:Infinity:undefined:undefined:undefined:undefined":26,"s:131:12:135:Infinity":54,"s:133:16:133:Infinity":55,"s:134:16:134:Infinity":56,"b:138:12:184:Infinity:undefined:undefined:undefined:undefined":27,"s:138:12:184:Infinity":57,"b:138:17:138:41:138:41:138:71:138:71:138:96:138:96:138:124":28,"s:139:36:139:Infinity":58,"b:142:16:154:Infinity:152:23:154:Infinity":29,"s:142:16:154:Infinity":59,"b:142:20:142:44:142:44:142:70":30,"s:143:46:143:Infinity":60,"b:144:20:151:Infinity:149:27:151:Infinity":31,"s:144:20:151:Infinity":61,"s:145:43:145:Infinity":62,"s:146:24:146:Infinity":63,"s:147:24:147:Infinity":64,"s:148:24:148:Infinity":65,"s:150:24:150:Infinity":66,"s:153:20:153:Infinity":67,"b:157:16:183:Infinity:undefined:undefined:undefined:undefined":32,"s:157:16:183:Infinity":68,"b:157:20:157:45:157:45:157:72":33,"s:158:41:158:Infinity":69,"s:159:37:159:Infinity":70,"s:160:40:160:Infinity":71,"s:161:41:161:Infinity":72,"b:163:20:182:Infinity:172:27:182:Infinity":34,"s:163:20:182:Infinity":73,"b:164:24:170:Infinity:166:31:170:Infinity":35,"s:164:24:170:Infinity":74,"s:165:28:165:Infinity":75,"s:169:28:169:Infinity":76,"s:171:24:171:Infinity":77,"s:173:45:173:Infinity":78,"b:174:24:181:Infinity:179:31:181:Infinity":36,"s:174:24:181:Infinity":79,"s:175:45:175:Infinity":80,"s:176:45:176:Infinity":81,"s:177:28:177:Infinity":82,"s:178:28:178:Infinity":83,"s:180:28:180:Infinity":84,"s:187:12:187:Infinity":85,"s:189:12:189:Infinity":86,"s:193:4:193:Infinity":87}}}
}
