<?xml version="1.0" encoding="UTF-8"?>
<coverage generated="1776882765418" clover="3.2.0">
  <project timestamp="1776882765418" name="All files">
    <metrics statements="2479" coveredstatements="1026" conditionals="1481" coveredconditionals="507" methods="565" coveredmethods="161" elements="4525" coveredelements="1694" complexity="0" loc="2479" ncloc="2479" packages="2" files="12" classes="12"/>
    <package name="src">
      <metrics statements="1635" coveredstatements="956" conditionals="991" coveredconditionals="491" methods="370" coveredmethods="144"/>
      <file name="controllers.ts" path="/app/packages/player/src/controllers.ts">
        <metrics statements="235" coveredstatements="6" conditionals="104" coveredconditionals="4" methods="99" coveredmethods="3"/>
        <line num="39" count="0" type="stmt"/>
        <line num="40" count="0" type="stmt"/>
        <line num="41" count="0" type="stmt"/>
        <line num="42" count="0" type="stmt"/>
        <line num="44" count="0" type="stmt"/>
        <line num="45" count="0" type="stmt"/>
        <line num="46" count="0" type="cond" truecount="0" falsecount="2"/>
        <line num="47" count="0" type="stmt"/>
        <line num="49" count="0" type="stmt"/>
        <line num="50" count="1" type="stmt"/>
        <line num="52" count="0" type="stmt"/>
        <line num="53" count="0" type="stmt"/>
        <line num="54" count="0" type="cond" truecount="0" falsecount="2"/>
        <line num="55" count="0" type="stmt"/>
        <line num="56" count="0" type="stmt"/>
        <line num="57" count="0" type="stmt"/>
        <line num="62" count="0" type="stmt"/>
        <line num="63" count="0" type="stmt"/>
        <line num="64" count="0" type="stmt"/>
        <line num="65" count="0" type="stmt"/>
        <line num="66" count="0" type="stmt"/>
        <line num="67" count="0" type="stmt"/>
        <line num="68" count="0" type="stmt"/>
        <line num="69" count="0" type="stmt"/>
        <line num="70" count="0" type="stmt"/>
        <line num="71" count="0" type="stmt"/>
        <line num="72" count="0" type="stmt"/>
        <line num="73" count="0" type="stmt"/>
        <line num="74" count="0" type="stmt"/>
        <line num="75" count="0" type="stmt"/>
        <line num="77" count="0" type="stmt"/>
        <line num="78" count="0" type="cond" truecount="0" falsecount="2"/>
        <line num="79" count="0" type="cond" truecount="0" falsecount="2"/>
        <line num="80" count="0" type="stmt"/>
        <line num="82" count="0" type="stmt"/>
        <line num="85" count="0" type="stmt"/>
        <line num="88" count="0" type="stmt"/>
        <line num="90" count="1" type="stmt"/>
        <line num="91" count="1" type="cond" truecount="1" falsecount="1"/>
        <line num="92" count="0" type="stmt"/>
        <line num="93" count="0" type="stmt"/>
        <line num="95" count="1" type="cond" truecount="1" falsecount="1"/>
        <line num="96" count="0" type="stmt"/>
        <line num="97" count="0" type="stmt"/>
        <line num="102" count="0" type="cond" truecount="0" falsecount="2"/>
        <line num="103" count="0" type="stmt"/>
        <line num="105" count="0" type="cond" truecount="0" falsecount="2"/>
        <line num="106" count="0" type="stmt"/>
        <line num="107" count="0" type="stmt"/>
        <line num="109" count="0" type="cond" truecount="0" falsecount="2"/>
        <line num="110" count="0" type="stmt"/>
        <line num="111" count="0" type="cond" truecount="0" falsecount="4"/>
        <line num="112" count="0" type="stmt"/>
        <line num="113" count="0" type="stmt"/>
        <line num="115" count="0" type="stmt"/>
        <line num="117" count="0" type="stmt"/>
        <line num="122" count="1" type="cond" truecount="1" falsecount="1"/>
        <line num="123" count="0" type="stmt"/>
        <line num="124" count="0" type="stmt"/>
        <line num="126" count="1" type="cond" truecount="1" falsecount="1"/>
        <line num="127" count="0" type="stmt"/>
        <line num="132" count="0" type="stmt"/>
        <line num="133" count="0" type="stmt"/>
        <line num="134" count="0" type="stmt"/>
        <line num="139" count="0" type="cond" truecount="0" falsecount="2"/>
        <line num="141" count="0" type="stmt"/>
        <line num="142" count="0" type="stmt"/>
        <line num="151" count="0" type="stmt"/>
        <line num="152" count="0" type="stmt"/>
        <line num="158" count="0" type="stmt"/>
        <line num="159" count="0" type="stmt"/>
        <line num="161" count="0" type="stmt"/>
        <line num="162" count="0" type="stmt"/>
        <line num="163" count="0" type="stmt"/>
        <line num="168" count="0" type="cond" truecount="0" falsecount="2"/>
        <line num="169" count="0" type="stmt"/>
        <line num="170" count="0" type="stmt"/>
        <line num="174" count="0" type="stmt"/>
        <line num="178" count="0" type="stmt"/>
        <line num="179" count="0" type="stmt"/>
        <line num="180" count="0" type="cond" truecount="0" falsecount="2"/>
        <line num="181" count="0" type="stmt"/>
        <line num="184" count="0" type="cond" truecount="0" falsecount="4"/>
        <line num="185" count="0" type="stmt"/>
        <line num="186" count="0" type="stmt"/>
        <line num="189" count="0" type="cond" truecount="0" falsecount="2"/>
        <line num="190" count="0" type="stmt"/>
        <line num="193" count="0" type="cond" truecount="0" falsecount="2"/>
        <line num="194" count="0" type="stmt"/>
        <line num="195" count="0" type="stmt"/>
        <line num="196" count="0" type="stmt"/>
        <line num="198" count="0" type="stmt"/>
        <line num="199" count="0" type="stmt"/>
        <line num="202" count="0" type="cond" truecount="0" falsecount="2"/>
        <line num="203" count="0" type="stmt"/>
        <line num="206" count="0" type="cond" truecount="0" falsecount="4"/>
        <line num="207" count="0" type="stmt"/>
        <line num="208" count="0" type="stmt"/>
        <line num="210" count="0" type="cond" truecount="0" falsecount="6"/>
        <line num="211" count="0" type="cond" truecount="0" falsecount="2"/>
        <line num="212" count="0" type="stmt"/>
        <line num="213" count="0" type="stmt"/>
        <line num="214" count="0" type="cond" truecount="0" falsecount="2"/>
        <line num="215" count="0" type="stmt"/>
        <line num="216" count="0" type="stmt"/>
        <line num="219" count="0" type="stmt"/>
        <line num="220" count="0" type="stmt"/>
        <line num="221" count="0" type="stmt"/>
        <line num="222" count="0" type="stmt"/>
        <line num="223" count="0" type="cond" truecount="0" falsecount="2"/>
        <line num="224" count="0" type="stmt"/>
        <line num="225" count="0" type="stmt"/>
        <line num="230" count="0" type="stmt"/>
        <line num="234" count="0" type="cond" truecount="0" falsecount="2"/>
        <line num="235" count="0" type="stmt"/>
        <line num="237" count="0" type="stmt"/>
        <line num="241" count="0" type="stmt"/>
        <line num="246" count="0" type="stmt"/>
        <line num="247" count="0" type="stmt"/>
        <line num="248" count="0" type="stmt"/>
        <line num="251" count="0" type="stmt"/>
        <line num="252" count="0" type="cond" truecount="0" falsecount="2"/>
        <line num="253" count="0" type="stmt"/>
        <line num="256" count="0" type="stmt"/>
        <line num="257" count="0" type="cond" truecount="0" falsecount="2"/>
        <line num="259" count="0" type="cond" truecount="0" falsecount="2"/>
        <line num="260" count="0" type="stmt"/>
        <line num="261" count="0" type="stmt"/>
        <line num="262" count="0" type="cond" truecount="0" falsecount="2"/>
        <line num="263" count="0" type="stmt"/>
        <line num="264" count="0" type="cond" truecount="0" falsecount="2"/>
        <line num="265" count="0" type="stmt"/>
        <line num="270" count="0" type="stmt"/>
        <line num="274" count="0" type="stmt"/>
        <line num="278" count="0" type="stmt"/>
        <line num="281" count="0" type="stmt"/>
        <line num="282" count="0" type="stmt"/>
        <line num="284" count="0" type="stmt"/>
        <line num="286" count="0" type="stmt"/>
        <line num="287" count="0" type="cond" truecount="0" falsecount="2"/>
        <line num="289" count="0" type="cond" truecount="0" falsecount="4"/>
        <line num="290" count="0" type="stmt"/>
        <line num="291" count="0" type="stmt"/>
        <line num="292" count="0" type="stmt"/>
        <line num="296" count="0" type="stmt"/>
        <line num="297" count="0" type="stmt"/>
        <line num="299" count="0" type="stmt"/>
        <line num="300" count="0" type="stmt"/>
        <line num="301" count="0" type="stmt"/>
        <line num="302" count="0" type="stmt"/>
        <line num="306" count="0" type="stmt"/>
        <line num="307" count="0" type="stmt"/>
        <line num="308" count="0" type="stmt"/>
        <line num="309" count="0" type="stmt"/>
        <line num="310" count="0" type="stmt"/>
        <line num="311" count="0" type="stmt"/>
        <line num="312" count="0" type="stmt"/>
        <line num="313" count="0" type="stmt"/>
        <line num="314" count="0" type="stmt"/>
        <line num="315" count="0" type="stmt"/>
        <line num="316" count="0" type="stmt"/>
        <line num="317" count="0" type="stmt"/>
        <line num="318" count="0" type="stmt"/>
        <line num="319" count="0" type="stmt"/>
        <line num="321" count="0" type="stmt"/>
        <line num="322" count="0" type="stmt"/>
        <line num="325" count="0" type="stmt"/>
        <line num="327" count="0" type="stmt"/>
        <line num="328" count="0" type="stmt"/>
        <line num="329" count="0" type="stmt"/>
        <line num="334" count="0" type="stmt"/>
        <line num="335" count="0" type="stmt"/>
        <line num="336" count="0" type="stmt"/>
        <line num="341" count="0" type="stmt"/>
        <line num="342" count="0" type="stmt"/>
        <line num="343" count="0" type="stmt"/>
        <line num="347" count="0" type="stmt"/>
        <line num="350" count="0" type="stmt"/>
        <line num="351" count="0" type="stmt"/>
        <line num="352" count="0" type="stmt"/>
        <line num="353" count="0" type="stmt"/>
        <line num="354" count="0" type="stmt"/>
        <line num="358" count="0" type="stmt"/>
        <line num="359" count="0" type="stmt"/>
        <line num="360" count="0" type="cond" truecount="0" falsecount="2"/>
        <line num="362" count="0" type="cond" truecount="0" falsecount="4"/>
        <line num="363" count="0" type="stmt"/>
        <line num="364" count="0" type="cond" truecount="0" falsecount="2"/>
        <line num="365" count="0" type="stmt"/>
        <line num="366" count="0" type="cond" truecount="0" falsecount="2"/>
        <line num="368" count="0" type="cond" truecount="0" falsecount="2"/>
        <line num="369" count="0" type="stmt"/>
        <line num="370" count="0" type="stmt"/>
        <line num="372" count="0" type="stmt"/>
        <line num="373" count="0" type="stmt"/>
        <line num="378" count="0" type="stmt"/>
        <line num="379" count="0" type="stmt"/>
        <line num="389" count="0" type="stmt"/>
        <line num="390" count="0" type="stmt"/>
        <line num="391" count="0" type="stmt"/>
        <line num="397" count="0" type="stmt"/>
        <line num="398" count="0" type="stmt"/>
        <line num="399" count="0" type="cond" truecount="0" falsecount="2"/>
        <line num="401" count="0" type="cond" truecount="0" falsecount="2"/>
        <line num="402" count="0" type="stmt"/>
        <line num="403" count="0" type="cond" truecount="0" falsecount="2"/>
        <line num="406" count="0" type="stmt"/>
        <line num="407" count="0" type="stmt"/>
        <line num="410" count="0" type="stmt"/>
        <line num="411" count="0" type="stmt"/>
        <line num="412" count="0" type="stmt"/>
        <line num="418" count="0" type="stmt"/>
        <line num="420" count="0" type="stmt"/>
        <line num="421" count="0" type="cond" truecount="0" falsecount="2"/>
        <line num="423" count="0" type="cond" truecount="0" falsecount="2"/>
        <line num="424" count="0" type="stmt"/>
        <line num="425" count="0" type="stmt"/>
        <line num="426" count="0" type="stmt"/>
        <line num="429" count="0" type="stmt"/>
        <line num="430" count="0" type="stmt"/>
        <line num="433" count="0" type="stmt"/>
        <line num="434" count="0" type="stmt"/>
        <line num="435" count="0" type="stmt"/>
        <line num="441" count="0" type="stmt"/>
        <line num="443" count="0" type="stmt"/>
        <line num="444" count="0" type="cond" truecount="0" falsecount="2"/>
        <line num="446" count="0" type="cond" truecount="0" falsecount="2"/>
        <line num="447" count="0" type="stmt"/>
        <line num="448" count="0" type="stmt"/>
        <line num="449" count="0" type="stmt"/>
        <line num="453" count="0" type="stmt"/>
        <line num="454" count="0" type="stmt"/>
        <line num="457" count="0" type="stmt"/>
        <line num="458" count="0" type="stmt"/>
        <line num="459" count="0" type="stmt"/>
      </file>
      <file name="index.ts" path="/app/packages/player/src/index.ts">
        <metrics statements="1400" coveredstatements="950" conditionals="887" coveredconditionals="487" methods="271" coveredmethods="141"/>
        <line num="45" count="0" type="stmt"/>
        <line num="48" count="0" type="cond" truecount="0" falsecount="2"/>
        <line num="52" count="0" type="cond" truecount="0" falsecount="4"/>
        <line num="53" count="0" type="stmt"/>
        <line num="57" count="0" type="cond" truecount="0" falsecount="4"/>
        <line num="58" count="0" type="stmt"/>
        <line num="62" count="1" type="stmt"/>
        <line num="78" count="1" type="stmt"/>
        <line num="79" count="1" type="stmt"/>
        <line num="852" count="1" type="stmt"/>
        <line num="875" count="1" type="stmt"/>
        <line num="876" count="1" type="stmt"/>
        <line num="893" count="1" type="stmt"/>
        <line num="894" count="1" type="stmt"/>
        <line num="895" count="1" type="stmt"/>
        <line num="898" count="1" type="stmt"/>
        <line num="899" count="1" type="stmt"/>
        <line num="901" count="1" type="stmt"/>
        <line num="902" count="1" type="stmt"/>
        <line num="903" count="1" type="stmt"/>
        <line num="904" count="1" type="stmt"/>
        <line num="905" count="1" type="stmt"/>
        <line num="906" count="1" type="stmt"/>
        <line num="907" count="1" type="stmt"/>
        <line num="908" count="1" type="stmt"/>
        <line num="909" count="1" type="stmt"/>
        <line num="910" count="1" type="stmt"/>
        <line num="911" count="1" type="stmt"/>
        <line num="914" count="1" type="stmt"/>
        <line num="915" count="1" type="stmt"/>
        <line num="916" count="1" type="stmt"/>
        <line num="917" count="1" type="stmt"/>
        <line num="921" count="1" type="stmt"/>
        <line num="922" count="1" type="stmt"/>
        <line num="923" count="1" type="stmt"/>
        <line num="924" count="1" type="stmt"/>
        <line num="925" count="1" type="stmt"/>
        <line num="927" count="1" type="stmt"/>
        <line num="928" count="1" type="stmt"/>
        <line num="929" count="1" type="stmt"/>
        <line num="930" count="1" type="stmt"/>
        <line num="932" count="1" type="stmt"/>
        <line num="933" count="1" type="stmt"/>
        <line num="936" count="5" type="stmt"/>
        <line num="940" count="6" type="stmt"/>
        <line num="944" count="3" type="stmt"/>
        <line num="948" count="0" type="stmt"/>
        <line num="953" count="1" type="stmt"/>
        <line num="954" count="2" type="stmt"/>
        <line num="956" count="4" type="cond" truecount="2" falsecount="0"/>
        <line num="957" count="4" type="stmt"/>
        <line num="958" count="4" type="cond" truecount="2" falsecount="0"/>
        <line num="961" count="1" type="stmt"/>
        <line num="962" count="2" type="stmt"/>
        <line num="964" count="4" type="cond" truecount="2" falsecount="0"/>
        <line num="965" count="4" type="stmt"/>
        <line num="966" count="4" type="cond" truecount="2" falsecount="0"/>
        <line num="969" count="1" type="stmt"/>
        <line num="970" count="2" type="stmt"/>
        <line num="972" count="4" type="cond" truecount="2" falsecount="0"/>
        <line num="973" count="4" type="stmt"/>
        <line num="974" count="4" type="cond" truecount="2" falsecount="0"/>
        <line num="977" count="1" type="stmt"/>
        <line num="978" count="2" type="stmt"/>
        <line num="980" count="4" type="cond" truecount="2" falsecount="0"/>
        <line num="981" count="4" type="stmt"/>
        <line num="982" count="4" type="cond" truecount="2" falsecount="0"/>
        <line num="985" count="1" type="stmt"/>
        <line num="986" count="2" type="stmt"/>
        <line num="988" count="4" type="cond" truecount="2" falsecount="0"/>
        <line num="989" count="4" type="stmt"/>
        <line num="990" count="4" type="cond" truecount="2" falsecount="0"/>
        <line num="993" count="1" type="stmt"/>
        <line num="994" count="2" type="stmt"/>
        <line num="996" count="4" type="cond" truecount="2" falsecount="0"/>
        <line num="997" count="4" type="stmt"/>
        <line num="998" count="4" type="cond" truecount="2" falsecount="0"/>
        <line num="1001" count="1" type="stmt"/>
        <line num="1002" count="2" type="stmt"/>
        <line num="1004" count="4" type="cond" truecount="2" falsecount="0"/>
        <line num="1005" count="4" type="stmt"/>
        <line num="1006" count="4" type="cond" truecount="2" falsecount="0"/>
        <line num="1009" count="1" type="stmt"/>
        <line num="1010" count="2" type="stmt"/>
        <line num="1012" count="4" type="cond" truecount="2" falsecount="0"/>
        <line num="1013" count="4" type="stmt"/>
        <line num="1014" count="4" type="cond" truecount="2" falsecount="0"/>
        <line num="1017" count="1" type="stmt"/>
        <line num="1018" count="2" type="stmt"/>
        <line num="1020" count="4" type="cond" truecount="2" falsecount="0"/>
        <line num="1021" count="4" type="stmt"/>
        <line num="1022" count="4" type="cond" truecount="2" falsecount="0"/>
        <line num="1025" count="1" type="stmt"/>
        <line num="1026" count="2" type="stmt"/>
        <line num="1028" count="4" type="cond" truecount="2" falsecount="0"/>
        <line num="1029" count="4" type="stmt"/>
        <line num="1030" count="4" type="cond" truecount="2" falsecount="0"/>
        <line num="1033" count="1" type="stmt"/>
        <line num="1034" count="2" type="stmt"/>
        <line num="1036" count="4" type="cond" truecount="2" falsecount="0"/>
        <line num="1037" count="4" type="stmt"/>
        <line num="1038" count="4" type="cond" truecount="2" falsecount="0"/>
        <line num="1041" count="1" type="stmt"/>
        <line num="1042" count="2" type="stmt"/>
        <line num="1044" count="4" type="cond" truecount="2" falsecount="0"/>
        <line num="1045" count="4" type="stmt"/>
        <line num="1046" count="4" type="cond" truecount="2" falsecount="0"/>
        <line num="1049" count="1" type="stmt"/>
        <line num="1050" count="2" type="stmt"/>
        <line num="1052" count="4" type="cond" truecount="2" falsecount="0"/>
        <line num="1053" count="4" type="stmt"/>
        <line num="1054" count="4" type="cond" truecount="2" falsecount="0"/>
        <line num="1057" count="1" type="stmt"/>
        <line num="1058" count="2" type="stmt"/>
        <line num="1060" count="4" type="cond" truecount="2" falsecount="0"/>
        <line num="1061" count="4" type="stmt"/>
        <line num="1062" count="4" type="cond" truecount="2" falsecount="0"/>
        <line num="1065" count="1" type="stmt"/>
        <line num="1066" count="2" type="stmt"/>
        <line num="1068" count="4" type="cond" truecount="2" falsecount="0"/>
        <line num="1069" count="4" type="stmt"/>
        <line num="1070" count="4" type="cond" truecount="2" falsecount="0"/>
        <line num="1073" count="1" type="stmt"/>
        <line num="1074" count="2" type="stmt"/>
        <line num="1076" count="4" type="cond" truecount="2" falsecount="0"/>
        <line num="1077" count="4" type="stmt"/>
        <line num="1078" count="4" type="cond" truecount="2" falsecount="0"/>
        <line num="1081" count="1" type="stmt"/>
        <line num="1082" count="2" type="stmt"/>
        <line num="1084" count="4" type="cond" truecount="2" falsecount="0"/>
        <line num="1085" count="4" type="stmt"/>
        <line num="1086" count="4" type="cond" truecount="2" falsecount="0"/>
        <line num="1089" count="1" type="stmt"/>
        <line num="1090" count="2" type="stmt"/>
        <line num="1092" count="4" type="cond" truecount="2" falsecount="0"/>
        <line num="1093" count="4" type="stmt"/>
        <line num="1094" count="4" type="cond" truecount="2" falsecount="0"/>
        <line num="1102" count="1" type="stmt"/>
        <line num="1106" count="3" type="stmt"/>
        <line num="1110" count="2" type="cond" truecount="2" falsecount="0"/>
        <line num="1111" count="1" type="stmt"/>
        <line num="1113" count="1" type="stmt"/>
        <line num="1117" count="1" type="stmt"/>
        <line num="1119" count="2" type="stmt"/>
        <line num="1123" count="2" type="cond" truecount="2" falsecount="0"/>
        <line num="1124" count="1" type="stmt"/>
        <line num="1125" count="1" type="stmt"/>
        <line num="1129" count="1" type="stmt"/>
        <line num="1131" count="0" type="stmt"/>
        <line num="1135" count="0" type="stmt"/>
        <line num="1139" count="0" type="stmt"/>
        <line num="1143" count="0" type="stmt"/>
        <line num="1144" count="0" type="stmt"/>
        <line num="1148" count="0" type="cond" truecount="0" falsecount="2"/>
        <line num="1149" count="0" type="stmt"/>
        <line num="1151" count="0" type="cond" truecount="0" falsecount="2"/>
        <line num="1152" count="0" type="stmt"/>
        <line num="1154" count="0" type="cond" truecount="0" falsecount="2"/>
        <line num="1155" count="0" type="stmt"/>
        <line num="1157" count="0" type="cond" truecount="0" falsecount="2"/>
        <line num="1158" count="0" type="stmt"/>
        <line num="1161" count="0" type="stmt"/>
        <line num="1162" count="0" type="cond" truecount="0" falsecount="2"/>
        <line num="1163" count="0" type="stmt"/>
        <line num="1164" count="0" type="cond" truecount="0" falsecount="2"/>
        <line num="1167" count="0" type="cond" truecount="0" falsecount="2"/>
        <line num="1168" count="0" type="stmt"/>
        <line num="1172" count="0" type="stmt"/>
        <line num="1173" count="0" type="cond" truecount="0" falsecount="2"/>
        <line num="1174" count="0" type="stmt"/>
        <line num="1175" count="0" type="cond" truecount="0" falsecount="2"/>
        <line num="1178" count="0" type="cond" truecount="0" falsecount="2"/>
        <line num="1179" count="0" type="stmt"/>
        <line num="1183" count="0" type="stmt"/>
        <line num="1184" count="0" type="cond" truecount="0" falsecount="2"/>
        <line num="1185" count="0" type="stmt"/>
        <line num="1186" count="0" type="cond" truecount="0" falsecount="2"/>
        <line num="1189" count="0" type="cond" truecount="0" falsecount="2"/>
        <line num="1190" count="0" type="stmt"/>
        <line num="1193" count="0" type="cond" truecount="0" falsecount="2"/>
        <line num="1194" count="0" type="stmt"/>
        <line num="1196" count="0" type="cond" truecount="0" falsecount="2"/>
        <line num="1197" count="0" type="stmt"/>
        <line num="1200" count="1" type="stmt"/>
        <line num="1204" count="0" type="cond" truecount="0" falsecount="2"/>
        <line num="1205" count="0" type="stmt"/>
        <line num="1207" count="0" type="stmt"/>
        <line num="1213" count="0" type="cond" truecount="0" falsecount="2"/>
        <line num="1217" count="0" type="stmt"/>
        <line num="1221" count="0" type="stmt"/>
        <line num="1226" count="0" type="stmt"/>
        <line num="1235" count="0" type="stmt"/>
        <line num="1236" count="0" type="cond" truecount="0" falsecount="4"/>
        <line num="1245" count="0" type="stmt"/>
        <line num="1254" count="0" type="stmt"/>
        <line num="1255" count="0" type="cond" truecount="0" falsecount="4"/>
        <line num="1264" count="0" type="stmt"/>
        <line num="1268" count="4" type="cond" truecount="1" falsecount="1"/>
        <line num="1269" count="4" type="stmt"/>
        <line num="1270" count="4" type="cond" truecount="1" falsecount="1"/>
        <line num="1272" count="4" type="cond" truecount="2" falsecount="0"/>
        <line num="1276" count="4" type="cond" truecount="1" falsecount="1"/>
        <line num="1277" count="4" type="stmt"/>
        <line num="1278" count="4" type="cond" truecount="1" falsecount="1"/>
        <line num="1280" count="4" type="cond" truecount="2" falsecount="0"/>
        <line num="1289" count="0" type="stmt"/>
        <line num="1298" count="0" type="cond" truecount="0" falsecount="2"/>
        <line num="1299" count="0" type="stmt"/>
        <line num="1301" count="0" type="stmt"/>
        <line num="1312" count="1" type="stmt"/>
        <line num="1316" count="3" type="cond" truecount="2" falsecount="0"/>
        <line num="1317" count="2" type="stmt"/>
        <line num="1318" count="2" type="cond" truecount="2" falsecount="0"/>
        <line num="1322" count="4" type="cond" truecount="2" falsecount="0"/>
        <line num="1323" count="3" type="stmt"/>
        <line num="1324" count="3" type="cond" truecount="2" falsecount="0"/>
        <line num="1326" count="2" type="stmt"/>
        <line num="1327" count="2" type="stmt"/>
        <line num="1328" count="2" type="stmt"/>
        <line num="1329" count="2" type="stmt"/>
        <line num="1330" count="2" type="stmt"/>
        <line num="1337" count="1" type="cond" truecount="1" falsecount="1"/>
        <line num="1341" count="1" type="cond" truecount="1" falsecount="1"/>
        <line num="1343" count="1" type="stmt"/>
        <line num="1344" count="1" type="stmt"/>
        <line num="1345" count="1" type="stmt"/>
        <line num="1346" count="1" type="stmt"/>
        <line num="1347" count="1" type="stmt"/>
        <line num="1353" count="1" type="cond" truecount="1" falsecount="1"/>
        <line num="1357" count="2" type="cond" truecount="1" falsecount="1"/>
        <line num="1361" count="2" type="cond" truecount="1" falsecount="1"/>
        <line num="1362" count="2" type="stmt"/>
        <line num="1363" count="2" type="stmt"/>
        <line num="1367" count="4" type="cond" truecount="2" falsecount="0"/>
        <line num="1368" count="1" type="cond" truecount="1" falsecount="1"/>
        <line num="1370" count="3" type="stmt"/>
        <line num="1374" count="5" type="stmt"/>
        <line num="1375" count="5" type="stmt"/>
        <line num="1376" count="5" type="cond" truecount="2" falsecount="0"/>
        <line num="1377" count="1" type="stmt"/>
        <line num="1382" count="2" type="cond" truecount="2" falsecount="0"/>
        <line num="1383" count="1" type="stmt"/>
        <line num="1387" count="1" type="cond" truecount="1" falsecount="1"/>
        <line num="1391" count="4" type="stmt"/>
        <line num="1392" count="4" type="cond" truecount="2" falsecount="0"/>
        <line num="1393" count="1" type="stmt"/>
        <line num="1398" count="4" type="stmt"/>
        <line num="1402" count="2" type="cond" truecount="2" falsecount="0"/>
        <line num="1403" count="1" type="stmt"/>
        <line num="1405" count="1" type="stmt"/>
        <line num="1410" count="2" type="cond" truecount="2" falsecount="0"/>
        <line num="1411" count="1" type="cond" truecount="1" falsecount="1"/>
        <line num="1413" count="1" type="stmt"/>
        <line num="1417" count="2" type="stmt"/>
        <line num="1418" count="2" type="cond" truecount="2" falsecount="0"/>
        <line num="1419" count="1" type="stmt"/>
        <line num="1424" count="1" type="cond" truecount="1" falsecount="1"/>
        <line num="1428" count="0" type="cond" truecount="0" falsecount="2"/>
        <line num="1432" count="0" type="stmt"/>
        <line num="1436" count="0" type="stmt"/>
        <line num="1440" count="0" type="cond" truecount="0" falsecount="2"/>
        <line num="1441" count="0" type="stmt"/>
        <line num="1443" count="0" type="stmt"/>
        <line num="1448" count="0" type="stmt"/>
        <line num="1452" count="0" type="cond" truecount="0" falsecount="2"/>
        <line num="1453" count="0" type="stmt"/>
        <line num="1455" count="0" type="stmt"/>
        <line num="1460" count="0" type="stmt"/>
        <line num="1464" count="0" type="cond" truecount="0" falsecount="2"/>
        <line num="1465" count="0" type="stmt"/>
        <line num="1467" count="0" type="stmt"/>
        <line num="1472" count="0" type="cond" truecount="0" falsecount="2"/>
        <line num="1476" count="0" type="stmt"/>
        <line num="1480" count="0" type="cond" truecount="0" falsecount="2"/>
        <line num="1484" count="0" type="stmt"/>
        <line num="1488" count="0" type="stmt"/>
        <line num="1489" count="0" type="cond" truecount="0" falsecount="2"/>
        <line num="1493" count="0" type="stmt"/>
        <line num="1497" count="0" type="stmt"/>
        <line num="1501" count="0" type="cond" truecount="0" falsecount="2"/>
        <line num="1502" count="0" type="stmt"/>
        <line num="1504" count="0" type="stmt"/>
        <line num="1509" count="0" type="cond" truecount="0" falsecount="2"/>
        <line num="1513" count="0" type="stmt"/>
        <line num="1517" count="0" type="cond" truecount="0" falsecount="2"/>
        <line num="1521" count="0" type="stmt"/>
        <line num="1525" count="0" type="cond" truecount="0" falsecount="2"/>
        <line num="1529" count="0" type="stmt"/>
        <line num="1533" count="0" type="cond" truecount="0" falsecount="2"/>
        <line num="1537" count="0" type="stmt"/>
        <line num="1541" count="1" type="cond" truecount="1" falsecount="1"/>
        <line num="1542" count="1" type="stmt"/>
        <line num="1546" count="0" type="stmt"/>
        <line num="1547" count="0" type="stmt"/>
        <line num="1548" count="0" type="cond" truecount="0" falsecount="2"/>
        <line num="1549" count="1" type="cond" truecount="1" falsecount="1"/>
        <line num="1550" count="0" type="cond" truecount="0" falsecount="2"/>
        <line num="1551" count="0" type="stmt"/>
        <line num="1557" count="0" type="cond" truecount="0" falsecount="2"/>
        <line num="1558" count="0" type="stmt"/>
        <line num="1561" count="0" type="cond" truecount="0" falsecount="2"/>
        <line num="1562" count="1" type="stmt"/>
        <line num="1563" count="1" type="stmt"/>
        <line num="1564" count="0" type="stmt"/>
        <line num="1568" count="0" type="cond" truecount="0" falsecount="2"/>
        <line num="1569" count="0" type="stmt"/>
        <line num="1571" count="0" type="stmt"/>
        <line num="1572" count="0" type="stmt"/>
        <line num="1577" count="0" type="stmt"/>
        <line num="1578" count="0" type="stmt"/>
        <line num="1579" count="0" type="stmt"/>
        <line num="1582" count="0" type="stmt"/>
        <line num="1583" count="0" type="stmt"/>
        <line num="1584" count="0" type="stmt"/>
        <line num="1585" count="0" type="stmt"/>
        <line num="1589" count="3" type="cond" truecount="2" falsecount="0"/>
        <line num="1590" count="2" type="stmt"/>
        <line num="1591" count="2" type="stmt"/>
        <line num="1592" count="1" type="cond" truecount="1" falsecount="1"/>
        <line num="1593" count="1" type="stmt"/>
        <line num="1598" count="6" type="cond" truecount="2" falsecount="0"/>
        <line num="1599" count="3" type="stmt"/>
        <line num="1600" count="3" type="stmt"/>
        <line num="1601" count="3" type="stmt"/>
        <line num="1603" count="3" type="stmt"/>
        <line num="1604" count="3" type="cond" truecount="2" falsecount="0"/>
        <line num="1605" count="1" type="stmt"/>
        <line num="1611" count="1" type="cond" truecount="1" falsecount="1"/>
        <line num="1612" count="1" type="stmt"/>
        <line num="1617" count="3" type="stmt"/>
        <line num="1621" count="111" type="stmt"/>
        <line num="1622" count="111" type="stmt"/>
        <line num="1623" count="111" type="stmt"/>
        <line num="1625" count="111" type="stmt"/>
        <line num="1626" count="111" type="stmt"/>
        <line num="1627" count="111" type="stmt"/>
        <line num="1628" count="111" type="stmt"/>
        <line num="1629" count="111" type="stmt"/>
        <line num="1630" count="111" type="stmt"/>
        <line num="1631" count="111" type="stmt"/>
        <line num="1632" count="111" type="stmt"/>
        <line num="1633" count="111" type="stmt"/>
        <line num="1634" count="111" type="stmt"/>
        <line num="1635" count="111" type="stmt"/>
        <line num="1636" count="111" type="stmt"/>
        <line num="1637" count="111" type="stmt"/>
        <line num="1638" count="111" type="stmt"/>
        <line num="1639" count="111" type="stmt"/>
        <line num="1640" count="111" type="stmt"/>
        <line num="1641" count="111" type="stmt"/>
        <line num="1642" count="111" type="stmt"/>
        <line num="1643" count="111" type="stmt"/>
        <line num="1644" count="111" type="stmt"/>
        <line num="1645" count="111" type="stmt"/>
        <line num="1646" count="111" type="stmt"/>
        <line num="1648" count="111" type="stmt"/>
        <line num="1649" count="111" type="stmt"/>
        <line num="1650" count="111" type="stmt"/>
        <line num="1651" count="111" type="stmt"/>
        <line num="1653" count="111" type="stmt"/>
        <line num="1654" count="111" type="stmt"/>
        <line num="1655" count="111" type="stmt"/>
        <line num="1657" count="111" type="stmt"/>
        <line num="1659" count="111" type="stmt"/>
        <line num="1660" count="111" type="stmt"/>
        <line num="1661" count="111" type="stmt"/>
        <line num="1662" count="111" type="stmt"/>
        <line num="1664" count="111" type="stmt"/>
        <line num="1665" count="111" type="stmt"/>
        <line num="1667" count="111" type="stmt"/>
        <line num="1668" count="2" type="stmt"/>
        <line num="1669" count="2" type="stmt"/>
        <line num="1671" count="111" type="stmt"/>
        <line num="1673" count="111" type="stmt"/>
        <line num="1674" count="111" type="stmt"/>
        <line num="1675" count="111" type="stmt"/>
        <line num="1677" count="111" type="stmt"/>
        <line num="1678" count="111" type="stmt"/>
        <line num="1679" count="111" type="stmt"/>
        <line num="1680" count="111" type="stmt"/>
        <line num="1681" count="0" type="cond" truecount="0" falsecount="2"/>
        <line num="1682" count="0" type="stmt"/>
        <line num="1686" count="111" type="stmt"/>
        <line num="1687" count="111" type="stmt"/>
        <line num="1689" count="111" type="stmt"/>
        <line num="1690" count="0" type="stmt"/>
        <line num="1691" count="0" type="stmt"/>
        <line num="1692" count="0" type="stmt"/>
        <line num="1693" count="0" type="stmt"/>
        <line num="1694" count="0" type="cond" truecount="0" falsecount="2"/>
        <line num="1695" count="0" type="stmt"/>
        <line num="1696" count="0" type="stmt"/>
        <line num="1700" count="0" type="stmt"/>
        <line num="1701" count="0" type="cond" truecount="0" falsecount="2"/>
        <line num="1702" count="0" type="stmt"/>
        <line num="1703" count="0" type="stmt"/>
        <line num="1709" count="0" type="stmt"/>
        <line num="1713" count="0" type="stmt"/>
        <line num="1717" count="0" type="stmt"/>
        <line num="1721" count="2" type="stmt"/>
        <line num="1722" count="2" type="stmt"/>
        <line num="1723" count="2" type="stmt"/>
        <line num="1727" count="0" type="cond" truecount="0" falsecount="2"/>
        <line num="1729" count="0" type="stmt"/>
        <line num="1730" count="0" type="stmt"/>
        <line num="1734" count="0" type="cond" truecount="0" falsecount="2"/>
        <line num="1735" count="0" type="stmt"/>
        <line num="1736" count="0" type="cond" truecount="0" falsecount="4"/>
        <line num="1737" count="0" type="stmt"/>
        <line num="1742" count="0" type="stmt"/>
        <line num="1746" count="2" type="stmt"/>
        <line num="1747" count="2" type="cond" truecount="1" falsecount="1"/>
        <line num="1749" count="2" type="cond" truecount="1" falsecount="1"/>
        <line num="1751" count="2" type="cond" truecount="1" falsecount="1"/>
        <line num="1752" count="2" type="stmt"/>
        <line num="1753" count="2" type="cond" truecount="2" falsecount="3"/>
        <line num="1754" count="0" type="stmt"/>
        <line num="1760" count="2" type="stmt"/>
        <line num="1766" count="2" type="stmt"/>
        <line num="1769" count="0" type="cond" truecount="0" falsecount="2"/>
        <line num="1770" count="0" type="cond" truecount="0" falsecount="2"/>
        <line num="1771" count="0" type="stmt"/>
        <line num="1777" count="0" type="stmt"/>
        <line num="1779" count="0" type="stmt"/>
        <line num="1785" count="52" type="cond" truecount="2" falsecount="0"/>
        <line num="1787" count="51" type="cond" truecount="2" falsecount="0"/>
        <line num="1788" count="6" type="stmt"/>
        <line num="1789" count="6" type="stmt"/>
        <line num="1792" count="51" type="cond" truecount="2" falsecount="0"/>
        <line num="1793" count="11" type="cond" truecount="2" falsecount="0"/>
        <line num="1794" count="11" type="cond" truecount="4" falsecount="0"/>
        <line num="1795" count="4" type="stmt"/>
        <line num="1796" count="4" type="stmt"/>
        <line num="1798" count="4" type="stmt"/>
        <line num="1800" count="7" type="stmt"/>
        <line num="1804" count="51" type="cond" truecount="3" falsecount="1"/>
        <line num="1805" count="0" type="stmt"/>
        <line num="1808" count="51" type="cond" truecount="1" falsecount="1"/>
        <line num="1809" count="0" type="cond" truecount="0" falsecount="2"/>
        <line num="1810" count="0" type="stmt"/>
        <line num="1814" count="51" type="cond" truecount="2" falsecount="0"/>
        <line num="1815" count="5" type="stmt"/>
        <line num="1816" count="5" type="cond" truecount="4" falsecount="0"/>
        <line num="1817" count="5" type="stmt"/>
        <line num="1818" count="5" type="cond" truecount="2" falsecount="0"/>
        <line num="1819" count="1" type="stmt"/>
        <line num="1822" count="1" type="stmt"/>
        <line num="1826" count="51" type="cond" truecount="2" falsecount="0"/>
        <line num="1827" count="7" type="cond" truecount="2" falsecount="0"/>
        <line num="1828" count="2" type="stmt"/>
        <line num="1832" count="51" type="cond" truecount="1" falsecount="1"/>
        <line num="1833" count="0" type="stmt"/>
        <line num="1836" count="51" type="cond" truecount="5" falsecount="0"/>
        <line num="1837" count="9" type="stmt"/>
        <line num="1840" count="51" type="cond" truecount="1" falsecount="1"/>
        <line num="1841" count="0" type="stmt"/>
        <line num="1844" count="0" type="cond" truecount="0" falsecount="2"/>
        <line num="1846" count="0" type="cond" truecount="0" falsecount="2"/>
        <line num="1847" count="0" type="stmt"/>
        <line num="1850" count="0" type="cond" truecount="0" falsecount="2"/>
        <line num="1851" count="0" type="stmt"/>
        <line num="1858" count="123" type="cond" truecount="3" falsecount="1"/>
        <line num="1860" count="123" type="cond" truecount="2" falsecount="0"/>
        <line num="1861" count="123" type="stmt"/>
        <line num="1863" count="123" type="cond" truecount="2" falsecount="0"/>
        <line num="1864" count="5" type="stmt"/>
        <line num="1866" count="118" type="stmt"/>
        <line num="1869" count="123" type="cond" truecount="2" falsecount="0"/>
        <line num="1870" count="5" type="stmt"/>
        <line num="1872" count="118" type="stmt"/>
        <line num="1875" count="123" type="stmt"/>
        <line num="1877" count="123" type="cond" truecount="2" falsecount="0"/>
        <line num="1878" count="119" type="stmt"/>
        <line num="1881" count="123" type="cond" truecount="2" falsecount="0"/>
        <line num="1882" count="1" type="stmt"/>
        <line num="1885" count="123" type="cond" truecount="2" falsecount="0"/>
        <line num="1886" count="2" type="stmt"/>
        <line num="1888" count="121" type="stmt"/>
        <line num="1894" count="182" type="cond" truecount="2" falsecount="0"/>
        <line num="1895" count="2" type="stmt"/>
        <line num="1897" count="180" type="stmt"/>
        <line num="1902" count="0" type="cond" truecount="0" falsecount="2"/>
        <line num="1903" count="0" type="stmt"/>
        <line num="1905" count="0" type="stmt"/>
        <line num="1909" count="0" type="stmt"/>
        <line num="1910" count="0" type="cond" truecount="0" falsecount="4"/>
        <line num="1911" count="0" type="cond" truecount="0" falsecount="2"/>
        <line num="1912" count="0" type="stmt"/>
        <line num="1913" count="0" type="stmt"/>
        <line num="1914" count="0" type="stmt"/>
        <line num="1915" count="0" type="stmt"/>
        <line num="1916" count="0" type="stmt"/>
        <line num="1918" count="0" type="stmt"/>
        <line num="1919" count="0" type="cond" truecount="0" falsecount="2"/>
        <line num="1920" count="0" type="stmt"/>
        <line num="1923" count="0" type="stmt"/>
        <line num="1927" count="4" type="stmt"/>
        <line num="1928" count="4" type="stmt"/>
        <line num="1929" count="4" type="stmt"/>
        <line num="1932" count="2" type="stmt"/>
        <line num="1933" count="2" type="cond" truecount="3" falsecount="1"/>
        <line num="1934" count="2" type="cond" truecount="1" falsecount="1"/>
        <line num="1935" count="2" type="stmt"/>
        <line num="1936" count="2" type="stmt"/>
        <line num="1937" count="2" type="stmt"/>
        <line num="1938" count="2" type="stmt"/>
        <line num="1939" count="2" type="stmt"/>
        <line num="1941" count="0" type="stmt"/>
        <line num="1945" count="2" type="stmt"/>
        <line num="1946" count="2" type="stmt"/>
        <line num="1947" count="2" type="stmt"/>
        <line num="1950" count="11" type="stmt"/>
        <line num="1951" count="11" type="stmt"/>
        <line num="1953" count="11" type="cond" truecount="1" falsecount="1"/>
        <line num="1954" count="0" type="stmt"/>
        <line num="1955" count="0" type="cond" truecount="0" falsecount="4"/>
        <line num="1956" count="0" type="stmt"/>
        <line num="1960" count="11" type="cond" truecount="1" falsecount="1"/>
        <line num="1961" count="0" type="stmt"/>
        <line num="1962" count="0" type="cond" truecount="0" falsecount="4"/>
        <line num="1963" count="0" type="stmt"/>
        <line num="1968" count="11" type="stmt"/>
        <line num="1970" count="11" type="cond" truecount="1" falsecount="1"/>
        <line num="1972" count="0" type="stmt"/>
        <line num="1974" count="0" type="cond" truecount="0" falsecount="4"/>
        <line num="1975" count="0" type="stmt"/>
        <line num="1977" count="0" type="stmt"/>
        <line num="1980" count="2" type="stmt"/>
        <line num="1981" count="2" type="cond" truecount="3" falsecount="1"/>
        <line num="1982" count="2" type="cond" truecount="1" falsecount="1"/>
        <line num="1983" count="2" type="stmt"/>
        <line num="1984" count="2" type="stmt"/>
        <line num="1985" count="2" type="stmt"/>
        <line num="1986" count="2" type="stmt"/>
        <line num="1987" count="2" type="stmt"/>
        <line num="1989" count="2" type="stmt"/>
        <line num="1990" count="2" type="cond" truecount="1" falsecount="1"/>
        <line num="1992" count="0" type="stmt"/>
        <line num="1996" count="4" type="stmt"/>
        <line num="1997" count="4" type="stmt"/>
        <line num="1998" count="4" type="stmt"/>
        <line num="2002" count="2" type="stmt"/>
        <line num="2005" count="2" type="stmt"/>
        <line num="2006" count="2" type="stmt"/>
        <line num="2007" count="2" type="stmt"/>
        <line num="2008" count="2" type="stmt"/>
        <line num="2009" count="2" type="stmt"/>
        <line num="2010" count="2" type="stmt"/>
        <line num="2011" count="2" type="cond" truecount="2" falsecount="0"/>
        <line num="2012" count="2" type="stmt"/>
        <line num="2013" count="2" type="stmt"/>
        <line num="2016" count="2" type="stmt"/>
        <line num="2017" count="2" type="stmt"/>
        <line num="2018" count="2" type="stmt"/>
        <line num="2019" count="2" type="stmt"/>
        <line num="2020" count="2" type="stmt"/>
        <line num="2021" count="2" type="stmt"/>
        <line num="2022" count="8" type="stmt"/>
        <line num="2023" count="8" type="stmt"/>
        <line num="2024" count="8" type="stmt"/>
        <line num="2025" count="8" type="stmt"/>
        <line num="2027" count="2" type="cond" truecount="2" falsecount="0"/>
        <line num="2028" count="2" type="stmt"/>
        <line num="2029" count="2" type="stmt"/>
        <line num="2032" count="2" type="stmt"/>
        <line num="2033" count="2" type="stmt"/>
        <line num="2034" count="2" type="stmt"/>
        <line num="2035" count="2" type="stmt"/>
        <line num="2036" count="2" type="stmt"/>
        <line num="2038" count="2" type="cond" truecount="2" falsecount="0"/>
        <line num="2039" count="2" type="cond" truecount="2" falsecount="0"/>
        <line num="2041" count="2" type="stmt"/>
        <line num="2042" count="4" type="stmt"/>
        <line num="2043" count="4" type="stmt"/>
        <line num="2044" count="4" type="cond" truecount="2" falsecount="0"/>
        <line num="2045" count="4" type="stmt"/>
        <line num="2046" count="4" type="stmt"/>
        <line num="2048" count="2" type="stmt"/>
        <line num="2049" count="2" type="stmt"/>
        <line num="2050" count="2" type="stmt"/>
        <line num="2053" count="2" type="stmt"/>
        <line num="2054" count="2" type="stmt"/>
        <line num="2055" count="2" type="stmt"/>
        <line num="2056" count="2" type="stmt"/>
        <line num="2057" count="2" type="stmt"/>
        <line num="2058" count="2" type="stmt"/>
        <line num="2059" count="2" type="stmt"/>
        <line num="2060" count="2" type="stmt"/>
        <line num="2061" count="2" type="stmt"/>
        <line num="2062" count="2" type="stmt"/>
        <line num="2063" count="2" type="stmt"/>
        <line num="2066" count="2" type="stmt"/>
        <line num="2067" count="2" type="stmt"/>
        <line num="2069" count="2" type="stmt"/>
        <line num="2070" count="2" type="stmt"/>
        <line num="2071" count="2" type="cond" truecount="1" falsecount="1"/>
        <line num="2074" count="2" type="stmt"/>
        <line num="2075" count="2" type="stmt"/>
        <line num="2077" count="2" type="stmt"/>
        <line num="2078" count="2" type="stmt"/>
        <line num="2086" count="2" type="stmt"/>
        <line num="2090" count="2" type="stmt"/>
        <line num="2093" count="2" type="cond" truecount="2" falsecount="0"/>
        <line num="2094" count="2" type="cond" truecount="2" falsecount="0"/>
        <line num="2095" count="2" type="stmt"/>
        <line num="2096" count="2" type="stmt"/>
        <line num="2099" count="2" type="stmt"/>
        <line num="2100" count="2" type="stmt"/>
        <line num="2102" count="2" type="stmt"/>
        <line num="2103" count="2" type="stmt"/>
        <line num="2111" count="0" type="stmt"/>
        <line num="2112" count="0" type="cond" truecount="0" falsecount="4"/>
        <line num="2113" count="0" type="stmt"/>
        <line num="2115" count="0" type="stmt"/>
        <line num="2120" count="2" type="cond" truecount="2" falsecount="0"/>
        <line num="2121" count="1" type="stmt"/>
        <line num="2123" count="1" type="stmt"/>
        <line num="2126" count="2" type="stmt"/>
        <line num="2128" count="2" type="stmt"/>
        <line num="2129" count="2" type="stmt"/>
        <line num="2130" count="2" type="stmt"/>
        <line num="2135" count="2" type="stmt"/>
        <line num="2136" count="2" type="cond" truecount="1" falsecount="1"/>
        <line num="2138" count="2" type="stmt"/>
        <line num="2141" count="2" type="stmt"/>
        <line num="2142" count="2" type="stmt"/>
        <line num="2143" count="2" type="stmt"/>
        <line num="2145" count="2" type="stmt"/>
        <line num="2146" count="2" type="stmt"/>
        <line num="2147" count="2" type="stmt"/>
        <line num="2148" count="2" type="stmt"/>
        <line num="2149" count="16" type="stmt"/>
        <line num="2151" count="2" type="cond" truecount="1" falsecount="1"/>
        <line num="2152" count="2" type="stmt"/>
        <line num="2153" count="1" type="cond" truecount="1" falsecount="1"/>
        <line num="2154" count="1" type="stmt"/>
        <line num="2157" count="2" type="stmt"/>
        <line num="2158" count="2" type="stmt"/>
        <line num="2160" count="2" type="stmt"/>
        <line num="2163" count="2" type="stmt"/>
        <line num="2164" count="2" type="stmt"/>
        <line num="2165" count="2" type="stmt"/>
        <line num="2167" count="2" type="stmt"/>
        <line num="2168" count="2" type="stmt"/>
        <line num="2169" count="2" type="stmt"/>
        <line num="2170" count="2" type="stmt"/>
        <line num="2171" count="2" type="stmt"/>
        <line num="2182" count="2" type="stmt"/>
        <line num="2183" count="0" type="stmt"/>
        <line num="2186" count="2" type="stmt"/>
        <line num="2187" count="2" type="stmt"/>
        <line num="2188" count="2" type="stmt"/>
        <line num="2189" count="2" type="stmt"/>
        <line num="2190" count="2" type="stmt"/>
        <line num="2191" count="2" type="stmt"/>
        <line num="2194" count="2" type="stmt"/>
        <line num="2195" count="2" type="stmt"/>
        <line num="2196" count="2" type="stmt"/>
        <line num="2197" count="2" type="stmt"/>
        <line num="2198" count="2" type="stmt"/>
        <line num="2200" count="2" type="stmt"/>
        <line num="2202" count="2" type="stmt"/>
        <line num="2203" count="2" type="stmt"/>
        <line num="2204" count="2" type="stmt"/>
        <line num="2206" count="2" type="stmt"/>
        <line num="2207" count="2" type="stmt"/>
        <line num="2208" count="2" type="stmt"/>
        <line num="2209" count="2" type="stmt"/>
        <line num="2210" count="0" type="stmt"/>
        <line num="2211" count="0" type="stmt"/>
        <line num="2212" count="0" type="cond" truecount="0" falsecount="2"/>
        <line num="2213" count="0" type="stmt"/>
        <line num="2216" count="2" type="stmt"/>
        <line num="2217" count="2" type="stmt"/>
        <line num="2218" count="2" type="stmt"/>
        <line num="2219" count="2" type="stmt"/>
        <line num="2220" count="0" type="stmt"/>
        <line num="2221" count="0" type="stmt"/>
        <line num="2222" count="0" type="cond" truecount="0" falsecount="2"/>
        <line num="2223" count="0" type="stmt"/>
        <line num="2226" count="2" type="stmt"/>
        <line num="2227" count="2" type="stmt"/>
        <line num="2228" count="2" type="stmt"/>
        <line num="2229" count="2" type="stmt"/>
        <line num="2230" count="0" type="stmt"/>
        <line num="2233" count="2" type="stmt"/>
        <line num="2234" count="2" type="stmt"/>
        <line num="2235" count="2" type="stmt"/>
        <line num="2236" count="2" type="stmt"/>
        <line num="2237" count="2" type="stmt"/>
        <line num="2239" count="2" type="stmt"/>
        <line num="2242" count="2" type="stmt"/>
        <line num="2243" count="2" type="stmt"/>
        <line num="2244" count="2" type="stmt"/>
        <line num="2245" count="2" type="stmt"/>
        <line num="2246" count="2" type="stmt"/>
        <line num="2247" count="0" type="stmt"/>
        <line num="2248" count="0" type="stmt"/>
        <line num="2250" count="2" type="stmt"/>
        <line num="2253" count="2" type="stmt"/>
        <line num="2254" count="2" type="stmt"/>
        <line num="2255" count="2" type="stmt"/>
        <line num="2256" count="2" type="stmt"/>
        <line num="2257" count="2" type="stmt"/>
        <line num="2258" count="0" type="stmt"/>
        <line num="2259" count="0" type="stmt"/>
        <line num="2261" count="2" type="stmt"/>
        <line num="2265" count="4" type="stmt"/>
        <line num="2266" count="4" type="stmt"/>
        <line num="2267" count="4" type="stmt"/>
        <line num="2271" count="0" type="stmt"/>
        <line num="2273" count="0" type="stmt"/>
        <line num="2275" count="0" type="stmt"/>
        <line num="2276" count="0" type="stmt"/>
        <line num="2277" count="0" type="stmt"/>
        <line num="2279" count="0" type="stmt"/>
        <line num="2280" count="0" type="stmt"/>
        <line num="2281" count="0" type="cond" truecount="0" falsecount="2"/>
        <line num="2282" count="0" type="stmt"/>
        <line num="2284" count="0" type="stmt"/>
        <line num="2286" count="0" type="cond" truecount="0" falsecount="2"/>
        <line num="2287" count="0" type="stmt"/>
        <line num="2288" count="0" type="cond" truecount="0" falsecount="4"/>
        <line num="2289" count="0" type="cond" truecount="0" falsecount="2"/>
        <line num="2293" count="0" type="stmt"/>
        <line num="2294" count="0" type="stmt"/>
        <line num="2295" count="0" type="stmt"/>
        <line num="2296" count="0" type="stmt"/>
        <line num="2297" count="0" type="stmt"/>
        <line num="2298" count="0" type="stmt"/>
        <line num="2299" count="0" type="stmt"/>
        <line num="2300" count="0" type="stmt"/>
        <line num="2302" count="0" type="stmt"/>
        <line num="2303" count="0" type="cond" truecount="0" falsecount="4"/>
        <line num="2304" count="0" type="stmt"/>
        <line num="2305" count="0" type="cond" truecount="0" falsecount="2"/>
        <line num="2306" count="0" type="stmt"/>
        <line num="2310" count="0" type="cond" truecount="0" falsecount="4"/>
        <line num="2312" count="0" type="stmt"/>
        <line num="2313" count="0" type="stmt"/>
        <line num="2314" count="0" type="cond" truecount="0" falsecount="2"/>
        <line num="2315" count="0" type="cond" truecount="0" falsecount="2"/>
        <line num="2316" count="0" type="stmt"/>
        <line num="2318" count="0" type="stmt"/>
        <line num="2319" count="0" type="cond" truecount="0" falsecount="4"/>
        <line num="2320" count="0" type="stmt"/>
        <line num="2325" count="0" type="stmt"/>
        <line num="2326" count="0" type="stmt"/>
        <line num="2327" count="0" type="stmt"/>
        <line num="2329" count="0" type="stmt"/>
        <line num="2334" count="7" type="stmt"/>
        <line num="2338" count="9" type="stmt"/>
        <line num="2339" count="9" type="cond" truecount="4" falsecount="0"/>
        <line num="2340" count="1" type="stmt"/>
        <line num="2345" count="111" type="stmt"/>
        <line num="2346" count="111" type="stmt"/>
        <line num="2347" count="111" type="stmt"/>
        <line num="2348" count="111" type="stmt"/>
        <line num="2349" count="111" type="stmt"/>
        <line num="2351" count="111" type="stmt"/>
        <line num="2352" count="111" type="stmt"/>
        <line num="2353" count="111" type="stmt"/>
        <line num="2354" count="111" type="stmt"/>
        <line num="2355" count="111" type="stmt"/>
        <line num="2356" count="111" type="stmt"/>
        <line num="2357" count="111" type="stmt"/>
        <line num="2358" count="111" type="stmt"/>
        <line num="2359" count="111" type="stmt"/>
        <line num="2360" count="111" type="stmt"/>
        <line num="2361" count="111" type="stmt"/>
        <line num="2362" count="111" type="stmt"/>
        <line num="2363" count="111" type="stmt"/>
        <line num="2364" count="111" type="stmt"/>
        <line num="2365" count="111" type="stmt"/>
        <line num="2366" count="111" type="stmt"/>
        <line num="2367" count="111" type="stmt"/>
        <line num="2368" count="111" type="stmt"/>
        <line num="2369" count="111" type="stmt"/>
        <line num="2370" count="111" type="stmt"/>
        <line num="2371" count="111" type="stmt"/>
        <line num="2372" count="111" type="stmt"/>
        <line num="2374" count="111" type="stmt"/>
        <line num="2375" count="111" type="stmt"/>
        <line num="2376" count="111" type="stmt"/>
        <line num="2378" count="111" type="stmt"/>
        <line num="2379" count="111" type="cond" truecount="1" falsecount="1"/>
        <line num="2380" count="111" type="stmt"/>
        <line num="2382" count="111" type="stmt"/>
        <line num="2386" count="111" type="stmt"/>
        <line num="2389" count="111" type="stmt"/>
        <line num="2390" count="111" type="cond" truecount="1" falsecount="1"/>
        <line num="2391" count="111" type="cond" truecount="1" falsecount="1"/>
        <line num="2392" count="0" type="stmt"/>
        <line num="2398" count="111" type="cond" truecount="5" falsecount="0"/>
        <line num="2399" count="110" type="stmt"/>
        <line num="2402" count="111" type="cond" truecount="1" falsecount="1"/>
        <line num="2403" count="0" type="stmt"/>
        <line num="2407" count="111" type="stmt"/>
        <line num="2409" count="111" type="stmt"/>
        <line num="2410" count="111" type="stmt"/>
        <line num="2414" count="110" type="stmt"/>
        <line num="2415" count="110" type="stmt"/>
        <line num="2416" count="110" type="stmt"/>
        <line num="2417" count="110" type="stmt"/>
        <line num="2418" count="110" type="stmt"/>
        <line num="2419" count="110" type="stmt"/>
        <line num="2420" count="110" type="stmt"/>
        <line num="2421" count="110" type="stmt"/>
        <line num="2422" count="110" type="stmt"/>
        <line num="2423" count="110" type="stmt"/>
        <line num="2424" count="110" type="stmt"/>
        <line num="2425" count="110" type="stmt"/>
        <line num="2426" count="110" type="stmt"/>
        <line num="2427" count="110" type="stmt"/>
        <line num="2428" count="110" type="stmt"/>
        <line num="2429" count="110" type="stmt"/>
        <line num="2430" count="110" type="stmt"/>
        <line num="2431" count="110" type="stmt"/>
        <line num="2432" count="110" type="stmt"/>
        <line num="2433" count="110" type="stmt"/>
        <line num="2434" count="110" type="stmt"/>
        <line num="2435" count="110" type="stmt"/>
        <line num="2436" count="110" type="stmt"/>
        <line num="2437" count="110" type="stmt"/>
        <line num="2438" count="110" type="stmt"/>
        <line num="2439" count="110" type="stmt"/>
        <line num="2441" count="110" type="stmt"/>
        <line num="2442" count="110" type="stmt"/>
        <line num="2443" count="110" type="stmt"/>
        <line num="2445" count="110" type="stmt"/>
        <line num="2446" count="110" type="cond" truecount="1" falsecount="1"/>
        <line num="2447" count="110" type="stmt"/>
        <line num="2450" count="110" type="stmt"/>
        <line num="2452" count="110" type="cond" truecount="2" falsecount="0"/>
        <line num="2453" count="68" type="stmt"/>
        <line num="2455" count="110" type="cond" truecount="2" falsecount="0"/>
        <line num="2456" count="68" type="stmt"/>
        <line num="2457" count="68" type="stmt"/>
        <line num="2460" count="110" type="cond" truecount="2" falsecount="0"/>
        <line num="2461" count="73" type="stmt"/>
        <line num="2462" count="73" type="stmt"/>
        <line num="2467" count="11" type="stmt"/>
        <line num="2468" count="11" type="stmt"/>
        <line num="2469" count="11" type="stmt"/>
        <line num="2470" count="11" type="stmt"/>
        <line num="2471" count="11" type="stmt"/>
        <line num="2473" count="11" type="stmt"/>
        <line num="2474" count="11" type="stmt"/>
        <line num="2475" count="11" type="cond" truecount="2" falsecount="0"/>
        <line num="2476" count="1" type="stmt"/>
        <line num="2477" count="1" type="stmt"/>
        <line num="2478" count="1" type="stmt"/>
        <line num="2480" count="11" type="stmt"/>
        <line num="2482" count="11" type="cond" truecount="2" falsecount="0"/>
        <line num="2483" count="9" type="stmt"/>
        <line num="2485" count="11" type="stmt"/>
        <line num="2488" count="2" type="stmt"/>
        <line num="2489" count="2" type="stmt"/>
        <line num="2491" count="2" type="cond" truecount="1" falsecount="1"/>
        <line num="2492" count="0" type="stmt"/>
        <line num="2495" count="2" type="stmt"/>
        <line num="2500" count="125" type="cond" truecount="2" falsecount="0"/>
        <line num="2501" count="5" type="stmt"/>
        <line num="2502" count="5" type="stmt"/>
        <line num="2505" count="120" type="cond" truecount="2" falsecount="0"/>
        <line num="2506" count="12" type="cond" truecount="2" falsecount="0"/>
        <line num="2507" count="3" type="stmt"/>
        <line num="2509" count="9" type="stmt"/>
        <line num="2512" count="108" type="stmt"/>
        <line num="2517" count="192" type="stmt"/>
        <line num="2518" count="192" type="stmt"/>
        <line num="2519" count="192" type="stmt"/>
        <line num="2520" count="192" type="stmt"/>
        <line num="2521" count="192" type="stmt"/>
        <line num="2522" count="192" type="stmt"/>
        <line num="2523" count="192" type="stmt"/>
        <line num="2524" count="192" type="stmt"/>
        <line num="2526" count="192" type="cond" truecount="2" falsecount="0"/>
        <line num="2527" count="123" type="stmt"/>
        <line num="2532" count="14" type="stmt"/>
        <line num="2533" count="14" type="stmt"/>
        <line num="2534" count="14" type="stmt"/>
        <line num="2535" count="14" type="stmt"/>
        <line num="2536" count="14" type="stmt"/>
        <line num="2537" count="14" type="stmt"/>
        <line num="2538" count="14" type="stmt"/>
        <line num="2539" count="14" type="stmt"/>
        <line num="2542" count="1" type="stmt"/>
        <line num="2543" count="1" type="cond" truecount="1" falsecount="1"/>
        <line num="2544" count="1" type="stmt"/>
        <line num="2548" count="1" type="stmt"/>
        <line num="2552" count="1" type="stmt"/>
        <line num="2555" count="1" type="stmt"/>
        <line num="2557" count="52" type="stmt"/>
        <line num="2558" count="52" type="stmt"/>
        <line num="2563" count="52" type="cond" truecount="1" falsecount="1"/>
        <line num="2564" count="0" type="stmt"/>
        <line num="2565" count="0" type="stmt"/>
        <line num="2566" count="0" type="stmt"/>
        <line num="2567" count="0" type="stmt"/>
        <line num="2568" count="0" type="stmt"/>
        <line num="2569" count="0" type="stmt"/>
        <line num="2570" count="0" type="stmt"/>
        <line num="2572" count="52" type="stmt"/>
        <line num="2576" count="1" type="cond" truecount="1" falsecount="1"/>
        <line num="2579" count="1" type="stmt"/>
        <line num="2580" count="1" type="stmt"/>
        <line num="2582" count="51" type="cond" truecount="1" falsecount="1"/>
        <line num="2583" count="0" type="stmt"/>
        <line num="2584" count="0" type="stmt"/>
        <line num="2587" count="51" type="cond" truecount="1" falsecount="1"/>
        <line num="2590" count="51" type="cond" truecount="2" falsecount="0"/>
        <line num="2591" count="1" type="stmt"/>
        <line num="2592" count="1" type="cond" truecount="1" falsecount="1"/>
        <line num="2593" count="1" type="stmt"/>
        <line num="2594" count="1" type="stmt"/>
        <line num="2602" count="1" type="stmt"/>
        <line num="2603" count="1" type="stmt"/>
        <line num="2604" count="1" type="stmt"/>
        <line num="2606" count="1" type="stmt"/>
        <line num="2613" count="112" type="cond" truecount="2" falsecount="0"/>
        <line num="2614" count="1" type="stmt"/>
        <line num="2615" count="1" type="stmt"/>
        <line num="2619" count="0" type="stmt"/>
        <line num="2620" count="0" type="cond" truecount="0" falsecount="2"/>
        <line num="2623" count="0" type="cond" truecount="0" falsecount="2"/>
        <line num="2625" count="0" type="stmt"/>
        <line num="2626" count="0" type="stmt"/>
        <line num="2629" count="0" type="cond" truecount="0" falsecount="2"/>
        <line num="2630" count="0" type="stmt"/>
        <line num="2631" count="0" type="stmt"/>
        <line num="2632" count="0" type="cond" truecount="0" falsecount="2"/>
        <line num="2633" count="0" type="stmt"/>
        <line num="2635" count="0" type="cond" truecount="0" falsecount="2"/>
        <line num="2636" count="0" type="stmt"/>
        <line num="2639" count="0" type="stmt"/>
        <line num="2645" count="180" type="stmt"/>
        <line num="2646" count="180" type="stmt"/>
        <line num="2647" count="180" type="cond" truecount="1" falsecount="1"/>
        <line num="2649" count="180" type="stmt"/>
        <line num="2650" count="180" type="stmt"/>
        <line num="2652" count="180" type="stmt"/>
        <line num="2653" count="3" type="cond" truecount="1" falsecount="1"/>
        <line num="2654" count="0" type="stmt"/>
        <line num="2655" count="0" type="stmt"/>
        <line num="2658" count="0" type="cond" truecount="0" falsecount="2"/>
        <line num="2660" count="0" type="cond" truecount="0" falsecount="2"/>
        <line num="2661" count="0" type="cond" truecount="0" falsecount="2"/>
        <line num="2662" count="0" type="cond" truecount="0" falsecount="2"/>
        <line num="2663" count="0" type="stmt"/>
        <line num="2664" count="0" type="stmt"/>
        <line num="2666" count="0" type="stmt"/>
        <line num="2667" count="0" type="stmt"/>
        <line num="2669" count="0" type="cond" truecount="0" falsecount="2"/>
        <line num="2670" count="0" type="stmt"/>
        <line num="2671" count="0" type="stmt"/>
        <line num="2674" count="0" type="cond" truecount="0" falsecount="2"/>
        <line num="2675" count="0" type="stmt"/>
        <line num="2677" count="0" type="cond" truecount="0" falsecount="2"/>
        <line num="2678" count="0" type="stmt"/>
        <line num="2681" count="0" type="stmt"/>
        <line num="2682" count="0" type="stmt"/>
        <line num="2683" count="0" type="stmt"/>
        <line num="2686" count="0" type="cond" truecount="0" falsecount="2"/>
        <line num="2687" count="0" type="stmt"/>
        <line num="2689" count="0" type="stmt"/>
        <line num="2692" count="0" type="stmt"/>
        <line num="2698" count="180" type="stmt"/>
        <line num="2699" count="0" type="cond" truecount="0" falsecount="2"/>
        <line num="2700" count="0" type="cond" truecount="0" falsecount="2"/>
        <line num="2701" count="0" type="stmt"/>
        <line num="2703" count="0" type="stmt"/>
        <line num="2704" count="0" type="stmt"/>
        <line num="2708" count="180" type="stmt"/>
        <line num="2713" count="68" type="cond" truecount="1" falsecount="1"/>
        <line num="2714" count="0" type="stmt"/>
        <line num="2715" count="0" type="stmt"/>
        <line num="2717" count="68" type="cond" truecount="1" falsecount="1"/>
        <line num="2718" count="0" type="stmt"/>
        <line num="2720" count="68" type="cond" truecount="1" falsecount="1"/>
        <line num="2721" count="0" type="stmt"/>
        <line num="2722" count="0" type="stmt"/>
        <line num="2725" count="68" type="stmt"/>
        <line num="2726" count="68" type="stmt"/>
        <line num="2729" count="68" type="stmt"/>
        <line num="2732" count="68" type="stmt"/>
        <line num="2733" count="68" type="stmt"/>
        <line num="2736" count="68" type="stmt"/>
        <line num="2737" count="68" type="stmt"/>
        <line num="2738" count="68" type="stmt"/>
        <line num="2739" count="68" type="stmt"/>
        <line num="2741" count="68" type="stmt"/>
        <line num="2743" count="68" type="cond" truecount="2" falsecount="0"/>
        <line num="2744" count="1" type="stmt"/>
        <line num="2748" count="68" type="stmt"/>
        <line num="2749" count="68" type="stmt"/>
        <line num="2752" count="68" type="cond" truecount="2" falsecount="0"/>
        <line num="2753" count="68" type="stmt"/>
        <line num="2755" count="68" type="cond" truecount="1" falsecount="1"/>
        <line num="2756" count="0" type="stmt"/>
        <line num="2759" count="68" type="stmt"/>
        <line num="2760" count="68" type="cond" truecount="1" falsecount="1"/>
        <line num="2761" count="68" type="stmt"/>
        <line num="2762" count="68" type="stmt"/>
        <line num="2765" count="68" type="stmt"/>
        <line num="2767" count="68" type="stmt"/>
        <line num="2768" count="0" type="stmt"/>
        <line num="2771" count="68" type="stmt"/>
        <line num="2772" count="0" type="cond" truecount="0" falsecount="2"/>
        <line num="2773" count="0" type="stmt"/>
        <line num="2781" count="0" type="stmt"/>
        <line num="2783" count="0" type="stmt"/>
        <line num="2785" count="0" type="stmt"/>
        <line num="2788" count="68" type="stmt"/>
        <line num="2789" count="68" type="stmt"/>
        <line num="2790" count="68" type="stmt"/>
        <line num="2791" count="68" type="stmt"/>
        <line num="2794" count="68" type="cond" truecount="1" falsecount="1"/>
        <line num="2795" count="0" type="stmt"/>
        <line num="2800" count="111" type="cond" truecount="2" falsecount="0"/>
        <line num="2801" count="111" type="cond" truecount="2" falsecount="0"/>
        <line num="2803" count="111" type="cond" truecount="2" falsecount="4"/>
        <line num="2804" count="0" type="stmt"/>
        <line num="2806" count="111" type="stmt"/>
        <line num="2810" count="7" type="stmt"/>
        <line num="2811" count="7" type="cond" truecount="1" falsecount="1"/>
        <line num="2812" count="7" type="stmt"/>
        <line num="2814" count="7" type="stmt"/>
        <line num="2816" count="7" type="cond" truecount="1" falsecount="1"/>
        <line num="2818" count="0" type="stmt"/>
        <line num="2819" count="0" type="stmt"/>
        <line num="2820" count="7" type="cond" truecount="2" falsecount="0"/>
        <line num="2821" count="2" type="stmt"/>
        <line num="2823" count="5" type="stmt"/>
        <line num="2827" count="0" type="stmt"/>
        <line num="2828" count="0" type="cond" truecount="0" falsecount="2"/>
        <line num="2829" count="0" type="stmt"/>
        <line num="2830" count="0" type="stmt"/>
        <line num="2833" count="0" type="stmt"/>
        <line num="2834" count="0" type="cond" truecount="0" falsecount="2"/>
        <line num="2835" count="0" type="stmt"/>
        <line num="2836" count="0" type="stmt"/>
        <line num="2837" count="0" type="cond" truecount="0" falsecount="2"/>
        <line num="2838" count="0" type="stmt"/>
        <line num="2842" count="0" type="stmt"/>
        <line num="2843" count="0" type="stmt"/>
        <line num="2844" count="0" type="cond" truecount="0" falsecount="2"/>
        <line num="2845" count="0" type="stmt"/>
        <line num="2849" count="4" type="stmt"/>
        <line num="2850" count="4" type="cond" truecount="1" falsecount="1"/>
        <line num="2851" count="4" type="stmt"/>
        <line num="2852" count="4" type="stmt"/>
        <line num="2853" count="4" type="stmt"/>
        <line num="2854" count="4" type="stmt"/>
        <line num="2856" count="4" type="cond" truecount="2" falsecount="0"/>
        <line num="2857" count="3" type="stmt"/>
        <line num="2861" count="4" type="stmt"/>
        <line num="2862" count="4" type="cond" truecount="1" falsecount="1"/>
        <line num="2863" count="4" type="stmt"/>
        <line num="2864" count="4" type="stmt"/>
        <line num="2866" count="4" type="cond" truecount="2" falsecount="0"/>
        <line num="2867" count="3" type="stmt"/>
        <line num="2871" count="0" type="stmt"/>
        <line num="2872" count="0" type="cond" truecount="0" falsecount="2"/>
        <line num="2873" count="0" type="stmt"/>
        <line num="2874" count="0" type="stmt"/>
        <line num="2875" count="0" type="stmt"/>
        <line num="2876" count="0" type="stmt"/>
        <line num="2877" count="0" type="stmt"/>
        <line num="2878" count="0" type="stmt"/>
        <line num="2880" count="0" type="stmt"/>
        <line num="2881" count="0" type="stmt"/>
        <line num="2882" count="0" type="stmt"/>
        <line num="2885" count="0" type="stmt"/>
        <line num="2886" count="0" type="stmt"/>
        <line num="2889" count="0" type="stmt"/>
        <line num="2893" count="3" type="stmt"/>
        <line num="2894" count="3" type="stmt"/>
        <line num="2895" count="3" type="stmt"/>
        <line num="2896" count="3" type="cond" truecount="1" falsecount="1"/>
        <line num="2897" count="3" type="stmt"/>
        <line num="2901" count="0" type="stmt"/>
        <line num="2902" count="0" type="cond" truecount="0" falsecount="2"/>
        <line num="2903" count="0" type="stmt"/>
        <line num="2904" count="0" type="stmt"/>
        <line num="2905" count="0" type="stmt"/>
        <line num="2906" count="0" type="stmt"/>
        <line num="2907" count="0" type="stmt"/>
        <line num="2909" count="0" type="cond" truecount="0" falsecount="2"/>
        <line num="2912" count="0" type="stmt"/>
        <line num="2916" count="0" type="stmt"/>
        <line num="2917" count="0" type="cond" truecount="0" falsecount="2"/>
        <line num="2918" count="0" type="stmt"/>
        <line num="2919" count="0" type="stmt"/>
        <line num="2921" count="0" type="stmt"/>
        <line num="2926" count="0" type="stmt"/>
        <line num="2946" count="0" type="stmt"/>
        <line num="2954" count="0" type="stmt"/>
        <line num="2955" count="0" type="cond" truecount="0" falsecount="2"/>
        <line num="2956" count="0" type="stmt"/>
        <line num="2957" count="0" type="stmt"/>
        <line num="2958" count="0" type="stmt"/>
        <line num="2959" count="0" type="stmt"/>
        <line num="2960" count="0" type="stmt"/>
        <line num="2963" count="0" type="stmt"/>
        <line num="2967" count="24" type="stmt"/>
        <line num="2968" count="24" type="cond" truecount="2" falsecount="0"/>
        <line num="2970" count="22" type="cond" truecount="1" falsecount="1"/>
        <line num="2971" count="0" type="cond" truecount="0" falsecount="2"/>
        <line num="2972" count="0" type="cond" truecount="0" falsecount="4"/>
        <line num="2973" count="0" type="stmt"/>
        <line num="2974" count="0" type="stmt"/>
        <line num="2976" count="0" type="cond" truecount="0" falsecount="2"/>
        <line num="2977" count="0" type="cond" truecount="0" falsecount="4"/>
        <line num="2978" count="0" type="stmt"/>
        <line num="2979" count="0" type="stmt"/>
        <line num="2981" count="0" type="cond" truecount="0" falsecount="2"/>
        <line num="2982" count="0" type="cond" truecount="0" falsecount="4"/>
        <line num="2983" count="0" type="stmt"/>
        <line num="2984" count="0" type="stmt"/>
        <line num="2986" count="0" type="cond" truecount="0" falsecount="2"/>
        <line num="2987" count="0" type="cond" truecount="0" falsecount="4"/>
        <line num="2988" count="0" type="stmt"/>
        <line num="2990" count="0" type="stmt"/>
        <line num="2994" count="22" type="stmt"/>
        <line num="2995" count="22" type="cond" truecount="3" falsecount="1"/>
        <line num="2996" count="22" type="stmt"/>
        <line num="2997" count="22" type="cond" truecount="5" falsecount="0"/>
        <line num="2998" count="1" type="stmt"/>
        <line num="3001" count="21" type="cond" truecount="4" falsecount="0"/>
        <line num="3002" count="1" type="stmt"/>
        <line num="3006" count="20" type="cond" truecount="1" falsecount="1"/>
        <line num="3008" count="20" type="cond" truecount="15" falsecount="14"/>
        <line num="3012" count="5" type="stmt"/>
        <line num="3013" count="5" type="stmt"/>
        <line num="3014" count="5" type="stmt"/>
        <line num="3017" count="0" type="stmt"/>
        <line num="3018" count="0" type="stmt"/>
        <line num="3021" count="2" type="stmt"/>
        <line num="3022" count="2" type="stmt"/>
        <line num="3025" count="0" type="cond" truecount="0" falsecount="2"/>
        <line num="3026" count="0" type="stmt"/>
        <line num="3028" count="0" type="stmt"/>
        <line num="3030" count="0" type="stmt"/>
        <line num="3031" count="0" type="stmt"/>
        <line num="3033" count="2" type="cond" truecount="2" falsecount="0"/>
        <line num="3034" count="2" type="stmt"/>
        <line num="3037" count="0" type="stmt"/>
        <line num="3038" count="0" type="stmt"/>
        <line num="3040" count="2" type="cond" truecount="2" falsecount="0"/>
        <line num="3041" count="2" type="stmt"/>
        <line num="3044" count="0" type="stmt"/>
        <line num="3045" count="0" type="stmt"/>
        <line num="3047" count="0" type="stmt"/>
        <line num="3048" count="0" type="stmt"/>
        <line num="3049" count="0" type="stmt"/>
        <line num="3051" count="0" type="stmt"/>
        <line num="3053" count="0" type="stmt"/>
        <line num="3054" count="0" type="stmt"/>
        <line num="3055" count="0" type="stmt"/>
        <line num="3057" count="0" type="stmt"/>
        <line num="3060" count="0" type="stmt"/>
        <line num="3061" count="0" type="stmt"/>
        <line num="3063" count="1" type="stmt"/>
        <line num="3064" count="1" type="stmt"/>
        <line num="3066" count="1" type="stmt"/>
        <line num="3067" count="1" type="stmt"/>
        <line num="3070" count="3" type="stmt"/>
        <line num="3071" count="3" type="stmt"/>
        <line num="3072" count="3" type="stmt"/>
        <line num="3073" count="3" type="cond" truecount="2" falsecount="0"/>
        <line num="3075" count="3" type="cond" truecount="2" falsecount="0"/>
        <line num="3076" count="1" type="stmt"/>
        <line num="3078" count="3" type="stmt"/>
        <line num="3079" count="3" type="stmt"/>
        <line num="3083" count="3" type="stmt"/>
        <line num="3084" count="3" type="stmt"/>
        <line num="3085" count="3" type="cond" truecount="2" falsecount="0"/>
        <line num="3087" count="3" type="cond" truecount="2" falsecount="0"/>
        <line num="3088" count="1" type="stmt"/>
        <line num="3090" count="3" type="stmt"/>
        <line num="3091" count="3" type="stmt"/>
[...]
        <line num="200" count="0" type="stmt"/>
        <line num="201" count="0" type="cond" truecount="0" falsecount="2"/>
        <line num="202" count="0" type="stmt"/>
        <line num="203" count="0" type="stmt"/>
        <line num="204" count="0" type="stmt"/>
        <line num="205" count="0" type="stmt"/>
        <line num="206" count="0" type="stmt"/>
        <line num="207" count="0" type="stmt"/>
        <line num="212" count="0" type="stmt"/>
        <line num="217" count="0" type="cond" truecount="0" falsecount="4"/>
        <line num="218" count="0" type="stmt"/>
        <line num="219" count="0" type="stmt"/>
        <line num="220" count="0" type="stmt"/>
        <line num="221" count="0" type="stmt"/>
        <line num="222" count="0" type="stmt"/>
        <line num="223" count="0" type="stmt"/>
        <line num="224" count="0" type="cond" truecount="0" falsecount="2"/>
        <line num="225" count="0" type="cond" truecount="0" falsecount="2"/>
        <line num="226" count="0" type="cond" truecount="0" falsecount="2"/>
        <line num="228" count="0" type="cond" truecount="0" falsecount="2"/>
        <line num="229" count="0" type="stmt"/>
        <line num="231" count="0" type="stmt"/>
        <line num="233" count="0" type="stmt"/>
        <line num="238" count="0" type="stmt"/>
        <line num="239" count="0" type="stmt"/>
        <line num="242" count="0" type="cond" truecount="0" falsecount="4"/>
        <line num="243" count="0" type="stmt"/>
        <line num="244" count="0" type="cond" truecount="0" falsecount="2"/>
        <line num="246" count="0" type="cond" truecount="0" falsecount="2"/>
        <line num="248" count="0" type="stmt"/>
        <line num="250" count="0" type="stmt"/>
        <line num="254" count="0" type="stmt"/>
        <line num="255" count="0" type="stmt"/>
        <line num="258" count="0" type="stmt"/>
        <line num="262" count="0" type="stmt"/>
        <line num="267" count="0" type="cond" truecount="0" falsecount="4"/>
        <line num="268" count="0" type="stmt"/>
        <line num="269" count="0" type="cond" truecount="0" falsecount="4"/>
        <line num="270" count="0" type="cond" truecount="0" falsecount="2"/>
        <line num="271" count="0" type="stmt"/>
        <line num="273" count="0" type="stmt"/>
        <line num="276" count="0" type="cond" truecount="0" falsecount="4"/>
        <line num="277" count="0" type="stmt"/>
        <line num="278" count="0" type="cond" truecount="0" falsecount="4"/>
        <line num="279" count="0" type="stmt"/>
        <line num="280" count="0" type="stmt"/>
        <line num="281" count="0" type="cond" truecount="0" falsecount="2"/>
        <line num="282" count="0" type="stmt"/>
        <line num="284" count="0" type="stmt"/>
        <line num="290" count="0" type="stmt"/>
        <line num="291" count="0" type="stmt"/>
        <line num="294" count="0" type="cond" truecount="0" falsecount="4"/>
        <line num="295" count="0" type="stmt"/>
        <line num="296" count="0" type="cond" truecount="0" falsecount="2"/>
        <line num="298" count="0" type="cond" truecount="0" falsecount="2"/>
        <line num="300" count="0" type="stmt"/>
        <line num="302" count="0" type="stmt"/>
        <line num="306" count="0" type="stmt"/>
        <line num="307" count="0" type="stmt"/>
        <line num="312" count="0" type="stmt"/>
        <line num="317" count="0" type="cond" truecount="0" falsecount="4"/>
        <line num="318" count="0" type="cond" truecount="0" falsecount="2"/>
        <line num="319" count="0" type="stmt"/>
        <line num="320" count="0" type="cond" truecount="0" falsecount="2"/>
        <line num="321" count="0" type="cond" truecount="0" falsecount="2"/>
        <line num="322" count="0" type="stmt"/>
        <line num="324" count="0" type="stmt"/>
        <line num="330" count="0" type="stmt"/>
        <line num="331" count="0" type="stmt"/>
        <line num="334" count="0" type="cond" truecount="0" falsecount="4"/>
        <line num="335" count="0" type="stmt"/>
        <line num="336" count="0" type="cond" truecount="0" falsecount="2"/>
        <line num="338" count="0" type="cond" truecount="0" falsecount="2"/>
        <line num="340" count="0" type="stmt"/>
        <line num="342" count="0" type="stmt"/>
        <line num="346" count="0" type="stmt"/>
        <line num="347" count="0" type="stmt"/>
        <line num="350" count="0" type="stmt"/>
        <line num="354" count="0" type="stmt"/>
        <line num="355" count="0" type="stmt"/>
        <line num="356" count="0" type="cond" truecount="0" falsecount="2"/>
        <line num="357" count="0" type="cond" truecount="0" falsecount="2"/>
        <line num="358" count="0" type="stmt"/>
        <line num="359" count="0" type="cond" truecount="0" falsecount="2"/>
        <line num="360" count="0" type="stmt"/>
        <line num="361" count="0" type="stmt"/>
        <line num="363" count="0" type="stmt"/>
        <line num="364" count="0" type="stmt"/>
        <line num="365" count="0" type="stmt"/>
        <line num="366" count="0" type="stmt"/>
        <line num="367" count="0" type="cond" truecount="0" falsecount="2"/>
        <line num="368" count="0" type="cond" truecount="0" falsecount="2"/>
        <line num="369" count="0" type="cond" truecount="0" falsecount="2"/>
        <line num="371" count="0" type="stmt"/>
        <line num="374" count="0" type="stmt"/>
        <line num="376" count="0" type="stmt"/>
        <line num="380" count="0" type="stmt"/>
        <line num="383" count="0" type="cond" truecount="0" falsecount="4"/>
        <line num="384" count="0" type="stmt"/>
        <line num="385" count="0" type="stmt"/>
        <line num="386" count="0" type="stmt"/>
        <line num="389" count="0" type="cond" truecount="0" falsecount="4"/>
        <line num="390" count="0" type="stmt"/>
        <line num="391" count="0" type="stmt"/>
        <line num="392" count="0" type="stmt"/>
        <line num="393" count="0" type="stmt"/>
        <line num="394" count="0" type="stmt"/>
        <line num="396" count="0" type="stmt"/>
        <line num="398" count="0" type="stmt"/>
        <line num="400" count="0" type="stmt"/>
        <line num="405" count="0" type="stmt"/>
        <line num="406" count="0" type="stmt"/>
        <line num="409" count="0" type="stmt"/>
        <line num="413" count="0" type="stmt"/>
        <line num="414" count="0" type="stmt"/>
        <line num="417" count="0" type="stmt"/>
      </file>
      <file name="media-session.ts" path="/app/packages/player/src/features/media-session.ts">
        <metrics statements="50" coveredstatements="5" conditionals="42" coveredconditionals="3" methods="14" coveredmethods="2"/>
        <line num="4" count="68" type="stmt"/>
        <line num="6" count="68" type="stmt"/>
        <line num="7" count="68" type="cond" truecount="1" falsecount="1"/>
        <line num="9" count="0" type="stmt"/>
        <line num="10" count="0" type="stmt"/>
        <line num="13" count="0" type="stmt"/>
        <line num="15" count="0" type="stmt"/>
        <line num="19" count="0" type="cond" truecount="0" falsecount="2"/>
        <line num="21" count="0" type="cond" truecount="0" falsecount="2"/>
        <line num="22" count="0" type="cond" truecount="0" falsecount="2"/>
        <line num="23" count="0" type="cond" truecount="0" falsecount="2"/>
        <line num="24" count="0" type="stmt"/>
        <line num="27" count="0" type="cond" truecount="0" falsecount="2"/>
        <line num="28" count="0" type="stmt"/>
        <line num="31" count="0" type="cond" truecount="0" falsecount="2"/>
        <line num="33" count="0" type="stmt"/>
        <line num="42" count="0" type="cond" truecount="0" falsecount="2"/>
        <line num="44" count="0" type="stmt"/>
        <line num="45" count="0" type="stmt"/>
        <line num="46" count="0" type="stmt"/>
        <line num="47" count="0" type="cond" truecount="0" falsecount="2"/>
        <line num="48" count="0" type="cond" truecount="0" falsecount="2"/>
        <line num="50" count="0" type="cond" truecount="0" falsecount="2"/>
        <line num="51" count="0" type="stmt"/>
        <line num="52" count="0" type="cond" truecount="0" falsecount="2"/>
        <line num="53" count="0" type="stmt"/>
        <line num="58" count="0" type="stmt"/>
        <line num="59" count="0" type="stmt"/>
        <line num="63" count="0" type="stmt"/>
        <line num="64" count="0" type="stmt"/>
        <line num="65" count="0" type="stmt"/>
        <line num="73" count="0" type="stmt"/>
        <line num="74" count="0" type="cond" truecount="0" falsecount="4"/>
        <line num="75" count="0" type="stmt"/>
        <line num="76" count="0" type="stmt"/>
        <line num="77" count="0" type="stmt"/>
        <line num="82" count="0" type="cond" truecount="0" falsecount="2"/>
        <line num="84" count="0" type="cond" truecount="0" falsecount="2"/>
        <line num="86" count="0" type="cond" truecount="0" falsecount="4"/>
        <line num="87" count="0" type="stmt"/>
        <line num="88" count="0" type="stmt"/>
        <line num="100" count="68" type="cond" truecount="1" falsecount="1"/>
        <line num="101" count="0" type="stmt"/>
        <line num="102" count="0" type="stmt"/>
        <line num="103" count="0" type="stmt"/>
        <line num="104" count="0" type="stmt"/>
        <line num="107" count="0" type="stmt"/>
        <line num="109" count="68" type="cond" truecount="1" falsecount="1"/>
        <line num="110" count="0" type="stmt"/>
        <line num="111" count="0" type="stmt"/>
      </file>
      <file name="text-tracks.ts" path="/app/packages/player/src/features/text-tracks.ts">
        <metrics statements="127" coveredstatements="46" conditionals="57" coveredconditionals="13" methods="36" coveredmethods="13"/>
        <line num="8" count="1" type="cond" truecount="3" falsecount="0"/>
        <line num="11" count="0" type="stmt"/>
        <line num="12" count="0" type="stmt"/>
        <line num="15" count="0" type="stmt"/>
        <line num="19" count="0" type="stmt"/>
        <line num="20" count="0" type="stmt"/>
        <line num="21" count="0" type="stmt"/>
        <line num="25" count="1" type="cond" truecount="2" falsecount="0"/>
        <line num="32" count="2" type="stmt"/>
        <line num="33" count="2" type="stmt"/>
        <line num="35" count="8" type="cond" truecount="2" falsecount="0"/>
        <line num="36" count="4" type="stmt"/>
        <line num="37" count="4" type="cond" truecount="2" falsecount="2"/>
        <line num="38" count="0" type="stmt"/>
        <line num="41" count="8" type="stmt"/>
        <line num="46" count="0" type="stmt"/>
        <line num="49" count="0" type="cond" truecount="0" falsecount="2"/>
        <line num="53" count="4" type="stmt"/>
        <line num="58" count="2" type="stmt"/>
        <line num="59" count="2" type="stmt"/>
        <line num="60" count="2" type="stmt"/>
        <line num="61" count="2" type="stmt"/>
        <line num="69" count="2" type="stmt"/>
        <line num="70" count="2" type="stmt"/>
        <line num="73" count="2" type="stmt"/>
        <line num="74" count="2" type="stmt"/>
        <line num="75" count="2" type="stmt"/>
        <line num="76" count="2" type="stmt"/>
        <line num="77" count="2" type="stmt"/>
        <line num="78" count="2" type="stmt"/>
        <line num="81" count="4" type="stmt"/>
        <line num="82" count="0" type="stmt"/>
        <line num="83" count="0" type="stmt"/>
        <line num="84" count="0" type="stmt"/>
        <line num="87" count="4" type="cond" truecount="2" falsecount="0"/>
        <line num="88" count="2" type="stmt"/>
        <line num="90" count="4" type="stmt"/>
        <line num="94" count="0" type="cond" truecount="0" falsecount="2"/>
        <line num="95" count="0" type="stmt"/>
        <line num="97" count="0" type="stmt"/>
        <line num="100" count="0" type="stmt"/>
        <line num="103" count="0" type="cond" truecount="0" falsecount="2"/>
        <line num="104" count="0" type="stmt"/>
        <line num="106" count="0" type="stmt"/>
        <line num="107" count="0" type="cond" truecount="0" falsecount="2"/>
        <line num="108" count="0" type="stmt"/>
        <line num="113" count="4" type="stmt"/>
        <line num="117" count="2" type="cond" truecount="1" falsecount="1"/>
        <line num="118" count="2" type="stmt"/>
        <line num="119" count="2" type="stmt"/>
        <line num="124" count="0" type="cond" truecount="0" falsecount="2"/>
        <line num="125" count="0" type="cond" truecount="0" falsecount="2"/>
        <line num="126" count="0" type="stmt"/>
        <line num="127" count="0" type="stmt"/>
        <line num="128" count="0" type="stmt"/>
        <line num="130" count="0" type="stmt"/>
        <line num="133" count="0" type="stmt"/>
        <line num="134" count="0" type="cond" truecount="0" falsecount="2"/>
        <line num="137" count="0" type="stmt"/>
        <line num="138" count="0" type="cond" truecount="0" falsecount="2"/>
        <line num="139" count="0" type="stmt"/>
        <line num="141" count="0" type="stmt"/>
        <line num="142" count="0" type="cond" truecount="0" falsecount="2"/>
        <line num="143" count="0" type="stmt"/>
        <line num="144" count="0" type="stmt"/>
        <line num="149" count="0" type="cond" truecount="0" falsecount="2"/>
        <line num="150" count="0" type="stmt"/>
        <line num="151" count="0" type="stmt"/>
        <line num="152" count="0" type="stmt"/>
        <line num="157" count="2" type="stmt"/>
        <line num="158" count="2" type="stmt"/>
        <line num="161" count="0" type="stmt"/>
        <line num="162" count="0" type="stmt"/>
        <line num="168" count="0" type="stmt"/>
        <line num="172" count="2" type="stmt"/>
        <line num="173" count="2" type="stmt"/>
        <line num="176" count="2" type="cond" truecount="1" falsecount="1"/>
        <line num="177" count="0" type="stmt"/>
        <line num="182" count="0" type="stmt"/>
        <line num="183" count="0" type="cond" truecount="0" falsecount="2"/>
        <line num="184" count="0" type="stmt"/>
        <line num="185" count="0" type="stmt"/>
        <line num="187" count="0" type="stmt"/>
        <line num="188" count="0" type="stmt"/>
        <line num="193" count="0" type="stmt"/>
        <line num="194" count="0" type="cond" truecount="0" falsecount="2"/>
        <line num="195" count="0" type="stmt"/>
        <line num="202" count="111" type="stmt"/>
        <line num="203" count="111" type="stmt"/>
        <line num="204" count="111" type="stmt"/>
        <line num="205" count="111" type="stmt"/>
        <line num="207" count="182" type="stmt"/>
        <line num="212" count="108" type="stmt"/>
        <line num="216" count="2" type="stmt"/>
        <line num="218" count="2" type="stmt"/>
        <line num="220" count="2" type="stmt"/>
        <line num="221" count="2" type="stmt"/>
        <line num="222" count="2" type="stmt"/>
        <line num="226" count="0" type="cond" truecount="0" falsecount="2"/>
        <line num="230" count="0" type="stmt"/>
        <line num="231" count="0" type="cond" truecount="0" falsecount="2"/>
        <line num="232" count="0" type="stmt"/>
        <line num="235" count="0" type="stmt"/>
        <line num="236" count="0" type="stmt"/>
        <line num="238" count="0" type="stmt"/>
        <line num="240" count="0" type="stmt"/>
        <line num="241" count="0" type="stmt"/>
        <line num="242" count="0" type="stmt"/>
        <line num="247" count="2" type="stmt"/>
        <line num="250" count="0" type="stmt"/>
        <line num="252" count="0" type="cond" truecount="0" falsecount="2"/>
        <line num="253" count="0" type="stmt"/>
        <line num="255" count="0" type="stmt"/>
        <line num="256" count="0" type="cond" truecount="0" falsecount="2"/>
        <line num="257" count="0" type="stmt"/>
        <line num="261" count="0" type="stmt"/>
        <line num="263" count="0" type="cond" truecount="0" falsecount="2"/>
        <line num="264" count="0" type="stmt"/>
        <line num="266" count="0" type="stmt"/>
        <line num="267" count="0" type="cond" truecount="0" falsecount="2"/>
        <line num="268" count="0" type="stmt"/>
        <line num="272" count="0" type="stmt"/>
        <line num="274" count="0" type="cond" truecount="0" falsecount="2"/>
        <line num="275" count="0" type="stmt"/>
        <line num="277" count="0" type="stmt"/>
        <line num="278" count="0" type="cond" truecount="0" falsecount="2"/>
        <line num="279" count="0" type="stmt"/>
      </file>
      <file name="video-tracks.ts" path="/app/packages/player/src/features/video-tracks.ts">
        <metrics statements="56" coveredstatements="15" conditionals="18" coveredconditionals="0" methods="23" coveredmethods="2"/>
        <line num="14" count="111" type="stmt"/>
        <line num="15" count="111" type="stmt"/>
        <line num="16" count="111" type="stmt"/>
        <line num="17" count="111" type="stmt"/>
        <line num="18" count="111" type="stmt"/>
        <line num="19" count="111" type="stmt"/>
        <line num="22" count="0" type="stmt"/>
        <line num="23" count="0" type="stmt"/>
        <line num="24" count="0" type="stmt"/>
        <line num="25" count="0" type="stmt"/>
        <line num="27" count="0" type="stmt"/>
        <line num="29" count="0" type="cond" truecount="0" falsecount="2"/>
        <line num="30" count="0" type="stmt"/>
        <line num="31" count="0" type="stmt"/>
        <line num="40" count="0" type="stmt"/>
        <line num="45" count="111" type="stmt"/>
        <line num="46" count="111" type="stmt"/>
        <line num="47" count="111" type="stmt"/>
        <line num="48" count="111" type="stmt"/>
        <line num="50" count="0" type="stmt"/>
        <line num="53" count="0" type="stmt"/>
        <line num="59" count="0" type="stmt"/>
        <line num="63" count="0" type="cond" truecount="0" falsecount="2"/>
        <line num="67" count="111" type="stmt"/>
        <line num="69" count="111" type="stmt"/>
        <line num="71" count="111" type="stmt"/>
        <line num="72" count="111" type="stmt"/>
        <line num="73" count="111" type="stmt"/>
        <line num="77" count="0" type="stmt"/>
        <line num="78" count="0" type="cond" truecount="0" falsecount="2"/>
        <line num="79" count="0" type="stmt"/>
        <line num="82" count="0" type="stmt"/>
        <line num="83" count="0" type="stmt"/>
        <line num="85" count="0" type="stmt"/>
        <line num="87" count="0" type="stmt"/>
        <line num="88" count="0" type="stmt"/>
        <line num="89" count="0" type="stmt"/>
        <line num="95" count="0" type="stmt"/>
        <line num="99" count="0" type="stmt"/>
        <line num="101" count="0" type="cond" truecount="0" falsecount="2"/>
        <line num="102" count="0" type="stmt"/>
        <line num="104" count="0" type="stmt"/>
        <line num="105" count="0" type="cond" truecount="0" falsecount="2"/>
        <line num="106" count="0" type="stmt"/>
        <line num="110" count="0" type="stmt"/>
        <line num="112" count="0" type="cond" truecount="0" falsecount="2"/>
        <line num="113" count="0" type="stmt"/>
        <line num="115" count="0" type="stmt"/>
        <line num="116" count="0" type="cond" truecount="0" falsecount="2"/>
        <line num="117" count="0" type="stmt"/>
        <line num="121" count="0" type="stmt"/>
        <line num="123" count="0" type="cond" truecount="0" falsecount="2"/>
        <line num="124" count="0" type="stmt"/>
        <line num="126" count="0" type="stmt"/>
        <line num="127" count="0" type="cond" truecount="0" falsecount="2"/>
        <line num="128" count="0" type="stmt"/>
      </file>
    </package>
  </project>
</coverage>
