<?xml version="1.0" encoding="UTF-8"?>
<coverage generated="1773577520296" clover="3.2.0">
  <project timestamp="1773577520296" name="All files">
    <metrics statements="302" coveredstatements="217" conditionals="167" coveredconditionals="101" methods="37" coveredmethods="28" elements="506" coveredelements="346" complexity="0" loc="302" ncloc="302" packages="3" files="5" classes="5"/>
    <package name="orchestrator">
      <metrics statements="258" coveredstatements="190" conditionals="136" coveredconditionals="86" methods="31" coveredmethods="22"/>
      <file name="file-job-repository.ts" path="/app/packages/infrastructure/src/orchestrator/file-job-repository.ts">
        <metrics statements="31" coveredstatements="30" conditionals="10" coveredconditionals="7" methods="5" coveredmethods="5"/>
        <line num="9" count="16" type="stmt"/>
        <line num="18" count="9" type="stmt"/>
        <line num="19" count="8" type="stmt"/>
        <line num="20" count="8" type="stmt"/>
        <line num="29" count="7" type="stmt"/>
        <line num="30" count="7" type="stmt"/>
        <line num="31" count="7" type="stmt"/>
        <line num="32" count="4" type="stmt"/>
        <line num="34" count="4" type="cond" truecount="2" falsecount="0"/>
        <line num="35" count="2" type="stmt"/>
        <line num="37" count="2" type="stmt"/>
        <line num="46" count="4" type="stmt"/>
        <line num="47" count="4" type="stmt"/>
        <line num="48" count="3" type="stmt"/>
        <line num="50" count="3" type="stmt"/>
        <line num="51" count="6" type="cond" truecount="1" falsecount="1"/>
        <line num="52" count="6" type="stmt"/>
        <line num="53" count="6" type="stmt"/>
        <line num="54" count="6" type="stmt"/>
        <line num="55" count="5" type="stmt"/>
        <line num="58" count="2" type="cond" truecount="1" falsecount="1"/>
        <line num="59" count="2" type="stmt"/>
        <line num="65" count="3" type="stmt"/>
        <line num="67" count="1" type="cond" truecount="1" falsecount="1"/>
        <line num="68" count="1" type="stmt"/>
        <line num="70" count="0" type="stmt"/>
        <line num="79" count="3" type="stmt"/>
        <line num="80" count="3" type="stmt"/>
        <line num="81" count="3" type="stmt"/>
        <line num="83" count="2" type="cond" truecount="2" falsecount="0"/>
        <line num="84" count="1" type="stmt"/>
      </file>
      <file name="job-executor.ts" path="/app/packages/infrastructure/src/orchestrator/job-executor.ts">
        <metrics statements="107" coveredstatements="60" conditionals="65" coveredconditionals="39" methods="12" coveredmethods="6"/>
        <line num="95" count="15" type="stmt"/>
        <line num="102" count="3" type="cond" truecount="2" falsecount="0"/>
        <line num="103" count="3" type="cond" truecount="2" falsecount="0"/>
        <line num="104" count="3" type="stmt"/>
        <line num="105" count="3" type="cond" truecount="2" falsecount="0"/>
        <line num="106" count="3" type="cond" truecount="2" falsecount="0"/>
        <line num="108" count="3" type="stmt"/>
        <line num="109" count="3" type="stmt"/>
        <line num="110" count="3" type="stmt"/>
        <line num="114" count="3" type="cond" truecount="1" falsecount="1"/>
        <line num="115" count="0" type="stmt"/>
        <line num="117" count="3" type="stmt"/>
        <line num="118" count="3" type="cond" truecount="2" falsecount="0"/>
        <line num="121" count="3" type="stmt"/>
        <line num="122" count="3" type="stmt"/>
        <line num="125" count="3" type="stmt"/>
        <line num="126" count="3" type="stmt"/>
        <line num="127" count="6" type="cond" truecount="1" falsecount="1"/>
        <line num="128" count="0" type="stmt"/>
        <line num="129" count="0" type="stmt"/>
        <line num="130" count="0" type="stmt"/>
        <line num="131" count="0" type="stmt"/>
        <line num="132" count="0" type="stmt"/>
        <line num="136" count="6" type="cond" truecount="4" falsecount="0"/>
        <line num="138" count="3" type="stmt"/>
        <line num="139" count="3" type="cond" truecount="1" falsecount="1"/>
        <line num="141" count="3" type="stmt"/>
        <line num="142" count="3" type="stmt"/>
        <line num="143" count="3" type="cond" truecount="1" falsecount="1"/>
        <line num="144" count="0" type="stmt"/>
        <line num="145" count="0" type="stmt"/>
        <line num="146" count="0" type="stmt"/>
        <line num="147" count="0" type="stmt"/>
        <line num="148" count="0" type="stmt"/>
        <line num="151" count="3" type="stmt"/>
        <line num="152" count="3" type="stmt"/>
        <line num="154" count="3" type="stmt"/>
        <line num="156" count="3" type="stmt"/>
        <line num="166" count="0" type="cond" truecount="1" falsecount="1"/>
        <line num="167" count="0" type="cond" truecount="1" falsecount="1"/>
        <line num="170" count="3" type="cond" truecount="1" falsecount="1"/>
        <line num="171" count="0" type="stmt"/>
        <line num="174" count="3" type="stmt"/>
        <line num="175" count="3" type="cond" truecount="2" falsecount="0"/>
        <line num="176" count="1" type="stmt"/>
        <line num="178" count="3" type="cond" truecount="2" falsecount="0"/>
        <line num="179" count="1" type="stmt"/>
        <line num="181" count="3" type="stmt"/>
        <line num="182" count="3" type="stmt"/>
        <line num="184" count="0" type="cond" truecount="0" falsecount="2"/>
        <line num="185" count="0" type="stmt"/>
        <line num="186" count="0" type="stmt"/>
        <line num="187" count="0" type="stmt"/>
        <line num="188" count="0" type="stmt"/>
        <line num="189" count="0" type="cond" truecount="0" falsecount="2"/>
        <line num="190" count="0" type="stmt"/>
        <line num="191" count="0" type="stmt"/>
        <line num="192" count="0" type="stmt"/>
        <line num="196" count="0" type="cond" truecount="0" falsecount="2"/>
        <line num="197" count="0" type="stmt"/>
        <line num="198" count="0" type="stmt"/>
        <line num="199" count="0" type="stmt"/>
        <line num="200" count="0" type="stmt"/>
        <line num="201" count="0" type="stmt"/>
        <line num="203" count="0" type="stmt"/>
        <line num="206" count="0" type="stmt"/>
        <line num="207" count="0" type="stmt"/>
        <line num="208" count="0" type="stmt"/>
        <line num="209" count="0" type="stmt"/>
        <line num="210" count="0" type="stmt"/>
        <line num="211" count="0" type="stmt"/>
        <line num="218" count="3" type="stmt"/>
        <line num="220" count="3" type="stmt"/>
        <line num="224" count="3" type="stmt"/>
        <line num="227" count="3" type="stmt"/>
        <line num="228" count="3" type="cond" truecount="3" falsecount="1"/>
        <line num="230" count="0" type="cond" truecount="0" falsecount="2"/>
        <line num="231" count="0" type="stmt"/>
        <line num="234" count="0" type="cond" truecount="0" falsecount="4"/>
        <line num="235" count="0" type="stmt"/>
        <line num="237" count="0" type="stmt"/>
        <line num="241" count="3" type="cond" truecount="1" falsecount="1"/>
        <line num="242" count="3" type="cond" truecount="4" falsecount="0"/>
        <line num="243" count="1" type="stmt"/>
        <line num="245" count="1" type="stmt"/>
        <line num="247" count="1" type="stmt"/>
        <line num="248" count="1" type="stmt"/>
        <line num="249" count="1" type="stmt"/>
        <line num="251" count="1" type="stmt"/>
        <line num="252" count="0" type="stmt"/>
        <line num="254" count="1" type="stmt"/>
        <line num="255" count="1" type="stmt"/>
        <line num="257" count="2" type="cond" truecount="2" falsecount="0"/>
        <line num="258" count="1" type="stmt"/>
        <line num="260" count="1" type="cond" truecount="2" falsecount="2"/>
        <line num="261" count="0" type="stmt"/>
        <line num="264" count="1" type="stmt"/>
        <line num="265" count="1" type="stmt"/>
        <line num="266" count="1" type="cond" truecount="1" falsecount="1"/>
        <line num="268" count="1" type="stmt"/>
        <line num="276" count="0" type="cond" truecount="0" falsecount="2"/>
        <line num="277" count="0" type="stmt"/>
        <line num="280" count="0" type="stmt"/>
        <line num="282" count="1" type="stmt"/>
        <line num="283" count="1" type="stmt"/>
        <line num="286" count="1" type="stmt"/>
        <line num="289" count="0" type="stmt"/>
      </file>
      <file name="job-manager.ts" path="/app/packages/infrastructure/src/orchestrator/job-manager.ts">
        <metrics statements="120" coveredstatements="100" conditionals="61" coveredconditionals="40" methods="14" coveredmethods="11"/>
        <line num="8" count="14" type="stmt"/>
        <line num="11" count="14" type="stmt"/>
        <line num="12" count="14" type="stmt"/>
        <line num="13" count="14" type="stmt"/>
        <line num="21" count="12" type="stmt"/>
        <line num="22" count="12" type="stmt"/>
        <line num="37" count="12" type="stmt"/>
        <line num="41" count="12" type="stmt"/>
        <line num="42" count="0" type="stmt"/>
        <line num="45" count="12" type="stmt"/>
        <line num="52" count="8" type="stmt"/>
        <line num="59" count="0" type="stmt"/>
        <line num="66" count="2" type="stmt"/>
        <line num="67" count="2" type="cond" truecount="3" falsecount="2"/>
        <line num="68" count="0" type="stmt"/>
        <line num="71" count="2" type="stmt"/>
        <line num="72" count="2" type="cond" truecount="1" falsecount="1"/>
        <line num="73" count="0" type="stmt"/>
        <line num="77" count="2" type="stmt"/>
        <line num="78" count="2" type="stmt"/>
        <line num="79" count="2" type="stmt"/>
        <line num="87" count="1" type="stmt"/>
        <line num="88" count="1" type="cond" truecount="3" falsecount="1"/>
        <line num="89" count="0" type="stmt"/>
        <line num="95" count="1" type="stmt"/>
        <line num="96" count="1" type="stmt"/>
        <line num="97" count="1" type="stmt"/>
        <line num="99" count="1" type="stmt"/>
        <line num="100" count="1" type="cond" truecount="1" falsecount="1"/>
        <line num="101" count="1" type="stmt"/>
        <line num="109" count="1" type="stmt"/>
        <line num="110" count="1" type="cond" truecount="3" falsecount="1"/>
        <line num="111" count="0" type="stmt"/>
        <line num="114" count="1" type="cond" truecount="1" falsecount="1"/>
        <line num="115" count="1" type="stmt"/>
        <line num="120" count="1" type="stmt"/>
        <line num="121" count="0" type="stmt"/>
        <line num="129" count="2" type="stmt"/>
        <line num="130" count="2" type="cond" truecount="1" falsecount="1"/>
        <line num="131" count="0" type="stmt"/>
        <line num="134" count="2" type="cond" truecount="2" falsecount="2"/>
        <line num="135" count="2" type="stmt"/>
        <line num="138" count="2" type="cond" truecount="1" falsecount="1"/>
        <line num="140" count="2" type="cond" truecount="2" falsecount="0"/>
        <line num="141" count="1" type="stmt"/>
        <line num="142" count="1" type="stmt"/>
        <line num="144" count="1" type="stmt"/>
        <line num="149" count="2" type="cond" truecount="2" falsecount="0"/>
        <line num="150" count="1" type="stmt"/>
        <line num="151" count="1" type="stmt"/>
        <line num="153" count="1" type="stmt"/>
        <line num="158" count="2" type="stmt"/>
        <line num="165" count="14" type="stmt"/>
        <line num="166" count="14" type="cond" truecount="1" falsecount="1"/>
        <line num="169" count="14" type="cond" truecount="4" falsecount="0"/>
        <line num="170" count="1" type="stmt"/>
        <line num="171" count="1" type="stmt"/>
        <line num="172" count="1" type="stmt"/>
        <line num="173" count="1" type="stmt"/>
        <line num="176" count="1" type="stmt"/>
        <line num="179" count="1" type="cond" truecount="1" falsecount="1"/>
        <line num="180" count="1" type="stmt"/>
        <line num="182" count="1" type="stmt"/>
        <line num="185" count="1" type="cond" truecount="1" falsecount="1"/>
        <line num="186" count="1" type="stmt"/>
        <line num="188" count="1" type="stmt"/>
        <line num="190" count="0" type="stmt"/>
        <line num="191" count="0" type="stmt"/>
        <line num="192" count="0" type="stmt"/>
        <line num="193" count="0" type="stmt"/>
        <line num="194" count="0" type="stmt"/>
        <line num="195" count="0" type="stmt"/>
        <line num="200" count="14" type="stmt"/>
        <line num="201" count="14" type="stmt"/>
        <line num="202" count="14" type="stmt"/>
        <line num="204" count="14" type="stmt"/>
        <line num="205" count="14" type="stmt"/>
        <line num="207" count="14" type="stmt"/>
        <line num="209" count="14" type="stmt"/>
        <line num="213" count="2" type="stmt"/>
        <line num="214" count="2" type="cond" truecount="1" falsecount="1"/>
        <line num="215" count="2" type="stmt"/>
        <line num="216" count="2" type="stmt"/>
        <line num="217" count="2" type="stmt"/>
        <line num="218" count="2" type="stmt"/>
        <line num="222" count="5" type="stmt"/>
        <line num="223" count="5" type="cond" truecount="1" falsecount="1"/>
        <line num="224" count="5" type="cond" truecount="2" falsecount="0"/>
        <line num="225" count="2" type="stmt"/>
        <line num="227" count="5" type="cond" truecount="2" falsecount="0"/>
        <line num="228" count="2" type="stmt"/>
        <line num="230" count="5" type="stmt"/>
        <line num="231" count="5" type="stmt"/>
        <line num="237" count="5" type="stmt"/>
        <line num="238" count="5" type="stmt"/>
        <line num="243" count="14" type="stmt"/>
        <line num="246" count="12" type="stmt"/>
        <line num="247" count="12" type="cond" truecount="1" falsecount="1"/>
        <line num="248" count="12" type="stmt"/>
        <line num="249" count="12" type="stmt"/>
        <line num="250" count="12" type="stmt"/>
        <line num="251" count="12" type="stmt"/>
        <line num="252" count="12" type="stmt"/>
        <line num="255" count="2" type="stmt"/>
        <line num="256" count="2" type="cond" truecount="1" falsecount="1"/>
        <line num="257" count="2" type="cond" truecount="2" falsecount="0"/>
        <line num="258" count="1" type="stmt"/>
        <line num="259" count="1" type="cond" truecount="3" falsecount="1"/>
        <line num="260" count="0" type="stmt"/>
        <line num="264" count="0" type="stmt"/>
        <line num="265" count="0" type="cond" truecount="0" falsecount="2"/>
        <line num="266" count="0" type="stmt"/>
        <line num="267" count="0" type="stmt"/>
        <line num="269" count="0" type="stmt"/>
        <line num="272" count="1" type="stmt"/>
        <line num="273" count="1" type="stmt"/>
        <line num="274" count="1" type="stmt"/>
        <line num="275" count="1" type="stmt"/>
        <line num="277" count="2" type="stmt"/>
        <line num="280" count="14" type="stmt"/>
      </file>
    </package>
    <package name="types">
      <metrics statements="6" coveredstatements="6" conditionals="2" coveredconditionals="2" methods="5" coveredmethods="5"/>
      <file name="job-status.ts" path="/app/packages/infrastructure/src/types/job-status.ts">
        <metrics statements="6" coveredstatements="6" conditionals="2" coveredconditionals="2" methods="5" coveredmethods="5"/>
        <line num="36" count="13" type="stmt"/>
        <line num="39" count="54" type="stmt"/>
        <line num="43" count="52" type="stmt"/>
        <line num="44" count="52" type="cond" truecount="2" falsecount="0"/>
        <line num="48" count="2" type="stmt"/>
        <line num="52" count="4" type="stmt"/>
      </file>
    </package>
    <package name="utils">
      <metrics statements="38" coveredstatements="21" conditionals="29" coveredconditionals="13" methods="1" coveredmethods="1"/>
      <file name="command.ts" path="/app/packages/infrastructure/src/utils/command.ts">
        <metrics statements="38" coveredstatements="21" conditionals="29" coveredconditionals="13" methods="1" coveredmethods="1"/>
        <line num="9" count="4" type="cond" truecount="3" falsecount="1"/>
        <line num="10" count="0" type="stmt"/>
        <line num="13" count="4" type="stmt"/>
        <line num="14" count="4" type="stmt"/>
        <line num="15" count="4" type="stmt"/>
        <line num="16" count="4" type="stmt"/>
        <line num="17" count="4" type="stmt"/>
        <line num="18" count="4" type="stmt"/>
        <line num="20" count="4" type="stmt"/>
        <line num="22" count="4" type="stmt"/>
        <line num="23" count="18" type="stmt"/>
        <line num="25" count="18" type="cond" truecount="1" falsecount="1"/>
        <line num="26" count="0" type="stmt"/>
        <line num="27" count="0" type="stmt"/>
        <line num="28" count="0" type="stmt"/>
        <line num="31" count="18" type="cond" truecount="1" falsecount="1"/>
        <line num="32" count="0" type="stmt"/>
        <line num="33" count="0" type="stmt"/>
        <line num="36" count="18" type="cond" truecount="2" falsecount="2"/>
        <line num="37" count="0" type="stmt"/>
        <line num="38" count="0" type="stmt"/>
        <line num="40" count="0" type="stmt"/>
        <line num="43" count="18" type="cond" truecount="2" falsecount="2"/>
        <line num="44" count="0" type="stmt"/>
        <line num="45" count="0" type="stmt"/>
        <line num="47" count="0" type="stmt"/>
        <line num="50" count="18" type="cond" truecount="2" falsecount="3"/>
        <line num="51" count="0" type="cond" truecount="0" falsecount="4"/>
        <line num="52" count="0" type="stmt"/>
        <line num="53" count="0" type="stmt"/>
        <line num="54" count="0" type="stmt"/>
        <line num="56" count="0" type="stmt"/>
        <line num="59" count="18" type="stmt"/>
        <line num="62" count="4" type="cond" truecount="2" falsecount="2"/>
        <line num="63" count="4" type="stmt"/>
        <line num="66" count="4" type="stmt"/>
        <line num="67" count="4" type="stmt"/>
        <line num="69" count="4" type="stmt"/>
      </file>
    </package>
  </project>
</coverage>
